(2011:12:16: 8:47) - (Neutral) Total user(1)
(2011:12:16: 8:48) - (Neutral) Total user(1)
(2011:12:16: 8:49) - (Neutral) Total user(1)
(2011:12:16: 8:50) - (Neutral) Total user(1)
(2011:12:16: 8:51) - (Neutral) Total user(1)
(2011:12:16: 8:52) - (Neutral) Total user(1)
(2011:12:16: 8:53) - (Neutral) Total user(1)
(2011:12:16: 8:54) - (Neutral) Total user(1)
(2011:12:16: 8:55) - (Neutral) Total user(1)
(2011:12:16: 8:57) - (Neutral) Total user(1)
(2011:12:16: 8:58) - (Neutral) Total user(1)
(2011:12:16: 8:59) - (Neutral) Total user(1)
(2011:12:16: 9: 0) - (Neutral) Total user(1)
(2011:12:16: 9: 1) - (Neutral) Total user(1)
(2011:12:16: 9: 2) - (Neutral) Total user(1)
(2011:12:16: 9: 3) - (Neutral) Total user(1)
(2011:12:16: 9: 4) - (Neutral) Total user(1)
(2011:12:16: 9: 6) - (Neutral) Total user(1)
(2011:12:16: 9: 7) - (Neutral) Total user(1)
(2011:12:16: 9: 8) - (Neutral) Total user(1)
(2011:12:16: 9:24) - (Neutral) Total user(1)
(2011:12:16: 9:25) - (Neutral) Total user(1)
(2011:12:16: 9:26) - (Neutral) Total user(1)
(2011:12:16: 9:27) - (Neutral) Total user(1)
(2011:12:16: 9:28) - (Neutral) Total user(1)
(2011:12:16: 9:29) - (Neutral) Total user(1)
(2011:12:16:10:30) - (Neutral) Total user(1)
(2011:12:16:10:31) - (Neutral) Total user(1)
(2011:12:16:10:32) - (Neutral) Total user(1)
(2011:12:16:10:33) - (Neutral) Total user(1)
(2011:12:16:10:34) - (Neutral) Total user(1)
(2011:12:16:10:35) - (Neutral) Total user(1)
(2011:12:16:10:36) - (Neutral) Total user(1)
(2011:12:16:10:37) - (Neutral) Total user(1)
(2011:12:16:10:38) - (Neutral) Total user(1)
(2011:12:16:10:39) - (Neutral) Total user(1)
(2011:12:16:11:20) - (Neutral) Total user(0)
(2011:12:16:11:21) - (Neutral) Total user(1)
(2011:12:16:11:22) - (Neutral) Total user(2)
(2011:12:16:11:23) - (Neutral) Total user(2)
(2011:12:16:11:24) - (Neutral) Total user(2)
(2011:12:16:11:26) - (Neutral) Total user(2)
(2011:12:16:11:29) - (Neutral) Total user(0)
(2011:12:16:11:30) - (Neutral) Total user(2)
(2011:12:16:11:31) - (Neutral) Total user(2)
(2011:12:16:11:32) - (Neutral) Total user(2)
(2011:12:16:11:39) - (Neutral) Total user(1)
(2011:12:16:11:40) - (Neutral) Total user(2)
(2011:12:16:11:41) - (Neutral) Total user(2)
(2011:12:16:11:42) - (Neutral) Total user(2)
(2011:12:16:11:43) - (Neutral) Total user(2)
(2011:12:16:11:44) - (Neutral) Total user(2)
(2011:12:16:11:45) - (Neutral) Total user(2)
(2011:12:16:11:46) - (Neutral) Total user(2)
(2011:12:16:11:47) - (Neutral) Total user(2)
(2011:12:16:11:48) - (Neutral) Total user(2)
(2011:12:16:11:49) - (Neutral) Total user(0)
(2011:12:16:11:50) - (Neutral) Total user(2)
(2011:12:16:12:50) - (Neutral) Total user(1)
(2011:12:16:12:51) - (Neutral) Total user(1)
(2011:12:16:12:52) - (Neutral) Total user(1)
(2011:12:16:12:53) - (Neutral) Total user(0)
(2011:12:16:12:54) - (Neutral) Total user(1)
(2011:12:16:12:55) - (Neutral) Total user(0)
(2011:12:16:12:56) - (Neutral) Total user(0)
(2011:12:16:12:57) - (Neutral) Total user(0)
(2011:12:16:12:58) - (Neutral) Total user(0)
(2011:12:16:12:59) - (Neutral) Total user(0)
(2011:12:16:13: 0) - (Neutral) Total user(0)
(2011:12:16:13: 1) - (Neutral) Total user(1)
(2011:12:16:13: 2) - (Neutral) Total user(1)
(2011:12:16:13: 3) - (Neutral) Total user(0)
(2011:12:16:13: 5) - (Neutral) Total user(1)
(2011:12:16:13: 6) - (Neutral) Total user(1)
(2011:12:16:13: 7) - (Neutral) Total user(1)
(2011:12:16:13:13) - (Neutral) Total user(1)
(2011:12:16:13:17) - (Neutral) Total user(1)
(2011:12:16:13:22) - (Neutral) Total user(0)
(2011:12:16:13:25) - (Neutral) Total user(0)
(2011:12:16:13:26) - (Neutral) Total user(0)
(2011:12:16:13:44) - (Neutral) Total user(1)
(2011:12:16:14:12) - (Neutral) Total user(1)
(2011:12:16:14:13) - (Neutral) Total user(1)
(2011:12:16:14:14) - (Neutral) Total user(0)
(2011:12:16:14:15) - (Neutral) Total user(0)
(2011:12:16:14:19) - (Neutral) Total user(1)
(2011:12:16:14:25) - (Neutral) Total user(1)
(2011:12:16:14:51) - (Neutral) Total user(1)
(2011:12:16:14:52) - (Neutral) Total user(1)
(2011:12:16:14:53) - (Neutral) Total user(1)
(2011:12:16:14:54) - (Neutral) Total user(1)
(2011:12:16:14:55) - (Neutral) Total user(1)
(2011:12:16:14:56) - (Neutral) Total user(1)
(2011:12:16:14:57) - (Neutral) Total user(1)
(2011:12:16:14:58) - (Neutral) Total user(1)
(2011:12:16:14:59) - (Neutral) Total user(1)
(2011:12:16:15: 0) - (Neutral) Total user(1)
(2011:12:16:15: 1) - (Neutral) Total user(1)
(2011:12:16:15: 2) - (Neutral) Total user(1)
(2011:12:16:15:13) - (Neutral) Total user(0)
(2011:12:16:15:14) - (Neutral) Total user(0)
(2011:12:16:15:15) - (Neutral) Total user(0)
(2011:12:16:15:16) - (Neutral) Total user(0)
(2011:12:16:15:17) - (Neutral) Total user(1)
(2011:12:16:15:18) - (Neutral) Total user(1)
(2011:12:16:15:19) - (Neutral) Total user(1)
(2011:12:16:15:25) - (middleland) Total user(1)
(2011:12:16:15:26) - (middleland) Total user(1)
(2011:12:16:15:27) - (middleland) Total user(0)
(2011:12:16:15:28) - (middleland) Total user(0)
(2011:12:16:15:36) - (middleland) Total user(0)
(2011:12:16:15:37) - (middleland) Total user(1)
