(2012: 3:14: 0: 0) - (Middleland) Total user(0)
(2012: 3:14: 0: 4) - (Middleland) Total user(0)
(2012: 3:14: 0: 5) - (Middleland) Total user(0)
(2012: 3:14: 0: 6) - (Middleland) Total user(0)
(2012: 3:14: 0: 7) - (Middleland) Total user(1)
(2012: 3:14: 0: 8) - (Middleland) Total user(2)
(2012: 3:14: 0: 9) - (Middleland) Total user(2)
(2012: 3:14: 0:10) - (Middleland) Total user(3)
(2012: 3:14: 0:11) - (Middleland) Total user(4)
(2012: 3:14: 0:12) - (Middleland) Total user(3)
(2012: 3:14: 0:13) - (Middleland) Total user(4)
(2012: 3:14: 0:14) - (Middleland) Total user(4)
(2012: 3:14: 0:15) - (Middleland) Total user(4)
(2012: 3:14: 0:16) - (Middleland) Total user(4)
(2012: 3:14: 0:17) - (Middleland) Total user(4)
(2012: 3:14: 0:18) - (Middleland) Total user(4)
(2012: 3:14: 0:19) - (Middleland) Total user(4)
(2012: 3:14: 0:20) - (Middleland) Total user(4)
(2012: 3:14: 0:21) - (Middleland) Total user(4)
(2012: 3:14: 0:22) - (Middleland) Total user(4)
(2012: 3:14: 0:23) - (Middleland) Total user(4)
(2012: 3:14: 0:24) - (Middleland) Total user(4)
(2012: 3:14: 0:25) - (Middleland) Total user(4)
(2012: 3:14: 0:26) - (Middleland) Total user(4)
(2012: 3:14: 0:27) - (Middleland) Total user(4)
(2012: 3:14: 0:28) - (Middleland) Total user(2)
(2012: 3:14: 0:29) - (Middleland) Total user(3)
(2012: 3:14: 0:30) - (Middleland) Total user(2)
(2012: 3:14: 0:31) - (Middleland) Total user(2)
(2012: 3:14: 0:32) - (Middleland) Total user(2)
(2012: 3:14: 0:33) - (Middleland) Total user(2)
(2012: 3:14: 0:34) - (Middleland) Total user(2)
(2012: 3:14: 0:35) - (Middleland) Total user(2)
(2012: 3:14: 0:36) - (Middleland) Total user(2)
(2012: 3:14: 0:37) - (Middleland) Total user(2)
(2012: 3:14: 0:38) - (Middleland) Total user(2)
(2012: 3:14: 0:39) - (Middleland) Total user(1)
(2012: 3:14: 0:40) - (Middleland) Total user(2)
(2012: 3:14: 0:41) - (Middleland) Total user(2)
(2012: 3:14: 0:42) - (Middleland) Total user(2)
(2012: 3:14: 0:43) - (Middleland) Total user(2)
(2012: 3:14: 0:44) - (Middleland) Total user(2)
(2012: 3:14: 0:45) - (Middleland) Total user(2)
(2012: 3:14: 0:46) - (Middleland) Total user(2)
(2012: 3:14: 0:47) - (Middleland) Total user(2)
(2012: 3:14: 0:48) - (Middleland) Total user(2)
(2012: 3:14: 0:49) - (Middleland) Total user(2)
(2012: 3:14: 0:50) - (Middleland) Total user(1)
(2012: 3:14: 0:51) - (Middleland) Total user(1)
(2012: 3:14: 0:52) - (Middleland) Total user(1)
(2012: 3:14: 0:53) - (Middleland) Total user(2)
(2012: 3:14: 0:54) - (Middleland) Total user(2)
(2012: 3:14: 0:55) - (Middleland) Total user(2)
(2012: 3:14: 0:56) - (Middleland) Total user(2)
(2012: 3:14: 0:59) - (Middleland) Total user(2)
(2012: 3:14: 1: 0) - (Middleland) Total user(2)
(2012: 3:14: 1: 1) - (Middleland) Total user(2)
(2012: 3:14: 1: 2) - (Middleland) Total user(2)
(2012: 3:14: 1: 3) - (Middleland) Total user(2)
(2012: 3:14: 1: 4) - (Middleland) Total user(2)
(2012: 3:14: 1: 5) - (Middleland) Total user(2)
(2012: 3:14: 1: 6) - (Middleland) Total user(3)
(2012: 3:14: 1: 7) - (Middleland) Total user(3)
(2012: 3:14: 1: 8) - (Middleland) Total user(2)
(2012: 3:14: 1: 9) - (Middleland) Total user(2)
(2012: 3:14: 1:10) - (Middleland) Total user(2)
(2012: 3:14: 1:11) - (Middleland) Total user(1)
(2012: 3:14: 1:12) - (Middleland) Total user(1)
(2012: 3:14: 1:13) - (Middleland) Total user(1)
(2012: 3:14: 1:14) - (Middleland) Total user(1)
(2012: 3:14: 1:15) - (Middleland) Total user(2)
(2012: 3:14: 1:16) - (Middleland) Total user(2)
(2012: 3:14: 1:17) - (Middleland) Total user(3)
(2012: 3:14: 1:18) - (Middleland) Total user(3)
(2012: 3:14: 1:19) - (Middleland) Total user(3)
(2012: 3:14: 1:20) - (Middleland) Total user(3)
(2012: 3:14: 1:21) - (Middleland) Total user(3)
(2012: 3:14: 1:22) - (Middleland) Total user(3)
(2012: 3:14: 1:23) - (Middleland) Total user(3)
(2012: 3:14: 1:24) - (Middleland) Total user(3)
(2012: 3:14: 1:25) - (Middleland) Total user(3)
(2012: 3:14: 1:26) - (Middleland) Total user(3)
(2012: 3:14: 1:27) - (Middleland) Total user(3)
(2012: 3:14: 1:28) - (Middleland) Total user(3)
(2012: 3:14: 1:29) - (Middleland) Total user(3)
(2012: 3:14: 1:30) - (Middleland) Total user(3)
(2012: 3:14: 1:31) - (Middleland) Total user(3)
(2012: 3:14: 1:32) - (Middleland) Total user(3)
(2012: 3:14: 1:33) - (Middleland) Total user(3)
(2012: 3:14: 1:34) - (Middleland) Total user(3)
(2012: 3:14: 1:35) - (Middleland) Total user(3)
(2012: 3:14: 1:36) - (Middleland) Total user(3)
(2012: 3:14: 1:37) - (Middleland) Total user(3)
(2012: 3:14: 1:38) - (Middleland) Total user(4)
(2012: 3:14: 1:39) - (Middleland) Total user(3)
(2012: 3:14: 1:40) - (Middleland) Total user(2)
(2012: 3:14: 1:41) - (Middleland) Total user(2)
(2012: 3:14: 1:42) - (Middleland) Total user(2)
(2012: 3:14: 1:43) - (Middleland) Total user(2)
(2012: 3:14: 1:44) - (Middleland) Total user(2)
(2012: 3:14: 1:45) - (Middleland) Total user(2)
(2012: 3:14: 1:46) - (Middleland) Total user(0)
(2012: 3:14: 1:47) - (Middleland) Total user(0)
(2012: 3:14: 1:48) - (Middleland) Total user(0)
(2012: 3:14: 1:49) - (Middleland) Total user(0)
(2012: 3:14: 1:50) - (Middleland) Total user(0)
(2012: 3:14: 1:51) - (Middleland) Total user(0)
(2012: 3:14: 1:53) - (Middleland) Total user(0)
(2012: 3:14: 1:54) - (Middleland) Total user(0)
(2012: 3:14: 1:55) - (Middleland) Total user(0)
(2012: 3:14: 2: 3) - (Middleland) Total user(1)
(2012: 3:14: 2: 4) - (Middleland) Total user(1)
(2012: 3:14: 2: 5) - (Middleland) Total user(1)
(2012: 3:14: 2: 6) - (Middleland) Total user(1)
(2012: 3:14: 2: 7) - (Middleland) Total user(1)
(2012: 3:14: 2: 8) - (Middleland) Total user(1)
(2012: 3:14: 2: 9) - (Middleland) Total user(1)
(2012: 3:14: 2:10) - (Middleland) Total user(1)
(2012: 3:14: 2:11) - (Middleland) Total user(1)
(2012: 3:14: 2:12) - (Middleland) Total user(1)
(2012: 3:14: 2:13) - (Middleland) Total user(1)
(2012: 3:14: 2:14) - (Middleland) Total user(1)
(2012: 3:14: 2:15) - (Middleland) Total user(2)
(2012: 3:14: 2:16) - (Middleland) Total user(2)
(2012: 3:14: 2:17) - (Middleland) Total user(2)
(2012: 3:14: 2:18) - (Middleland) Total user(2)
(2012: 3:14: 2:19) - (Middleland) Total user(2)
(2012: 3:14: 2:20) - (Middleland) Total user(2)
(2012: 3:14: 2:21) - (Middleland) Total user(2)
(2012: 3:14: 2:22) - (Middleland) Total user(2)
(2012: 3:14: 2:23) - (Middleland) Total user(2)
(2012: 3:14: 2:24) - (Middleland) Total user(2)
(2012: 3:14: 2:25) - (Middleland) Total user(2)
(2012: 3:14: 2:26) - (Middleland) Total user(2)
(2012: 3:14: 2:27) - (Middleland) Total user(1)
(2012: 3:14: 2:28) - (Middleland) Total user(3)
(2012: 3:14: 2:29) - (Middleland) Total user(3)
(2012: 3:14: 2:30) - (Middleland) Total user(3)
(2012: 3:14: 2:32) - (Middleland) Total user(3)
(2012: 3:14: 2:33) - (Middleland) Total user(3)
(2012: 3:14: 2:34) - (Middleland) Total user(3)
(2012: 3:14: 2:35) - (Middleland) Total user(3)
(2012: 3:14: 2:36) - (Middleland) Total user(3)
(2012: 3:14: 2:37) - (Middleland) Total user(3)
(2012: 3:14: 2:38) - (Middleland) Total user(3)
(2012: 3:14: 2:39) - (Middleland) Total user(4)
(2012: 3:14: 2:40) - (Middleland) Total user(4)
(2012: 3:14: 2:41) - (Middleland) Total user(4)
(2012: 3:14: 2:42) - (Middleland) Total user(4)
(2012: 3:14: 2:43) - (Middleland) Total user(4)
(2012: 3:14: 2:44) - (Middleland) Total user(4)
(2012: 3:14: 2:45) - (Middleland) Total user(4)
(2012: 3:14: 2:46) - (Middleland) Total user(4)
(2012: 3:14: 2:47) - (Middleland) Total user(4)
(2012: 3:14: 2:48) - (Middleland) Total user(4)
(2012: 3:14: 2:49) - (Middleland) Total user(4)
(2012: 3:14: 2:50) - (Middleland) Total user(4)
(2012: 3:14: 2:51) - (Middleland) Total user(4)
(2012: 3:14: 2:52) - (Middleland) Total user(4)
(2012: 3:14: 2:53) - (Middleland) Total user(4)
(2012: 3:14: 2:54) - (Middleland) Total user(3)
(2012: 3:14: 2:55) - (Middleland) Total user(3)
(2012: 3:14: 2:56) - (Middleland) Total user(4)
(2012: 3:14: 2:57) - (Middleland) Total user(3)
(2012: 3:14: 2:58) - (Middleland) Total user(4)
(2012: 3:14: 2:59) - (Middleland) Total user(4)
(2012: 3:14: 3: 0) - (Middleland) Total user(4)
(2012: 3:14: 3: 1) - (Middleland) Total user(4)
(2012: 3:14: 3: 2) - (Middleland) Total user(4)
(2012: 3:14: 3: 3) - (Middleland) Total user(4)
(2012: 3:14: 3: 4) - (Middleland) Total user(4)
(2012: 3:14: 3: 5) - (Middleland) Total user(3)
(2012: 3:14: 3: 6) - (Middleland) Total user(4)
(2012: 3:14: 3: 7) - (Middleland) Total user(4)
(2012: 3:14: 3: 8) - (Middleland) Total user(4)
(2012: 3:14: 3: 9) - (Middleland) Total user(4)
(2012: 3:14: 3:10) - (Middleland) Total user(4)
(2012: 3:14: 3:11) - (Middleland) Total user(2)
(2012: 3:14: 3:12) - (Middleland) Total user(3)
(2012: 3:14: 3:13) - (Middleland) Total user(3)
(2012: 3:14: 3:14) - (Middleland) Total user(3)
(2012: 3:14: 3:15) - (Middleland) Total user(2)
(2012: 3:14: 3:16) - (Middleland) Total user(2)
(2012: 3:14: 3:17) - (Middleland) Total user(2)
(2012: 3:14: 3:18) - (Middleland) Total user(2)
(2012: 3:14: 3:19) - (Middleland) Total user(2)
(2012: 3:14: 3:20) - (Middleland) Total user(2)
(2012: 3:14: 3:21) - (Middleland) Total user(2)
(2012: 3:14: 3:22) - (Middleland) Total user(2)
(2012: 3:14: 3:23) - (Middleland) Total user(2)
(2012: 3:14: 3:24) - (Middleland) Total user(2)
(2012: 3:14: 3:25) - (Middleland) Total user(2)
(2012: 3:14: 3:26) - (Middleland) Total user(2)
(2012: 3:14: 3:27) - (Middleland) Total user(2)
(2012: 3:14: 3:28) - (Middleland) Total user(2)
(2012: 3:14: 3:29) - (Middleland) Total user(2)
(2012: 3:14: 3:30) - (Middleland) Total user(2)
(2012: 3:14: 3:31) - (Middleland) Total user(2)
(2012: 3:14: 3:33) - (Middleland) Total user(2)
(2012: 3:14: 3:34) - (Middleland) Total user(2)
(2012: 3:14: 3:35) - (Middleland) Total user(2)
(2012: 3:14: 3:36) - (Middleland) Total user(2)
(2012: 3:14: 3:37) - (Middleland) Total user(2)
(2012: 3:14: 3:38) - (Middleland) Total user(2)
(2012: 3:14: 3:39) - (Middleland) Total user(2)
(2012: 3:14: 3:40) - (Middleland) Total user(2)
(2012: 3:14: 3:41) - (Middleland) Total user(2)
(2012: 3:14: 3:42) - (Middleland) Total user(2)
(2012: 3:14: 3:43) - (Middleland) Total user(2)
(2012: 3:14: 3:44) - (Middleland) Total user(2)
(2012: 3:14: 3:45) - (Middleland) Total user(2)
(2012: 3:14: 3:45) - (Middleland) Total user(0)
(2012: 3:14: 3:46) - (Middleland) Total user(2)
(2012: 3:14: 3:46) - (fep) Total user(0)
(2012: 3:14: 3:47) - (Middleland) Total user(1)
(2012: 3:14: 3:47) - (fep) Total user(0)
(2012: 3:14: 3:48) - (Middleland) Total user(1)
(2012: 3:14: 3:48) - (fep) Total user(0)
(2012: 3:14: 3:49) - (Middleland) Total user(1)
(2012: 3:14: 3:49) - (elvine) Total user(0)
(2012: 3:14: 3:50) - (Middleland) Total user(1)
(2012: 3:14: 3:50) - (elvine) Total user(0)
(2012: 3:14: 3:51) - (Middleland) Total user(2)
(2012: 3:14: 3:52) - (Middleland) Total user(2)
(2012: 3:14: 3:53) - (Middleland) Total user(2)
(2012: 3:14: 3:54) - (Middleland) Total user(2)
(2012: 3:14: 3:55) - (Middleland) Total user(2)
(2012: 3:14: 3:56) - (Middleland) Total user(2)
(2012: 3:14: 3:57) - (Middleland) Total user(0)
(2012: 3:14: 3:58) - (Middleland) Total user(1)
(2012: 3:14: 3:59) - (Middleland) Total user(2)
(2012: 3:14: 4: 0) - (Middleland) Total user(2)
(2012: 3:14: 4: 1) - (Middleland) Total user(2)
(2012: 3:14: 4: 2) - (Middleland) Total user(2)
(2012: 3:14: 4: 3) - (Middleland) Total user(2)
(2012: 3:14: 4: 4) - (Middleland) Total user(2)
(2012: 3:14: 4: 5) - (Middleland) Total user(1)
(2012: 3:14: 4: 6) - (Middleland) Total user(1)
(2012: 3:14: 4: 7) - (Middleland) Total user(1)
(2012: 3:14: 4: 8) - (Middleland) Total user(1)
(2012: 3:14: 4: 9) - (Middleland) Total user(1)
(2012: 3:14: 4:10) - (Middleland) Total user(1)
(2012: 3:14: 4:11) - (Middleland) Total user(0)
(2012: 3:14: 4:12) - (Middleland) Total user(1)
(2012: 3:14: 4:13) - (Middleland) Total user(2)
(2012: 3:14: 4:14) - (Middleland) Total user(2)
(2012: 3:14: 4:15) - (Middleland) Total user(3)
(2012: 3:14: 4:16) - (Middleland) Total user(3)
(2012: 3:14: 4:17) - (Middleland) Total user(3)
(2012: 3:14: 4:18) - (Middleland) Total user(4)
(2012: 3:14: 4:19) - (Middleland) Total user(5)
(2012: 3:14: 4:20) - (Middleland) Total user(5)
(2012: 3:14: 4:21) - (Middleland) Total user(5)
(2012: 3:14: 4:22) - (Middleland) Total user(5)
(2012: 3:14: 4:23) - (Middleland) Total user(5)
(2012: 3:14: 4:24) - (Middleland) Total user(5)
(2012: 3:14: 4:25) - (Middleland) Total user(5)
(2012: 3:14: 4:26) - (Middleland) Total user(5)
(2012: 3:14: 4:27) - (Middleland) Total user(4)
(2012: 3:14: 4:28) - (Middleland) Total user(5)
(2012: 3:14: 4:29) - (Middleland) Total user(5)
(2012: 3:14: 4:30) - (Middleland) Total user(5)
(2012: 3:14: 4:31) - (Middleland) Total user(5)
(2012: 3:14: 4:32) - (Middleland) Total user(4)
(2012: 3:14: 4:34) - (Middleland) Total user(4)
(2012: 3:14: 4:35) - (Middleland) Total user(4)
(2012: 3:14: 4:36) - (Middleland) Total user(4)
(2012: 3:14: 4:37) - (Middleland) Total user(4)
(2012: 3:14: 4:39) - (Middleland) Total user(1)
(2012: 3:14: 4:40) - (Middleland) Total user(3)
(2012: 3:14: 4:41) - (Middleland) Total user(4)
(2012: 3:14: 4:42) - (Middleland) Total user(4)
(2012: 3:14: 4:43) - (Middleland) Total user(4)
(2012: 3:14: 4:44) - (Middleland) Total user(4)
(2012: 3:14: 4:45) - (Middleland) Total user(4)
(2012: 3:14: 4:46) - (Middleland) Total user(5)
(2012: 3:14: 4:47) - (Middleland) Total user(5)
(2012: 3:14: 4:48) - (Middleland) Total user(5)
(2012: 3:14: 4:49) - (Middleland) Total user(5)
(2012: 3:14: 4:50) - (Middleland) Total user(5)
(2012: 3:14: 4:51) - (Middleland) Total user(5)
(2012: 3:14: 4:52) - (Middleland) Total user(5)
(2012: 3:14: 4:53) - (Middleland) Total user(5)
(2012: 3:14: 4:54) - (Middleland) Total user(5)
(2012: 3:14: 4:55) - (Middleland) Total user(5)
(2012: 3:14: 4:56) - (Middleland) Total user(5)
(2012: 3:14: 4:57) - (Middleland) Total user(5)
(2012: 3:14: 4:58) - (Middleland) Total user(5)
(2012: 3:14: 4:59) - (Middleland) Total user(5)
(2012: 3:14: 5: 0) - (Middleland) Total user(5)
(2012: 3:14: 5: 1) - (Middleland) Total user(5)
(2012: 3:14: 5: 2) - (Middleland) Total user(5)
(2012: 3:14: 5: 3) - (Middleland) Total user(5)
(2012: 3:14: 5: 4) - (Middleland) Total user(5)
(2012: 3:14: 5: 5) - (Middleland) Total user(5)
(2012: 3:14: 5: 6) - (Middleland) Total user(5)
(2012: 3:14: 5: 7) - (Middleland) Total user(4)
(2012: 3:14: 5: 8) - (Middleland) Total user(5)
(2012: 3:14: 5: 9) - (Middleland) Total user(5)
(2012: 3:14: 5:10) - (Middleland) Total user(4)
(2012: 3:14: 5:11) - (Middleland) Total user(4)
(2012: 3:14: 5:12) - (Middleland) Total user(4)
(2012: 3:14: 5:13) - (Middleland) Total user(4)
(2012: 3:14: 5:14) - (Middleland) Total user(4)
(2012: 3:14: 5:15) - (Middleland) Total user(4)
(2012: 3:14: 5:16) - (Middleland) Total user(4)
(2012: 3:14: 5:17) - (Middleland) Total user(4)
(2012: 3:14: 5:18) - (Middleland) Total user(4)
(2012: 3:14: 5:19) - (Middleland) Total user(4)
(2012: 3:14: 5:20) - (Middleland) Total user(4)
(2012: 3:14: 5:21) - (Middleland) Total user(4)
(2012: 3:14: 5:22) - (Middleland) Total user(4)
(2012: 3:14: 5:23) - (Middleland) Total user(4)
(2012: 3:14: 5:24) - (Middleland) Total user(4)
(2012: 3:14: 5:25) - (Middleland) Total user(4)
(2012: 3:14: 5:26) - (Middleland) Total user(4)
(2012: 3:14: 5:27) - (Middleland) Total user(2)
(2012: 3:14: 5:28) - (Middleland) Total user(4)
(2012: 3:14: 5:29) - (Middleland) Total user(3)
(2012: 3:14: 5:30) - (Middleland) Total user(3)
(2012: 3:14: 5:31) - (Middleland) Total user(2)
(2012: 3:14: 5:32) - (Middleland) Total user(2)
(2012: 3:14: 5:34) - (Middleland) Total user(2)
(2012: 3:14: 5:35) - (Middleland) Total user(2)
(2012: 3:14: 5:36) - (Middleland) Total user(2)
(2012: 3:14: 5:37) - (Middleland) Total user(1)
(2012: 3:14: 5:38) - (Middleland) Total user(2)
(2012: 3:14: 5:39) - (Middleland) Total user(2)
(2012: 3:14: 5:40) - (Middleland) Total user(2)
(2012: 3:14: 5:41) - (Middleland) Total user(2)
(2012: 3:14: 5:42) - (Middleland) Total user(2)
(2012: 3:14: 5:43) - (Middleland) Total user(2)
(2012: 3:14: 5:44) - (Middleland) Total user(2)
(2012: 3:14: 5:45) - (Middleland) Total user(2)
(2012: 3:14: 5:46) - (Middleland) Total user(2)
(2012: 3:14: 5:47) - (Middleland) Total user(2)
(2012: 3:14: 5:48) - (Middleland) Total user(2)
(2012: 3:14: 5:49) - (Middleland) Total user(1)
(2012: 3:14: 5:50) - (Middleland) Total user(1)
(2012: 3:14: 5:51) - (Middleland) Total user(1)
(2012: 3:14: 5:52) - (Middleland) Total user(1)
(2012: 3:14: 5:53) - (Middleland) Total user(1)
(2012: 3:14: 5:54) - (Middleland) Total user(1)
(2012: 3:14: 5:55) - (Middleland) Total user(1)
(2012: 3:14: 5:56) - (Middleland) Total user(1)
(2012: 3:14: 5:57) - (Middleland) Total user(1)
(2012: 3:14: 5:58) - (Middleland) Total user(1)
(2012: 3:14: 5:59) - (Middleland) Total user(1)
(2012: 3:14: 6: 0) - (Middleland) Total user(1)
(2012: 3:14: 6: 1) - (Middleland) Total user(1)
(2012: 3:14: 6: 2) - (Middleland) Total user(1)
(2012: 3:14: 6: 3) - (Middleland) Total user(1)
(2012: 3:14: 6: 4) - (Middleland) Total user(1)
(2012: 3:14: 6: 5) - (Middleland) Total user(1)
(2012: 3:14: 6: 6) - (Middleland) Total user(1)
(2012: 3:14: 6: 7) - (Middleland) Total user(1)
(2012: 3:14: 6: 8) - (Middleland) Total user(1)
(2012: 3:14: 6: 9) - (Middleland) Total user(1)
(2012: 3:14: 6:10) - (Middleland) Total user(1)
(2012: 3:14: 6:11) - (Middleland) Total user(1)
(2012: 3:14: 6:12) - (Middleland) Total user(1)
(2012: 3:14: 6:13) - (Middleland) Total user(1)
(2012: 3:14: 6:14) - (Middleland) Total user(1)
(2012: 3:14: 6:15) - (Middleland) Total user(1)
(2012: 3:14: 6:16) - (Middleland) Total user(1)
(2012: 3:14: 6:17) - (Middleland) Total user(1)
(2012: 3:14: 6:18) - (Middleland) Total user(2)
(2012: 3:14: 6:19) - (Middleland) Total user(2)
(2012: 3:14: 6:20) - (Middleland) Total user(2)
(2012: 3:14: 6:21) - (Middleland) Total user(2)
(2012: 3:14: 6:22) - (Middleland) Total user(2)
(2012: 3:14: 6:23) - (Middleland) Total user(2)
(2012: 3:14: 6:24) - (Middleland) Total user(2)
(2012: 3:14: 6:25) - (Middleland) Total user(2)
(2012: 3:14: 6:26) - (Middleland) Total user(2)
(2012: 3:14: 6:27) - (Middleland) Total user(2)
(2012: 3:14: 6:28) - (Middleland) Total user(2)
(2012: 3:14: 6:29) - (Middleland) Total user(2)
(2012: 3:14: 6:30) - (Middleland) Total user(2)
(2012: 3:14: 6:31) - (Middleland) Total user(2)
(2012: 3:14: 6:32) - (Middleland) Total user(2)
(2012: 3:14: 6:33) - (Middleland) Total user(2)
(2012: 3:14: 6:35) - (Middleland) Total user(2)
(2012: 3:14: 6:36) - (Middleland) Total user(2)
(2012: 3:14: 6:37) - (Middleland) Total user(2)
(2012: 3:14: 6:38) - (Middleland) Total user(2)
(2012: 3:14: 6:39) - (Middleland) Total user(2)
(2012: 3:14: 6:40) - (Middleland) Total user(2)
(2012: 3:14: 6:41) - (Middleland) Total user(1)
(2012: 3:14: 6:42) - (Middleland) Total user(1)
(2012: 3:14: 6:43) - (Middleland) Total user(2)
(2012: 3:14: 6:44) - (Middleland) Total user(2)
(2012: 3:14: 6:45) - (Middleland) Total user(2)
(2012: 3:14: 6:46) - (Middleland) Total user(2)
(2012: 3:14: 6:47) - (Middleland) Total user(2)
(2012: 3:14: 6:48) - (Middleland) Total user(2)
(2012: 3:14: 6:49) - (Middleland) Total user(2)
(2012: 3:14: 6:50) - (Middleland) Total user(1)
(2012: 3:14: 6:51) - (Middleland) Total user(1)
(2012: 3:14: 6:52) - (Middleland) Total user(1)
(2012: 3:14: 6:53) - (Middleland) Total user(1)
(2012: 3:14: 6:54) - (Middleland) Total user(1)
(2012: 3:14: 6:55) - (Middleland) Total user(1)
(2012: 3:14: 6:56) - (Middleland) Total user(1)
(2012: 3:14: 6:57) - (Middleland) Total user(1)
(2012: 3:14: 6:58) - (Middleland) Total user(1)
(2012: 3:14: 6:59) - (Middleland) Total user(1)
(2012: 3:14: 7: 0) - (Middleland) Total user(1)
(2012: 3:14: 7: 1) - (Middleland) Total user(1)
(2012: 3:14: 7: 2) - (Middleland) Total user(1)
(2012: 3:14: 7: 3) - (Middleland) Total user(1)
(2012: 3:14: 7: 4) - (Middleland) Total user(1)
(2012: 3:14: 7: 5) - (Middleland) Total user(1)
(2012: 3:14: 7: 6) - (Middleland) Total user(1)
(2012: 3:14: 7: 7) - (Middleland) Total user(1)
(2012: 3:14: 7: 8) - (Middleland) Total user(1)
(2012: 3:14: 7: 9) - (Middleland) Total user(1)
(2012: 3:14: 7:10) - (Middleland) Total user(1)
(2012: 3:14: 7:11) - (Middleland) Total user(0)
(2012: 3:14: 7:12) - (Middleland) Total user(0)
(2012: 3:14: 7:13) - (Middleland) Total user(0)
(2012: 3:14: 7:14) - (Middleland) Total user(0)
(2012: 3:14: 7:15) - (Middleland) Total user(0)
(2012: 3:14: 7:16) - (Middleland) Total user(0)
(2012: 3:14: 7:17) - (Middleland) Total user(0)
(2012: 3:14: 7:18) - (Middleland) Total user(0)
(2012: 3:14: 7:19) - (Middleland) Total user(0)
(2012: 3:14: 7:20) - (Middleland) Total user(0)
(2012: 3:14: 7:21) - (Middleland) Total user(0)
(2012: 3:14: 7:22) - (Middleland) Total user(0)
(2012: 3:14: 7:23) - (Middleland) Total user(0)
(2012: 3:14: 7:24) - (Middleland) Total user(0)
(2012: 3:14: 7:25) - (Middleland) Total user(0)
(2012: 3:14: 7:26) - (Middleland) Total user(0)
(2012: 3:14: 7:27) - (Middleland) Total user(0)
(2012: 3:14: 7:28) - (Middleland) Total user(0)
(2012: 3:14: 7:29) - (Middleland) Total user(0)
(2012: 3:14: 7:30) - (Middleland) Total user(0)
(2012: 3:14: 7:31) - (Middleland) Total user(0)
(2012: 3:14: 7:32) - (Middleland) Total user(0)
(2012: 3:14: 7:33) - (Middleland) Total user(0)
(2012: 3:14: 7:34) - (Middleland) Total user(0)
(2012: 3:14: 7:36) - (Middleland) Total user(0)
(2012: 3:14: 7:37) - (Middleland) Total user(0)
(2012: 3:14: 7:38) - (Middleland) Total user(0)
(2012: 3:14: 7:39) - (Middleland) Total user(0)
(2012: 3:14: 7:40) - (Middleland) Total user(0)
(2012: 3:14: 7:41) - (Middleland) Total user(0)
(2012: 3:14: 7:42) - (Middleland) Total user(0)
(2012: 3:14: 7:43) - (Middleland) Total user(0)
(2012: 3:14: 7:44) - (Middleland) Total user(0)
(2012: 3:14: 7:45) - (Middleland) Total user(0)
(2012: 3:14: 7:46) - (Middleland) Total user(0)
(2012: 3:14: 7:47) - (Middleland) Total user(0)
(2012: 3:14: 7:48) - (Middleland) Total user(0)
(2012: 3:14: 7:49) - (Middleland) Total user(0)
(2012: 3:14: 7:50) - (Middleland) Total user(0)
(2012: 3:14: 7:51) - (Middleland) Total user(0)
(2012: 3:14: 7:52) - (Middleland) Total user(0)
(2012: 3:14: 7:53) - (Middleland) Total user(0)
(2012: 3:14: 7:54) - (Middleland) Total user(0)
(2012: 3:14: 7:55) - (Middleland) Total user(0)
(2012: 3:14: 7:56) - (Middleland) Total user(0)
(2012: 3:14: 7:57) - (Middleland) Total user(0)
(2012: 3:14: 7:58) - (Middleland) Total user(0)
(2012: 3:14: 7:59) - (Middleland) Total user(0)
(2012: 3:14: 8: 0) - (Middleland) Total user(0)
(2012: 3:14: 8: 1) - (Middleland) Total user(0)
(2012: 3:14: 8: 2) - (Middleland) Total user(0)
(2012: 3:14: 8: 3) - (Middleland) Total user(0)
(2012: 3:14: 8: 4) - (Middleland) Total user(0)
(2012: 3:14: 8: 5) - (Middleland) Total user(0)
(2012: 3:14: 8: 6) - (Middleland) Total user(0)
(2012: 3:14: 8: 7) - (Middleland) Total user(0)
(2012: 3:14: 8: 8) - (Middleland) Total user(0)
(2012: 3:14: 8: 9) - (Middleland) Total user(0)
(2012: 3:14: 8:10) - (Middleland) Total user(0)
(2012: 3:14: 8:11) - (Middleland) Total user(0)
(2012: 3:14: 8:12) - (Middleland) Total user(0)
(2012: 3:14: 8:13) - (Middleland) Total user(0)
(2012: 3:14: 8:14) - (Middleland) Total user(0)
(2012: 3:14: 8:15) - (Middleland) Total user(0)
(2012: 3:14: 8:16) - (Middleland) Total user(0)
(2012: 3:14: 8:17) - (Middleland) Total user(0)
(2012: 3:14: 8:18) - (Middleland) Total user(0)
(2012: 3:14: 8:19) - (Middleland) Total user(0)
(2012: 3:14: 8:20) - (Middleland) Total user(0)
(2012: 3:14: 8:21) - (Middleland) Total user(0)
(2012: 3:14: 8:22) - (Middleland) Total user(0)
(2012: 3:14: 8:23) - (Middleland) Total user(0)
(2012: 3:14: 8:24) - (Middleland) Total user(0)
(2012: 3:14: 8:25) - (Middleland) Total user(0)
(2012: 3:14: 8:26) - (Middleland) Total user(0)
(2012: 3:14: 8:27) - (Middleland) Total user(0)
(2012: 3:14: 8:28) - (Middleland) Total user(0)
(2012: 3:14: 8:29) - (Middleland) Total user(0)
(2012: 3:14: 8:30) - (Middleland) Total user(0)
(2012: 3:14: 8:31) - (Middleland) Total user(0)
(2012: 3:14: 8:32) - (Middleland) Total user(0)
(2012: 3:14: 8:33) - (Middleland) Total user(0)
(2012: 3:14: 8:34) - (Middleland) Total user(0)
(2012: 3:14: 8:36) - (Middleland) Total user(0)
(2012: 3:14: 8:37) - (Middleland) Total user(0)
(2012: 3:14: 8:38) - (Middleland) Total user(0)
(2012: 3:14: 8:39) - (Middleland) Total user(0)
(2012: 3:14: 8:40) - (Middleland) Total user(0)
(2012: 3:14: 8:41) - (Middleland) Total user(0)
(2012: 3:14: 8:42) - (Middleland) Total user(0)
(2012: 3:14: 8:43) - (Middleland) Total user(0)
(2012: 3:14: 8:44) - (Middleland) Total user(0)
(2012: 3:14: 8:45) - (Middleland) Total user(0)
(2012: 3:14: 8:46) - (Middleland) Total user(0)
(2012: 3:14: 8:47) - (Middleland) Total user(0)
(2012: 3:14: 8:48) - (Middleland) Total user(0)
(2012: 3:14: 8:49) - (Middleland) Total user(0)
(2012: 3:14: 8:50) - (Middleland) Total user(0)
(2012: 3:14: 8:51) - (Middleland) Total user(0)
(2012: 3:14: 8:52) - (Middleland) Total user(0)
(2012: 3:14: 8:53) - (Middleland) Total user(0)
(2012: 3:14: 8:54) - (Middleland) Total user(0)
(2012: 3:14: 8:55) - (Middleland) Total user(0)
(2012: 3:14: 8:56) - (Middleland) Total user(0)
(2012: 3:14: 8:57) - (Middleland) Total user(0)
(2012: 3:14: 8:58) - (Middleland) Total user(0)
(2012: 3:14: 8:59) - (Middleland) Total user(0)
(2012: 3:14: 9: 0) - (Middleland) Total user(0)
(2012: 3:14: 9: 1) - (Middleland) Total user(0)
(2012: 3:14: 9: 2) - (Middleland) Total user(0)
(2012: 3:14: 9: 3) - (Middleland) Total user(0)
(2012: 3:14: 9: 4) - (Middleland) Total user(0)
(2012: 3:14: 9: 5) - (Middleland) Total user(0)
(2012: 3:14: 9: 6) - (Middleland) Total user(0)
(2012: 3:14: 9: 7) - (Middleland) Total user(0)
(2012: 3:14: 9: 8) - (Middleland) Total user(0)
(2012: 3:14: 9: 9) - (Middleland) Total user(0)
(2012: 3:14: 9:10) - (Middleland) Total user(0)
(2012: 3:14: 9:11) - (Middleland) Total user(0)
(2012: 3:14: 9:12) - (Middleland) Total user(0)
(2012: 3:14: 9:13) - (Middleland) Total user(0)
(2012: 3:14: 9:14) - (Middleland) Total user(0)
(2012: 3:14: 9:15) - (Middleland) Total user(0)
(2012: 3:14: 9:16) - (Middleland) Total user(0)
(2012: 3:14: 9:17) - (Middleland) Total user(0)
(2012: 3:14: 9:18) - (Middleland) Total user(0)
(2012: 3:14: 9:19) - (Middleland) Total user(0)
(2012: 3:14: 9:20) - (Middleland) Total user(1)
(2012: 3:14: 9:21) - (Middleland) Total user(0)
(2012: 3:14: 9:22) - (Middleland) Total user(0)
(2012: 3:14: 9:23) - (Middleland) Total user(0)
(2012: 3:14: 9:24) - (Middleland) Total user(0)
(2012: 3:14: 9:25) - (Middleland) Total user(0)
(2012: 3:14: 9:26) - (Middleland) Total user(0)
(2012: 3:14: 9:27) - (Middleland) Total user(0)
(2012: 3:14: 9:28) - (Middleland) Total user(0)
(2012: 3:14: 9:29) - (Middleland) Total user(0)
(2012: 3:14: 9:30) - (Middleland) Total user(0)
(2012: 3:14: 9:31) - (Middleland) Total user(0)
(2012: 3:14: 9:32) - (Middleland) Total user(0)
(2012: 3:14: 9:33) - (Middleland) Total user(0)
(2012: 3:14: 9:34) - (Middleland) Total user(0)
(2012: 3:14: 9:35) - (Middleland) Total user(0)
(2012: 3:14: 9:37) - (Middleland) Total user(0)
(2012: 3:14: 9:38) - (Middleland) Total user(0)
(2012: 3:14: 9:39) - (Middleland) Total user(0)
(2012: 3:14: 9:40) - (Middleland) Total user(0)
(2012: 3:14: 9:41) - (Middleland) Total user(0)
(2012: 3:14: 9:42) - (Middleland) Total user(0)
(2012: 3:14: 9:43) - (Middleland) Total user(0)
(2012: 3:14: 9:44) - (Middleland) Total user(0)
(2012: 3:14: 9:45) - (Middleland) Total user(0)
(2012: 3:14: 9:46) - (Middleland) Total user(0)
(2012: 3:14: 9:47) - (Middleland) Total user(0)
(2012: 3:14: 9:48) - (Middleland) Total user(0)
(2012: 3:14: 9:49) - (Middleland) Total user(0)
(2012: 3:14: 9:50) - (Middleland) Total user(0)
(2012: 3:14: 9:51) - (Middleland) Total user(0)
(2012: 3:14: 9:52) - (Middleland) Total user(0)
(2012: 3:14: 9:53) - (Middleland) Total user(0)
(2012: 3:14: 9:54) - (Middleland) Total user(0)
(2012: 3:14: 9:55) - (Middleland) Total user(0)
(2012: 3:14: 9:56) - (Middleland) Total user(0)
(2012: 3:14: 9:57) - (Middleland) Total user(0)
(2012: 3:14: 9:58) - (Middleland) Total user(0)
(2012: 3:14: 9:59) - (Middleland) Total user(0)
(2012: 3:14:10: 0) - (Middleland) Total user(0)
(2012: 3:14:10: 1) - (Middleland) Total user(0)
(2012: 3:14:10: 2) - (Middleland) Total user(0)
(2012: 3:14:10: 3) - (Middleland) Total user(0)
(2012: 3:14:10: 4) - (Middleland) Total user(0)
(2012: 3:14:10: 5) - (Middleland) Total user(0)
(2012: 3:14:10: 6) - (Middleland) Total user(0)
(2012: 3:14:10: 7) - (Middleland) Total user(0)
(2012: 3:14:10: 8) - (Middleland) Total user(0)
(2012: 3:14:10: 9) - (Middleland) Total user(0)
(2012: 3:14:10:10) - (Middleland) Total user(0)
(2012: 3:14:10:11) - (Middleland) Total user(0)
(2012: 3:14:10:12) - (Middleland) Total user(0)
(2012: 3:14:10:13) - (Middleland) Total user(0)
(2012: 3:14:10:14) - (Middleland) Total user(0)
(2012: 3:14:10:15) - (Middleland) Total user(0)
(2012: 3:14:10:16) - (Middleland) Total user(0)
(2012: 3:14:10:17) - (Middleland) Total user(0)
(2012: 3:14:10:18) - (Middleland) Total user(0)
(2012: 3:14:10:19) - (Middleland) Total user(0)
(2012: 3:14:10:20) - (Middleland) Total user(0)
(2012: 3:14:10:21) - (Middleland) Total user(0)
(2012: 3:14:10:22) - (Middleland) Total user(0)
(2012: 3:14:10:23) - (Middleland) Total user(0)
(2012: 3:14:10:24) - (Middleland) Total user(0)
(2012: 3:14:10:25) - (Middleland) Total user(0)
(2012: 3:14:10:26) - (Middleland) Total user(0)
(2012: 3:14:10:27) - (Middleland) Total user(0)
(2012: 3:14:10:28) - (Middleland) Total user(0)
(2012: 3:14:10:29) - (Middleland) Total user(0)
(2012: 3:14:10:30) - (Middleland) Total user(0)
(2012: 3:14:10:31) - (Middleland) Total user(0)
(2012: 3:14:10:32) - (Middleland) Total user(0)
(2012: 3:14:10:33) - (Middleland) Total user(0)
(2012: 3:14:10:34) - (Middleland) Total user(0)
(2012: 3:14:10:35) - (Middleland) Total user(0)
(2012: 3:14:10:36) - (Middleland) Total user(0)
(2012: 3:14:10:38) - (Middleland) Total user(0)
(2012: 3:14:10:39) - (Middleland) Total user(1)
(2012: 3:14:10:40) - (Middleland) Total user(1)
(2012: 3:14:10:41) - (Middleland) Total user(1)
(2012: 3:14:10:42) - (Middleland) Total user(1)
(2012: 3:14:10:43) - (Middleland) Total user(0)
(2012: 3:14:10:44) - (Middleland) Total user(1)
(2012: 3:14:10:45) - (Middleland) Total user(1)
(2012: 3:14:10:46) - (Middleland) Total user(1)
(2012: 3:14:10:47) - (Middleland) Total user(1)
(2012: 3:14:10:48) - (Middleland) Total user(1)
(2012: 3:14:10:49) - (Middleland) Total user(1)
(2012: 3:14:10:50) - (Middleland) Total user(1)
(2012: 3:14:10:51) - (Middleland) Total user(1)
(2012: 3:14:10:52) - (Middleland) Total user(1)
(2012: 3:14:10:53) - (Middleland) Total user(1)
(2012: 3:14:10:54) - (Middleland) Total user(1)
(2012: 3:14:10:55) - (Middleland) Total user(0)
(2012: 3:14:10:56) - (Middleland) Total user(1)
(2012: 3:14:10:57) - (Middleland) Total user(1)
(2012: 3:14:10:58) - (Middleland) Total user(1)
(2012: 3:14:10:59) - (Middleland) Total user(1)
(2012: 3:14:11: 0) - (Middleland) Total user(1)
(2012: 3:14:11: 1) - (Middleland) Total user(1)
(2012: 3:14:11: 2) - (Middleland) Total user(1)
(2012: 3:14:11: 3) - (Middleland) Total user(1)
(2012: 3:14:11: 4) - (Middleland) Total user(1)
(2012: 3:14:11: 5) - (Middleland) Total user(1)
(2012: 3:14:11: 6) - (Middleland) Total user(1)
(2012: 3:14:11: 7) - (Middleland) Total user(1)
(2012: 3:14:11: 8) - (Middleland) Total user(1)
(2012: 3:14:11: 9) - (Middleland) Total user(1)
(2012: 3:14:11:10) - (Middleland) Total user(1)
(2012: 3:14:11:11) - (Middleland) Total user(1)
(2012: 3:14:11:12) - (Middleland) Total user(1)
(2012: 3:14:11:13) - (Middleland) Total user(1)
(2012: 3:14:11:14) - (Middleland) Total user(2)
(2012: 3:14:11:15) - (Middleland) Total user(2)
(2012: 3:14:11:16) - (Middleland) Total user(2)
(2012: 3:14:11:17) - (Middleland) Total user(2)
(2012: 3:14:11:18) - (Middleland) Total user(2)
(2012: 3:14:11:19) - (Middleland) Total user(2)
(2012: 3:14:11:20) - (Middleland) Total user(2)
(2012: 3:14:11:21) - (Middleland) Total user(2)
(2012: 3:14:11:22) - (Middleland) Total user(2)
(2012: 3:14:11:23) - (Middleland) Total user(2)
(2012: 3:14:11:24) - (Middleland) Total user(2)
(2012: 3:14:11:25) - (Middleland) Total user(2)
(2012: 3:14:11:26) - (Middleland) Total user(2)
(2012: 3:14:11:27) - (Middleland) Total user(2)
(2012: 3:14:11:28) - (Middleland) Total user(2)
(2012: 3:14:11:29) - (Middleland) Total user(2)
(2012: 3:14:11:30) - (Middleland) Total user(2)
(2012: 3:14:11:31) - (Middleland) Total user(2)
(2012: 3:14:11:32) - (Middleland) Total user(2)
(2012: 3:14:11:33) - (Middleland) Total user(2)
(2012: 3:14:11:34) - (Middleland) Total user(2)
(2012: 3:14:11:35) - (Middleland) Total user(2)
(2012: 3:14:11:36) - (Middleland) Total user(2)
(2012: 3:14:11:37) - (Middleland) Total user(2)
(2012: 3:14:11:39) - (Middleland) Total user(2)
(2012: 3:14:11:40) - (Middleland) Total user(2)
(2012: 3:14:11:41) - (Middleland) Total user(2)
(2012: 3:14:11:42) - (Middleland) Total user(2)
(2012: 3:14:11:43) - (Middleland) Total user(2)
(2012: 3:14:11:44) - (Middleland) Total user(2)
(2012: 3:14:11:45) - (Middleland) Total user(2)
(2012: 3:14:11:46) - (Middleland) Total user(2)
(2012: 3:14:11:47) - (Middleland) Total user(2)
(2012: 3:14:11:48) - (Middleland) Total user(2)
(2012: 3:14:11:49) - (Middleland) Total user(2)
(2012: 3:14:11:50) - (Middleland) Total user(2)
(2012: 3:14:11:51) - (Middleland) Total user(2)
(2012: 3:14:11:52) - (Middleland) Total user(2)
(2012: 3:14:11:53) - (Middleland) Total user(2)
(2012: 3:14:11:54) - (Middleland) Total user(2)
(2012: 3:14:11:55) - (Middleland) Total user(2)
(2012: 3:14:11:56) - (Middleland) Total user(2)
(2012: 3:14:11:57) - (Middleland) Total user(2)
(2012: 3:14:11:58) - (Middleland) Total user(2)
(2012: 3:14:11:59) - (Middleland) Total user(2)
(2012: 3:14:12: 0) - (Middleland) Total user(2)
(2012: 3:14:12: 1) - (Middleland) Total user(2)
(2012: 3:14:12: 2) - (Middleland) Total user(2)
(2012: 3:14:12: 3) - (Middleland) Total user(2)
(2012: 3:14:12: 4) - (Middleland) Total user(2)
(2012: 3:14:12: 5) - (Middleland) Total user(2)
(2012: 3:14:12: 6) - (Middleland) Total user(2)
(2012: 3:14:12: 7) - (Middleland) Total user(2)
(2012: 3:14:12: 8) - (Middleland) Total user(2)
(2012: 3:14:12: 9) - (Middleland) Total user(2)
(2012: 3:14:12:10) - (Middleland) Total user(2)
(2012: 3:14:12:11) - (Middleland) Total user(2)
(2012: 3:14:12:12) - (Middleland) Total user(2)
(2012: 3:14:12:13) - (Middleland) Total user(2)
(2012: 3:14:12:14) - (Middleland) Total user(2)
(2012: 3:14:12:15) - (Middleland) Total user(2)
(2012: 3:14:12:16) - (Middleland) Total user(2)
(2012: 3:14:12:17) - (Middleland) Total user(2)
(2012: 3:14:12:18) - (Middleland) Total user(2)
(2012: 3:14:12:19) - (Middleland) Total user(2)
(2012: 3:14:12:20) - (Middleland) Total user(2)
(2012: 3:14:12:21) - (Middleland) Total user(2)
(2012: 3:14:12:22) - (Middleland) Total user(2)
(2012: 3:14:12:23) - (Middleland) Total user(2)
(2012: 3:14:12:24) - (Middleland) Total user(2)
(2012: 3:14:12:25) - (Middleland) Total user(2)
(2012: 3:14:12:26) - (Middleland) Total user(2)
(2012: 3:14:12:27) - (Middleland) Total user(2)
(2012: 3:14:12:28) - (Middleland) Total user(2)
(2012: 3:14:12:29) - (Middleland) Total user(2)
(2012: 3:14:12:30) - (Middleland) Total user(2)
(2012: 3:14:12:31) - (Middleland) Total user(2)
(2012: 3:14:12:32) - (Middleland) Total user(2)
(2012: 3:14:12:33) - (Middleland) Total user(2)
(2012: 3:14:12:34) - (Middleland) Total user(2)
(2012: 3:14:12:35) - (Middleland) Total user(2)
(2012: 3:14:12:36) - (Middleland) Total user(2)
(2012: 3:14:12:37) - (Middleland) Total user(2)
(2012: 3:14:12:39) - (Middleland) Total user(2)
(2012: 3:14:12:40) - (Middleland) Total user(2)
(2012: 3:14:12:41) - (Middleland) Total user(2)
(2012: 3:14:12:42) - (Middleland) Total user(2)
(2012: 3:14:12:43) - (Middleland) Total user(2)
(2012: 3:14:12:44) - (Middleland) Total user(2)
(2012: 3:14:12:45) - (Middleland) Total user(2)
(2012: 3:14:12:46) - (Middleland) Total user(2)
(2012: 3:14:12:47) - (Middleland) Total user(2)
(2012: 3:14:12:48) - (Middleland) Total user(2)
(2012: 3:14:12:49) - (Middleland) Total user(2)
(2012: 3:14:12:50) - (Middleland) Total user(2)
(2012: 3:14:12:51) - (Middleland) Total user(2)
(2012: 3:14:12:52) - (Middleland) Total user(2)
(2012: 3:14:12:53) - (Middleland) Total user(2)
(2012: 3:14:12:54) - (Middleland) Total user(2)
(2012: 3:14:12:55) - (Middleland) Total user(2)
(2012: 3:14:12:56) - (Middleland) Total user(2)
(2012: 3:14:12:57) - (Middleland) Total user(2)
(2012: 3:14:12:58) - (Middleland) Total user(2)
(2012: 3:14:12:59) - (Middleland) Total user(2)
(2012: 3:14:13: 0) - (Middleland) Total user(2)
(2012: 3:14:13: 1) - (Middleland) Total user(2)
(2012: 3:14:13: 2) - (Middleland) Total user(2)
(2012: 3:14:13: 3) - (Middleland) Total user(2)
(2012: 3:14:13: 4) - (Middleland) Total user(2)
(2012: 3:14:13: 5) - (Middleland) Total user(2)
(2012: 3:14:13: 6) - (Middleland) Total user(2)
(2012: 3:14:13: 7) - (Middleland) Total user(2)
(2012: 3:14:13: 8) - (Middleland) Total user(2)
(2012: 3:14:13: 9) - (Middleland) Total user(2)
(2012: 3:14:13:10) - (Middleland) Total user(2)
(2012: 3:14:13:11) - (Middleland) Total user(2)
(2012: 3:14:13:12) - (Middleland) Total user(2)
(2012: 3:14:13:13) - (Middleland) Total user(2)
(2012: 3:14:13:14) - (Middleland) Total user(2)
(2012: 3:14:13:15) - (Middleland) Total user(2)
(2012: 3:14:13:16) - (Middleland) Total user(2)
(2012: 3:14:13:17) - (Middleland) Total user(2)
(2012: 3:14:13:18) - (Middleland) Total user(2)
(2012: 3:14:13:19) - (Middleland) Total user(2)
(2012: 3:14:13:20) - (Middleland) Total user(2)
(2012: 3:14:13:21) - (Middleland) Total user(2)
(2012: 3:14:13:22) - (Middleland) Total user(2)
(2012: 3:14:13:23) - (Middleland) Total user(2)
(2012: 3:14:13:24) - (Middleland) Total user(2)
(2012: 3:14:13:25) - (Middleland) Total user(2)
(2012: 3:14:13:26) - (Middleland) Total user(2)
(2012: 3:14:13:27) - (Middleland) Total user(2)
(2012: 3:14:13:28) - (Middleland) Total user(2)
(2012: 3:14:13:29) - (Middleland) Total user(2)
(2012: 3:14:13:30) - (Middleland) Total user(2)
(2012: 3:14:13:31) - (Middleland) Total user(2)
(2012: 3:14:13:32) - (Middleland) Total user(2)
(2012: 3:14:13:33) - (Middleland) Total user(2)
(2012: 3:14:13:34) - (Middleland) Total user(2)
(2012: 3:14:13:35) - (Middleland) Total user(2)
(2012: 3:14:13:36) - (Middleland) Total user(2)
(2012: 3:14:13:37) - (Middleland) Total user(2)
(2012: 3:14:13:38) - (Middleland) Total user(2)
(2012: 3:14:13:40) - (Middleland) Total user(2)
(2012: 3:14:13:41) - (Middleland) Total user(2)
(2012: 3:14:13:42) - (Middleland) Total user(2)
(2012: 3:14:13:43) - (Middleland) Total user(2)
(2012: 3:14:13:44) - (Middleland) Total user(2)
(2012: 3:14:13:45) - (Middleland) Total user(2)
(2012: 3:14:13:46) - (Middleland) Total user(2)
(2012: 3:14:13:47) - (Middleland) Total user(2)
(2012: 3:14:13:48) - (Middleland) Total user(2)
(2012: 3:14:13:49) - (Middleland) Total user(2)
(2012: 3:14:13:50) - (Middleland) Total user(2)
(2012: 3:14:13:51) - (Middleland) Total user(2)
(2012: 3:14:13:52) - (Middleland) Total user(2)
(2012: 3:14:13:53) - (Middleland) Total user(1)
(2012: 3:14:13:54) - (Middleland) Total user(1)
(2012: 3:14:13:55) - (Middleland) Total user(2)
(2012: 3:14:13:56) - (Middleland) Total user(2)
(2012: 3:14:13:57) - (Middleland) Total user(2)
(2012: 3:14:13:58) - (Middleland) Total user(2)
(2012: 3:14:13:59) - (Middleland) Total user(2)
(2012: 3:14:14: 0) - (Middleland) Total user(2)
(2012: 3:14:14: 1) - (Middleland) Total user(2)
(2012: 3:14:14: 2) - (Middleland) Total user(2)
(2012: 3:14:14: 3) - (Middleland) Total user(2)
(2012: 3:14:14: 4) - (Middleland) Total user(2)
(2012: 3:14:14: 5) - (Middleland) Total user(2)
(2012: 3:14:14: 6) - (Middleland) Total user(2)
(2012: 3:14:14: 7) - (Middleland) Total user(2)
(2012: 3:14:14: 8) - (Middleland) Total user(2)
(2012: 3:14:14: 9) - (Middleland) Total user(2)
(2012: 3:14:14:10) - (Middleland) Total user(2)
(2012: 3:14:14:11) - (Middleland) Total user(2)
(2012: 3:14:14:12) - (Middleland) Total user(3)
(2012: 3:14:14:13) - (Middleland) Total user(3)
(2012: 3:14:14:14) - (Middleland) Total user(3)
(2012: 3:14:14:15) - (Middleland) Total user(3)
(2012: 3:14:14:16) - (Middleland) Total user(2)
(2012: 3:14:14:17) - (Middleland) Total user(2)
(2012: 3:14:14:18) - (Middleland) Total user(3)
(2012: 3:14:14:19) - (Middleland) Total user(3)
(2012: 3:14:14:20) - (Middleland) Total user(2)
(2012: 3:14:14:21) - (Middleland) Total user(2)
(2012: 3:14:14:22) - (Middleland) Total user(2)
(2012: 3:14:14:23) - (Middleland) Total user(2)
(2012: 3:14:14:24) - (Middleland) Total user(2)
(2012: 3:14:14:25) - (Middleland) Total user(2)
(2012: 3:14:14:26) - (Middleland) Total user(2)
(2012: 3:14:14:27) - (Middleland) Total user(2)
(2012: 3:14:14:28) - (Middleland) Total user(2)
(2012: 3:14:14:29) - (Middleland) Total user(2)
(2012: 3:14:14:30) - (Middleland) Total user(2)
(2012: 3:14:14:31) - (Middleland) Total user(2)
(2012: 3:14:14:32) - (Middleland) Total user(2)
(2012: 3:14:14:33) - (Middleland) Total user(2)
(2012: 3:14:14:34) - (Middleland) Total user(2)
(2012: 3:14:14:35) - (Middleland) Total user(2)
(2012: 3:14:14:36) - (Middleland) Total user(2)
(2012: 3:14:14:37) - (Middleland) Total user(1)
(2012: 3:14:14:38) - (Middleland) Total user(1)
(2012: 3:14:14:39) - (Middleland) Total user(2)
(2012: 3:14:14:41) - (Middleland) Total user(2)
(2012: 3:14:14:42) - (Middleland) Total user(2)
(2012: 3:14:14:43) - (Middleland) Total user(2)
(2012: 3:14:14:44) - (Middleland) Total user(2)
(2012: 3:14:14:45) - (Middleland) Total user(2)
(2012: 3:14:14:46) - (Middleland) Total user(2)
(2012: 3:14:14:47) - (Middleland) Total user(2)
(2012: 3:14:14:48) - (Middleland) Total user(2)
(2012: 3:14:14:49) - (Middleland) Total user(2)
(2012: 3:14:14:50) - (Middleland) Total user(2)
(2012: 3:14:14:51) - (Middleland) Total user(3)
(2012: 3:14:14:52) - (Middleland) Total user(4)
(2012: 3:14:14:53) - (Middleland) Total user(4)
(2012: 3:14:14:54) - (Middleland) Total user(4)
(2012: 3:14:14:55) - (Middleland) Total user(4)
(2012: 3:14:14:56) - (Middleland) Total user(4)
(2012: 3:14:14:57) - (Middleland) Total user(5)
(2012: 3:14:14:58) - (Middleland) Total user(4)
(2012: 3:14:14:59) - (Middleland) Total user(4)
(2012: 3:14:15: 0) - (Middleland) Total user(4)
(2012: 3:14:15: 1) - (Middleland) Total user(4)
(2012: 3:14:15: 2) - (Middleland) Total user(4)
(2012: 3:14:15: 3) - (Middleland) Total user(4)
(2012: 3:14:15: 4) - (Middleland) Total user(4)
(2012: 3:14:15: 5) - (Middleland) Total user(4)
(2012: 3:14:15: 6) - (Middleland) Total user(5)
(2012: 3:14:15: 7) - (Middleland) Total user(5)
(2012: 3:14:15: 8) - (Middleland) Total user(5)
(2012: 3:14:15: 9) - (Middleland) Total user(5)
(2012: 3:14:15:10) - (Middleland) Total user(5)
(2012: 3:14:15:11) - (Middleland) Total user(5)
(2012: 3:14:15:12) - (Middleland) Total user(5)
(2012: 3:14:15:13) - (Middleland) Total user(5)
(2012: 3:14:15:14) - (Middleland) Total user(5)
(2012: 3:14:15:15) - (Middleland) Total user(5)
(2012: 3:14:15:16) - (Middleland) Total user(5)
(2012: 3:14:15:17) - (Middleland) Total user(5)
(2012: 3:14:15:18) - (Middleland) Total user(4)
(2012: 3:14:15:19) - (Middleland) Total user(4)
(2012: 3:14:15:20) - (Middleland) Total user(3)
(2012: 3:14:15:22) - (Middleland) Total user(1)
(2012: 3:14:15:23) - (Middleland) Total user(2)
(2012: 3:14:15:24) - (Middleland) Total user(3)
(2012: 3:14:15:25) - (Middleland) Total user(3)
(2012: 3:14:15:26) - (Middleland) Total user(3)
(2012: 3:14:15:27) - (Middleland) Total user(3)
(2012: 3:14:15:28) - (Middleland) Total user(4)
(2012: 3:14:15:29) - (Middleland) Total user(4)
(2012: 3:14:15:30) - (Middleland) Total user(4)
(2012: 3:14:15:31) - (Middleland) Total user(4)
(2012: 3:14:15:32) - (Middleland) Total user(4)
(2012: 3:14:15:33) - (Middleland) Total user(4)
(2012: 3:14:15:34) - (Middleland) Total user(4)
(2012: 3:14:15:35) - (Middleland) Total user(4)
(2012: 3:14:15:36) - (Middleland) Total user(4)
(2012: 3:14:15:37) - (Middleland) Total user(4)
(2012: 3:14:15:38) - (Middleland) Total user(4)
(2012: 3:14:15:39) - (Middleland) Total user(4)
(2012: 3:14:15:40) - (Middleland) Total user(4)
(2012: 3:14:15:41) - (Middleland) Total user(4)
(2012: 3:14:15:42) - (Middleland) Total user(4)
(2012: 3:14:15:43) - (Middleland) Total user(4)
(2012: 3:14:15:44) - (Middleland) Total user(4)
(2012: 3:14:15:45) - (Middleland) Total user(4)
(2012: 3:14:15:46) - (Middleland) Total user(4)
(2012: 3:14:15:47) - (Middleland) Total user(4)
(2012: 3:14:15:48) - (Middleland) Total user(4)
(2012: 3:14:15:49) - (Middleland) Total user(4)
(2012: 3:14:15:50) - (Middleland) Total user(4)
(2012: 3:14:15:51) - (Middleland) Total user(4)
(2012: 3:14:15:52) - (Middleland) Total user(4)
(2012: 3:14:15:53) - (Middleland) Total user(4)
(2012: 3:14:15:55) - (Middleland) Total user(3)
(2012: 3:14:15:56) - (Middleland) Total user(3)
(2012: 3:14:15:57) - (Middleland) Total user(3)
(2012: 3:14:15:58) - (Middleland) Total user(3)
(2012: 3:14:15:59) - (Middleland) Total user(4)
(2012: 3:14:16: 0) - (Middleland) Total user(4)
(2012: 3:14:16: 1) - (Middleland) Total user(4)
(2012: 3:14:16: 2) - (Middleland) Total user(4)
(2012: 3:14:16: 3) - (Middleland) Total user(4)
(2012: 3:14:16: 4) - (Middleland) Total user(3)
(2012: 3:14:16: 5) - (Middleland) Total user(4)
(2012: 3:14:16: 6) - (Middleland) Total user(3)
(2012: 3:14:16: 7) - (Middleland) Total user(3)
(2012: 3:14:16: 8) - (Middleland) Total user(3)
(2012: 3:14:16: 9) - (Middleland) Total user(3)
(2012: 3:14:16:10) - (Middleland) Total user(4)
(2012: 3:14:16:11) - (Middleland) Total user(6)
(2012: 3:14:16:12) - (Middleland) Total user(6)
(2012: 3:14:16:13) - (Middleland) Total user(6)
(2012: 3:14:16:14) - (Middleland) Total user(6)
(2012: 3:14:16:15) - (Middleland) Total user(6)
(2012: 3:14:16:16) - (Middleland) Total user(6)
(2012: 3:14:16:17) - (Middleland) Total user(5)
(2012: 3:14:16:18) - (Middleland) Total user(5)
(2012: 3:14:16:19) - (Middleland) Total user(5)
(2012: 3:14:16:20) - (Middleland) Total user(5)
(2012: 3:14:16:21) - (Middleland) Total user(5)
(2012: 3:14:16:22) - (Middleland) Total user(5)
(2012: 3:14:16:23) - (Middleland) Total user(5)
(2012: 3:14:16:24) - (Middleland) Total user(5)
(2012: 3:14:16:25) - (Middleland) Total user(5)
(2012: 3:14:16:26) - (Middleland) Total user(5)
(2012: 3:14:16:27) - (Middleland) Total user(5)
(2012: 3:14:16:28) - (Middleland) Total user(6)
(2012: 3:14:16:29) - (Middleland) Total user(6)
(2012: 3:14:16:30) - (Middleland) Total user(6)
(2012: 3:14:16:31) - (Middleland) Total user(6)
(2012: 3:14:16:32) - (Middleland) Total user(6)
(2012: 3:14:16:33) - (Middleland) Total user(6)
(2012: 3:14:16:34) - (Middleland) Total user(6)
(2012: 3:14:16:35) - (Middleland) Total user(6)
(2012: 3:14:16:36) - (Middleland) Total user(6)
(2012: 3:14:16:37) - (Middleland) Total user(6)
(2012: 3:14:16:38) - (Middleland) Total user(5)
(2012: 3:14:16:39) - (Middleland) Total user(5)
(2012: 3:14:16:40) - (Middleland) Total user(5)
(2012: 3:14:16:41) - (Middleland) Total user(4)
(2012: 3:14:16:42) - (Middleland) Total user(4)
(2012: 3:14:16:43) - (Middleland) Total user(4)
(2012: 3:14:16:44) - (Middleland) Total user(5)
(2012: 3:14:16:45) - (Middleland) Total user(6)
(2012: 3:14:16:46) - (Middleland) Total user(6)
(2012: 3:14:16:47) - (Middleland) Total user(6)
(2012: 3:14:16:48) - (Middleland) Total user(6)
(2012: 3:14:16:49) - (Middleland) Total user(6)
(2012: 3:14:16:50) - (Middleland) Total user(6)
(2012: 3:14:16:51) - (Middleland) Total user(6)
(2012: 3:14:16:52) - (Middleland) Total user(6)
(2012: 3:14:16:53) - (Middleland) Total user(6)
(2012: 3:14:16:54) - (Middleland) Total user(6)
(2012: 3:14:16:56) - (Middleland) Total user(6)
(2012: 3:14:16:57) - (Middleland) Total user(6)
(2012: 3:14:16:58) - (Middleland) Total user(6)
(2012: 3:14:16:59) - (Middleland) Total user(6)
(2012: 3:14:17: 0) - (Middleland) Total user(6)
(2012: 3:14:17: 1) - (Middleland) Total user(6)
(2012: 3:14:17: 2) - (Middleland) Total user(6)
(2012: 3:14:17: 3) - (Middleland) Total user(6)
(2012: 3:14:17: 4) - (Middleland) Total user(6)
(2012: 3:14:17: 5) - (Middleland) Total user(6)
(2012: 3:14:17: 6) - (Middleland) Total user(5)
(2012: 3:14:17: 7) - (Middleland) Total user(5)
(2012: 3:14:17: 8) - (Middleland) Total user(5)
(2012: 3:14:17: 9) - (Middleland) Total user(3)
(2012: 3:14:17:10) - (Middleland) Total user(3)
(2012: 3:14:17:11) - (Middleland) Total user(3)
(2012: 3:14:17:12) - (Middleland) Total user(3)
(2012: 3:14:17:13) - (Middleland) Total user(3)
(2012: 3:14:17:14) - (Middleland) Total user(3)
(2012: 3:14:17:15) - (Middleland) Total user(5)
(2012: 3:14:17:16) - (Middleland) Total user(7)
(2012: 3:14:17:17) - (Middleland) Total user(7)
(2012: 3:14:17:18) - (Middleland) Total user(7)
(2012: 3:14:17:19) - (Middleland) Total user(7)
(2012: 3:14:17:20) - (Middleland) Total user(7)
(2012: 3:14:17:21) - (Middleland) Total user(6)
(2012: 3:14:17:22) - (Middleland) Total user(6)
(2012: 3:14:17:23) - (Middleland) Total user(6)
(2012: 3:14:17:24) - (Middleland) Total user(6)
(2012: 3:14:17:25) - (Middleland) Total user(6)
(2012: 3:14:17:26) - (Middleland) Total user(6)
(2012: 3:14:17:27) - (Middleland) Total user(6)
(2012: 3:14:17:28) - (Middleland) Total user(6)
(2012: 3:14:17:29) - (Middleland) Total user(6)
(2012: 3:14:17:30) - (Middleland) Total user(6)
(2012: 3:14:17:31) - (Middleland) Total user(6)
(2012: 3:14:17:32) - (Middleland) Total user(6)
(2012: 3:14:17:33) - (Middleland) Total user(6)
(2012: 3:14:17:34) - (Middleland) Total user(6)
(2012: 3:14:17:35) - (Middleland) Total user(6)
(2012: 3:14:17:36) - (Middleland) Total user(2)
(2012: 3:14:17:37) - (Middleland) Total user(2)
(2012: 3:14:17:38) - (Middleland) Total user(3)
(2012: 3:14:17:39) - (Middleland) Total user(4)
(2012: 3:14:17:40) - (Middleland) Total user(4)
(2012: 3:14:17:41) - (Middleland) Total user(4)
(2012: 3:14:17:42) - (Middleland) Total user(4)
(2012: 3:14:17:43) - (Middleland) Total user(4)
(2012: 3:14:17:44) - (Middleland) Total user(4)
(2012: 3:14:17:45) - (Middleland) Total user(4)
(2012: 3:14:17:46) - (Middleland) Total user(4)
(2012: 3:14:17:47) - (Middleland) Total user(4)
(2012: 3:14:17:48) - (Middleland) Total user(4)
(2012: 3:14:17:49) - (Middleland) Total user(5)
(2012: 3:14:17:50) - (Middleland) Total user(4)
(2012: 3:14:17:51) - (Middleland) Total user(4)
(2012: 3:14:17:52) - (Middleland) Total user(4)
(2012: 3:14:17:53) - (Middleland) Total user(4)
(2012: 3:14:17:54) - (Middleland) Total user(5)
(2012: 3:14:17:55) - (Middleland) Total user(3)
(2012: 3:14:17:57) - (Middleland) Total user(3)
(2012: 3:14:17:58) - (Middleland) Total user(3)
(2012: 3:14:17:59) - (Middleland) Total user(4)
(2012: 3:14:18: 0) - (Middleland) Total user(4)
(2012: 3:14:18: 1) - (Middleland) Total user(4)
(2012: 3:14:18: 2) - (Middleland) Total user(4)
(2012: 3:14:18: 3) - (Middleland) Total user(5)
(2012: 3:14:18: 4) - (Middleland) Total user(5)
(2012: 3:14:18: 5) - (Middleland) Total user(5)
(2012: 3:14:18: 6) - (Middleland) Total user(5)
(2012: 3:14:18: 7) - (Middleland) Total user(5)
(2012: 3:14:18: 8) - (Middleland) Total user(4)
(2012: 3:14:18: 9) - (Middleland) Total user(5)
(2012: 3:14:18:10) - (Middleland) Total user(5)
(2012: 3:14:18:11) - (Middleland) Total user(4)
(2012: 3:14:18:12) - (Middleland) Total user(3)
(2012: 3:14:18:13) - (Middleland) Total user(3)
(2012: 3:14:18:14) - (Middleland) Total user(3)
(2012: 3:14:18:15) - (Middleland) Total user(2)
(2012: 3:14:18:16) - (Middleland) Total user(2)
(2012: 3:14:18:17) - (Middleland) Total user(2)
(2012: 3:14:18:18) - (Middleland) Total user(2)
(2012: 3:14:18:19) - (Middleland) Total user(2)
(2012: 3:14:18:20) - (Middleland) Total user(2)
(2012: 3:14:18:21) - (Middleland) Total user(2)
(2012: 3:14:18:22) - (Middleland) Total user(2)
(2012: 3:14:18:23) - (Middleland) Total user(2)
(2012: 3:14:18:24) - (Middleland) Total user(2)
(2012: 3:14:18:25) - (Middleland) Total user(2)
(2012: 3:14:18:26) - (Middleland) Total user(2)
(2012: 3:14:18:27) - (Middleland) Total user(2)
(2012: 3:14:18:28) - (Middleland) Total user(2)
(2012: 3:14:18:29) - (Middleland) Total user(2)
(2012: 3:14:18:30) - (Middleland) Total user(2)
(2012: 3:14:18:31) - (Middleland) Total user(2)
(2012: 3:14:18:32) - (Middleland) Total user(3)
(2012: 3:14:18:33) - (Middleland) Total user(3)
(2012: 3:14:18:34) - (Middleland) Total user(3)
(2012: 3:14:18:35) - (Middleland) Total user(3)
(2012: 3:14:18:36) - (Middleland) Total user(3)
(2012: 3:14:18:37) - (Middleland) Total user(3)
(2012: 3:14:18:38) - (Middleland) Total user(3)
(2012: 3:14:18:39) - (Middleland) Total user(3)
(2012: 3:14:18:40) - (Middleland) Total user(3)
(2012: 3:14:18:41) - (Middleland) Total user(3)
(2012: 3:14:18:42) - (Middleland) Total user(3)
(2012: 3:14:18:43) - (Middleland) Total user(3)
(2012: 3:14:18:44) - (Middleland) Total user(3)
(2012: 3:14:18:45) - (Middleland) Total user(3)
(2012: 3:14:18:46) - (Middleland) Total user(3)
(2012: 3:14:18:47) - (Middleland) Total user(3)
(2012: 3:14:18:48) - (Middleland) Total user(4)
(2012: 3:14:18:49) - (Middleland) Total user(4)
(2012: 3:14:18:50) - (Middleland) Total user(4)
(2012: 3:14:18:51) - (Middleland) Total user(4)
(2012: 3:14:18:52) - (Middleland) Total user(4)
(2012: 3:14:18:53) - (Middleland) Total user(5)
(2012: 3:14:18:54) - (Middleland) Total user(4)
(2012: 3:14:18:55) - (Middleland) Total user(4)
(2012: 3:14:18:56) - (Middleland) Total user(4)
(2012: 3:14:18:58) - (Middleland) Total user(4)
(2012: 3:14:18:59) - (Middleland) Total user(4)
(2012: 3:14:19: 0) - (Middleland) Total user(4)
(2012: 3:14:19: 1) - (Middleland) Total user(3)
(2012: 3:14:19: 2) - (Middleland) Total user(3)
(2012: 3:14:19: 3) - (Middleland) Total user(3)
(2012: 3:14:19: 4) - (Middleland) Total user(3)
(2012: 3:14:19: 5) - (Middleland) Total user(3)
(2012: 3:14:19: 6) - (Middleland) Total user(3)
(2012: 3:14:19: 7) - (Middleland) Total user(3)
(2012: 3:14:19: 8) - (Middleland) Total user(3)
(2012: 3:14:19: 9) - (Middleland) Total user(3)
(2012: 3:14:19:10) - (Middleland) Total user(3)
(2012: 3:14:19:11) - (Middleland) Total user(3)
(2012: 3:14:19:12) - (Middleland) Total user(3)
(2012: 3:14:19:13) - (Middleland) Total user(3)
(2012: 3:14:19:14) - (Middleland) Total user(3)
(2012: 3:14:19:15) - (Middleland) Total user(3)
(2012: 3:14:19:16) - (Middleland) Total user(3)
(2012: 3:14:19:17) - (Middleland) Total user(3)
(2012: 3:14:19:18) - (Middleland) Total user(3)
(2012: 3:14:19:19) - (Middleland) Total user(3)
(2012: 3:14:19:20) - (Middleland) Total user(3)
(2012: 3:14:19:21) - (Middleland) Total user(3)
(2012: 3:14:19:22) - (Middleland) Total user(3)
(2012: 3:14:19:23) - (Middleland) Total user(3)
(2012: 3:14:19:24) - (Middleland) Total user(3)
(2012: 3:14:19:25) - (Middleland) Total user(3)
(2012: 3:14:19:26) - (Middleland) Total user(3)
(2012: 3:14:19:27) - (Middleland) Total user(3)
(2012: 3:14:19:28) - (Middleland) Total user(3)
(2012: 3:14:19:29) - (Middleland) Total user(3)
(2012: 3:14:19:30) - (Middleland) Total user(3)
(2012: 3:14:19:31) - (Middleland) Total user(3)
(2012: 3:14:19:32) - (Middleland) Total user(3)
(2012: 3:14:19:33) - (Middleland) Total user(3)
(2012: 3:14:19:34) - (Middleland) Total user(3)
(2012: 3:14:19:35) - (Middleland) Total user(3)
(2012: 3:14:19:36) - (Middleland) Total user(3)
(2012: 3:14:19:37) - (Middleland) Total user(3)
(2012: 3:14:19:38) - (Middleland) Total user(3)
(2012: 3:14:19:39) - (Middleland) Total user(3)
(2012: 3:14:19:40) - (Middleland) Total user(3)
(2012: 3:14:19:41) - (Middleland) Total user(3)
(2012: 3:14:19:42) - (Middleland) Total user(3)
(2012: 3:14:19:43) - (Middleland) Total user(3)
(2012: 3:14:19:44) - (Middleland) Total user(3)
(2012: 3:14:19:45) - (Middleland) Total user(4)
(2012: 3:14:19:46) - (Middleland) Total user(4)
(2012: 3:14:19:47) - (Middleland) Total user(4)
(2012: 3:14:19:48) - (Middleland) Total user(4)
(2012: 3:14:19:49) - (Middleland) Total user(3)
(2012: 3:14:19:50) - (Middleland) Total user(3)
(2012: 3:14:19:51) - (Middleland) Total user(3)
(2012: 3:14:19:52) - (Middleland) Total user(3)
(2012: 3:14:19:53) - (Middleland) Total user(3)
(2012: 3:14:19:54) - (Middleland) Total user(3)
(2012: 3:14:19:55) - (Middleland) Total user(3)
(2012: 3:14:19:56) - (Middleland) Total user(3)
(2012: 3:14:19:58) - (Middleland) Total user(4)
(2012: 3:14:19:59) - (Middleland) Total user(3)
(2012: 3:14:20: 0) - (Middleland) Total user(4)
(2012: 3:14:20: 1) - (Middleland) Total user(2)
(2012: 3:14:20: 2) - (Middleland) Total user(1)
(2012: 3:14:20: 3) - (Middleland) Total user(1)
(2012: 3:14:20: 4) - (Middleland) Total user(2)
(2012: 3:14:20: 5) - (Middleland) Total user(2)
(2012: 3:14:20: 6) - (Middleland) Total user(2)
(2012: 3:14:20: 7) - (Middleland) Total user(2)
(2012: 3:14:20: 8) - (Middleland) Total user(2)
(2012: 3:14:20: 9) - (Middleland) Total user(2)
(2012: 3:14:20:10) - (Middleland) Total user(3)
(2012: 3:14:20:11) - (Middleland) Total user(2)
(2012: 3:14:20:12) - (Middleland) Total user(2)
(2012: 3:14:20:13) - (Middleland) Total user(2)
(2012: 3:14:20:14) - (Middleland) Total user(2)
(2012: 3:14:20:15) - (Middleland) Total user(2)
(2012: 3:14:20:16) - (Middleland) Total user(2)
(2012: 3:14:20:17) - (Middleland) Total user(2)
(2012: 3:14:20:18) - (Middleland) Total user(2)
(2012: 3:14:20:19) - (Middleland) Total user(2)
(2012: 3:14:20:20) - (Middleland) Total user(2)
(2012: 3:14:20:21) - (Middleland) Total user(2)
(2012: 3:14:20:22) - (Middleland) Total user(2)
(2012: 3:14:20:23) - (Middleland) Total user(2)
(2012: 3:14:20:24) - (Middleland) Total user(2)
(2012: 3:14:20:25) - (Middleland) Total user(3)
(2012: 3:14:20:26) - (Middleland) Total user(3)
(2012: 3:14:20:27) - (Middleland) Total user(3)
(2012: 3:14:20:28) - (Middleland) Total user(3)
(2012: 3:14:20:29) - (Middleland) Total user(3)
(2012: 3:14:20:30) - (Middleland) Total user(3)
(2012: 3:14:20:31) - (Middleland) Total user(2)
(2012: 3:14:20:32) - (Middleland) Total user(2)
(2012: 3:14:20:33) - (Middleland) Total user(2)
(2012: 3:14:20:34) - (Middleland) Total user(2)
(2012: 3:14:20:35) - (Middleland) Total user(2)
(2012: 3:14:20:36) - (Middleland) Total user(2)
(2012: 3:14:20:37) - (Middleland) Total user(2)
(2012: 3:14:20:38) - (Middleland) Total user(2)
(2012: 3:14:20:39) - (Middleland) Total user(2)
(2012: 3:14:20:40) - (Middleland) Total user(3)
(2012: 3:14:20:41) - (Middleland) Total user(3)
(2012: 3:14:20:42) - (Middleland) Total user(3)
(2012: 3:14:20:43) - (Middleland) Total user(3)
(2012: 3:14:20:44) - (Middleland) Total user(3)
(2012: 3:14:20:45) - (Middleland) Total user(3)
(2012: 3:14:20:46) - (Middleland) Total user(3)
(2012: 3:14:20:47) - (Middleland) Total user(3)
(2012: 3:14:20:48) - (Middleland) Total user(3)
(2012: 3:14:20:49) - (Middleland) Total user(4)
(2012: 3:14:20:50) - (Middleland) Total user(5)
(2012: 3:14:20:51) - (Middleland) Total user(4)
(2012: 3:14:20:52) - (Middleland) Total user(4)
(2012: 3:14:20:53) - (Middleland) Total user(4)
(2012: 3:14:20:54) - (Middleland) Total user(4)
(2012: 3:14:20:55) - (Middleland) Total user(4)
(2012: 3:14:20:56) - (Middleland) Total user(4)
(2012: 3:14:20:57) - (Middleland) Total user(4)
(2012: 3:14:20:59) - (Middleland) Total user(4)
(2012: 3:14:21: 0) - (Middleland) Total user(5)
(2012: 3:14:21: 1) - (Middleland) Total user(5)
(2012: 3:14:21: 2) - (Middleland) Total user(5)
(2012: 3:14:21: 3) - (Middleland) Total user(5)
(2012: 3:14:21: 4) - (Middleland) Total user(5)
(2012: 3:14:21: 5) - (Middleland) Total user(5)
(2012: 3:14:21: 6) - (Middleland) Total user(5)
(2012: 3:14:21: 7) - (Middleland) Total user(5)
(2012: 3:14:21: 8) - (Middleland) Total user(5)
(2012: 3:14:21: 9) - (Middleland) Total user(5)
(2012: 3:14:21:10) - (Middleland) Total user(4)
(2012: 3:14:21:11) - (Middleland) Total user(3)
(2012: 3:14:21:12) - (Middleland) Total user(3)
(2012: 3:14:21:13) - (Middleland) Total user(3)
(2012: 3:14:21:14) - (Middleland) Total user(3)
(2012: 3:14:21:15) - (Middleland) Total user(3)
(2012: 3:14:21:16) - (Middleland) Total user(3)
(2012: 3:14:21:17) - (Middleland) Total user(3)
(2012: 3:14:21:18) - (Middleland) Total user(3)
(2012: 3:14:21:19) - (Middleland) Total user(3)
(2012: 3:14:21:20) - (Middleland) Total user(3)
(2012: 3:14:21:21) - (Middleland) Total user(2)
(2012: 3:14:21:22) - (Middleland) Total user(2)
(2012: 3:14:21:23) - (Middleland) Total user(2)
(2012: 3:14:21:24) - (Middleland) Total user(2)
(2012: 3:14:21:25) - (Middleland) Total user(3)
(2012: 3:14:21:26) - (Middleland) Total user(3)
(2012: 3:14:21:27) - (Middleland) Total user(3)
(2012: 3:14:21:28) - (Middleland) Total user(4)
(2012: 3:14:21:29) - (Middleland) Total user(4)
(2012: 3:14:21:30) - (Middleland) Total user(4)
(2012: 3:14:21:31) - (Middleland) Total user(3)
(2012: 3:14:21:32) - (Middleland) Total user(3)
(2012: 3:14:21:33) - (Middleland) Total user(3)
(2012: 3:14:21:34) - (Middleland) Total user(3)
(2012: 3:14:21:35) - (Middleland) Total user(4)
(2012: 3:14:21:36) - (Middleland) Total user(4)
(2012: 3:14:21:37) - (Middleland) Total user(4)
(2012: 3:14:21:38) - (Middleland) Total user(4)
(2012: 3:14:21:39) - (Middleland) Total user(4)
(2012: 3:14:21:40) - (Middleland) Total user(4)
(2012: 3:14:21:41) - (Middleland) Total user(4)
(2012: 3:14:21:42) - (Middleland) Total user(4)
(2012: 3:14:21:43) - (Middleland) Total user(4)
(2012: 3:14:21:44) - (Middleland) Total user(4)
(2012: 3:14:21:45) - (Middleland) Total user(4)
(2012: 3:14:21:46) - (Middleland) Total user(4)
(2012: 3:14:21:47) - (Middleland) Total user(4)
(2012: 3:14:21:48) - (Middleland) Total user(4)
(2012: 3:14:21:49) - (Middleland) Total user(4)
(2012: 3:14:21:50) - (Middleland) Total user(5)
(2012: 3:14:21:51) - (Middleland) Total user(4)
(2012: 3:14:21:52) - (Middleland) Total user(5)
(2012: 3:14:21:53) - (Middleland) Total user(5)
(2012: 3:14:21:54) - (Middleland) Total user(5)
(2012: 3:14:21:55) - (Middleland) Total user(5)
(2012: 3:14:21:56) - (Middleland) Total user(5)
(2012: 3:14:21:57) - (Middleland) Total user(5)
(2012: 3:14:21:58) - (Middleland) Total user(5)
(2012: 3:14:22: 0) - (Middleland) Total user(4)
(2012: 3:14:22: 1) - (Middleland) Total user(4)
(2012: 3:14:22: 2) - (Middleland) Total user(4)
(2012: 3:14:22: 3) - (Middleland) Total user(4)
(2012: 3:14:22: 4) - (Middleland) Total user(4)
(2012: 3:14:22: 5) - (Middleland) Total user(4)
(2012: 3:14:22: 6) - (Middleland) Total user(5)
(2012: 3:14:22: 7) - (Middleland) Total user(4)
(2012: 3:14:22: 8) - (Middleland) Total user(4)
(2012: 3:14:22: 9) - (Middleland) Total user(4)
(2012: 3:14:22:10) - (Middleland) Total user(4)
(2012: 3:14:22:11) - (Middleland) Total user(3)
(2012: 3:14:22:12) - (Middleland) Total user(3)
(2012: 3:14:22:13) - (Middleland) Total user(3)
(2012: 3:14:22:14) - (Middleland) Total user(3)
(2012: 3:14:22:15) - (Middleland) Total user(3)
(2012: 3:14:22:16) - (Middleland) Total user(3)
(2012: 3:14:22:17) - (Middleland) Total user(4)
(2012: 3:14:22:18) - (Middleland) Total user(4)
(2012: 3:14:22:19) - (Middleland) Total user(4)
(2012: 3:14:22:20) - (Middleland) Total user(4)
(2012: 3:14:22:21) - (Middleland) Total user(4)
(2012: 3:14:22:22) - (Middleland) Total user(5)
(2012: 3:14:22:23) - (Middleland) Total user(5)
(2012: 3:14:22:24) - (Middleland) Total user(6)
(2012: 3:14:22:25) - (Middleland) Total user(6)
(2012: 3:14:22:26) - (Middleland) Total user(6)
(2012: 3:14:22:27) - (Middleland) Total user(6)
(2012: 3:14:22:28) - (Middleland) Total user(6)
(2012: 3:14:22:29) - (Middleland) Total user(6)
(2012: 3:14:22:30) - (Middleland) Total user(5)
(2012: 3:14:22:31) - (Middleland) Total user(5)
(2012: 3:14:22:32) - (Middleland) Total user(5)
(2012: 3:14:22:33) - (Middleland) Total user(5)
(2012: 3:14:22:34) - (Middleland) Total user(5)
(2012: 3:14:22:35) - (Middleland) Total user(5)
(2012: 3:14:22:36) - (Middleland) Total user(6)
(2012: 3:14:22:37) - (Middleland) Total user(6)
(2012: 3:14:22:38) - (Middleland) Total user(6)
(2012: 3:14:22:39) - (Middleland) Total user(6)
(2012: 3:14:22:40) - (Middleland) Total user(6)
(2012: 3:14:22:41) - (Middleland) Total user(6)
(2012: 3:14:22:42) - (Middleland) Total user(6)
(2012: 3:14:22:43) - (Middleland) Total user(6)
(2012: 3:14:22:44) - (Middleland) Total user(6)
(2012: 3:14:22:45) - (Middleland) Total user(6)
(2012: 3:14:22:46) - (Middleland) Total user(6)
(2012: 3:14:22:47) - (Middleland) Total user(6)
(2012: 3:14:22:48) - (Middleland) Total user(6)
(2012: 3:14:22:49) - (Middleland) Total user(6)
(2012: 3:14:22:50) - (Middleland) Total user(6)
(2012: 3:14:22:51) - (Middleland) Total user(6)
(2012: 3:14:22:52) - (Middleland) Total user(6)
(2012: 3:14:22:53) - (Middleland) Total user(6)
(2012: 3:14:22:54) - (Middleland) Total user(5)
(2012: 3:14:22:55) - (Middleland) Total user(6)
(2012: 3:14:22:56) - (Middleland) Total user(6)
(2012: 3:14:22:57) - (Middleland) Total user(6)
(2012: 3:14:22:58) - (Middleland) Total user(6)
(2012: 3:14:23: 0) - (Middleland) Total user(5)
(2012: 3:14:23: 1) - (Middleland) Total user(4)
(2012: 3:14:23: 2) - (Middleland) Total user(4)
(2012: 3:14:23: 3) - (Middleland) Total user(4)
(2012: 3:14:23: 4) - (Middleland) Total user(4)
(2012: 3:14:23: 5) - (Middleland) Total user(4)
(2012: 3:14:23: 6) - (Middleland) Total user(4)
(2012: 3:14:23: 7) - (Middleland) Total user(4)
(2012: 3:14:23: 8) - (Middleland) Total user(4)
(2012: 3:14:23: 9) - (Middleland) Total user(4)
(2012: 3:14:23:10) - (Middleland) Total user(3)
(2012: 3:14:23:11) - (Middleland) Total user(3)
(2012: 3:14:23:12) - (Middleland) Total user(3)
(2012: 3:14:23:13) - (Middleland) Total user(4)
(2012: 3:14:23:14) - (Middleland) Total user(4)
(2012: 3:14:23:15) - (Middleland) Total user(4)
(2012: 3:14:23:16) - (Middleland) Total user(4)
(2012: 3:14:23:17) - (Middleland) Total user(4)
(2012: 3:14:23:18) - (Middleland) Total user(4)
(2012: 3:14:23:19) - (Middleland) Total user(4)
(2012: 3:14:23:20) - (Middleland) Total user(4)
(2012: 3:14:23:21) - (Middleland) Total user(3)
(2012: 3:14:23:22) - (Middleland) Total user(4)
(2012: 3:14:23:23) - (Middleland) Total user(5)
(2012: 3:14:23:24) - (Middleland) Total user(5)
(2012: 3:14:23:25) - (Middleland) Total user(4)
(2012: 3:14:23:26) - (Middleland) Total user(5)
(2012: 3:14:23:27) - (Middleland) Total user(5)
(2012: 3:14:23:28) - (Middleland) Total user(5)
(2012: 3:14:23:29) - (Middleland) Total user(4)
(2012: 3:14:23:30) - (Middleland) Total user(5)
(2012: 3:14:23:31) - (Middleland) Total user(5)
(2012: 3:14:23:32) - (Middleland) Total user(5)
(2012: 3:14:23:33) - (Middleland) Total user(5)
(2012: 3:14:23:34) - (Middleland) Total user(5)
(2012: 3:14:23:35) - (Middleland) Total user(5)
(2012: 3:14:23:36) - (Middleland) Total user(5)
(2012: 3:14:23:37) - (Middleland) Total user(5)
(2012: 3:14:23:38) - (Middleland) Total user(5)
(2012: 3:14:23:39) - (Middleland) Total user(5)
(2012: 3:14:23:40) - (Middleland) Total user(5)
(2012: 3:14:23:41) - (Middleland) Total user(4)
(2012: 3:14:23:42) - (Middleland) Total user(4)
(2012: 3:14:23:43) - (Middleland) Total user(4)
(2012: 3:14:23:44) - (Middleland) Total user(4)
(2012: 3:14:23:45) - (Middleland) Total user(4)
(2012: 3:14:23:46) - (Middleland) Total user(3)
(2012: 3:14:23:47) - (Middleland) Total user(4)
(2012: 3:14:23:48) - (Middleland) Total user(3)
(2012: 3:14:23:49) - (Middleland) Total user(3)
(2012: 3:14:23:50) - (Middleland) Total user(3)
(2012: 3:14:23:51) - (Middleland) Total user(3)
(2012: 3:14:23:52) - (Middleland) Total user(3)
(2012: 3:14:23:53) - (Middleland) Total user(3)
(2012: 3:14:23:54) - (Middleland) Total user(2)
(2012: 3:14:23:55) - (Middleland) Total user(2)
(2012: 3:14:23:56) - (Middleland) Total user(2)
(2012: 3:14:23:57) - (Middleland) Total user(2)
(2012: 3:14:23:58) - (Middleland) Total user(2)
(2012: 3:14:23:59) - (Middleland) Total user(2)
