(2012: 3: 2: 0: 0) - (Middleland) Total user(2)
(2012: 3: 2: 0: 1) - (Middleland) Total user(3)
(2012: 3: 2: 0: 2) - (Middleland) Total user(3)
(2012: 3: 2: 0: 4) - (Middleland) Total user(2)
(2012: 3: 2: 0: 5) - (Middleland) Total user(2)
(2012: 3: 2: 0: 6) - (Middleland) Total user(2)
(2012: 3: 2: 0: 7) - (Middleland) Total user(2)
(2012: 3: 2: 0: 8) - (Middleland) Total user(2)
(2012: 3: 2: 0: 9) - (Middleland) Total user(2)
(2012: 3: 2: 0:10) - (Middleland) Total user(2)
(2012: 3: 2: 0:11) - (Middleland) Total user(2)
(2012: 3: 2: 0:12) - (Middleland) Total user(2)
(2012: 3: 2: 0:13) - (Middleland) Total user(2)
(2012: 3: 2: 0:14) - (Middleland) Total user(3)
(2012: 3: 2: 0:15) - (Middleland) Total user(3)
(2012: 3: 2: 0:16) - (Middleland) Total user(3)
(2012: 3: 2: 0:17) - (Middleland) Total user(3)
(2012: 3: 2: 0:18) - (Middleland) Total user(3)
(2012: 3: 2: 0:19) - (Middleland) Total user(3)
(2012: 3: 2: 0:20) - (Middleland) Total user(3)
(2012: 3: 2: 0:21) - (Middleland) Total user(3)
(2012: 3: 2: 0:22) - (Middleland) Total user(3)
(2012: 3: 2: 0:23) - (Middleland) Total user(3)
(2012: 3: 2: 0:24) - (Middleland) Total user(3)
(2012: 3: 2: 0:25) - (Middleland) Total user(3)
(2012: 3: 2: 0:26) - (Middleland) Total user(3)
(2012: 3: 2: 0:27) - (Middleland) Total user(3)
(2012: 3: 2: 0:28) - (Middleland) Total user(3)
(2012: 3: 2: 0:29) - (Middleland) Total user(3)
(2012: 3: 2: 0:30) - (Middleland) Total user(3)
(2012: 3: 2: 0:31) - (Middleland) Total user(3)
(2012: 3: 2: 0:32) - (Middleland) Total user(3)
(2012: 3: 2: 0:33) - (Middleland) Total user(3)
(2012: 3: 2: 0:34) - (Middleland) Total user(3)
(2012: 3: 2: 0:35) - (Middleland) Total user(3)
(2012: 3: 2: 0:36) - (Middleland) Total user(3)
(2012: 3: 2: 0:37) - (Middleland) Total user(3)
(2012: 3: 2: 0:38) - (Middleland) Total user(3)
(2012: 3: 2: 0:39) - (Middleland) Total user(4)
(2012: 3: 2: 0:40) - (Middleland) Total user(4)
(2012: 3: 2: 0:41) - (Middleland) Total user(4)
(2012: 3: 2: 0:42) - (Middleland) Total user(4)
(2012: 3: 2: 0:43) - (Middleland) Total user(4)
(2012: 3: 2: 0:44) - (Middleland) Total user(5)
(2012: 3: 2: 0:45) - (Middleland) Total user(5)
(2012: 3: 2: 0:46) - (Middleland) Total user(5)
(2012: 3: 2: 0:47) - (Middleland) Total user(5)
(2012: 3: 2: 0:48) - (Middleland) Total user(5)
(2012: 3: 2: 0:49) - (Middleland) Total user(5)
(2012: 3: 2: 0:50) - (Middleland) Total user(5)
(2012: 3: 2: 0:51) - (Middleland) Total user(5)
(2012: 3: 2: 0:52) - (Middleland) Total user(5)
(2012: 3: 2: 0:53) - (Middleland) Total user(5)
(2012: 3: 2: 0:54) - (Middleland) Total user(5)
(2012: 3: 2: 0:55) - (Middleland) Total user(5)
(2012: 3: 2: 0:56) - (Middleland) Total user(5)
(2012: 3: 2: 0:57) - (Middleland) Total user(5)
(2012: 3: 2: 0:58) - (Middleland) Total user(6)
(2012: 3: 2: 0:59) - (Middleland) Total user(6)
(2012: 3: 2: 1: 0) - (Middleland) Total user(6)
(2012: 3: 2: 1: 1) - (Middleland) Total user(6)
(2012: 3: 2: 1: 2) - (Middleland) Total user(6)
(2012: 3: 2: 1: 4) - (Middleland) Total user(6)
(2012: 3: 2: 1: 5) - (Middleland) Total user(6)
(2012: 3: 2: 1: 6) - (Middleland) Total user(6)
(2012: 3: 2: 1: 7) - (Middleland) Total user(6)
(2012: 3: 2: 1: 8) - (Middleland) Total user(6)
(2012: 3: 2: 1: 9) - (Middleland) Total user(6)
(2012: 3: 2: 1:10) - (Middleland) Total user(6)
(2012: 3: 2: 1:11) - (Middleland) Total user(6)
(2012: 3: 2: 1:12) - (Middleland) Total user(6)
(2012: 3: 2: 1:13) - (Middleland) Total user(6)
(2012: 3: 2: 1:14) - (Middleland) Total user(6)
(2012: 3: 2: 1:15) - (Middleland) Total user(6)
(2012: 3: 2: 1:16) - (Middleland) Total user(6)
(2012: 3: 2: 1:17) - (Middleland) Total user(6)
(2012: 3: 2: 1:18) - (Middleland) Total user(6)
(2012: 3: 2: 1:19) - (Middleland) Total user(6)
(2012: 3: 2: 1:20) - (Middleland) Total user(6)
(2012: 3: 2: 1:21) - (Middleland) Total user(6)
(2012: 3: 2: 1:22) - (Middleland) Total user(6)
(2012: 3: 2: 1:23) - (Middleland) Total user(6)
(2012: 3: 2: 1:24) - (Middleland) Total user(6)
(2012: 3: 2: 1:25) - (Middleland) Total user(6)
(2012: 3: 2: 1:26) - (Middleland) Total user(6)
(2012: 3: 2: 1:27) - (Middleland) Total user(6)
(2012: 3: 2: 1:28) - (Middleland) Total user(6)
(2012: 3: 2: 1:29) - (Middleland) Total user(6)
(2012: 3: 2: 1:30) - (Middleland) Total user(6)
(2012: 3: 2: 1:31) - (Middleland) Total user(6)
(2012: 3: 2: 1:32) - (Middleland) Total user(6)
(2012: 3: 2: 1:33) - (Middleland) Total user(6)
(2012: 3: 2: 1:34) - (Middleland) Total user(6)
(2012: 3: 2: 1:35) - (Middleland) Total user(6)
(2012: 3: 2: 1:36) - (Middleland) Total user(6)
(2012: 3: 2: 1:37) - (Middleland) Total user(6)
(2012: 3: 2: 1:38) - (Middleland) Total user(6)
(2012: 3: 2: 1:39) - (Middleland) Total user(6)
(2012: 3: 2: 1:40) - (Middleland) Total user(6)
(2012: 3: 2: 1:41) - (Middleland) Total user(6)
(2012: 3: 2: 1:42) - (Middleland) Total user(6)
(2012: 3: 2: 1:43) - (Middleland) Total user(6)
(2012: 3: 2: 1:44) - (Middleland) Total user(6)
(2012: 3: 2: 1:45) - (Middleland) Total user(6)
(2012: 3: 2: 1:46) - (Middleland) Total user(6)
(2012: 3: 2: 1:47) - (Middleland) Total user(6)
(2012: 3: 2: 1:48) - (Middleland) Total user(6)
(2012: 3: 2: 1:49) - (Middleland) Total user(6)
(2012: 3: 2: 1:50) - (Middleland) Total user(6)
(2012: 3: 2: 1:51) - (Middleland) Total user(6)
(2012: 3: 2: 1:52) - (Middleland) Total user(6)
(2012: 3: 2: 1:53) - (Middleland) Total user(6)
(2012: 3: 2: 1:54) - (Middleland) Total user(6)
(2012: 3: 2: 1:55) - (Middleland) Total user(6)
(2012: 3: 2: 1:56) - (Middleland) Total user(5)
(2012: 3: 2: 1:57) - (Middleland) Total user(5)
(2012: 3: 2: 1:58) - (Middleland) Total user(5)
(2012: 3: 2: 1:59) - (Middleland) Total user(5)
(2012: 3: 2: 2: 0) - (Middleland) Total user(5)
(2012: 3: 2: 2: 1) - (Middleland) Total user(5)
(2012: 3: 2: 2: 2) - (Middleland) Total user(5)
(2012: 3: 2: 2: 3) - (Middleland) Total user(5)
(2012: 3: 2: 2: 5) - (Middleland) Total user(5)
(2012: 3: 2: 2: 6) - (Middleland) Total user(5)
(2012: 3: 2: 2: 7) - (Middleland) Total user(5)
(2012: 3: 2: 2: 8) - (Middleland) Total user(5)
(2012: 3: 2: 2: 9) - (Middleland) Total user(5)
(2012: 3: 2: 2:10) - (Middleland) Total user(5)
(2012: 3: 2: 2:11) - (Middleland) Total user(5)
(2012: 3: 2: 2:12) - (Middleland) Total user(5)
(2012: 3: 2: 2:13) - (Middleland) Total user(5)
(2012: 3: 2: 2:14) - (Middleland) Total user(5)
(2012: 3: 2: 2:15) - (Middleland) Total user(5)
(2012: 3: 2: 2:16) - (Middleland) Total user(5)
(2012: 3: 2: 2:17) - (Middleland) Total user(5)
(2012: 3: 2: 2:18) - (Middleland) Total user(5)
(2012: 3: 2: 2:19) - (Middleland) Total user(5)
(2012: 3: 2: 2:20) - (Middleland) Total user(5)
(2012: 3: 2: 2:21) - (Middleland) Total user(5)
(2012: 3: 2: 2:22) - (Middleland) Total user(5)
(2012: 3: 2: 2:23) - (Middleland) Total user(5)
(2012: 3: 2: 2:24) - (Middleland) Total user(5)
(2012: 3: 2: 2:25) - (Middleland) Total user(5)
(2012: 3: 2: 2:26) - (Middleland) Total user(5)
(2012: 3: 2: 2:27) - (Middleland) Total user(6)
(2012: 3: 2: 2:28) - (Middleland) Total user(6)
(2012: 3: 2: 2:29) - (Middleland) Total user(6)
(2012: 3: 2: 2:30) - (Middleland) Total user(6)
(2012: 3: 2: 2:31) - (Middleland) Total user(6)
(2012: 3: 2: 2:32) - (Middleland) Total user(6)
(2012: 3: 2: 2:33) - (Middleland) Total user(6)
(2012: 3: 2: 2:34) - (Middleland) Total user(6)
(2012: 3: 2: 2:35) - (Middleland) Total user(6)
(2012: 3: 2: 2:36) - (Middleland) Total user(6)
(2012: 3: 2: 2:37) - (Middleland) Total user(6)
(2012: 3: 2: 2:38) - (Middleland) Total user(6)
(2012: 3: 2: 2:39) - (Middleland) Total user(6)
(2012: 3: 2: 2:40) - (Middleland) Total user(6)
(2012: 3: 2: 2:41) - (Middleland) Total user(6)
(2012: 3: 2: 2:42) - (Middleland) Total user(6)
(2012: 3: 2: 2:43) - (Middleland) Total user(6)
(2012: 3: 2: 2:44) - (Middleland) Total user(6)
(2012: 3: 2: 2:45) - (Middleland) Total user(6)
(2012: 3: 2: 2:46) - (Middleland) Total user(6)
(2012: 3: 2: 2:47) - (Middleland) Total user(7)
(2012: 3: 2: 2:48) - (Middleland) Total user(7)
(2012: 3: 2: 2:49) - (Middleland) Total user(7)
(2012: 3: 2: 2:50) - (Middleland) Total user(7)
(2012: 3: 2: 2:51) - (Middleland) Total user(7)
(2012: 3: 2: 2:52) - (Middleland) Total user(7)
(2012: 3: 2: 2:53) - (Middleland) Total user(7)
(2012: 3: 2: 2:54) - (Middleland) Total user(7)
(2012: 3: 2: 2:55) - (Middleland) Total user(7)
(2012: 3: 2: 2:56) - (Middleland) Total user(7)
(2012: 3: 2: 2:57) - (Middleland) Total user(7)
(2012: 3: 2: 2:58) - (Middleland) Total user(7)
(2012: 3: 2: 2:59) - (Middleland) Total user(7)
(2012: 3: 2: 3: 0) - (Middleland) Total user(7)
(2012: 3: 2: 3: 1) - (Middleland) Total user(7)
(2012: 3: 2: 3: 2) - (Middleland) Total user(7)
(2012: 3: 2: 3: 3) - (Middleland) Total user(6)
(2012: 3: 2: 3: 4) - (Middleland) Total user(6)
(2012: 3: 2: 3: 6) - (Middleland) Total user(6)
(2012: 3: 2: 3: 7) - (Middleland) Total user(6)
(2012: 3: 2: 3: 8) - (Middleland) Total user(6)
(2012: 3: 2: 3: 9) - (Middleland) Total user(6)
(2012: 3: 2: 3:10) - (Middleland) Total user(6)
(2012: 3: 2: 3:11) - (Middleland) Total user(6)
(2012: 3: 2: 3:12) - (Middleland) Total user(6)
(2012: 3: 2: 3:13) - (Middleland) Total user(6)
(2012: 3: 2: 3:14) - (Middleland) Total user(6)
(2012: 3: 2: 3:15) - (Middleland) Total user(6)
(2012: 3: 2: 3:16) - (Middleland) Total user(5)
(2012: 3: 2: 3:17) - (Middleland) Total user(5)
(2012: 3: 2: 3:18) - (Middleland) Total user(5)
(2012: 3: 2: 3:19) - (Middleland) Total user(5)
(2012: 3: 2: 3:20) - (Middleland) Total user(5)
(2012: 3: 2: 3:21) - (Middleland) Total user(5)
(2012: 3: 2: 3:22) - (Middleland) Total user(5)
(2012: 3: 2: 3:23) - (Middleland) Total user(5)
(2012: 3: 2: 3:24) - (Middleland) Total user(5)
(2012: 3: 2: 3:25) - (Middleland) Total user(5)
(2012: 3: 2: 3:26) - (Middleland) Total user(5)
(2012: 3: 2: 3:27) - (Middleland) Total user(5)
(2012: 3: 2: 3:28) - (Middleland) Total user(5)
(2012: 3: 2: 3:29) - (Middleland) Total user(5)
(2012: 3: 2: 3:30) - (Middleland) Total user(5)
(2012: 3: 2: 3:31) - (Middleland) Total user(5)
(2012: 3: 2: 3:32) - (Middleland) Total user(5)
(2012: 3: 2: 3:33) - (Middleland) Total user(5)
(2012: 3: 2: 3:34) - (Middleland) Total user(5)
(2012: 3: 2: 3:35) - (Middleland) Total user(5)
(2012: 3: 2: 3:36) - (Middleland) Total user(5)
(2012: 3: 2: 3:37) - (Middleland) Total user(5)
(2012: 3: 2: 3:38) - (Middleland) Total user(5)
(2012: 3: 2: 3:39) - (Middleland) Total user(5)
(2012: 3: 2: 3:40) - (Middleland) Total user(5)
(2012: 3: 2: 3:41) - (Middleland) Total user(5)
(2012: 3: 2: 3:42) - (Middleland) Total user(5)
(2012: 3: 2: 3:43) - (Middleland) Total user(6)
(2012: 3: 2: 3:44) - (Middleland) Total user(6)
(2012: 3: 2: 3:45) - (Middleland) Total user(6)
(2012: 3: 2: 3:46) - (Middleland) Total user(5)
(2012: 3: 2: 3:47) - (Middleland) Total user(5)
(2012: 3: 2: 3:48) - (Middleland) Total user(5)
(2012: 3: 2: 3:49) - (Middleland) Total user(5)
(2012: 3: 2: 3:50) - (Middleland) Total user(5)
(2012: 3: 2: 3:51) - (Middleland) Total user(5)
(2012: 3: 2: 3:52) - (Middleland) Total user(5)
(2012: 3: 2: 3:53) - (Middleland) Total user(5)
(2012: 3: 2: 3:54) - (Middleland) Total user(5)
(2012: 3: 2: 3:55) - (Middleland) Total user(5)
(2012: 3: 2: 3:56) - (Middleland) Total user(5)
(2012: 3: 2: 3:57) - (Middleland) Total user(5)
(2012: 3: 2: 3:58) - (Middleland) Total user(5)
(2012: 3: 2: 3:59) - (Middleland) Total user(5)
(2012: 3: 2: 4: 0) - (Middleland) Total user(5)
(2012: 3: 2: 4: 1) - (Middleland) Total user(5)
(2012: 3: 2: 4: 2) - (Middleland) Total user(5)
(2012: 3: 2: 4: 3) - (Middleland) Total user(5)
(2012: 3: 2: 4: 4) - (Middleland) Total user(5)
(2012: 3: 2: 4: 5) - (Middleland) Total user(5)
(2012: 3: 2: 4: 7) - (Middleland) Total user(5)
(2012: 3: 2: 4: 8) - (Middleland) Total user(5)
(2012: 3: 2: 4: 9) - (Middleland) Total user(5)
(2012: 3: 2: 4:10) - (Middleland) Total user(5)
(2012: 3: 2: 4:11) - (Middleland) Total user(5)
(2012: 3: 2: 4:12) - (Middleland) Total user(5)
(2012: 3: 2: 4:13) - (Middleland) Total user(5)
(2012: 3: 2: 4:14) - (Middleland) Total user(5)
(2012: 3: 2: 4:15) - (Middleland) Total user(5)
(2012: 3: 2: 4:16) - (Middleland) Total user(5)
(2012: 3: 2: 4:17) - (Middleland) Total user(5)
(2012: 3: 2: 4:18) - (Middleland) Total user(5)
(2012: 3: 2: 4:19) - (Middleland) Total user(5)
(2012: 3: 2: 4:20) - (Middleland) Total user(5)
(2012: 3: 2: 4:21) - (Middleland) Total user(5)
(2012: 3: 2: 4:22) - (Middleland) Total user(5)
(2012: 3: 2: 4:23) - (Middleland) Total user(5)
(2012: 3: 2: 4:24) - (Middleland) Total user(5)
(2012: 3: 2: 4:25) - (Middleland) Total user(5)
(2012: 3: 2: 4:26) - (Middleland) Total user(5)
(2012: 3: 2: 4:27) - (Middleland) Total user(5)
(2012: 3: 2: 4:28) - (Middleland) Total user(5)
(2012: 3: 2: 4:29) - (Middleland) Total user(5)
(2012: 3: 2: 4:30) - (Middleland) Total user(5)
(2012: 3: 2: 4:31) - (Middleland) Total user(5)
(2012: 3: 2: 4:32) - (Middleland) Total user(6)
(2012: 3: 2: 4:33) - (Middleland) Total user(6)
(2012: 3: 2: 4:34) - (Middleland) Total user(6)
(2012: 3: 2: 4:35) - (Middleland) Total user(6)
(2012: 3: 2: 4:36) - (Middleland) Total user(6)
(2012: 3: 2: 4:37) - (Middleland) Total user(6)
(2012: 3: 2: 4:38) - (Middleland) Total user(6)
(2012: 3: 2: 4:39) - (Middleland) Total user(6)
(2012: 3: 2: 4:40) - (Middleland) Total user(6)
(2012: 3: 2: 4:41) - (Middleland) Total user(5)
(2012: 3: 2: 4:42) - (Middleland) Total user(5)
(2012: 3: 2: 4:43) - (Middleland) Total user(5)
(2012: 3: 2: 4:44) - (Middleland) Total user(5)
(2012: 3: 2: 4:45) - (Middleland) Total user(5)
(2012: 3: 2: 4:46) - (Middleland) Total user(5)
(2012: 3: 2: 4:47) - (Middleland) Total user(5)
(2012: 3: 2: 4:48) - (Middleland) Total user(5)
(2012: 3: 2: 4:49) - (Middleland) Total user(5)
(2012: 3: 2: 4:50) - (Middleland) Total user(6)
(2012: 3: 2: 4:51) - (Middleland) Total user(5)
(2012: 3: 2: 4:52) - (Middleland) Total user(5)
(2012: 3: 2: 4:53) - (Middleland) Total user(5)
(2012: 3: 2: 4:54) - (Middleland) Total user(5)
(2012: 3: 2: 4:55) - (Middleland) Total user(5)
(2012: 3: 2: 4:56) - (Middleland) Total user(5)
(2012: 3: 2: 4:57) - (Middleland) Total user(5)
(2012: 3: 2: 4:58) - (Middleland) Total user(5)
(2012: 3: 2: 4:59) - (Middleland) Total user(5)
(2012: 3: 2: 5: 0) - (Middleland) Total user(5)
(2012: 3: 2: 5: 1) - (Middleland) Total user(5)
(2012: 3: 2: 5: 2) - (Middleland) Total user(5)
(2012: 3: 2: 5: 3) - (Middleland) Total user(5)
(2012: 3: 2: 5: 4) - (Middleland) Total user(5)
(2012: 3: 2: 5: 5) - (Middleland) Total user(5)
(2012: 3: 2: 5: 6) - (Middleland) Total user(5)
(2012: 3: 2: 5: 8) - (Middleland) Total user(5)
(2012: 3: 2: 5: 9) - (Middleland) Total user(5)
(2012: 3: 2: 5:10) - (Middleland) Total user(5)
(2012: 3: 2: 5:11) - (Middleland) Total user(5)
(2012: 3: 2: 5:12) - (Middleland) Total user(5)
(2012: 3: 2: 5:13) - (Middleland) Total user(5)
(2012: 3: 2: 5:14) - (Middleland) Total user(5)
(2012: 3: 2: 5:15) - (Middleland) Total user(5)
(2012: 3: 2: 5:16) - (Middleland) Total user(5)
(2012: 3: 2: 5:17) - (Middleland) Total user(5)
(2012: 3: 2: 5:18) - (Middleland) Total user(5)
(2012: 3: 2: 5:19) - (Middleland) Total user(5)
(2012: 3: 2: 5:20) - (Middleland) Total user(5)
(2012: 3: 2: 5:21) - (Middleland) Total user(5)
(2012: 3: 2: 5:22) - (Middleland) Total user(5)
(2012: 3: 2: 5:23) - (Middleland) Total user(5)
(2012: 3: 2: 5:24) - (Middleland) Total user(5)
(2012: 3: 2: 5:25) - (Middleland) Total user(5)
(2012: 3: 2: 5:26) - (Middleland) Total user(5)
(2012: 3: 2: 5:27) - (Middleland) Total user(5)
(2012: 3: 2: 5:28) - (Middleland) Total user(5)
(2012: 3: 2: 5:29) - (Middleland) Total user(5)
(2012: 3: 2: 5:30) - (Middleland) Total user(5)
(2012: 3: 2: 5:31) - (Middleland) Total user(5)
(2012: 3: 2: 5:32) - (Middleland) Total user(5)
(2012: 3: 2: 5:33) - (Middleland) Total user(5)
(2012: 3: 2: 5:34) - (Middleland) Total user(5)
(2012: 3: 2: 5:35) - (Middleland) Total user(5)
(2012: 3: 2: 5:36) - (Middleland) Total user(5)
(2012: 3: 2: 5:37) - (Middleland) Total user(5)
(2012: 3: 2: 5:38) - (Middleland) Total user(5)
(2012: 3: 2: 5:39) - (Middleland) Total user(5)
(2012: 3: 2: 5:40) - (Middleland) Total user(5)
(2012: 3: 2: 5:41) - (Middleland) Total user(5)
(2012: 3: 2: 5:42) - (Middleland) Total user(5)
(2012: 3: 2: 5:43) - (Middleland) Total user(5)
(2012: 3: 2: 5:44) - (Middleland) Total user(4)
(2012: 3: 2: 5:45) - (Middleland) Total user(4)
(2012: 3: 2: 5:46) - (Middleland) Total user(4)
(2012: 3: 2: 5:47) - (Middleland) Total user(4)
(2012: 3: 2: 5:48) - (Middleland) Total user(4)
(2012: 3: 2: 5:49) - (Middleland) Total user(4)
(2012: 3: 2: 5:50) - (Middleland) Total user(4)
(2012: 3: 2: 5:51) - (Middleland) Total user(4)
(2012: 3: 2: 5:52) - (Middleland) Total user(4)
(2012: 3: 2: 5:53) - (Middleland) Total user(4)
(2012: 3: 2: 5:54) - (Middleland) Total user(4)
(2012: 3: 2: 5:55) - (Middleland) Total user(4)
(2012: 3: 2: 5:56) - (Middleland) Total user(4)
(2012: 3: 2: 5:57) - (Middleland) Total user(4)
(2012: 3: 2: 5:58) - (Middleland) Total user(4)
(2012: 3: 2: 5:59) - (Middleland) Total user(4)
(2012: 3: 2: 6: 0) - (Middleland) Total user(4)
(2012: 3: 2: 6: 1) - (Middleland) Total user(4)
(2012: 3: 2: 6: 2) - (Middleland) Total user(4)
(2012: 3: 2: 6: 3) - (Middleland) Total user(4)
(2012: 3: 2: 6: 4) - (Middleland) Total user(3)
(2012: 3: 2: 6: 5) - (Middleland) Total user(3)
(2012: 3: 2: 6: 6) - (Middleland) Total user(3)
(2012: 3: 2: 6: 8) - (Middleland) Total user(3)
(2012: 3: 2: 6: 9) - (Middleland) Total user(3)
(2012: 3: 2: 6:10) - (Middleland) Total user(3)
(2012: 3: 2: 6:11) - (Middleland) Total user(3)
(2012: 3: 2: 6:12) - (Middleland) Total user(3)
(2012: 3: 2: 6:13) - (Middleland) Total user(3)
(2012: 3: 2: 6:14) - (Middleland) Total user(3)
(2012: 3: 2: 6:15) - (Middleland) Total user(3)
(2012: 3: 2: 6:16) - (Middleland) Total user(3)
(2012: 3: 2: 6:17) - (Middleland) Total user(3)
(2012: 3: 2: 6:18) - (Middleland) Total user(3)
(2012: 3: 2: 6:19) - (Middleland) Total user(3)
(2012: 3: 2: 6:20) - (Middleland) Total user(3)
(2012: 3: 2: 6:21) - (Middleland) Total user(3)
(2012: 3: 2: 6:22) - (Middleland) Total user(3)
(2012: 3: 2: 6:23) - (Middleland) Total user(3)
(2012: 3: 2: 6:24) - (Middleland) Total user(3)
(2012: 3: 2: 6:25) - (Middleland) Total user(3)
(2012: 3: 2: 6:26) - (Middleland) Total user(3)
(2012: 3: 2: 6:27) - (Middleland) Total user(3)
(2012: 3: 2: 6:28) - (Middleland) Total user(3)
(2012: 3: 2: 6:29) - (Middleland) Total user(3)
(2012: 3: 2: 6:30) - (Middleland) Total user(3)
(2012: 3: 2: 6:31) - (Middleland) Total user(3)
(2012: 3: 2: 6:32) - (Middleland) Total user(3)
(2012: 3: 2: 6:33) - (Middleland) Total user(3)
(2012: 3: 2: 6:34) - (Middleland) Total user(3)
(2012: 3: 2: 6:35) - (Middleland) Total user(3)
(2012: 3: 2: 6:36) - (Middleland) Total user(3)
(2012: 3: 2: 6:37) - (Middleland) Total user(3)
(2012: 3: 2: 6:38) - (Middleland) Total user(3)
(2012: 3: 2: 6:39) - (Middleland) Total user(3)
(2012: 3: 2: 6:40) - (Middleland) Total user(3)
(2012: 3: 2: 6:41) - (Middleland) Total user(3)
(2012: 3: 2: 6:42) - (Middleland) Total user(3)
(2012: 3: 2: 6:43) - (Middleland) Total user(3)
(2012: 3: 2: 6:44) - (Middleland) Total user(3)
(2012: 3: 2: 6:45) - (Middleland) Total user(3)
(2012: 3: 2: 6:46) - (Middleland) Total user(3)
(2012: 3: 2: 6:47) - (Middleland) Total user(3)
(2012: 3: 2: 6:48) - (Middleland) Total user(3)
(2012: 3: 2: 6:49) - (Middleland) Total user(3)
(2012: 3: 2: 6:50) - (Middleland) Total user(3)
(2012: 3: 2: 6:51) - (Middleland) Total user(3)
(2012: 3: 2: 6:52) - (Middleland) Total user(3)
(2012: 3: 2: 6:53) - (Middleland) Total user(3)
(2012: 3: 2: 6:54) - (Middleland) Total user(3)
(2012: 3: 2: 6:55) - (Middleland) Total user(3)
(2012: 3: 2: 6:56) - (Middleland) Total user(3)
(2012: 3: 2: 6:57) - (Middleland) Total user(3)
(2012: 3: 2: 6:58) - (Middleland) Total user(3)
(2012: 3: 2: 6:59) - (Middleland) Total user(3)
(2012: 3: 2: 7: 0) - (Middleland) Total user(3)
(2012: 3: 2: 7: 1) - (Middleland) Total user(4)
(2012: 3: 2: 7: 2) - (Middleland) Total user(3)
(2012: 3: 2: 7: 3) - (Middleland) Total user(4)
(2012: 3: 2: 7: 4) - (Middleland) Total user(3)
(2012: 3: 2: 7: 5) - (Middleland) Total user(3)
(2012: 3: 2: 7: 6) - (Middleland) Total user(3)
(2012: 3: 2: 7: 7) - (Middleland) Total user(3)
(2012: 3: 2: 7: 9) - (Middleland) Total user(4)
(2012: 3: 2: 7:10) - (Middleland) Total user(3)
(2012: 3: 2: 7:11) - (Middleland) Total user(3)
(2012: 3: 2: 7:12) - (Middleland) Total user(3)
(2012: 3: 2: 7:13) - (Middleland) Total user(3)
(2012: 3: 2: 7:14) - (Middleland) Total user(3)
(2012: 3: 2: 7:15) - (Middleland) Total user(3)
(2012: 3: 2: 7:16) - (Middleland) Total user(3)
(2012: 3: 2: 7:17) - (Middleland) Total user(3)
(2012: 3: 2: 7:18) - (Middleland) Total user(3)
(2012: 3: 2: 7:19) - (Middleland) Total user(3)
(2012: 3: 2: 7:20) - (Middleland) Total user(3)
(2012: 3: 2: 7:21) - (Middleland) Total user(3)
(2012: 3: 2: 7:22) - (Middleland) Total user(3)
(2012: 3: 2: 7:23) - (Middleland) Total user(3)
(2012: 3: 2: 7:24) - (Middleland) Total user(3)
(2012: 3: 2: 7:25) - (Middleland) Total user(3)
(2012: 3: 2: 7:26) - (Middleland) Total user(3)
(2012: 3: 2: 7:27) - (Middleland) Total user(3)
(2012: 3: 2: 7:28) - (Middleland) Total user(3)
(2012: 3: 2: 7:29) - (Middleland) Total user(3)
(2012: 3: 2: 7:30) - (Middleland) Total user(3)
(2012: 3: 2: 7:31) - (Middleland) Total user(3)
(2012: 3: 2: 7:32) - (Middleland) Total user(3)
(2012: 3: 2: 7:33) - (Middleland) Total user(3)
(2012: 3: 2: 7:34) - (Middleland) Total user(3)
(2012: 3: 2: 7:35) - (Middleland) Total user(3)
(2012: 3: 2: 7:36) - (Middleland) Total user(3)
(2012: 3: 2: 7:37) - (Middleland) Total user(3)
(2012: 3: 2: 7:38) - (Middleland) Total user(3)
(2012: 3: 2: 7:39) - (Middleland) Total user(3)
(2012: 3: 2: 7:40) - (Middleland) Total user(3)
(2012: 3: 2: 7:41) - (Middleland) Total user(3)
(2012: 3: 2: 7:42) - (Middleland) Total user(3)
(2012: 3: 2: 7:43) - (Middleland) Total user(3)
(2012: 3: 2: 7:44) - (Middleland) Total user(3)
(2012: 3: 2: 7:45) - (Middleland) Total user(3)
(2012: 3: 2: 7:46) - (Middleland) Total user(3)
(2012: 3: 2: 7:47) - (Middleland) Total user(3)
(2012: 3: 2: 7:48) - (Middleland) Total user(3)
(2012: 3: 2: 7:49) - (Middleland) Total user(3)
(2012: 3: 2: 7:50) - (Middleland) Total user(3)
(2012: 3: 2: 7:51) - (Middleland) Total user(3)
(2012: 3: 2: 7:52) - (Middleland) Total user(3)
(2012: 3: 2: 7:53) - (Middleland) Total user(3)
(2012: 3: 2: 7:54) - (Middleland) Total user(3)
(2012: 3: 2: 7:55) - (Middleland) Total user(3)
(2012: 3: 2: 7:56) - (Middleland) Total user(3)
(2012: 3: 2: 7:57) - (Middleland) Total user(3)
(2012: 3: 2: 7:58) - (Middleland) Total user(3)
(2012: 3: 2: 7:59) - (Middleland) Total user(3)
(2012: 3: 2: 8: 0) - (Middleland) Total user(3)
(2012: 3: 2: 8: 1) - (Middleland) Total user(3)
(2012: 3: 2: 8: 2) - (Middleland) Total user(3)
(2012: 3: 2: 8: 3) - (Middleland) Total user(3)
(2012: 3: 2: 8: 4) - (Middleland) Total user(3)
(2012: 3: 2: 8: 5) - (Middleland) Total user(3)
(2012: 3: 2: 8: 6) - (Middleland) Total user(3)
(2012: 3: 2: 8: 7) - (Middleland) Total user(3)
(2012: 3: 2: 8: 8) - (Middleland) Total user(3)
(2012: 3: 2: 8:10) - (Middleland) Total user(3)
(2012: 3: 2: 8:11) - (Middleland) Total user(3)
(2012: 3: 2: 8:12) - (Middleland) Total user(3)
(2012: 3: 2: 8:13) - (Middleland) Total user(3)
(2012: 3: 2: 8:14) - (Middleland) Total user(3)
(2012: 3: 2: 8:15) - (Middleland) Total user(3)
(2012: 3: 2: 8:16) - (Middleland) Total user(3)
(2012: 3: 2: 8:17) - (Middleland) Total user(3)
(2012: 3: 2: 8:18) - (Middleland) Total user(3)
(2012: 3: 2: 8:19) - (Middleland) Total user(3)
(2012: 3: 2: 8:20) - (Middleland) Total user(3)
(2012: 3: 2: 8:21) - (Middleland) Total user(3)
(2012: 3: 2: 8:22) - (Middleland) Total user(3)
(2012: 3: 2: 8:23) - (Middleland) Total user(3)
(2012: 3: 2: 8:24) - (Middleland) Total user(3)
(2012: 3: 2: 8:25) - (Middleland) Total user(3)
(2012: 3: 2: 8:26) - (Middleland) Total user(3)
(2012: 3: 2: 8:27) - (Middleland) Total user(3)
(2012: 3: 2: 8:28) - (Middleland) Total user(3)
(2012: 3: 2: 8:29) - (Middleland) Total user(3)
(2012: 3: 2: 8:30) - (Middleland) Total user(3)
(2012: 3: 2: 8:31) - (Middleland) Total user(3)
(2012: 3: 2: 8:32) - (Middleland) Total user(3)
(2012: 3: 2: 8:33) - (Middleland) Total user(3)
(2012: 3: 2: 8:34) - (Middleland) Total user(3)
(2012: 3: 2: 8:35) - (Middleland) Total user(3)
(2012: 3: 2: 8:36) - (Middleland) Total user(3)
(2012: 3: 2: 8:37) - (Middleland) Total user(3)
(2012: 3: 2: 8:38) - (Middleland) Total user(3)
(2012: 3: 2: 8:39) - (Middleland) Total user(3)
(2012: 3: 2: 8:40) - (Middleland) Total user(3)
(2012: 3: 2: 8:41) - (Middleland) Total user(3)
(2012: 3: 2: 8:42) - (Middleland) Total user(3)
(2012: 3: 2: 8:43) - (Middleland) Total user(3)
(2012: 3: 2: 8:44) - (Middleland) Total user(3)
(2012: 3: 2: 8:45) - (Middleland) Total user(3)
(2012: 3: 2: 8:46) - (Middleland) Total user(3)
(2012: 3: 2: 8:47) - (Middleland) Total user(3)
(2012: 3: 2: 8:48) - (Middleland) Total user(3)
(2012: 3: 2: 8:49) - (Middleland) Total user(3)
(2012: 3: 2: 8:50) - (Middleland) Total user(3)
(2012: 3: 2: 8:51) - (Middleland) Total user(3)
(2012: 3: 2: 8:52) - (Middleland) Total user(3)
(2012: 3: 2: 8:53) - (Middleland) Total user(3)
(2012: 3: 2: 8:54) - (Middleland) Total user(3)
(2012: 3: 2: 8:55) - (Middleland) Total user(3)
(2012: 3: 2: 8:56) - (Middleland) Total user(3)
(2012: 3: 2: 8:57) - (Middleland) Total user(3)
(2012: 3: 2: 8:58) - (Middleland) Total user(3)
(2012: 3: 2: 8:59) - (Middleland) Total user(3)
(2012: 3: 2: 9: 0) - (Middleland) Total user(3)
(2012: 3: 2: 9: 1) - (Middleland) Total user(3)
(2012: 3: 2: 9: 2) - (Middleland) Total user(3)
(2012: 3: 2: 9: 3) - (Middleland) Total user(3)
(2012: 3: 2: 9: 4) - (Middleland) Total user(3)
(2012: 3: 2: 9: 5) - (Middleland) Total user(3)
(2012: 3: 2: 9: 6) - (Middleland) Total user(3)
(2012: 3: 2: 9: 7) - (Middleland) Total user(3)
(2012: 3: 2: 9: 8) - (Middleland) Total user(3)
(2012: 3: 2: 9: 9) - (Middleland) Total user(3)
(2012: 3: 2: 9:11) - (Middleland) Total user(3)
(2012: 3: 2: 9:12) - (Middleland) Total user(3)
(2012: 3: 2: 9:13) - (Middleland) Total user(3)
(2012: 3: 2: 9:14) - (Middleland) Total user(3)
(2012: 3: 2: 9:15) - (Middleland) Total user(3)
(2012: 3: 2: 9:16) - (Middleland) Total user(3)
(2012: 3: 2: 9:17) - (Middleland) Total user(3)
(2012: 3: 2: 9:18) - (Middleland) Total user(3)
(2012: 3: 2: 9:19) - (Middleland) Total user(3)
(2012: 3: 2: 9:20) - (Middleland) Total user(3)
(2012: 3: 2: 9:21) - (Middleland) Total user(3)
(2012: 3: 2: 9:22) - (Middleland) Total user(3)
(2012: 3: 2: 9:23) - (Middleland) Total user(3)
(2012: 3: 2: 9:24) - (Middleland) Total user(3)
(2012: 3: 2: 9:25) - (Middleland) Total user(3)
(2012: 3: 2: 9:26) - (Middleland) Total user(3)
(2012: 3: 2: 9:27) - (Middleland) Total user(3)
(2012: 3: 2: 9:28) - (Middleland) Total user(3)
(2012: 3: 2: 9:29) - (Middleland) Total user(3)
(2012: 3: 2: 9:30) - (Middleland) Total user(3)
(2012: 3: 2: 9:31) - (Middleland) Total user(3)
(2012: 3: 2: 9:32) - (Middleland) Total user(3)
(2012: 3: 2: 9:33) - (Middleland) Total user(3)
(2012: 3: 2: 9:34) - (Middleland) Total user(3)
(2012: 3: 2: 9:35) - (Middleland) Total user(3)
(2012: 3: 2: 9:36) - (Middleland) Total user(3)
(2012: 3: 2: 9:37) - (Middleland) Total user(3)
(2012: 3: 2: 9:38) - (Middleland) Total user(3)
(2012: 3: 2: 9:39) - (Middleland) Total user(3)
(2012: 3: 2: 9:40) - (Middleland) Total user(3)
(2012: 3: 2: 9:41) - (Middleland) Total user(3)
(2012: 3: 2: 9:42) - (Middleland) Total user(3)
(2012: 3: 2: 9:43) - (Middleland) Total user(3)
(2012: 3: 2: 9:44) - (Middleland) Total user(3)
(2012: 3: 2: 9:45) - (Middleland) Total user(3)
(2012: 3: 2: 9:46) - (Middleland) Total user(3)
(2012: 3: 2: 9:47) - (Middleland) Total user(3)
(2012: 3: 2: 9:48) - (Middleland) Total user(3)
(2012: 3: 2: 9:49) - (Middleland) Total user(3)
(2012: 3: 2: 9:50) - (Middleland) Total user(3)
(2012: 3: 2: 9:51) - (Middleland) Total user(3)
(2012: 3: 2: 9:52) - (Middleland) Total user(3)
(2012: 3: 2: 9:53) - (Middleland) Total user(3)
(2012: 3: 2: 9:54) - (Middleland) Total user(3)
(2012: 3: 2: 9:55) - (Middleland) Total user(3)
(2012: 3: 2: 9:56) - (Middleland) Total user(3)
(2012: 3: 2: 9:57) - (Middleland) Total user(3)
(2012: 3: 2: 9:58) - (Middleland) Total user(3)
(2012: 3: 2: 9:59) - (Middleland) Total user(3)
(2012: 3: 2:10: 0) - (Middleland) Total user(3)
(2012: 3: 2:10: 1) - (Middleland) Total user(3)
(2012: 3: 2:10: 2) - (Middleland) Total user(3)
(2012: 3: 2:10: 3) - (Middleland) Total user(3)
(2012: 3: 2:10: 4) - (Middleland) Total user(3)
(2012: 3: 2:10: 5) - (Middleland) Total user(3)
(2012: 3: 2:10: 6) - (Middleland) Total user(3)
(2012: 3: 2:10: 7) - (Middleland) Total user(3)
(2012: 3: 2:10: 8) - (Middleland) Total user(3)
(2012: 3: 2:10: 9) - (Middleland) Total user(3)
(2012: 3: 2:10:10) - (Middleland) Total user(3)
(2012: 3: 2:10:12) - (Middleland) Total user(3)
(2012: 3: 2:10:13) - (Middleland) Total user(3)
(2012: 3: 2:10:14) - (Middleland) Total user(3)
(2012: 3: 2:10:15) - (Middleland) Total user(3)
(2012: 3: 2:10:16) - (Middleland) Total user(3)
(2012: 3: 2:10:17) - (Middleland) Total user(3)
(2012: 3: 2:10:18) - (Middleland) Total user(3)
(2012: 3: 2:10:19) - (Middleland) Total user(3)
(2012: 3: 2:10:20) - (Middleland) Total user(3)
(2012: 3: 2:10:21) - (Middleland) Total user(3)
(2012: 3: 2:10:22) - (Middleland) Total user(3)
(2012: 3: 2:10:23) - (Middleland) Total user(3)
(2012: 3: 2:10:24) - (Middleland) Total user(3)
(2012: 3: 2:10:25) - (Middleland) Total user(3)
(2012: 3: 2:10:26) - (Middleland) Total user(3)
(2012: 3: 2:10:27) - (Middleland) Total user(3)
(2012: 3: 2:10:28) - (Middleland) Total user(3)
(2012: 3: 2:10:29) - (Middleland) Total user(3)
(2012: 3: 2:10:30) - (Middleland) Total user(3)
(2012: 3: 2:10:31) - (Middleland) Total user(4)
(2012: 3: 2:10:32) - (Middleland) Total user(4)
(2012: 3: 2:10:33) - (Middleland) Total user(4)
(2012: 3: 2:10:34) - (Middleland) Total user(4)
(2012: 3: 2:10:35) - (Middleland) Total user(4)
(2012: 3: 2:10:36) - (Middleland) Total user(4)
(2012: 3: 2:10:37) - (Middleland) Total user(4)
(2012: 3: 2:10:38) - (Middleland) Total user(4)
(2012: 3: 2:10:39) - (Middleland) Total user(4)
(2012: 3: 2:10:40) - (Middleland) Total user(4)
(2012: 3: 2:10:41) - (Middleland) Total user(4)
(2012: 3: 2:10:42) - (Middleland) Total user(4)
(2012: 3: 2:10:43) - (Middleland) Total user(4)
(2012: 3: 2:10:44) - (Middleland) Total user(4)
(2012: 3: 2:10:45) - (Middleland) Total user(4)
(2012: 3: 2:10:46) - (Middleland) Total user(4)
(2012: 3: 2:10:47) - (Middleland) Total user(4)
(2012: 3: 2:10:48) - (Middleland) Total user(4)
(2012: 3: 2:10:49) - (Middleland) Total user(4)
(2012: 3: 2:10:50) - (Middleland) Total user(4)
(2012: 3: 2:10:51) - (Middleland) Total user(4)
(2012: 3: 2:10:52) - (Middleland) Total user(4)
(2012: 3: 2:10:53) - (Middleland) Total user(4)
(2012: 3: 2:10:54) - (Middleland) Total user(4)
(2012: 3: 2:10:55) - (Middleland) Total user(3)
(2012: 3: 2:10:56) - (Middleland) Total user(4)
(2012: 3: 2:10:57) - (Middleland) Total user(4)
(2012: 3: 2:10:58) - (Middleland) Total user(4)
(2012: 3: 2:10:59) - (Middleland) Total user(4)
(2012: 3: 2:11: 0) - (Middleland) Total user(4)
(2012: 3: 2:11: 1) - (Middleland) Total user(4)
(2012: 3: 2:11: 2) - (Middleland) Total user(4)
(2012: 3: 2:11: 3) - (Middleland) Total user(4)
(2012: 3: 2:11: 4) - (Middleland) Total user(4)
(2012: 3: 2:11: 5) - (Middleland) Total user(4)
(2012: 3: 2:11: 6) - (Middleland) Total user(4)
(2012: 3: 2:11: 7) - (Middleland) Total user(4)
(2012: 3: 2:11: 8) - (Middleland) Total user(4)
(2012: 3: 2:11: 9) - (Middleland) Total user(4)
(2012: 3: 2:11:10) - (Middleland) Total user(4)
(2012: 3: 2:11:12) - (Middleland) Total user(4)
(2012: 3: 2:11:13) - (Middleland) Total user(4)
(2012: 3: 2:11:14) - (Middleland) Total user(4)
(2012: 3: 2:11:15) - (Middleland) Total user(4)
(2012: 3: 2:11:16) - (Middleland) Total user(4)
(2012: 3: 2:11:17) - (Middleland) Total user(4)
(2012: 3: 2:11:18) - (Middleland) Total user(4)
(2012: 3: 2:11:19) - (Middleland) Total user(4)
(2012: 3: 2:11:20) - (Middleland) Total user(4)
(2012: 3: 2:11:21) - (Middleland) Total user(4)
(2012: 3: 2:11:22) - (Middleland) Total user(4)
(2012: 3: 2:11:23) - (Middleland) Total user(4)
(2012: 3: 2:11:24) - (Middleland) Total user(4)
(2012: 3: 2:11:25) - (Middleland) Total user(4)
(2012: 3: 2:11:26) - (Middleland) Total user(4)
(2012: 3: 2:11:27) - (Middleland) Total user(4)
(2012: 3: 2:11:28) - (Middleland) Total user(4)
(2012: 3: 2:11:29) - (Middleland) Total user(4)
(2012: 3: 2:11:30) - (Middleland) Total user(4)
(2012: 3: 2:11:31) - (Middleland) Total user(4)
(2012: 3: 2:11:32) - (Middleland) Total user(4)
(2012: 3: 2:11:33) - (Middleland) Total user(4)
(2012: 3: 2:11:34) - (Middleland) Total user(4)
(2012: 3: 2:11:35) - (Middleland) Total user(4)
(2012: 3: 2:11:36) - (Middleland) Total user(3)
(2012: 3: 2:11:37) - (Middleland) Total user(4)
(2012: 3: 2:11:38) - (Middleland) Total user(4)
(2012: 3: 2:11:39) - (Middleland) Total user(4)
(2012: 3: 2:11:40) - (Middleland) Total user(4)
(2012: 3: 2:11:41) - (Middleland) Total user(4)
(2012: 3: 2:11:42) - (Middleland) Total user(4)
(2012: 3: 2:11:43) - (Middleland) Total user(4)
(2012: 3: 2:11:44) - (Middleland) Total user(4)
(2012: 3: 2:11:45) - (Middleland) Total user(4)
(2012: 3: 2:11:46) - (Middleland) Total user(4)
(2012: 3: 2:11:47) - (Middleland) Total user(4)
(2012: 3: 2:11:48) - (Middleland) Total user(4)
(2012: 3: 2:11:49) - (Middleland) Total user(4)
(2012: 3: 2:11:50) - (Middleland) Total user(4)
(2012: 3: 2:11:51) - (Middleland) Total user(4)
(2012: 3: 2:11:52) - (Middleland) Total user(4)
(2012: 3: 2:11:53) - (Middleland) Total user(4)
(2012: 3: 2:11:54) - (Middleland) Total user(4)
(2012: 3: 2:11:55) - (Middleland) Total user(4)
(2012: 3: 2:11:56) - (Middleland) Total user(4)
(2012: 3: 2:11:57) - (Middleland) Total user(4)
(2012: 3: 2:11:58) - (Middleland) Total user(4)
(2012: 3: 2:11:59) - (Middleland) Total user(4)
(2012: 3: 2:12: 0) - (Middleland) Total user(4)
(2012: 3: 2:12: 1) - (Middleland) Total user(4)
(2012: 3: 2:12: 2) - (Middleland) Total user(4)
(2012: 3: 2:12: 3) - (Middleland) Total user(4)
(2012: 3: 2:12: 4) - (Middleland) Total user(4)
(2012: 3: 2:12: 5) - (Middleland) Total user(4)
(2012: 3: 2:12: 6) - (Middleland) Total user(4)
(2012: 3: 2:12: 7) - (Middleland) Total user(4)
(2012: 3: 2:12: 8) - (Middleland) Total user(4)
(2012: 3: 2:12: 9) - (Middleland) Total user(4)
(2012: 3: 2:12:10) - (Middleland) Total user(4)
(2012: 3: 2:12:11) - (Middleland) Total user(4)
(2012: 3: 2:12:13) - (Middleland) Total user(4)
(2012: 3: 2:12:14) - (Middleland) Total user(4)
(2012: 3: 2:12:15) - (Middleland) Total user(4)
(2012: 3: 2:12:16) - (Middleland) Total user(4)
(2012: 3: 2:12:17) - (Middleland) Total user(4)
(2012: 3: 2:12:18) - (Middleland) Total user(4)
(2012: 3: 2:12:19) - (Middleland) Total user(4)
(2012: 3: 2:12:20) - (Middleland) Total user(4)
(2012: 3: 2:12:22) - (Middleland) Total user(1)
(2012: 3: 2:12:23) - (Middleland) Total user(1)
(2012: 3: 2:12:24) - (Middleland) Total user(1)
(2012: 3: 2:12:25) - (Middleland) Total user(1)
(2012: 3: 2:12:26) - (Middleland) Total user(1)
(2012: 3: 2:12:27) - (Middleland) Total user(1)
(2012: 3: 2:12:28) - (Middleland) Total user(1)
(2012: 3: 2:12:29) - (Middleland) Total user(1)
(2012: 3: 2:12:30) - (Middleland) Total user(1)
(2012: 3: 2:12:31) - (Middleland) Total user(1)
(2012: 3: 2:12:32) - (Middleland) Total user(1)
(2012: 3: 2:12:33) - (Middleland) Total user(1)
(2012: 3: 2:12:34) - (Middleland) Total user(1)
(2012: 3: 2:12:35) - (Middleland) Total user(1)
(2012: 3: 2:12:36) - (Middleland) Total user(1)
(2012: 3: 2:12:37) - (Middleland) Total user(1)
(2012: 3: 2:12:38) - (Middleland) Total user(1)
(2012: 3: 2:12:39) - (Middleland) Total user(1)
(2012: 3: 2:12:40) - (Middleland) Total user(1)
(2012: 3: 2:12:41) - (Middleland) Total user(1)
(2012: 3: 2:12:43) - (Middleland) Total user(1)
(2012: 3: 2:12:44) - (Middleland) Total user(1)
(2012: 3: 2:12:45) - (Middleland) Total user(1)
(2012: 3: 2:12:46) - (Middleland) Total user(1)
(2012: 3: 2:12:47) - (Middleland) Total user(1)
(2012: 3: 2:12:48) - (Middleland) Total user(1)
(2012: 3: 2:12:49) - (Middleland) Total user(1)
(2012: 3: 2:12:50) - (Middleland) Total user(1)
(2012: 3: 2:12:51) - (Middleland) Total user(1)
(2012: 3: 2:12:52) - (Middleland) Total user(1)
(2012: 3: 2:12:53) - (Middleland) Total user(1)
(2012: 3: 2:12:54) - (Middleland) Total user(1)
(2012: 3: 2:12:56) - (Middleland) Total user(1)
(2012: 3: 2:12:57) - (Middleland) Total user(2)
(2012: 3: 2:12:58) - (Middleland) Total user(2)
(2012: 3: 2:12:59) - (Middleland) Total user(2)
(2012: 3: 2:13: 0) - (Middleland) Total user(2)
(2012: 3: 2:13: 1) - (Middleland) Total user(2)
(2012: 3: 2:13: 2) - (Middleland) Total user(2)
(2012: 3: 2:13: 3) - (Middleland) Total user(2)
(2012: 3: 2:13: 4) - (Middleland) Total user(2)
(2012: 3: 2:13: 5) - (Middleland) Total user(2)
(2012: 3: 2:13: 6) - (Middleland) Total user(2)
(2012: 3: 2:13: 7) - (Middleland) Total user(2)
(2012: 3: 2:13: 8) - (Middleland) Total user(2)
(2012: 3: 2:13: 9) - (Middleland) Total user(2)
(2012: 3: 2:13:10) - (Middleland) Total user(2)
(2012: 3: 2:13:11) - (Middleland) Total user(2)
(2012: 3: 2:13:12) - (Middleland) Total user(2)
(2012: 3: 2:13:13) - (Middleland) Total user(2)
(2012: 3: 2:13:14) - (Middleland) Total user(2)
(2012: 3: 2:13:15) - (Middleland) Total user(2)
(2012: 3: 2:13:16) - (Middleland) Total user(2)
(2012: 3: 2:13:17) - (Middleland) Total user(2)
(2012: 3: 2:13:18) - (Middleland) Total user(2)
(2012: 3: 2:13:19) - (Middleland) Total user(2)
(2012: 3: 2:13:20) - (Middleland) Total user(2)
(2012: 3: 2:13:21) - (Middleland) Total user(2)
(2012: 3: 2:13:22) - (Middleland) Total user(2)
(2012: 3: 2:13:23) - (Middleland) Total user(2)
(2012: 3: 2:13:24) - (Middleland) Total user(2)
(2012: 3: 2:13:25) - (Middleland) Total user(2)
(2012: 3: 2:13:26) - (Middleland) Total user(2)
(2012: 3: 2:13:27) - (Middleland) Total user(2)
(2012: 3: 2:13:28) - (Middleland) Total user(2)
(2012: 3: 2:13:29) - (Middleland) Total user(2)
(2012: 3: 2:13:30) - (Middleland) Total user(2)
(2012: 3: 2:13:31) - (Middleland) Total user(2)
(2012: 3: 2:13:32) - (Middleland) Total user(2)
(2012: 3: 2:13:33) - (Middleland) Total user(2)
(2012: 3: 2:13:34) - (Middleland) Total user(2)
(2012: 3: 2:13:35) - (Middleland) Total user(2)
(2012: 3: 2:13:36) - (Middleland) Total user(2)
(2012: 3: 2:13:38) - (Middleland) Total user(2)
(2012: 3: 2:13:39) - (Middleland) Total user(2)
(2012: 3: 2:13:40) - (Middleland) Total user(2)
(2012: 3: 2:13:41) - (Middleland) Total user(2)
(2012: 3: 2:13:42) - (Middleland) Total user(2)
(2012: 3: 2:13:43) - (Middleland) Total user(2)
(2012: 3: 2:13:44) - (Middleland) Total user(2)
(2012: 3: 2:13:45) - (Middleland) Total user(2)
(2012: 3: 2:13:46) - (Middleland) Total user(2)
(2012: 3: 2:13:47) - (Middleland) Total user(2)
(2012: 3: 2:13:48) - (Middleland) Total user(2)
(2012: 3: 2:13:49) - (Middleland) Total user(2)
(2012: 3: 2:13:50) - (Middleland) Total user(2)
(2012: 3: 2:13:51) - (Middleland) Total user(2)
(2012: 3: 2:13:52) - (Middleland) Total user(2)
(2012: 3: 2:13:53) - (Middleland) Total user(2)
(2012: 3: 2:13:54) - (Middleland) Total user(2)
(2012: 3: 2:13:55) - (Middleland) Total user(2)
(2012: 3: 2:13:56) - (Middleland) Total user(2)
(2012: 3: 2:13:57) - (Middleland) Total user(2)
(2012: 3: 2:13:58) - (Middleland) Total user(2)
(2012: 3: 2:13:59) - (Middleland) Total user(2)
(2012: 3: 2:14: 0) - (Middleland) Total user(2)
(2012: 3: 2:14: 1) - (Middleland) Total user(2)
(2012: 3: 2:14: 2) - (Middleland) Total user(1)
(2012: 3: 2:14: 3) - (Middleland) Total user(2)
(2012: 3: 2:14: 4) - (Middleland) Total user(1)
(2012: 3: 2:14: 5) - (Middleland) Total user(2)
(2012: 3: 2:14: 6) - (Middleland) Total user(2)
(2012: 3: 2:14: 7) - (Middleland) Total user(2)
(2012: 3: 2:14: 8) - (Middleland) Total user(2)
(2012: 3: 2:14: 9) - (Middleland) Total user(2)
(2012: 3: 2:14:10) - (Middleland) Total user(2)
(2012: 3: 2:14:11) - (Middleland) Total user(2)
(2012: 3: 2:14:12) - (Middleland) Total user(2)
(2012: 3: 2:14:13) - (Middleland) Total user(2)
(2012: 3: 2:14:14) - (Middleland) Total user(2)
(2012: 3: 2:14:15) - (Middleland) Total user(2)
(2012: 3: 2:14:16) - (Middleland) Total user(2)
(2012: 3: 2:14:17) - (Middleland) Total user(1)
(2012: 3: 2:14:18) - (Middleland) Total user(1)
(2012: 3: 2:14:19) - (Middleland) Total user(1)
(2012: 3: 2:14:20) - (Middleland) Total user(1)
(2012: 3: 2:14:21) - (Middleland) Total user(1)
(2012: 3: 2:14:22) - (Middleland) Total user(1)
(2012: 3: 2:14:23) - (Middleland) Total user(1)
(2012: 3: 2:14:24) - (Middleland) Total user(1)
(2012: 3: 2:14:25) - (Middleland) Total user(1)
(2012: 3: 2:14:26) - (Middleland) Total user(1)
(2012: 3: 2:14:27) - (Middleland) Total user(1)
(2012: 3: 2:14:28) - (Middleland) Total user(1)
(2012: 3: 2:14:29) - (Middleland) Total user(1)
(2012: 3: 2:14:30) - (Middleland) Total user(1)
(2012: 3: 2:14:31) - (Middleland) Total user(1)
(2012: 3: 2:14:32) - (Middleland) Total user(1)
(2012: 3: 2:14:33) - (Middleland) Total user(1)
(2012: 3: 2:14:34) - (Middleland) Total user(1)
(2012: 3: 2:14:35) - (Middleland) Total user(1)
(2012: 3: 2:14:36) - (Middleland) Total user(1)
(2012: 3: 2:14:37) - (Middleland) Total user(1)
(2012: 3: 2:14:39) - (Middleland) Total user(1)
(2012: 3: 2:14:40) - (Middleland) Total user(1)
(2012: 3: 2:14:41) - (Middleland) Total user(1)
(2012: 3: 2:14:42) - (Middleland) Total user(1)
(2012: 3: 2:14:43) - (Middleland) Total user(1)
(2012: 3: 2:14:44) - (Middleland) Total user(1)
(2012: 3: 2:14:45) - (Middleland) Total user(1)
(2012: 3: 2:14:46) - (Middleland) Total user(1)
(2012: 3: 2:14:47) - (Middleland) Total user(1)
(2012: 3: 2:14:48) - (Middleland) Total user(1)
(2012: 3: 2:14:49) - (Middleland) Total user(1)
(2012: 3: 2:14:50) - (Middleland) Total user(1)
(2012: 3: 2:14:51) - (Middleland) Total user(1)
(2012: 3: 2:14:52) - (Middleland) Total user(1)
(2012: 3: 2:14:53) - (Middleland) Total user(1)
(2012: 3: 2:14:54) - (Middleland) Total user(1)
(2012: 3: 2:14:55) - (Middleland) Total user(1)
(2012: 3: 2:14:56) - (Middleland) Total user(2)
(2012: 3: 2:14:57) - (Middleland) Total user(2)
(2012: 3: 2:14:58) - (Middleland) Total user(2)
(2012: 3: 2:14:59) - (Middleland) Total user(2)
(2012: 3: 2:15: 0) - (Middleland) Total user(2)
(2012: 3: 2:15: 1) - (Middleland) Total user(2)
(2012: 3: 2:15: 2) - (Middleland) Total user(2)
(2012: 3: 2:15: 3) - (Middleland) Total user(2)
(2012: 3: 2:15: 4) - (Middleland) Total user(2)
(2012: 3: 2:15: 5) - (Middleland) Total user(2)
(2012: 3: 2:15: 6) - (Middleland) Total user(2)
(2012: 3: 2:15: 7) - (Middleland) Total user(2)
(2012: 3: 2:15: 8) - (Middleland) Total user(2)
(2012: 3: 2:15: 9) - (Middleland) Total user(2)
(2012: 3: 2:15:10) - (Middleland) Total user(2)
(2012: 3: 2:15:11) - (Middleland) Total user(2)
(2012: 3: 2:15:12) - (Middleland) Total user(2)
(2012: 3: 2:15:13) - (Middleland) Total user(2)
(2012: 3: 2:15:14) - (Middleland) Total user(2)
(2012: 3: 2:15:15) - (Middleland) Total user(2)
(2012: 3: 2:15:16) - (Middleland) Total user(2)
(2012: 3: 2:15:17) - (Middleland) Total user(2)
(2012: 3: 2:15:18) - (Middleland) Total user(2)
(2012: 3: 2:15:19) - (Middleland) Total user(2)
(2012: 3: 2:15:20) - (Middleland) Total user(2)
(2012: 3: 2:15:21) - (Middleland) Total user(2)
(2012: 3: 2:15:22) - (Middleland) Total user(2)
(2012: 3: 2:15:23) - (Middleland) Total user(2)
(2012: 3: 2:15:24) - (Middleland) Total user(2)
(2012: 3: 2:15:25) - (Middleland) Total user(2)
(2012: 3: 2:15:26) - (Middleland) Total user(2)
(2012: 3: 2:15:27) - (Middleland) Total user(2)
(2012: 3: 2:15:28) - (Middleland) Total user(2)
(2012: 3: 2:15:29) - (Middleland) Total user(2)
(2012: 3: 2:15:30) - (Middleland) Total user(2)
(2012: 3: 2:15:31) - (Middleland) Total user(2)
(2012: 3: 2:15:32) - (Middleland) Total user(2)
(2012: 3: 2:15:33) - (Middleland) Total user(2)
(2012: 3: 2:15:34) - (Middleland) Total user(2)
(2012: 3: 2:15:35) - (Middleland) Total user(2)
(2012: 3: 2:15:36) - (Middleland) Total user(2)
(2012: 3: 2:15:37) - (Middleland) Total user(2)
(2012: 3: 2:15:38) - (Middleland) Total user(2)
(2012: 3: 2:15:40) - (Middleland) Total user(1)
(2012: 3: 2:15:41) - (Middleland) Total user(2)
(2012: 3: 2:15:42) - (Middleland) Total user(2)
(2012: 3: 2:15:43) - (Middleland) Total user(2)
(2012: 3: 2:15:44) - (Middleland) Total user(2)
(2012: 3: 2:15:45) - (Middleland) Total user(1)
(2012: 3: 2:15:46) - (Middleland) Total user(2)
(2012: 3: 2:15:47) - (Middleland) Total user(2)
(2012: 3: 2:15:48) - (Middleland) Total user(2)
(2012: 3: 2:15:49) - (Middleland) Total user(2)
(2012: 3: 2:15:50) - (Middleland) Total user(2)
(2012: 3: 2:15:51) - (Middleland) Total user(2)
(2012: 3: 2:15:52) - (Middleland) Total user(2)
(2012: 3: 2:15:53) - (Middleland) Total user(2)
(2012: 3: 2:15:54) - (Middleland) Total user(2)
(2012: 3: 2:15:55) - (Middleland) Total user(2)
(2012: 3: 2:15:56) - (Middleland) Total user(2)
(2012: 3: 2:15:57) - (Middleland) Total user(2)
(2012: 3: 2:15:58) - (Middleland) Total user(2)
(2012: 3: 2:15:59) - (Middleland) Total user(2)
(2012: 3: 2:16: 0) - (Middleland) Total user(2)
(2012: 3: 2:16: 1) - (Middleland) Total user(2)
(2012: 3: 2:16: 2) - (Middleland) Total user(2)
(2012: 3: 2:16: 3) - (Middleland) Total user(2)
(2012: 3: 2:16: 4) - (Middleland) Total user(2)
(2012: 3: 2:16: 5) - (Middleland) Total user(2)
(2012: 3: 2:16: 6) - (Middleland) Total user(2)
(2012: 3: 2:16: 7) - (Middleland) Total user(2)
(2012: 3: 2:16: 8) - (Middleland) Total user(2)
(2012: 3: 2:16: 9) - (Middleland) Total user(3)
(2012: 3: 2:16:10) - (Middleland) Total user(3)
(2012: 3: 2:16:11) - (Middleland) Total user(3)
(2012: 3: 2:16:12) - (Middleland) Total user(3)
(2012: 3: 2:16:13) - (Middleland) Total user(3)
(2012: 3: 2:16:14) - (Middleland) Total user(3)
(2012: 3: 2:16:15) - (Middleland) Total user(3)
(2012: 3: 2:16:16) - (Middleland) Total user(3)
(2012: 3: 2:16:17) - (Middleland) Total user(3)
(2012: 3: 2:16:18) - (Middleland) Total user(3)
(2012: 3: 2:16:19) - (Middleland) Total user(3)
(2012: 3: 2:16:20) - (Middleland) Total user(3)
(2012: 3: 2:16:21) - (Middleland) Total user(3)
(2012: 3: 2:16:22) - (Middleland) Total user(2)
(2012: 3: 2:16:23) - (Middleland) Total user(2)
(2012: 3: 2:16:24) - (Middleland) Total user(2)
(2012: 3: 2:16:25) - (Middleland) Total user(2)
(2012: 3: 2:16:26) - (Middleland) Total user(2)
(2012: 3: 2:16:27) - (Middleland) Total user(2)
(2012: 3: 2:16:28) - (Middleland) Total user(2)
(2012: 3: 2:16:29) - (Middleland) Total user(2)
(2012: 3: 2:16:30) - (Middleland) Total user(3)
(2012: 3: 2:16:31) - (Middleland) Total user(2)
(2012: 3: 2:16:32) - (Middleland) Total user(2)
(2012: 3: 2:16:33) - (Middleland) Total user(2)
(2012: 3: 2:16:34) - (Middleland) Total user(3)
(2012: 3: 2:16:35) - (Middleland) Total user(3)
(2012: 3: 2:16:36) - (Middleland) Total user(3)
(2012: 3: 2:16:37) - (Middleland) Total user(2)
(2012: 3: 2:16:38) - (Middleland) Total user(2)
(2012: 3: 2:16:39) - (Middleland) Total user(2)
(2012: 3: 2:16:41) - (Middleland) Total user(2)
(2012: 3: 2:16:42) - (Middleland) Total user(2)
(2012: 3: 2:16:43) - (Middleland) Total user(3)
(2012: 3: 2:16:44) - (Middleland) Total user(3)
(2012: 3: 2:16:45) - (Middleland) Total user(3)
(2012: 3: 2:16:46) - (Middleland) Total user(3)
(2012: 3: 2:16:47) - (Middleland) Total user(3)
(2012: 3: 2:16:48) - (Middleland) Total user(3)
(2012: 3: 2:16:49) - (Middleland) Total user(3)
(2012: 3: 2:16:50) - (Middleland) Total user(3)
(2012: 3: 2:16:51) - (Middleland) Total user(2)
(2012: 3: 2:16:52) - (Middleland) Total user(2)
(2012: 3: 2:16:53) - (Middleland) Total user(2)
(2012: 3: 2:16:54) - (Middleland) Total user(2)
(2012: 3: 2:16:55) - (Middleland) Total user(2)
(2012: 3: 2:16:56) - (Middleland) Total user(2)
(2012: 3: 2:16:57) - (Middleland) Total user(2)
(2012: 3: 2:16:58) - (Middleland) Total user(1)
(2012: 3: 2:16:59) - (Middleland) Total user(2)
(2012: 3: 2:17: 0) - (Middleland) Total user(2)
(2012: 3: 2:17: 1) - (Middleland) Total user(2)
(2012: 3: 2:17: 2) - (Middleland) Total user(2)
(2012: 3: 2:17: 3) - (Middleland) Total user(2)
(2012: 3: 2:17: 4) - (Middleland) Total user(2)
(2012: 3: 2:17: 5) - (Middleland) Total user(2)
(2012: 3: 2:17: 6) - (Middleland) Total user(2)
(2012: 3: 2:17: 7) - (Middleland) Total user(2)
(2012: 3: 2:17: 8) - (Middleland) Total user(2)
(2012: 3: 2:17: 9) - (Middleland) Total user(2)
(2012: 3: 2:17:10) - (Middleland) Total user(2)
(2012: 3: 2:17:11) - (Middleland) Total user(2)
(2012: 3: 2:17:12) - (Middleland) Total user(2)
(2012: 3: 2:17:13) - (Middleland) Total user(2)
(2012: 3: 2:17:14) - (Middleland) Total user(2)
(2012: 3: 2:17:15) - (Middleland) Total user(2)
(2012: 3: 2:17:16) - (Middleland) Total user(2)
(2012: 3: 2:17:17) - (Middleland) Total user(2)
(2012: 3: 2:17:18) - (Middleland) Total user(2)
(2012: 3: 2:17:19) - (Middleland) Total user(2)
(2012: 3: 2:17:20) - (Middleland) Total user(2)
(2012: 3: 2:17:21) - (Middleland) Total user(2)
(2012: 3: 2:17:22) - (Middleland) Total user(2)
(2012: 3: 2:17:23) - (Middleland) Total user(2)
(2012: 3: 2:17:24) - (Middleland) Total user(2)
(2012: 3: 2:17:25) - (Middleland) Total user(2)
(2012: 3: 2:17:26) - (Middleland) Total user(2)
(2012: 3: 2:17:27) - (Middleland) Total user(2)
(2012: 3: 2:17:28) - (Middleland) Total user(2)
(2012: 3: 2:17:29) - (Middleland) Total user(2)
(2012: 3: 2:17:30) - (Middleland) Total user(2)
(2012: 3: 2:17:31) - (Middleland) Total user(2)
(2012: 3: 2:17:32) - (Middleland) Total user(1)
(2012: 3: 2:17:33) - (Middleland) Total user(2)
(2012: 3: 2:17:34) - (Middleland) Total user(2)
(2012: 3: 2:17:35) - (Middleland) Total user(2)
(2012: 3: 2:17:36) - (Middleland) Total user(2)
(2012: 3: 2:17:37) - (Middleland) Total user(1)
(2012: 3: 2:17:38) - (Middleland) Total user(1)
(2012: 3: 2:17:39) - (Middleland) Total user(1)
(2012: 3: 2:17:40) - (Middleland) Total user(1)
(2012: 3: 2:17:42) - (Middleland) Total user(1)
(2012: 3: 2:17:43) - (Middleland) Total user(1)
(2012: 3: 2:17:44) - (Middleland) Total user(1)
(2012: 3: 2:17:45) - (Middleland) Total user(1)
(2012: 3: 2:17:46) - (Middleland) Total user(2)
(2012: 3: 2:17:47) - (Middleland) Total user(2)
(2012: 3: 2:17:48) - (Middleland) Total user(2)
(2012: 3: 2:17:49) - (Middleland) Total user(2)
(2012: 3: 2:17:50) - (Middleland) Total user(3)
(2012: 3: 2:17:51) - (Middleland) Total user(3)
(2012: 3: 2:17:52) - (Middleland) Total user(3)
(2012: 3: 2:17:53) - (Middleland) Total user(3)
(2012: 3: 2:17:54) - (Middleland) Total user(3)
(2012: 3: 2:17:55) - (Middleland) Total user(2)
(2012: 3: 2:17:56) - (Middleland) Total user(3)
(2012: 3: 2:17:57) - (Middleland) Total user(3)
(2012: 3: 2:17:58) - (Middleland) Total user(3)
(2012: 3: 2:17:59) - (Middleland) Total user(3)
(2012: 3: 2:18: 0) - (Middleland) Total user(3)
(2012: 3: 2:18: 1) - (Middleland) Total user(2)
(2012: 3: 2:18: 2) - (Middleland) Total user(2)
(2012: 3: 2:18: 3) - (Middleland) Total user(2)
(2012: 3: 2:18: 4) - (Middleland) Total user(2)
(2012: 3: 2:18: 5) - (Middleland) Total user(3)
(2012: 3: 2:18: 6) - (Middleland) Total user(3)
(2012: 3: 2:18: 7) - (Middleland) Total user(3)
(2012: 3: 2:18: 8) - (Middleland) Total user(3)
(2012: 3: 2:18: 9) - (Middleland) Total user(3)
(2012: 3: 2:18:10) - (Middleland) Total user(3)
(2012: 3: 2:18:11) - (Middleland) Total user(3)
(2012: 3: 2:18:12) - (Middleland) Total user(2)
(2012: 3: 2:18:13) - (Middleland) Total user(3)
(2012: 3: 2:18:14) - (Middleland) Total user(3)
(2012: 3: 2:18:15) - (Middleland) Total user(2)
(2012: 3: 2:18:16) - (Middleland) Total user(2)
(2012: 3: 2:18:17) - (Middleland) Total user(2)
(2012: 3: 2:18:18) - (Middleland) Total user(2)
(2012: 3: 2:18:19) - (Middleland) Total user(2)
(2012: 3: 2:18:20) - (Middleland) Total user(3)
(2012: 3: 2:18:21) - (Middleland) Total user(3)
(2012: 3: 2:18:22) - (Middleland) Total user(3)
(2012: 3: 2:18:23) - (Middleland) Total user(3)
(2012: 3: 2:18:24) - (Middleland) Total user(3)
(2012: 3: 2:18:25) - (Middleland) Total user(3)
(2012: 3: 2:18:26) - (Middleland) Total user(3)
(2012: 3: 2:18:27) - (Middleland) Total user(3)
(2012: 3: 2:18:28) - (Middleland) Total user(3)
(2012: 3: 2:18:29) - (Middleland) Total user(3)
(2012: 3: 2:18:30) - (Middleland) Total user(3)
(2012: 3: 2:18:31) - (Middleland) Total user(3)
(2012: 3: 2:18:32) - (Middleland) Total user(3)
(2012: 3: 2:18:33) - (Middleland) Total user(3)
(2012: 3: 2:18:34) - (Middleland) Total user(3)
(2012: 3: 2:18:35) - (Middleland) Total user(3)
(2012: 3: 2:18:36) - (Middleland) Total user(3)
(2012: 3: 2:18:37) - (Middleland) Total user(3)
(2012: 3: 2:18:38) - (Middleland) Total user(2)
(2012: 3: 2:18:39) - (Middleland) Total user(2)
(2012: 3: 2:18:40) - (Middleland) Total user(2)
(2012: 3: 2:18:42) - (Middleland) Total user(2)
(2012: 3: 2:18:43) - (Middleland) Total user(2)
(2012: 3: 2:18:44) - (Middleland) Total user(2)
(2012: 3: 2:18:45) - (Middleland) Total user(2)
(2012: 3: 2:18:46) - (Middleland) Total user(1)
(2012: 3: 2:18:47) - (Middleland) Total user(1)
(2012: 3: 2:18:48) - (Middleland) Total user(1)
(2012: 3: 2:18:49) - (Middleland) Total user(1)
(2012: 3: 2:18:50) - (Middleland) Total user(1)
(2012: 3: 2:18:51) - (Middleland) Total user(1)
(2012: 3: 2:18:52) - (Middleland) Total user(1)
(2012: 3: 2:18:53) - (Middleland) Total user(1)
(2012: 3: 2:18:54) - (Middleland) Total user(1)
(2012: 3: 2:18:55) - (Middleland) Total user(1)
(2012: 3: 2:18:56) - (Middleland) Total user(1)
(2012: 3: 2:18:57) - (Middleland) Total user(1)
(2012: 3: 2:18:58) - (Middleland) Total user(1)
(2012: 3: 2:18:59) - (Middleland) Total user(1)
(2012: 3: 2:19: 0) - (Middleland) Total user(1)
(2012: 3: 2:19: 1) - (Middleland) Total user(1)
(2012: 3: 2:19: 2) - (Middleland) Total user(1)
(2012: 3: 2:19: 3) - (Middleland) Total user(1)
(2012: 3: 2:19: 4) - (Middleland) Total user(1)
(2012: 3: 2:19: 5) - (Middleland) Total user(1)
(2012: 3: 2:19: 6) - (Middleland) Total user(1)
(2012: 3: 2:19: 7) - (Middleland) Total user(1)
(2012: 3: 2:19: 8) - (Middleland) Total user(1)
(2012: 3: 2:19: 9) - (Middleland) Total user(1)
(2012: 3: 2:19:10) - (Middleland) Total user(1)
(2012: 3: 2:19:11) - (Middleland) Total user(1)
(2012: 3: 2:19:12) - (Middleland) Total user(1)
(2012: 3: 2:19:13) - (Middleland) Total user(1)
(2012: 3: 2:19:14) - (Middleland) Total user(1)
(2012: 3: 2:19:15) - (Middleland) Total user(1)
(2012: 3: 2:19:16) - (Middleland) Total user(1)
(2012: 3: 2:19:17) - (Middleland) Total user(1)
(2012: 3: 2:19:18) - (Middleland) Total user(1)
(2012: 3: 2:19:19) - (Middleland) Total user(1)
(2012: 3: 2:19:20) - (Middleland) Total user(1)
(2012: 3: 2:19:21) - (Middleland) Total user(1)
(2012: 3: 2:19:22) - (Middleland) Total user(1)
(2012: 3: 2:19:23) - (Middleland) Total user(1)
(2012: 3: 2:19:24) - (Middleland) Total user(1)
(2012: 3: 2:19:25) - (Middleland) Total user(1)
(2012: 3: 2:19:26) - (Middleland) Total user(1)
(2012: 3: 2:19:27) - (Middleland) Total user(1)
(2012: 3: 2:19:28) - (Middleland) Total user(1)
(2012: 3: 2:19:29) - (Middleland) Total user(1)
(2012: 3: 2:19:30) - (Middleland) Total user(1)
(2012: 3: 2:19:31) - (Middleland) Total user(1)
(2012: 3: 2:19:32) - (Middleland) Total user(1)
(2012: 3: 2:19:33) - (Middleland) Total user(1)
(2012: 3: 2:19:34) - (Middleland) Total user(1)
(2012: 3: 2:19:35) - (Middleland) Total user(1)
(2012: 3: 2:19:36) - (Middleland) Total user(1)
(2012: 3: 2:19:37) - (Middleland) Total user(1)
(2012: 3: 2:19:38) - (Middleland) Total user(1)
(2012: 3: 2:19:39) - (Middleland) Total user(1)
(2012: 3: 2:19:40) - (Middleland) Total user(1)
(2012: 3: 2:19:41) - (Middleland) Total user(1)
(2012: 3: 2:19:43) - (Middleland) Total user(1)
(2012: 3: 2:19:44) - (Middleland) Total user(1)
(2012: 3: 2:19:45) - (Middleland) Total user(1)
(2012: 3: 2:19:46) - (Middleland) Total user(1)
(2012: 3: 2:19:47) - (Middleland) Total user(1)
(2012: 3: 2:19:48) - (Middleland) Total user(1)
(2012: 3: 2:19:49) - (Middleland) Total user(1)
(2012: 3: 2:19:50) - (Middleland) Total user(1)
(2012: 3: 2:19:51) - (Middleland) Total user(1)
(2012: 3: 2:19:52) - (Middleland) Total user(1)
(2012: 3: 2:19:53) - (Middleland) Total user(1)
(2012: 3: 2:19:54) - (Middleland) Total user(1)
(2012: 3: 2:19:55) - (Middleland) Total user(1)
(2012: 3: 2:19:56) - (Middleland) Total user(1)
(2012: 3: 2:19:57) - (Middleland) Total user(1)
(2012: 3: 2:19:58) - (Middleland) Total user(1)
(2012: 3: 2:19:59) - (Middleland) Total user(1)
(2012: 3: 2:20: 0) - (Middleland) Total user(1)
(2012: 3: 2:20: 1) - (Middleland) Total user(1)
(2012: 3: 2:20: 2) - (Middleland) Total user(2)
(2012: 3: 2:20: 3) - (Middleland) Total user(2)
(2012: 3: 2:20: 4) - (Middleland) Total user(2)
(2012: 3: 2:20: 5) - (Middleland) Total user(2)
(2012: 3: 2:20: 6) - (Middleland) Total user(2)
(2012: 3: 2:20: 7) - (Middleland) Total user(2)
(2012: 3: 2:20: 8) - (Middleland) Total user(2)
(2012: 3: 2:20: 9) - (Middleland) Total user(2)
(2012: 3: 2:20:10) - (Middleland) Total user(2)
(2012: 3: 2:20:11) - (Middleland) Total user(2)
(2012: 3: 2:20:12) - (Middleland) Total user(2)
(2012: 3: 2:20:13) - (Middleland) Total user(2)
(2012: 3: 2:20:14) - (Middleland) Total user(2)
(2012: 3: 2:20:15) - (Middleland) Total user(2)
(2012: 3: 2:20:16) - (Middleland) Total user(2)
(2012: 3: 2:20:17) - (Middleland) Total user(2)
(2012: 3: 2:20:18) - (Middleland) Total user(2)
(2012: 3: 2:20:19) - (Middleland) Total user(2)
(2012: 3: 2:20:20) - (Middleland) Total user(2)
(2012: 3: 2:20:21) - (Middleland) Total user(2)
(2012: 3: 2:20:22) - (Middleland) Total user(2)
(2012: 3: 2:20:23) - (Middleland) Total user(3)
(2012: 3: 2:20:24) - (Middleland) Total user(3)
(2012: 3: 2:20:25) - (Middleland) Total user(3)
(2012: 3: 2:20:26) - (Middleland) Total user(3)
(2012: 3: 2:20:27) - (Middleland) Total user(3)
(2012: 3: 2:20:28) - (Middleland) Total user(3)
(2012: 3: 2:20:29) - (Middleland) Total user(3)
(2012: 3: 2:20:30) - (Middleland) Total user(3)
(2012: 3: 2:20:31) - (Middleland) Total user(3)
(2012: 3: 2:20:32) - (Middleland) Total user(3)
(2012: 3: 2:20:33) - (Middleland) Total user(3)
(2012: 3: 2:20:34) - (Middleland) Total user(3)
(2012: 3: 2:20:35) - (Middleland) Total user(3)
(2012: 3: 2:20:36) - (Middleland) Total user(3)
(2012: 3: 2:20:37) - (Middleland) Total user(3)
(2012: 3: 2:20:38) - (Middleland) Total user(3)
(2012: 3: 2:20:39) - (Middleland) Total user(3)
(2012: 3: 2:20:40) - (Middleland) Total user(3)
(2012: 3: 2:20:41) - (Middleland) Total user(3)
(2012: 3: 2:20:42) - (Middleland) Total user(3)
(2012: 3: 2:20:44) - (Middleland) Total user(3)
(2012: 3: 2:20:45) - (Middleland) Total user(3)
(2012: 3: 2:20:46) - (Middleland) Total user(3)
(2012: 3: 2:20:47) - (Middleland) Total user(3)
(2012: 3: 2:20:48) - (Middleland) Total user(3)
(2012: 3: 2:20:49) - (Middleland) Total user(3)
(2012: 3: 2:20:50) - (Middleland) Total user(3)
(2012: 3: 2:20:51) - (Middleland) Total user(3)
(2012: 3: 2:20:52) - (Middleland) Total user(4)
(2012: 3: 2:20:53) - (Middleland) Total user(4)
(2012: 3: 2:20:54) - (Middleland) Total user(4)
(2012: 3: 2:20:55) - (Middleland) Total user(4)
(2012: 3: 2:20:56) - (Middleland) Total user(4)
(2012: 3: 2:20:57) - (Middleland) Total user(4)
(2012: 3: 2:20:58) - (Middleland) Total user(4)
(2012: 3: 2:20:59) - (Middleland) Total user(4)
(2012: 3: 2:21: 0) - (Middleland) Total user(4)
(2012: 3: 2:21: 1) - (Middleland) Total user(4)
(2012: 3: 2:21: 2) - (Middleland) Total user(4)
(2012: 3: 2:21: 3) - (Middleland) Total user(4)
(2012: 3: 2:21: 4) - (Middleland) Total user(4)
(2012: 3: 2:21: 5) - (Middleland) Total user(4)
(2012: 3: 2:21: 6) - (Middleland) Total user(3)
(2012: 3: 2:21: 7) - (Middleland) Total user(3)
(2012: 3: 2:21: 8) - (Middleland) Total user(3)
(2012: 3: 2:21: 9) - (Middleland) Total user(3)
(2012: 3: 2:21:10) - (Middleland) Total user(3)
(2012: 3: 2:21:11) - (Middleland) Total user(3)
(2012: 3: 2:21:12) - (Middleland) Total user(3)
(2012: 3: 2:21:13) - (Middleland) Total user(3)
(2012: 3: 2:21:14) - (Middleland) Total user(3)
(2012: 3: 2:21:15) - (Middleland) Total user(3)
(2012: 3: 2:21:16) - (Middleland) Total user(3)
(2012: 3: 2:21:17) - (Middleland) Total user(3)
(2012: 3: 2:21:18) - (Middleland) Total user(3)
(2012: 3: 2:21:19) - (Middleland) Total user(3)
(2012: 3: 2:21:20) - (Middleland) Total user(3)
(2012: 3: 2:21:21) - (Middleland) Total user(3)
(2012: 3: 2:21:22) - (Middleland) Total user(3)
(2012: 3: 2:21:23) - (Middleland) Total user(3)
(2012: 3: 2:21:24) - (Middleland) Total user(3)
(2012: 3: 2:21:25) - (Middleland) Total user(3)
(2012: 3: 2:21:26) - (Middleland) Total user(3)
(2012: 3: 2:21:27) - (Middleland) Total user(3)
(2012: 3: 2:21:28) - (Middleland) Total user(2)
(2012: 3: 2:21:29) - (Middleland) Total user(2)
(2012: 3: 2:21:30) - (Middleland) Total user(2)
(2012: 3: 2:21:31) - (Middleland) Total user(2)
(2012: 3: 2:21:32) - (Middleland) Total user(2)
(2012: 3: 2:21:33) - (Middleland) Total user(2)
(2012: 3: 2:21:34) - (Middleland) Total user(2)
(2012: 3: 2:21:35) - (Middleland) Total user(2)
(2012: 3: 2:21:36) - (Middleland) Total user(2)
(2012: 3: 2:21:37) - (Middleland) Total user(2)
(2012: 3: 2:21:38) - (Middleland) Total user(2)
(2012: 3: 2:21:39) - (Middleland) Total user(2)
(2012: 3: 2:21:40) - (Middleland) Total user(2)
(2012: 3: 2:21:41) - (Middleland) Total user(2)
(2012: 3: 2:21:42) - (Middleland) Total user(2)
(2012: 3: 2:21:43) - (Middleland) Total user(2)
(2012: 3: 2:21:45) - (Middleland) Total user(2)
(2012: 3: 2:21:46) - (Middleland) Total user(2)
(2012: 3: 2:21:47) - (Middleland) Total user(2)
(2012: 3: 2:21:48) - (Middleland) Total user(2)
(2012: 3: 2:21:49) - (Middleland) Total user(2)
(2012: 3: 2:21:50) - (Middleland) Total user(2)
(2012: 3: 2:21:51) - (Middleland) Total user(2)
(2012: 3: 2:21:52) - (Middleland) Total user(2)
(2012: 3: 2:21:53) - (Middleland) Total user(2)
(2012: 3: 2:21:54) - (Middleland) Total user(2)
(2012: 3: 2:21:55) - (Middleland) Total user(2)
(2012: 3: 2:21:56) - (Middleland) Total user(2)
(2012: 3: 2:21:57) - (Middleland) Total user(2)
(2012: 3: 2:21:58) - (Middleland) Total user(2)
(2012: 3: 2:21:59) - (Middleland) Total user(2)
(2012: 3: 2:22: 0) - (Middleland) Total user(2)
(2012: 3: 2:22: 1) - (Middleland) Total user(2)
(2012: 3: 2:22: 2) - (Middleland) Total user(2)
(2012: 3: 2:22: 3) - (Middleland) Total user(2)
(2012: 3: 2:22: 4) - (Middleland) Total user(2)
(2012: 3: 2:22: 5) - (Middleland) Total user(2)
(2012: 3: 2:22: 6) - (Middleland) Total user(2)
(2012: 3: 2:22: 7) - (Middleland) Total user(2)
(2012: 3: 2:22: 8) - (Middleland) Total user(2)
(2012: 3: 2:22: 9) - (Middleland) Total user(2)
(2012: 3: 2:22:10) - (Middleland) Total user(2)
(2012: 3: 2:22:11) - (Middleland) Total user(2)
(2012: 3: 2:22:12) - (Middleland) Total user(2)
(2012: 3: 2:22:13) - (Middleland) Total user(2)
(2012: 3: 2:22:14) - (Middleland) Total user(2)
(2012: 3: 2:22:15) - (Middleland) Total user(2)
(2012: 3: 2:22:16) - (Middleland) Total user(2)
(2012: 3: 2:22:17) - (Middleland) Total user(2)
(2012: 3: 2:22:18) - (Middleland) Total user(2)
(2012: 3: 2:22:19) - (Middleland) Total user(2)
(2012: 3: 2:22:20) - (Middleland) Total user(2)
(2012: 3: 2:22:21) - (Middleland) Total user(2)
(2012: 3: 2:22:22) - (Middleland) Total user(2)
(2012: 3: 2:22:23) - (Middleland) Total user(2)
(2012: 3: 2:22:24) - (Middleland) Total user(2)
(2012: 3: 2:22:25) - (Middleland) Total user(2)
(2012: 3: 2:22:26) - (Middleland) Total user(2)
(2012: 3: 2:22:27) - (Middleland) Total user(2)
(2012: 3: 2:22:28) - (Middleland) Total user(2)
(2012: 3: 2:22:29) - (Middleland) Total user(2)
(2012: 3: 2:22:30) - (Middleland) Total user(2)
(2012: 3: 2:22:31) - (Middleland) Total user(2)
(2012: 3: 2:22:32) - (Middleland) Total user(2)
(2012: 3: 2:22:33) - (Middleland) Total user(2)
(2012: 3: 2:22:34) - (Middleland) Total user(2)
(2012: 3: 2:22:35) - (Middleland) Total user(2)
(2012: 3: 2:22:36) - (Middleland) Total user(2)
(2012: 3: 2:22:37) - (Middleland) Total user(2)
(2012: 3: 2:22:38) - (Middleland) Total user(2)
(2012: 3: 2:22:39) - (Middleland) Total user(2)
(2012: 3: 2:22:40) - (Middleland) Total user(2)
(2012: 3: 2:22:41) - (Middleland) Total user(2)
(2012: 3: 2:22:42) - (Middleland) Total user(2)
(2012: 3: 2:22:43) - (Middleland) Total user(2)
(2012: 3: 2:22:44) - (Middleland) Total user(2)
(2012: 3: 2:22:46) - (Middleland) Total user(2)
(2012: 3: 2:22:47) - (Middleland) Total user(1)
(2012: 3: 2:22:48) - (Middleland) Total user(2)
(2012: 3: 2:22:49) - (Middleland) Total user(2)
(2012: 3: 2:22:50) - (Middleland) Total user(2)
(2012: 3: 2:22:51) - (Middleland) Total user(2)
(2012: 3: 2:22:52) - (Middleland) Total user(2)
(2012: 3: 2:22:53) - (Middleland) Total user(2)
(2012: 3: 2:22:54) - (Middleland) Total user(2)
(2012: 3: 2:22:55) - (Middleland) Total user(2)
(2012: 3: 2:22:56) - (Middleland) Total user(2)
(2012: 3: 2:22:57) - (Middleland) Total user(2)
(2012: 3: 2:22:58) - (Middleland) Total user(2)
(2012: 3: 2:22:59) - (Middleland) Total user(2)
(2012: 3: 2:23: 0) - (Middleland) Total user(2)
(2012: 3: 2:23: 1) - (Middleland) Total user(2)
(2012: 3: 2:23: 2) - (Middleland) Total user(2)
(2012: 3: 2:23: 3) - (Middleland) Total user(3)
(2012: 3: 2:23: 4) - (Middleland) Total user(3)
(2012: 3: 2:23: 5) - (Middleland) Total user(3)
(2012: 3: 2:23: 6) - (Middleland) Total user(3)
(2012: 3: 2:23: 7) - (Middleland) Total user(3)
(2012: 3: 2:23: 8) - (Middleland) Total user(3)
(2012: 3: 2:23: 9) - (Middleland) Total user(3)
(2012: 3: 2:23:10) - (Middleland) Total user(3)
(2012: 3: 2:23:11) - (Middleland) Total user(3)
(2012: 3: 2:23:12) - (Middleland) Total user(3)
(2012: 3: 2:23:13) - (Middleland) Total user(3)
(2012: 3: 2:23:14) - (Middleland) Total user(3)
(2012: 3: 2:23:15) - (Middleland) Total user(3)
(2012: 3: 2:23:16) - (Middleland) Total user(3)
(2012: 3: 2:23:17) - (Middleland) Total user(3)
(2012: 3: 2:23:18) - (Middleland) Total user(3)
(2012: 3: 2:23:19) - (Middleland) Total user(3)
(2012: 3: 2:23:20) - (Middleland) Total user(3)
(2012: 3: 2:23:21) - (Middleland) Total user(3)
(2012: 3: 2:23:22) - (Middleland) Total user(3)
(2012: 3: 2:23:23) - (Middleland) Total user(3)
(2012: 3: 2:23:24) - (Middleland) Total user(4)
(2012: 3: 2:23:25) - (Middleland) Total user(4)
(2012: 3: 2:23:26) - (Middleland) Total user(3)
(2012: 3: 2:23:27) - (Middleland) Total user(3)
(2012: 3: 2:23:28) - (Middleland) Total user(3)
(2012: 3: 2:23:29) - (Middleland) Total user(3)
(2012: 3: 2:23:30) - (Middleland) Total user(3)
(2012: 3: 2:23:31) - (Middleland) Total user(3)
(2012: 3: 2:23:32) - (Middleland) Total user(3)
(2012: 3: 2:23:33) - (Middleland) Total user(3)
(2012: 3: 2:23:34) - (Middleland) Total user(3)
(2012: 3: 2:23:35) - (Middleland) Total user(3)
(2012: 3: 2:23:36) - (Middleland) Total user(3)
(2012: 3: 2:23:37) - (Middleland) Total user(3)
(2012: 3: 2:23:38) - (Middleland) Total user(3)
(2012: 3: 2:23:39) - (Middleland) Total user(3)
(2012: 3: 2:23:40) - (Middleland) Total user(3)
(2012: 3: 2:23:41) - (Middleland) Total user(3)
(2012: 3: 2:23:42) - (Middleland) Total user(3)
(2012: 3: 2:23:43) - (Middleland) Total user(4)
(2012: 3: 2:23:44) - (Middleland) Total user(4)
(2012: 3: 2:23:46) - (Middleland) Total user(4)
(2012: 3: 2:23:47) - (Middleland) Total user(4)
(2012: 3: 2:23:48) - (Middleland) Total user(4)
(2012: 3: 2:23:49) - (Middleland) Total user(4)
(2012: 3: 2:23:50) - (Middleland) Total user(4)
(2012: 3: 2:23:51) - (Middleland) Total user(4)
(2012: 3: 2:23:52) - (Middleland) Total user(4)
(2012: 3: 2:23:53) - (Middleland) Total user(4)
(2012: 3: 2:23:54) - (Middleland) Total user(4)
(2012: 3: 2:23:55) - (Middleland) Total user(4)
(2012: 3: 2:23:56) - (Middleland) Total user(3)
(2012: 3: 2:23:57) - (Middleland) Total user(3)
(2012: 3: 2:23:58) - (Middleland) Total user(3)
(2012: 3: 2:23:59) - (Middleland) Total user(3)
