(2012: 3: 4: 0: 0) - (Middleland) Total user(1)
(2012: 3: 4: 0: 1) - (Middleland) Total user(1)
(2012: 3: 4: 0: 2) - (Middleland) Total user(1)
(2012: 3: 4: 0: 3) - (Middleland) Total user(1)
(2012: 3: 4: 0: 4) - (Middleland) Total user(1)
(2012: 3: 4: 0: 5) - (Middleland) Total user(1)
(2012: 3: 4: 0: 6) - (Middleland) Total user(1)
(2012: 3: 4: 0: 7) - (Middleland) Total user(1)
(2012: 3: 4: 0: 8) - (Middleland) Total user(1)
(2012: 3: 4: 0: 9) - (Middleland) Total user(1)
(2012: 3: 4: 0:10) - (Middleland) Total user(1)
(2012: 3: 4: 0:11) - (Middleland) Total user(1)
(2012: 3: 4: 0:12) - (Middleland) Total user(1)
(2012: 3: 4: 0:13) - (Middleland) Total user(1)
(2012: 3: 4: 0:14) - (Middleland) Total user(1)
(2012: 3: 4: 0:15) - (Middleland) Total user(1)
(2012: 3: 4: 0:16) - (Middleland) Total user(1)
(2012: 3: 4: 0:17) - (Middleland) Total user(1)
(2012: 3: 4: 0:18) - (Middleland) Total user(1)
(2012: 3: 4: 0:19) - (Middleland) Total user(1)
(2012: 3: 4: 0:20) - (Middleland) Total user(1)
(2012: 3: 4: 0:21) - (Middleland) Total user(1)
(2012: 3: 4: 0:22) - (Middleland) Total user(2)
(2012: 3: 4: 0:23) - (Middleland) Total user(2)
(2012: 3: 4: 0:24) - (Middleland) Total user(1)
(2012: 3: 4: 0:25) - (Middleland) Total user(1)
(2012: 3: 4: 0:26) - (Middleland) Total user(1)
(2012: 3: 4: 0:27) - (Middleland) Total user(1)
(2012: 3: 4: 0:28) - (Middleland) Total user(1)
(2012: 3: 4: 0:29) - (Middleland) Total user(1)
(2012: 3: 4: 0:30) - (Middleland) Total user(1)
(2012: 3: 4: 0:31) - (Middleland) Total user(1)
(2012: 3: 4: 0:32) - (Middleland) Total user(1)
(2012: 3: 4: 0:33) - (Middleland) Total user(1)
(2012: 3: 4: 0:34) - (Middleland) Total user(1)
(2012: 3: 4: 0:35) - (Middleland) Total user(1)
(2012: 3: 4: 0:36) - (Middleland) Total user(1)
(2012: 3: 4: 0:37) - (Middleland) Total user(1)
(2012: 3: 4: 0:38) - (Middleland) Total user(1)
(2012: 3: 4: 0:39) - (Middleland) Total user(1)
(2012: 3: 4: 0:40) - (Middleland) Total user(1)
(2012: 3: 4: 0:41) - (Middleland) Total user(1)
(2012: 3: 4: 0:42) - (Middleland) Total user(1)
(2012: 3: 4: 0:43) - (Middleland) Total user(2)
(2012: 3: 4: 0:44) - (Middleland) Total user(2)
(2012: 3: 4: 0:45) - (Middleland) Total user(1)
(2012: 3: 4: 0:46) - (Middleland) Total user(1)
(2012: 3: 4: 0:47) - (Middleland) Total user(1)
(2012: 3: 4: 0:48) - (Middleland) Total user(1)
(2012: 3: 4: 0:49) - (Middleland) Total user(1)
(2012: 3: 4: 0:51) - (Middleland) Total user(1)
(2012: 3: 4: 0:52) - (Middleland) Total user(1)
(2012: 3: 4: 0:53) - (Middleland) Total user(1)
(2012: 3: 4: 0:54) - (Middleland) Total user(1)
(2012: 3: 4: 0:55) - (Middleland) Total user(1)
(2012: 3: 4: 0:56) - (Middleland) Total user(1)
(2012: 3: 4: 0:57) - (Middleland) Total user(1)
(2012: 3: 4: 0:58) - (Middleland) Total user(1)
(2012: 3: 4: 0:59) - (Middleland) Total user(1)
(2012: 3: 4: 1: 0) - (Middleland) Total user(1)
(2012: 3: 4: 1: 1) - (Middleland) Total user(1)
(2012: 3: 4: 1: 2) - (Middleland) Total user(1)
(2012: 3: 4: 1: 3) - (Middleland) Total user(1)
(2012: 3: 4: 1: 4) - (Middleland) Total user(1)
(2012: 3: 4: 1: 5) - (Middleland) Total user(1)
(2012: 3: 4: 1: 6) - (Middleland) Total user(1)
(2012: 3: 4: 1: 7) - (Middleland) Total user(1)
(2012: 3: 4: 1: 8) - (Middleland) Total user(1)
(2012: 3: 4: 1: 9) - (Middleland) Total user(1)
(2012: 3: 4: 1:10) - (Middleland) Total user(1)
(2012: 3: 4: 1:11) - (Middleland) Total user(1)
(2012: 3: 4: 1:12) - (Middleland) Total user(1)
(2012: 3: 4: 1:13) - (Middleland) Total user(1)
(2012: 3: 4: 1:14) - (Middleland) Total user(1)
(2012: 3: 4: 1:15) - (Middleland) Total user(1)
(2012: 3: 4: 1:16) - (Middleland) Total user(1)
(2012: 3: 4: 1:17) - (Middleland) Total user(1)
(2012: 3: 4: 1:18) - (Middleland) Total user(1)
(2012: 3: 4: 1:19) - (Middleland) Total user(1)
(2012: 3: 4: 1:20) - (Middleland) Total user(1)
(2012: 3: 4: 1:21) - (Middleland) Total user(1)
(2012: 3: 4: 1:22) - (Middleland) Total user(1)
(2012: 3: 4: 1:23) - (Middleland) Total user(1)
(2012: 3: 4: 1:24) - (Middleland) Total user(1)
(2012: 3: 4: 1:25) - (Middleland) Total user(1)
(2012: 3: 4: 1:26) - (Middleland) Total user(1)
(2012: 3: 4: 1:27) - (Middleland) Total user(1)
(2012: 3: 4: 1:28) - (Middleland) Total user(1)
(2012: 3: 4: 1:29) - (Middleland) Total user(1)
(2012: 3: 4: 1:30) - (Middleland) Total user(1)
(2012: 3: 4: 1:31) - (Middleland) Total user(1)
(2012: 3: 4: 1:32) - (Middleland) Total user(1)
(2012: 3: 4: 1:33) - (Middleland) Total user(1)
(2012: 3: 4: 1:34) - (Middleland) Total user(1)
(2012: 3: 4: 1:35) - (Middleland) Total user(1)
(2012: 3: 4: 1:36) - (Middleland) Total user(1)
(2012: 3: 4: 1:37) - (Middleland) Total user(1)
(2012: 3: 4: 1:38) - (Middleland) Total user(1)
(2012: 3: 4: 1:39) - (Middleland) Total user(1)
(2012: 3: 4: 1:40) - (Middleland) Total user(1)
(2012: 3: 4: 1:41) - (Middleland) Total user(1)
(2012: 3: 4: 1:42) - (Middleland) Total user(1)
(2012: 3: 4: 1:43) - (Middleland) Total user(1)
(2012: 3: 4: 1:44) - (Middleland) Total user(1)
(2012: 3: 4: 1:45) - (Middleland) Total user(1)
(2012: 3: 4: 1:46) - (Middleland) Total user(1)
(2012: 3: 4: 1:47) - (Middleland) Total user(1)
(2012: 3: 4: 1:48) - (Middleland) Total user(1)
(2012: 3: 4: 1:49) - (Middleland) Total user(1)
(2012: 3: 4: 1:50) - (Middleland) Total user(1)
(2012: 3: 4: 1:52) - (Middleland) Total user(1)
(2012: 3: 4: 1:53) - (Middleland) Total user(1)
(2012: 3: 4: 1:54) - (Middleland) Total user(1)
(2012: 3: 4: 1:55) - (Middleland) Total user(1)
(2012: 3: 4: 1:56) - (Middleland) Total user(1)
(2012: 3: 4: 1:57) - (Middleland) Total user(1)
(2012: 3: 4: 1:58) - (Middleland) Total user(1)
(2012: 3: 4: 1:59) - (Middleland) Total user(1)
(2012: 3: 4: 2: 0) - (Middleland) Total user(1)
(2012: 3: 4: 2: 1) - (Middleland) Total user(1)
(2012: 3: 4: 2: 2) - (Middleland) Total user(1)
(2012: 3: 4: 2: 3) - (Middleland) Total user(1)
(2012: 3: 4: 2: 4) - (Middleland) Total user(1)
(2012: 3: 4: 2: 5) - (Middleland) Total user(1)
(2012: 3: 4: 2: 6) - (Middleland) Total user(1)
(2012: 3: 4: 2: 7) - (Middleland) Total user(1)
(2012: 3: 4: 2: 8) - (Middleland) Total user(1)
(2012: 3: 4: 2: 9) - (Middleland) Total user(1)
(2012: 3: 4: 2:10) - (Middleland) Total user(1)
(2012: 3: 4: 2:11) - (Middleland) Total user(1)
(2012: 3: 4: 2:12) - (Middleland) Total user(1)
(2012: 3: 4: 2:13) - (Middleland) Total user(1)
(2012: 3: 4: 2:14) - (Middleland) Total user(1)
(2012: 3: 4: 2:15) - (Middleland) Total user(1)
(2012: 3: 4: 2:16) - (Middleland) Total user(1)
(2012: 3: 4: 2:17) - (Middleland) Total user(1)
(2012: 3: 4: 2:18) - (Middleland) Total user(2)
(2012: 3: 4: 2:19) - (Middleland) Total user(2)
(2012: 3: 4: 2:20) - (Middleland) Total user(2)
(2012: 3: 4: 2:21) - (Middleland) Total user(2)
(2012: 3: 4: 2:22) - (Middleland) Total user(2)
(2012: 3: 4: 2:23) - (Middleland) Total user(2)
(2012: 3: 4: 2:24) - (Middleland) Total user(2)
(2012: 3: 4: 2:25) - (Middleland) Total user(2)
(2012: 3: 4: 2:26) - (Middleland) Total user(2)
(2012: 3: 4: 2:27) - (Middleland) Total user(2)
(2012: 3: 4: 2:28) - (Middleland) Total user(2)
(2012: 3: 4: 2:29) - (Middleland) Total user(2)
(2012: 3: 4: 2:30) - (Middleland) Total user(2)
(2012: 3: 4: 2:31) - (Middleland) Total user(2)
(2012: 3: 4: 2:32) - (Middleland) Total user(2)
(2012: 3: 4: 2:33) - (Middleland) Total user(2)
(2012: 3: 4: 2:34) - (Middleland) Total user(2)
(2012: 3: 4: 2:35) - (Middleland) Total user(2)
(2012: 3: 4: 2:36) - (Middleland) Total user(2)
(2012: 3: 4: 2:37) - (Middleland) Total user(2)
(2012: 3: 4: 2:38) - (Middleland) Total user(2)
(2012: 3: 4: 2:39) - (Middleland) Total user(2)
(2012: 3: 4: 2:40) - (Middleland) Total user(2)
(2012: 3: 4: 2:41) - (Middleland) Total user(2)
(2012: 3: 4: 2:42) - (Middleland) Total user(2)
(2012: 3: 4: 2:43) - (Middleland) Total user(2)
(2012: 3: 4: 2:44) - (Middleland) Total user(2)
(2012: 3: 4: 2:45) - (Middleland) Total user(2)
(2012: 3: 4: 2:46) - (Middleland) Total user(1)
(2012: 3: 4: 2:47) - (Middleland) Total user(1)
(2012: 3: 4: 2:48) - (Middleland) Total user(1)
(2012: 3: 4: 2:49) - (Middleland) Total user(1)
(2012: 3: 4: 2:50) - (Middleland) Total user(1)
(2012: 3: 4: 2:51) - (Middleland) Total user(1)
(2012: 3: 4: 2:53) - (Middleland) Total user(1)
(2012: 3: 4: 2:54) - (Middleland) Total user(2)
(2012: 3: 4: 2:55) - (Middleland) Total user(2)
(2012: 3: 4: 2:56) - (Middleland) Total user(1)
(2012: 3: 4: 2:57) - (Middleland) Total user(2)
(2012: 3: 4: 2:58) - (Middleland) Total user(2)
(2012: 3: 4: 2:59) - (Middleland) Total user(2)
(2012: 3: 4: 3: 0) - (Middleland) Total user(2)
(2012: 3: 4: 3: 1) - (Middleland) Total user(2)
(2012: 3: 4: 3: 2) - (Middleland) Total user(2)
(2012: 3: 4: 3: 3) - (Middleland) Total user(2)
(2012: 3: 4: 3: 4) - (Middleland) Total user(2)
(2012: 3: 4: 3: 5) - (Middleland) Total user(2)
(2012: 3: 4: 3: 6) - (Middleland) Total user(2)
(2012: 3: 4: 3: 7) - (Middleland) Total user(2)
(2012: 3: 4: 3: 8) - (Middleland) Total user(2)
(2012: 3: 4: 3: 9) - (Middleland) Total user(2)
(2012: 3: 4: 3:10) - (Middleland) Total user(2)
(2012: 3: 4: 3:11) - (Middleland) Total user(2)
(2012: 3: 4: 3:12) - (Middleland) Total user(2)
(2012: 3: 4: 3:13) - (Middleland) Total user(2)
(2012: 3: 4: 3:14) - (Middleland) Total user(2)
(2012: 3: 4: 3:15) - (Middleland) Total user(2)
(2012: 3: 4: 3:16) - (Middleland) Total user(2)
(2012: 3: 4: 3:17) - (Middleland) Total user(2)
(2012: 3: 4: 3:18) - (Middleland) Total user(2)
(2012: 3: 4: 3:19) - (Middleland) Total user(2)
(2012: 3: 4: 3:20) - (Middleland) Total user(2)
(2012: 3: 4: 3:21) - (Middleland) Total user(2)
(2012: 3: 4: 3:22) - (Middleland) Total user(2)
(2012: 3: 4: 3:23) - (Middleland) Total user(2)
(2012: 3: 4: 3:24) - (Middleland) Total user(2)
(2012: 3: 4: 3:25) - (Middleland) Total user(2)
(2012: 3: 4: 3:26) - (Middleland) Total user(2)
(2012: 3: 4: 3:27) - (Middleland) Total user(2)
(2012: 3: 4: 3:28) - (Middleland) Total user(2)
(2012: 3: 4: 3:29) - (Middleland) Total user(2)
(2012: 3: 4: 3:30) - (Middleland) Total user(2)
(2012: 3: 4: 3:31) - (Middleland) Total user(2)
(2012: 3: 4: 3:32) - (Middleland) Total user(2)
(2012: 3: 4: 3:33) - (Middleland) Total user(2)
(2012: 3: 4: 3:34) - (Middleland) Total user(2)
(2012: 3: 4: 3:35) - (Middleland) Total user(2)
(2012: 3: 4: 3:36) - (Middleland) Total user(2)
(2012: 3: 4: 3:37) - (Middleland) Total user(2)
(2012: 3: 4: 3:38) - (Middleland) Total user(2)
(2012: 3: 4: 3:39) - (Middleland) Total user(2)
(2012: 3: 4: 3:40) - (Middleland) Total user(2)
(2012: 3: 4: 3:41) - (Middleland) Total user(2)
(2012: 3: 4: 3:42) - (Middleland) Total user(2)
(2012: 3: 4: 3:43) - (Middleland) Total user(2)
(2012: 3: 4: 3:44) - (Middleland) Total user(2)
(2012: 3: 4: 3:45) - (Middleland) Total user(2)
(2012: 3: 4: 3:46) - (Middleland) Total user(2)
(2012: 3: 4: 3:47) - (Middleland) Total user(2)
(2012: 3: 4: 3:48) - (Middleland) Total user(2)
(2012: 3: 4: 3:49) - (Middleland) Total user(2)
(2012: 3: 4: 3:50) - (Middleland) Total user(2)
(2012: 3: 4: 3:51) - (Middleland) Total user(2)
(2012: 3: 4: 3:53) - (Middleland) Total user(2)
(2012: 3: 4: 3:54) - (Middleland) Total user(2)
(2012: 3: 4: 3:55) - (Middleland) Total user(2)
(2012: 3: 4: 3:56) - (Middleland) Total user(2)
(2012: 3: 4: 3:57) - (Middleland) Total user(2)
(2012: 3: 4: 3:58) - (Middleland) Total user(2)
(2012: 3: 4: 3:59) - (Middleland) Total user(2)
(2012: 3: 4: 4: 0) - (Middleland) Total user(2)
(2012: 3: 4: 4: 1) - (Middleland) Total user(2)
(2012: 3: 4: 4: 2) - (Middleland) Total user(2)
(2012: 3: 4: 4: 3) - (Middleland) Total user(2)
(2012: 3: 4: 4: 4) - (Middleland) Total user(2)
(2012: 3: 4: 4: 5) - (Middleland) Total user(1)
(2012: 3: 4: 4: 6) - (Middleland) Total user(2)
(2012: 3: 4: 4: 7) - (Middleland) Total user(2)
(2012: 3: 4: 4: 8) - (Middleland) Total user(2)
(2012: 3: 4: 4: 9) - (Middleland) Total user(2)
(2012: 3: 4: 4:10) - (Middleland) Total user(2)
(2012: 3: 4: 4:11) - (Middleland) Total user(2)
(2012: 3: 4: 4:12) - (Middleland) Total user(2)
(2012: 3: 4: 4:13) - (Middleland) Total user(2)
(2012: 3: 4: 4:14) - (Middleland) Total user(2)
(2012: 3: 4: 4:15) - (Middleland) Total user(2)
(2012: 3: 4: 4:16) - (Middleland) Total user(2)
(2012: 3: 4: 4:17) - (Middleland) Total user(2)
(2012: 3: 4: 4:18) - (Middleland) Total user(2)
(2012: 3: 4: 4:19) - (Middleland) Total user(2)
(2012: 3: 4: 4:20) - (Middleland) Total user(2)
(2012: 3: 4: 4:21) - (Middleland) Total user(2)
(2012: 3: 4: 4:22) - (Middleland) Total user(2)
(2012: 3: 4: 4:23) - (Middleland) Total user(2)
(2012: 3: 4: 4:24) - (Middleland) Total user(2)
(2012: 3: 4: 4:25) - (Middleland) Total user(2)
(2012: 3: 4: 4:26) - (Middleland) Total user(2)
(2012: 3: 4: 4:27) - (Middleland) Total user(2)
(2012: 3: 4: 4:28) - (Middleland) Total user(2)
(2012: 3: 4: 4:29) - (Middleland) Total user(2)
(2012: 3: 4: 4:30) - (Middleland) Total user(2)
(2012: 3: 4: 4:31) - (Middleland) Total user(2)
(2012: 3: 4: 4:32) - (Middleland) Total user(2)
(2012: 3: 4: 4:33) - (Middleland) Total user(2)
(2012: 3: 4: 4:34) - (Middleland) Total user(2)
(2012: 3: 4: 4:35) - (Middleland) Total user(2)
(2012: 3: 4: 4:36) - (Middleland) Total user(2)
(2012: 3: 4: 4:37) - (Middleland) Total user(2)
(2012: 3: 4: 4:38) - (Middleland) Total user(2)
(2012: 3: 4: 4:39) - (Middleland) Total user(2)
(2012: 3: 4: 4:40) - (Middleland) Total user(2)
(2012: 3: 4: 4:41) - (Middleland) Total user(2)
(2012: 3: 4: 4:42) - (Middleland) Total user(2)
(2012: 3: 4: 4:43) - (Middleland) Total user(2)
(2012: 3: 4: 4:44) - (Middleland) Total user(2)
(2012: 3: 4: 4:45) - (Middleland) Total user(2)
(2012: 3: 4: 4:46) - (Middleland) Total user(2)
(2012: 3: 4: 4:47) - (Middleland) Total user(2)
(2012: 3: 4: 4:48) - (Middleland) Total user(2)
(2012: 3: 4: 4:49) - (Middleland) Total user(2)
(2012: 3: 4: 4:50) - (Middleland) Total user(2)
(2012: 3: 4: 4:51) - (Middleland) Total user(2)
(2012: 3: 4: 4:52) - (Middleland) Total user(2)
(2012: 3: 4: 4:54) - (Middleland) Total user(2)
(2012: 3: 4: 4:55) - (Middleland) Total user(2)
(2012: 3: 4: 4:56) - (Middleland) Total user(2)
(2012: 3: 4: 4:57) - (Middleland) Total user(2)
(2012: 3: 4: 4:58) - (Middleland) Total user(2)
(2012: 3: 4: 4:59) - (Middleland) Total user(2)
(2012: 3: 4: 5: 0) - (Middleland) Total user(2)
(2012: 3: 4: 5: 1) - (Middleland) Total user(2)
(2012: 3: 4: 5: 2) - (Middleland) Total user(2)
(2012: 3: 4: 5: 3) - (Middleland) Total user(2)
(2012: 3: 4: 5: 4) - (Middleland) Total user(2)
(2012: 3: 4: 5: 5) - (Middleland) Total user(2)
(2012: 3: 4: 5: 6) - (Middleland) Total user(2)
(2012: 3: 4: 5: 7) - (Middleland) Total user(2)
(2012: 3: 4: 5: 8) - (Middleland) Total user(1)
(2012: 3: 4: 5: 9) - (Middleland) Total user(2)
(2012: 3: 4: 5:10) - (Middleland) Total user(2)
(2012: 3: 4: 5:11) - (Middleland) Total user(2)
(2012: 3: 4: 5:12) - (Middleland) Total user(1)
(2012: 3: 4: 5:13) - (Middleland) Total user(2)
(2012: 3: 4: 5:14) - (Middleland) Total user(2)
(2012: 3: 4: 5:15) - (Middleland) Total user(2)
(2012: 3: 4: 5:16) - (Middleland) Total user(2)
(2012: 3: 4: 5:17) - (Middleland) Total user(2)
(2012: 3: 4: 5:18) - (Middleland) Total user(2)
(2012: 3: 4: 5:19) - (Middleland) Total user(2)
(2012: 3: 4: 5:20) - (Middleland) Total user(2)
(2012: 3: 4: 5:21) - (Middleland) Total user(2)
(2012: 3: 4: 5:22) - (Middleland) Total user(2)
(2012: 3: 4: 5:23) - (Middleland) Total user(2)
(2012: 3: 4: 5:24) - (Middleland) Total user(2)
(2012: 3: 4: 5:25) - (Middleland) Total user(2)
(2012: 3: 4: 5:26) - (Middleland) Total user(2)
(2012: 3: 4: 5:27) - (Middleland) Total user(2)
(2012: 3: 4: 5:28) - (Middleland) Total user(2)
(2012: 3: 4: 5:29) - (Middleland) Total user(2)
(2012: 3: 4: 5:30) - (Middleland) Total user(2)
(2012: 3: 4: 5:31) - (Middleland) Total user(2)
(2012: 3: 4: 5:32) - (Middleland) Total user(2)
(2012: 3: 4: 5:33) - (Middleland) Total user(2)
(2012: 3: 4: 5:34) - (Middleland) Total user(2)
(2012: 3: 4: 5:35) - (Middleland) Total user(1)
(2012: 3: 4: 5:36) - (Middleland) Total user(2)
(2012: 3: 4: 5:37) - (Middleland) Total user(2)
(2012: 3: 4: 5:38) - (Middleland) Total user(2)
(2012: 3: 4: 5:39) - (Middleland) Total user(2)
(2012: 3: 4: 5:40) - (Middleland) Total user(2)
(2012: 3: 4: 5:41) - (Middleland) Total user(2)
(2012: 3: 4: 5:42) - (Middleland) Total user(2)
(2012: 3: 4: 5:43) - (Middleland) Total user(2)
(2012: 3: 4: 5:44) - (Middleland) Total user(2)
(2012: 3: 4: 5:45) - (Middleland) Total user(2)
(2012: 3: 4: 5:46) - (Middleland) Total user(2)
(2012: 3: 4: 5:47) - (Middleland) Total user(2)
(2012: 3: 4: 5:48) - (Middleland) Total user(2)
(2012: 3: 4: 5:49) - (Middleland) Total user(2)
(2012: 3: 4: 5:50) - (Middleland) Total user(2)
(2012: 3: 4: 5:51) - (Middleland) Total user(2)
(2012: 3: 4: 5:52) - (Middleland) Total user(2)
(2012: 3: 4: 5:53) - (Middleland) Total user(2)
(2012: 3: 4: 5:55) - (Middleland) Total user(2)
(2012: 3: 4: 5:56) - (Middleland) Total user(2)
(2012: 3: 4: 5:57) - (Middleland) Total user(2)
(2012: 3: 4: 5:58) - (Middleland) Total user(2)
(2012: 3: 4: 5:59) - (Middleland) Total user(2)
(2012: 3: 4: 6: 0) - (Middleland) Total user(2)
(2012: 3: 4: 6: 1) - (Middleland) Total user(2)
(2012: 3: 4: 6: 2) - (Middleland) Total user(2)
(2012: 3: 4: 6: 3) - (Middleland) Total user(2)
(2012: 3: 4: 6: 4) - (Middleland) Total user(2)
(2012: 3: 4: 6: 5) - (Middleland) Total user(2)
(2012: 3: 4: 6: 6) - (Middleland) Total user(2)
(2012: 3: 4: 6: 7) - (Middleland) Total user(2)
(2012: 3: 4: 6: 8) - (Middleland) Total user(2)
(2012: 3: 4: 6: 9) - (Middleland) Total user(2)
(2012: 3: 4: 6:10) - (Middleland) Total user(2)
(2012: 3: 4: 6:11) - (Middleland) Total user(2)
(2012: 3: 4: 6:12) - (Middleland) Total user(2)
(2012: 3: 4: 6:13) - (Middleland) Total user(2)
(2012: 3: 4: 6:14) - (Middleland) Total user(2)
(2012: 3: 4: 6:15) - (Middleland) Total user(2)
(2012: 3: 4: 6:16) - (Middleland) Total user(2)
(2012: 3: 4: 6:17) - (Middleland) Total user(2)
(2012: 3: 4: 6:18) - (Middleland) Total user(2)
(2012: 3: 4: 6:19) - (Middleland) Total user(2)
(2012: 3: 4: 6:20) - (Middleland) Total user(2)
(2012: 3: 4: 6:21) - (Middleland) Total user(2)
(2012: 3: 4: 6:22) - (Middleland) Total user(2)
(2012: 3: 4: 6:23) - (Middleland) Total user(2)
(2012: 3: 4: 6:24) - (Middleland) Total user(2)
(2012: 3: 4: 6:25) - (Middleland) Total user(2)
(2012: 3: 4: 6:26) - (Middleland) Total user(2)
(2012: 3: 4: 6:27) - (Middleland) Total user(2)
(2012: 3: 4: 6:28) - (Middleland) Total user(2)
(2012: 3: 4: 6:29) - (Middleland) Total user(2)
(2012: 3: 4: 6:30) - (Middleland) Total user(2)
(2012: 3: 4: 6:31) - (Middleland) Total user(2)
(2012: 3: 4: 6:32) - (Middleland) Total user(2)
(2012: 3: 4: 6:33) - (Middleland) Total user(2)
(2012: 3: 4: 6:34) - (Middleland) Total user(2)
(2012: 3: 4: 6:35) - (Middleland) Total user(2)
(2012: 3: 4: 6:36) - (Middleland) Total user(2)
(2012: 3: 4: 6:37) - (Middleland) Total user(2)
(2012: 3: 4: 6:38) - (Middleland) Total user(2)
(2012: 3: 4: 6:39) - (Middleland) Total user(2)
(2012: 3: 4: 6:40) - (Middleland) Total user(2)
(2012: 3: 4: 6:41) - (Middleland) Total user(2)
(2012: 3: 4: 6:42) - (Middleland) Total user(2)
(2012: 3: 4: 6:43) - (Middleland) Total user(2)
(2012: 3: 4: 6:44) - (Middleland) Total user(2)
(2012: 3: 4: 6:45) - (Middleland) Total user(2)
(2012: 3: 4: 6:46) - (Middleland) Total user(2)
(2012: 3: 4: 6:47) - (Middleland) Total user(2)
(2012: 3: 4: 6:48) - (Middleland) Total user(2)
(2012: 3: 4: 6:49) - (Middleland) Total user(2)
(2012: 3: 4: 6:50) - (Middleland) Total user(2)
(2012: 3: 4: 6:51) - (Middleland) Total user(2)
(2012: 3: 4: 6:52) - (Middleland) Total user(2)
(2012: 3: 4: 6:53) - (Middleland) Total user(2)
(2012: 3: 4: 6:54) - (Middleland) Total user(2)
(2012: 3: 4: 6:56) - (Middleland) Total user(2)
(2012: 3: 4: 6:57) - (Middleland) Total user(2)
(2012: 3: 4: 6:58) - (Middleland) Total user(2)
(2012: 3: 4: 6:59) - (Middleland) Total user(2)
(2012: 3: 4: 7: 0) - (Middleland) Total user(2)
(2012: 3: 4: 7: 1) - (Middleland) Total user(2)
(2012: 3: 4: 7: 2) - (Middleland) Total user(2)
(2012: 3: 4: 7: 3) - (Middleland) Total user(2)
(2012: 3: 4: 7: 4) - (Middleland) Total user(3)
(2012: 3: 4: 7: 5) - (Middleland) Total user(3)
(2012: 3: 4: 7: 6) - (Middleland) Total user(2)
(2012: 3: 4: 7: 7) - (Middleland) Total user(2)
(2012: 3: 4: 7: 8) - (Middleland) Total user(2)
(2012: 3: 4: 7: 9) - (Middleland) Total user(2)
(2012: 3: 4: 7:10) - (Middleland) Total user(2)
(2012: 3: 4: 7:11) - (Middleland) Total user(2)
(2012: 3: 4: 7:12) - (Middleland) Total user(2)
(2012: 3: 4: 7:13) - (Middleland) Total user(2)
(2012: 3: 4: 7:14) - (Middleland) Total user(2)
(2012: 3: 4: 7:15) - (Middleland) Total user(2)
(2012: 3: 4: 7:16) - (Middleland) Total user(2)
(2012: 3: 4: 7:17) - (Middleland) Total user(2)
(2012: 3: 4: 7:18) - (Middleland) Total user(2)
(2012: 3: 4: 7:19) - (Middleland) Total user(2)
(2012: 3: 4: 7:20) - (Middleland) Total user(2)
(2012: 3: 4: 7:21) - (Middleland) Total user(2)
(2012: 3: 4: 7:22) - (Middleland) Total user(2)
(2012: 3: 4: 7:23) - (Middleland) Total user(2)
(2012: 3: 4: 7:24) - (Middleland) Total user(2)
(2012: 3: 4: 7:25) - (Middleland) Total user(2)
(2012: 3: 4: 7:26) - (Middleland) Total user(2)
(2012: 3: 4: 7:27) - (Middleland) Total user(2)
(2012: 3: 4: 7:28) - (Middleland) Total user(2)
(2012: 3: 4: 7:29) - (Middleland) Total user(2)
(2012: 3: 4: 7:30) - (Middleland) Total user(2)
(2012: 3: 4: 7:31) - (Middleland) Total user(2)
(2012: 3: 4: 7:32) - (Middleland) Total user(2)
(2012: 3: 4: 7:33) - (Middleland) Total user(2)
(2012: 3: 4: 7:34) - (Middleland) Total user(2)
(2012: 3: 4: 7:35) - (Middleland) Total user(2)
(2012: 3: 4: 7:36) - (Middleland) Total user(2)
(2012: 3: 4: 7:37) - (Middleland) Total user(2)
(2012: 3: 4: 7:38) - (Middleland) Total user(2)
(2012: 3: 4: 7:39) - (Middleland) Total user(2)
(2012: 3: 4: 7:40) - (Middleland) Total user(2)
(2012: 3: 4: 7:41) - (Middleland) Total user(2)
(2012: 3: 4: 7:42) - (Middleland) Total user(2)
(2012: 3: 4: 7:43) - (Middleland) Total user(2)
(2012: 3: 4: 7:44) - (Middleland) Total user(2)
(2012: 3: 4: 7:45) - (Middleland) Total user(2)
(2012: 3: 4: 7:46) - (Middleland) Total user(2)
(2012: 3: 4: 7:47) - (Middleland) Total user(2)
(2012: 3: 4: 7:48) - (Middleland) Total user(2)
(2012: 3: 4: 7:49) - (Middleland) Total user(2)
(2012: 3: 4: 7:50) - (Middleland) Total user(2)
(2012: 3: 4: 7:51) - (Middleland) Total user(2)
(2012: 3: 4: 7:52) - (Middleland) Total user(2)
(2012: 3: 4: 7:53) - (Middleland) Total user(2)
(2012: 3: 4: 7:54) - (Middleland) Total user(2)
(2012: 3: 4: 7:55) - (Middleland) Total user(2)
(2012: 3: 4: 7:57) - (Middleland) Total user(2)
(2012: 3: 4: 7:58) - (Middleland) Total user(2)
(2012: 3: 4: 7:59) - (Middleland) Total user(2)
(2012: 3: 4: 8: 0) - (Middleland) Total user(2)
(2012: 3: 4: 8: 1) - (Middleland) Total user(2)
(2012: 3: 4: 8: 2) - (Middleland) Total user(2)
(2012: 3: 4: 8: 3) - (Middleland) Total user(2)
(2012: 3: 4: 8: 4) - (Middleland) Total user(2)
(2012: 3: 4: 8: 5) - (Middleland) Total user(2)
(2012: 3: 4: 8: 6) - (Middleland) Total user(2)
(2012: 3: 4: 8: 7) - (Middleland) Total user(2)
(2012: 3: 4: 8: 8) - (Middleland) Total user(2)
(2012: 3: 4: 8: 9) - (Middleland) Total user(2)
(2012: 3: 4: 8:10) - (Middleland) Total user(2)
(2012: 3: 4: 8:11) - (Middleland) Total user(2)
(2012: 3: 4: 8:12) - (Middleland) Total user(2)
(2012: 3: 4: 8:13) - (Middleland) Total user(2)
(2012: 3: 4: 8:14) - (Middleland) Total user(2)
(2012: 3: 4: 8:15) - (Middleland) Total user(2)
(2012: 3: 4: 8:16) - (Middleland) Total user(2)
(2012: 3: 4: 8:17) - (Middleland) Total user(2)
(2012: 3: 4: 8:18) - (Middleland) Total user(2)
(2012: 3: 4: 8:19) - (Middleland) Total user(2)
(2012: 3: 4: 8:20) - (Middleland) Total user(2)
(2012: 3: 4: 8:21) - (Middleland) Total user(2)
(2012: 3: 4: 8:22) - (Middleland) Total user(2)
(2012: 3: 4: 8:23) - (Middleland) Total user(2)
(2012: 3: 4: 8:24) - (Middleland) Total user(2)
(2012: 3: 4: 8:25) - (Middleland) Total user(2)
(2012: 3: 4: 8:26) - (Middleland) Total user(2)
(2012: 3: 4: 8:27) - (Middleland) Total user(2)
(2012: 3: 4: 8:28) - (Middleland) Total user(2)
(2012: 3: 4: 8:29) - (Middleland) Total user(2)
(2012: 3: 4: 8:30) - (Middleland) Total user(2)
(2012: 3: 4: 8:31) - (Middleland) Total user(2)
(2012: 3: 4: 8:32) - (Middleland) Total user(2)
(2012: 3: 4: 8:33) - (Middleland) Total user(2)
(2012: 3: 4: 8:34) - (Middleland) Total user(2)
(2012: 3: 4: 8:35) - (Middleland) Total user(2)
(2012: 3: 4: 8:36) - (Middleland) Total user(2)
(2012: 3: 4: 8:37) - (Middleland) Total user(2)
(2012: 3: 4: 8:38) - (Middleland) Total user(2)
(2012: 3: 4: 8:39) - (Middleland) Total user(2)
(2012: 3: 4: 8:40) - (Middleland) Total user(2)
(2012: 3: 4: 8:41) - (Middleland) Total user(2)
(2012: 3: 4: 8:42) - (Middleland) Total user(2)
(2012: 3: 4: 8:43) - (Middleland) Total user(2)
(2012: 3: 4: 8:44) - (Middleland) Total user(2)
(2012: 3: 4: 8:45) - (Middleland) Total user(2)
(2012: 3: 4: 8:46) - (Middleland) Total user(2)
(2012: 3: 4: 8:47) - (Middleland) Total user(2)
(2012: 3: 4: 8:48) - (Middleland) Total user(2)
(2012: 3: 4: 8:49) - (Middleland) Total user(2)
(2012: 3: 4: 8:50) - (Middleland) Total user(2)
(2012: 3: 4: 8:51) - (Middleland) Total user(2)
(2012: 3: 4: 8:52) - (Middleland) Total user(2)
(2012: 3: 4: 8:53) - (Middleland) Total user(2)
(2012: 3: 4: 8:54) - (Middleland) Total user(2)
(2012: 3: 4: 8:55) - (Middleland) Total user(2)
(2012: 3: 4: 8:57) - (Middleland) Total user(2)
(2012: 3: 4: 8:58) - (Middleland) Total user(2)
(2012: 3: 4: 8:59) - (Middleland) Total user(2)
(2012: 3: 4: 9: 0) - (Middleland) Total user(2)
(2012: 3: 4: 9: 1) - (Middleland) Total user(2)
(2012: 3: 4: 9: 2) - (Middleland) Total user(2)
(2012: 3: 4: 9: 3) - (Middleland) Total user(2)
(2012: 3: 4: 9: 4) - (Middleland) Total user(2)
(2012: 3: 4: 9: 5) - (Middleland) Total user(2)
(2012: 3: 4: 9: 6) - (Middleland) Total user(2)
(2012: 3: 4: 9: 7) - (Middleland) Total user(2)
(2012: 3: 4: 9: 8) - (Middleland) Total user(2)
(2012: 3: 4: 9: 9) - (Middleland) Total user(2)
(2012: 3: 4: 9:10) - (Middleland) Total user(2)
(2012: 3: 4: 9:11) - (Middleland) Total user(2)
(2012: 3: 4: 9:12) - (Middleland) Total user(2)
(2012: 3: 4: 9:13) - (Middleland) Total user(2)
(2012: 3: 4: 9:14) - (Middleland) Total user(2)
(2012: 3: 4: 9:15) - (Middleland) Total user(2)
(2012: 3: 4: 9:16) - (Middleland) Total user(2)
(2012: 3: 4: 9:17) - (Middleland) Total user(2)
(2012: 3: 4: 9:18) - (Middleland) Total user(2)
(2012: 3: 4: 9:19) - (Middleland) Total user(2)
(2012: 3: 4: 9:20) - (Middleland) Total user(2)
(2012: 3: 4: 9:21) - (Middleland) Total user(2)
(2012: 3: 4: 9:22) - (Middleland) Total user(2)
(2012: 3: 4: 9:23) - (Middleland) Total user(2)
(2012: 3: 4: 9:24) - (Middleland) Total user(2)
(2012: 3: 4: 9:25) - (Middleland) Total user(2)
(2012: 3: 4: 9:26) - (Middleland) Total user(2)
(2012: 3: 4: 9:27) - (Middleland) Total user(2)
(2012: 3: 4: 9:28) - (Middleland) Total user(2)
(2012: 3: 4: 9:29) - (Middleland) Total user(2)
(2012: 3: 4: 9:30) - (Middleland) Total user(2)
(2012: 3: 4: 9:31) - (Middleland) Total user(2)
(2012: 3: 4: 9:32) - (Middleland) Total user(2)
(2012: 3: 4: 9:33) - (Middleland) Total user(2)
(2012: 3: 4: 9:34) - (Middleland) Total user(2)
(2012: 3: 4: 9:35) - (Middleland) Total user(2)
(2012: 3: 4: 9:36) - (Middleland) Total user(2)
(2012: 3: 4: 9:37) - (Middleland) Total user(2)
(2012: 3: 4: 9:38) - (Middleland) Total user(2)
(2012: 3: 4: 9:39) - (Middleland) Total user(2)
(2012: 3: 4: 9:40) - (Middleland) Total user(2)
(2012: 3: 4: 9:41) - (Middleland) Total user(2)
(2012: 3: 4: 9:42) - (Middleland) Total user(2)
(2012: 3: 4: 9:43) - (Middleland) Total user(2)
(2012: 3: 4: 9:44) - (Middleland) Total user(2)
(2012: 3: 4: 9:45) - (Middleland) Total user(2)
(2012: 3: 4: 9:46) - (Middleland) Total user(2)
(2012: 3: 4: 9:47) - (Middleland) Total user(2)
(2012: 3: 4: 9:48) - (Middleland) Total user(2)
(2012: 3: 4: 9:49) - (Middleland) Total user(2)
(2012: 3: 4: 9:50) - (Middleland) Total user(2)
(2012: 3: 4: 9:51) - (Middleland) Total user(2)
(2012: 3: 4: 9:52) - (Middleland) Total user(2)
(2012: 3: 4: 9:53) - (Middleland) Total user(2)
(2012: 3: 4: 9:54) - (Middleland) Total user(2)
(2012: 3: 4: 9:55) - (Middleland) Total user(2)
(2012: 3: 4: 9:56) - (Middleland) Total user(2)
(2012: 3: 4: 9:58) - (Middleland) Total user(2)
(2012: 3: 4: 9:59) - (Middleland) Total user(2)
(2012: 3: 4:10: 0) - (Middleland) Total user(2)
(2012: 3: 4:10: 1) - (Middleland) Total user(2)
(2012: 3: 4:10: 2) - (Middleland) Total user(2)
(2012: 3: 4:10: 3) - (Middleland) Total user(2)
(2012: 3: 4:10: 4) - (Middleland) Total user(2)
(2012: 3: 4:10: 5) - (Middleland) Total user(2)
(2012: 3: 4:10: 6) - (Middleland) Total user(2)
(2012: 3: 4:10: 7) - (Middleland) Total user(2)
(2012: 3: 4:10: 8) - (Middleland) Total user(2)
(2012: 3: 4:10: 9) - (Middleland) Total user(2)
(2012: 3: 4:10:10) - (Middleland) Total user(2)
(2012: 3: 4:10:11) - (Middleland) Total user(2)
(2012: 3: 4:10:12) - (Middleland) Total user(2)
(2012: 3: 4:10:13) - (Middleland) Total user(2)
(2012: 3: 4:10:14) - (Middleland) Total user(2)
(2012: 3: 4:10:15) - (Middleland) Total user(2)
(2012: 3: 4:10:16) - (Middleland) Total user(2)
(2012: 3: 4:10:17) - (Middleland) Total user(2)
(2012: 3: 4:10:18) - (Middleland) Total user(2)
(2012: 3: 4:10:19) - (Middleland) Total user(2)
(2012: 3: 4:10:20) - (Middleland) Total user(2)
(2012: 3: 4:10:21) - (Middleland) Total user(2)
(2012: 3: 4:10:22) - (Middleland) Total user(2)
(2012: 3: 4:10:23) - (Middleland) Total user(2)
(2012: 3: 4:10:24) - (Middleland) Total user(2)
(2012: 3: 4:10:25) - (Middleland) Total user(2)
(2012: 3: 4:10:26) - (Middleland) Total user(2)
(2012: 3: 4:10:27) - (Middleland) Total user(2)
(2012: 3: 4:10:28) - (Middleland) Total user(2)
(2012: 3: 4:10:29) - (Middleland) Total user(2)
(2012: 3: 4:10:30) - (Middleland) Total user(2)
(2012: 3: 4:10:31) - (Middleland) Total user(2)
(2012: 3: 4:10:32) - (Middleland) Total user(2)
(2012: 3: 4:10:33) - (Middleland) Total user(2)
(2012: 3: 4:10:34) - (Middleland) Total user(3)
(2012: 3: 4:10:35) - (Middleland) Total user(2)
(2012: 3: 4:10:36) - (Middleland) Total user(3)
(2012: 3: 4:10:37) - (Middleland) Total user(2)
(2012: 3: 4:10:38) - (Middleland) Total user(2)
(2012: 3: 4:10:39) - (Middleland) Total user(2)
(2012: 3: 4:10:40) - (Middleland) Total user(2)
(2012: 3: 4:10:41) - (Middleland) Total user(3)
(2012: 3: 4:10:42) - (Middleland) Total user(3)
(2012: 3: 4:10:43) - (Middleland) Total user(3)
(2012: 3: 4:10:44) - (Middleland) Total user(3)
(2012: 3: 4:10:45) - (Middleland) Total user(3)
(2012: 3: 4:10:46) - (Middleland) Total user(3)
(2012: 3: 4:10:47) - (Middleland) Total user(3)
(2012: 3: 4:10:48) - (Middleland) Total user(3)
(2012: 3: 4:10:49) - (Middleland) Total user(3)
(2012: 3: 4:10:50) - (Middleland) Total user(3)
(2012: 3: 4:10:51) - (Middleland) Total user(4)
(2012: 3: 4:10:52) - (Middleland) Total user(4)
(2012: 3: 4:10:53) - (Middleland) Total user(4)
(2012: 3: 4:10:54) - (Middleland) Total user(4)
(2012: 3: 4:10:55) - (Middleland) Total user(4)
(2012: 3: 4:10:56) - (Middleland) Total user(4)
(2012: 3: 4:10:57) - (Middleland) Total user(4)
(2012: 3: 4:10:59) - (Middleland) Total user(4)
(2012: 3: 4:11: 0) - (Middleland) Total user(4)
(2012: 3: 4:11: 1) - (Middleland) Total user(3)
(2012: 3: 4:11: 2) - (Middleland) Total user(3)
(2012: 3: 4:11: 3) - (Middleland) Total user(4)
(2012: 3: 4:11: 4) - (Middleland) Total user(4)
(2012: 3: 4:11: 5) - (Middleland) Total user(4)
(2012: 3: 4:11: 6) - (Middleland) Total user(3)
(2012: 3: 4:11: 7) - (Middleland) Total user(3)
(2012: 3: 4:11: 8) - (Middleland) Total user(3)
(2012: 3: 4:11: 9) - (Middleland) Total user(3)
(2012: 3: 4:11:10) - (Middleland) Total user(3)
(2012: 3: 4:11:11) - (Middleland) Total user(4)
(2012: 3: 4:11:12) - (Middleland) Total user(4)
(2012: 3: 4:11:13) - (Middleland) Total user(4)
(2012: 3: 4:11:14) - (Middleland) Total user(4)
(2012: 3: 4:11:15) - (Middleland) Total user(4)
(2012: 3: 4:11:16) - (Middleland) Total user(4)
(2012: 3: 4:11:17) - (Middleland) Total user(4)
(2012: 3: 4:11:18) - (Middleland) Total user(4)
(2012: 3: 4:11:19) - (Middleland) Total user(4)
(2012: 3: 4:11:20) - (Middleland) Total user(4)
(2012: 3: 4:11:21) - (Middleland) Total user(4)
(2012: 3: 4:11:22) - (Middleland) Total user(4)
(2012: 3: 4:11:23) - (Middleland) Total user(4)
(2012: 3: 4:11:24) - (Middleland) Total user(4)
(2012: 3: 4:11:25) - (Middleland) Total user(4)
(2012: 3: 4:11:26) - (Middleland) Total user(4)
(2012: 3: 4:11:27) - (Middleland) Total user(4)
(2012: 3: 4:11:28) - (Middleland) Total user(4)
(2012: 3: 4:11:29) - (Middleland) Total user(4)
(2012: 3: 4:11:30) - (Middleland) Total user(4)
(2012: 3: 4:11:31) - (Middleland) Total user(4)
(2012: 3: 4:11:32) - (Middleland) Total user(4)
(2012: 3: 4:11:33) - (Middleland) Total user(3)
(2012: 3: 4:11:34) - (Middleland) Total user(4)
(2012: 3: 4:11:35) - (Middleland) Total user(4)
(2012: 3: 4:11:36) - (Middleland) Total user(4)
(2012: 3: 4:11:37) - (Middleland) Total user(4)
(2012: 3: 4:11:38) - (Middleland) Total user(4)
(2012: 3: 4:11:39) - (Middleland) Total user(4)
(2012: 3: 4:11:40) - (Middleland) Total user(4)
(2012: 3: 4:11:41) - (Middleland) Total user(4)
(2012: 3: 4:11:42) - (Middleland) Total user(4)
(2012: 3: 4:11:43) - (Middleland) Total user(4)
(2012: 3: 4:11:44) - (Middleland) Total user(4)
(2012: 3: 4:11:45) - (Middleland) Total user(4)
(2012: 3: 4:11:46) - (Middleland) Total user(4)
(2012: 3: 4:11:47) - (Middleland) Total user(4)
(2012: 3: 4:11:48) - (Middleland) Total user(4)
(2012: 3: 4:11:49) - (Middleland) Total user(4)
(2012: 3: 4:11:50) - (Middleland) Total user(4)
(2012: 3: 4:11:51) - (Middleland) Total user(4)
(2012: 3: 4:11:52) - (Middleland) Total user(4)
(2012: 3: 4:11:53) - (Middleland) Total user(4)
(2012: 3: 4:11:54) - (Middleland) Total user(4)
(2012: 3: 4:11:55) - (Middleland) Total user(4)
(2012: 3: 4:11:56) - (Middleland) Total user(4)
(2012: 3: 4:11:57) - (Middleland) Total user(4)
(2012: 3: 4:11:58) - (Middleland) Total user(3)
(2012: 3: 4:12: 0) - (Middleland) Total user(3)
(2012: 3: 4:12: 1) - (Middleland) Total user(3)
(2012: 3: 4:12: 2) - (Middleland) Total user(3)
(2012: 3: 4:12: 3) - (Middleland) Total user(3)
(2012: 3: 4:12: 4) - (Middleland) Total user(3)
(2012: 3: 4:12: 5) - (Middleland) Total user(3)
(2012: 3: 4:12: 6) - (Middleland) Total user(3)
(2012: 3: 4:12: 7) - (Middleland) Total user(3)
(2012: 3: 4:12: 8) - (Middleland) Total user(3)
(2012: 3: 4:12: 9) - (Middleland) Total user(3)
(2012: 3: 4:12:10) - (Middleland) Total user(3)
(2012: 3: 4:12:11) - (Middleland) Total user(3)
(2012: 3: 4:12:12) - (Middleland) Total user(3)
(2012: 3: 4:12:13) - (Middleland) Total user(3)
(2012: 3: 4:12:14) - (Middleland) Total user(3)
(2012: 3: 4:12:15) - (Middleland) Total user(3)
(2012: 3: 4:12:16) - (Middleland) Total user(3)
(2012: 3: 4:12:17) - (Middleland) Total user(3)
(2012: 3: 4:12:18) - (Middleland) Total user(3)
(2012: 3: 4:12:19) - (Middleland) Total user(3)
(2012: 3: 4:12:20) - (Middleland) Total user(3)
(2012: 3: 4:12:21) - (Middleland) Total user(3)
(2012: 3: 4:12:22) - (Middleland) Total user(3)
(2012: 3: 4:12:23) - (Middleland) Total user(3)
(2012: 3: 4:12:24) - (Middleland) Total user(3)
(2012: 3: 4:12:25) - (Middleland) Total user(3)
(2012: 3: 4:12:26) - (Middleland) Total user(3)
(2012: 3: 4:12:27) - (Middleland) Total user(3)
(2012: 3: 4:12:28) - (Middleland) Total user(3)
(2012: 3: 4:12:29) - (Middleland) Total user(3)
(2012: 3: 4:12:30) - (Middleland) Total user(3)
(2012: 3: 4:12:31) - (Middleland) Total user(3)
(2012: 3: 4:12:32) - (Middleland) Total user(3)
(2012: 3: 4:12:33) - (Middleland) Total user(3)
(2012: 3: 4:12:34) - (Middleland) Total user(3)
(2012: 3: 4:12:35) - (Middleland) Total user(4)
(2012: 3: 4:12:36) - (Middleland) Total user(3)
(2012: 3: 4:12:37) - (Middleland) Total user(3)
(2012: 3: 4:12:38) - (Middleland) Total user(3)
(2012: 3: 4:12:39) - (Middleland) Total user(3)
(2012: 3: 4:12:40) - (Middleland) Total user(3)
(2012: 3: 4:12:41) - (Middleland) Total user(3)
(2012: 3: 4:12:42) - (Middleland) Total user(3)
(2012: 3: 4:12:43) - (Middleland) Total user(3)
(2012: 3: 4:12:44) - (Middleland) Total user(3)
(2012: 3: 4:12:45) - (Middleland) Total user(3)
(2012: 3: 4:12:46) - (Middleland) Total user(3)
(2012: 3: 4:12:47) - (Middleland) Total user(2)
(2012: 3: 4:12:48) - (Middleland) Total user(2)
(2012: 3: 4:12:49) - (Middleland) Total user(2)
(2012: 3: 4:12:50) - (Middleland) Total user(2)
(2012: 3: 4:12:51) - (Middleland) Total user(2)
(2012: 3: 4:12:52) - (Middleland) Total user(2)
(2012: 3: 4:12:53) - (Middleland) Total user(3)
(2012: 3: 4:12:54) - (Middleland) Total user(3)
(2012: 3: 4:12:55) - (Middleland) Total user(3)
(2012: 3: 4:12:56) - (Middleland) Total user(3)
(2012: 3: 4:12:57) - (Middleland) Total user(3)
(2012: 3: 4:12:58) - (Middleland) Total user(3)
(2012: 3: 4:12:59) - (Middleland) Total user(3)
(2012: 3: 4:13: 1) - (Middleland) Total user(3)
(2012: 3: 4:13: 2) - (Middleland) Total user(3)
(2012: 3: 4:13: 3) - (Middleland) Total user(3)
(2012: 3: 4:13: 4) - (Middleland) Total user(3)
(2012: 3: 4:13: 5) - (Middleland) Total user(3)
(2012: 3: 4:13: 6) - (Middleland) Total user(3)
(2012: 3: 4:13: 7) - (Middleland) Total user(3)
(2012: 3: 4:13: 8) - (Middleland) Total user(3)
(2012: 3: 4:13: 9) - (Middleland) Total user(3)
(2012: 3: 4:13:10) - (Middleland) Total user(3)
(2012: 3: 4:13:11) - (Middleland) Total user(3)
(2012: 3: 4:13:12) - (Middleland) Total user(3)
(2012: 3: 4:13:13) - (Middleland) Total user(3)
(2012: 3: 4:13:14) - (Middleland) Total user(3)
(2012: 3: 4:13:15) - (Middleland) Total user(3)
(2012: 3: 4:13:16) - (Middleland) Total user(3)
(2012: 3: 4:13:17) - (Middleland) Total user(3)
(2012: 3: 4:13:18) - (Middleland) Total user(3)
(2012: 3: 4:13:19) - (Middleland) Total user(3)
(2012: 3: 4:13:20) - (Middleland) Total user(3)
(2012: 3: 4:13:21) - (Middleland) Total user(3)
(2012: 3: 4:13:22) - (Middleland) Total user(3)
(2012: 3: 4:13:23) - (Middleland) Total user(3)
(2012: 3: 4:13:24) - (Middleland) Total user(3)
(2012: 3: 4:13:25) - (Middleland) Total user(3)
(2012: 3: 4:13:26) - (Middleland) Total user(3)
(2012: 3: 4:13:27) - (Middleland) Total user(3)
(2012: 3: 4:13:28) - (Middleland) Total user(3)
(2012: 3: 4:13:29) - (Middleland) Total user(3)
(2012: 3: 4:13:30) - (Middleland) Total user(3)
(2012: 3: 4:13:31) - (Middleland) Total user(3)
(2012: 3: 4:13:32) - (Middleland) Total user(3)
(2012: 3: 4:13:33) - (Middleland) Total user(3)
(2012: 3: 4:13:34) - (Middleland) Total user(3)
(2012: 3: 4:13:35) - (Middleland) Total user(3)
(2012: 3: 4:13:36) - (Middleland) Total user(3)
(2012: 3: 4:13:37) - (Middleland) Total user(3)
(2012: 3: 4:13:38) - (Middleland) Total user(3)
(2012: 3: 4:13:39) - (Middleland) Total user(3)
(2012: 3: 4:13:40) - (Middleland) Total user(3)
(2012: 3: 4:13:41) - (Middleland) Total user(3)
(2012: 3: 4:13:42) - (Middleland) Total user(3)
(2012: 3: 4:13:43) - (Middleland) Total user(3)
(2012: 3: 4:13:44) - (Middleland) Total user(3)
(2012: 3: 4:13:45) - (Middleland) Total user(3)
(2012: 3: 4:13:46) - (Middleland) Total user(3)
(2012: 3: 4:13:47) - (Middleland) Total user(3)
(2012: 3: 4:13:48) - (Middleland) Total user(3)
(2012: 3: 4:13:49) - (Middleland) Total user(3)
(2012: 3: 4:13:50) - (Middleland) Total user(3)
(2012: 3: 4:13:51) - (Middleland) Total user(3)
(2012: 3: 4:13:52) - (Middleland) Total user(3)
(2012: 3: 4:13:53) - (Middleland) Total user(3)
(2012: 3: 4:13:54) - (Middleland) Total user(3)
(2012: 3: 4:13:55) - (Middleland) Total user(3)
(2012: 3: 4:13:56) - (Middleland) Total user(3)
(2012: 3: 4:13:57) - (Middleland) Total user(3)
(2012: 3: 4:13:58) - (Middleland) Total user(3)
(2012: 3: 4:13:59) - (Middleland) Total user(3)
(2012: 3: 4:14: 1) - (Middleland) Total user(3)
(2012: 3: 4:14: 2) - (Middleland) Total user(3)
(2012: 3: 4:14: 3) - (Middleland) Total user(3)
(2012: 3: 4:14: 4) - (Middleland) Total user(3)
(2012: 3: 4:14: 5) - (Middleland) Total user(3)
(2012: 3: 4:14: 6) - (Middleland) Total user(3)
(2012: 3: 4:14: 7) - (Middleland) Total user(3)
(2012: 3: 4:14: 8) - (Middleland) Total user(3)
(2012: 3: 4:14: 9) - (Middleland) Total user(3)
(2012: 3: 4:14:10) - (Middleland) Total user(3)
(2012: 3: 4:14:11) - (Middleland) Total user(3)
(2012: 3: 4:14:12) - (Middleland) Total user(3)
(2012: 3: 4:14:13) - (Middleland) Total user(3)
(2012: 3: 4:14:14) - (Middleland) Total user(3)
(2012: 3: 4:14:15) - (Middleland) Total user(3)
(2012: 3: 4:14:16) - (Middleland) Total user(3)
(2012: 3: 4:14:17) - (Middleland) Total user(3)
(2012: 3: 4:14:18) - (Middleland) Total user(3)
(2012: 3: 4:14:19) - (Middleland) Total user(2)
(2012: 3: 4:14:20) - (Middleland) Total user(3)
(2012: 3: 4:14:21) - (Middleland) Total user(3)
(2012: 3: 4:14:22) - (Middleland) Total user(3)
(2012: 3: 4:14:23) - (Middleland) Total user(2)
(2012: 3: 4:14:24) - (Middleland) Total user(2)
(2012: 3: 4:14:25) - (Middleland) Total user(2)
(2012: 3: 4:14:26) - (Middleland) Total user(2)
(2012: 3: 4:14:27) - (Middleland) Total user(2)
(2012: 3: 4:14:28) - (Middleland) Total user(3)
(2012: 3: 4:14:29) - (Middleland) Total user(3)
(2012: 3: 4:14:30) - (Middleland) Total user(3)
(2012: 3: 4:14:31) - (Middleland) Total user(3)
(2012: 3: 4:14:32) - (Middleland) Total user(3)
(2012: 3: 4:14:33) - (Middleland) Total user(3)
(2012: 3: 4:14:34) - (Middleland) Total user(3)
(2012: 3: 4:14:35) - (Middleland) Total user(3)
(2012: 3: 4:14:36) - (Middleland) Total user(3)
(2012: 3: 4:14:37) - (Middleland) Total user(3)
(2012: 3: 4:14:38) - (Middleland) Total user(3)
(2012: 3: 4:14:39) - (Middleland) Total user(3)
(2012: 3: 4:14:40) - (Middleland) Total user(3)
(2012: 3: 4:14:41) - (Middleland) Total user(3)
(2012: 3: 4:14:42) - (Middleland) Total user(3)
(2012: 3: 4:14:43) - (Middleland) Total user(3)
(2012: 3: 4:14:44) - (Middleland) Total user(3)
(2012: 3: 4:14:45) - (Middleland) Total user(3)
(2012: 3: 4:14:46) - (Middleland) Total user(3)
(2012: 3: 4:14:47) - (Middleland) Total user(3)
(2012: 3: 4:14:48) - (Middleland) Total user(3)
(2012: 3: 4:14:49) - (Middleland) Total user(3)
(2012: 3: 4:14:50) - (Middleland) Total user(3)
(2012: 3: 4:14:51) - (Middleland) Total user(3)
(2012: 3: 4:14:52) - (Middleland) Total user(4)
(2012: 3: 4:14:53) - (Middleland) Total user(4)
(2012: 3: 4:14:54) - (Middleland) Total user(4)
(2012: 3: 4:14:55) - (Middleland) Total user(4)
(2012: 3: 4:14:56) - (Middleland) Total user(4)
(2012: 3: 4:14:57) - (Middleland) Total user(4)
(2012: 3: 4:14:58) - (Middleland) Total user(4)
(2012: 3: 4:14:59) - (Middleland) Total user(4)
(2012: 3: 4:15: 0) - (Middleland) Total user(5)
(2012: 3: 4:15: 2) - (Middleland) Total user(5)
(2012: 3: 4:15: 3) - (Middleland) Total user(5)
(2012: 3: 4:15: 4) - (Middleland) Total user(5)
(2012: 3: 4:15: 5) - (Middleland) Total user(5)
(2012: 3: 4:15: 6) - (Middleland) Total user(5)
(2012: 3: 4:15: 7) - (Middleland) Total user(5)
(2012: 3: 4:15: 8) - (Middleland) Total user(5)
(2012: 3: 4:15: 9) - (Middleland) Total user(5)
(2012: 3: 4:15:10) - (Middleland) Total user(5)
(2012: 3: 4:15:11) - (Middleland) Total user(5)
(2012: 3: 4:15:12) - (Middleland) Total user(5)
(2012: 3: 4:15:13) - (Middleland) Total user(5)
(2012: 3: 4:15:14) - (Middleland) Total user(5)
(2012: 3: 4:15:15) - (Middleland) Total user(5)
(2012: 3: 4:15:16) - (Middleland) Total user(5)
(2012: 3: 4:15:17) - (Middleland) Total user(5)
(2012: 3: 4:15:18) - (Middleland) Total user(5)
(2012: 3: 4:15:19) - (Middleland) Total user(5)
(2012: 3: 4:15:20) - (Middleland) Total user(5)
(2012: 3: 4:15:21) - (Middleland) Total user(5)
(2012: 3: 4:15:22) - (Middleland) Total user(5)
(2012: 3: 4:15:23) - (Middleland) Total user(5)
(2012: 3: 4:15:24) - (Middleland) Total user(5)
(2012: 3: 4:15:25) - (Middleland) Total user(5)
(2012: 3: 4:15:26) - (Middleland) Total user(5)
(2012: 3: 4:15:27) - (Middleland) Total user(5)
(2012: 3: 4:15:28) - (Middleland) Total user(5)
(2012: 3: 4:15:29) - (Middleland) Total user(5)
(2012: 3: 4:15:30) - (Middleland) Total user(5)
(2012: 3: 4:15:31) - (Middleland) Total user(5)
(2012: 3: 4:15:32) - (Middleland) Total user(5)
(2012: 3: 4:15:33) - (Middleland) Total user(5)
(2012: 3: 4:15:34) - (Middleland) Total user(5)
(2012: 3: 4:15:35) - (Middleland) Total user(5)
(2012: 3: 4:15:36) - (Middleland) Total user(5)
(2012: 3: 4:15:37) - (Middleland) Total user(5)
(2012: 3: 4:15:38) - (Middleland) Total user(5)
(2012: 3: 4:15:39) - (Middleland) Total user(5)
(2012: 3: 4:15:40) - (Middleland) Total user(5)
(2012: 3: 4:15:41) - (Middleland) Total user(5)
(2012: 3: 4:15:42) - (Middleland) Total user(5)
(2012: 3: 4:15:43) - (Middleland) Total user(5)
(2012: 3: 4:15:44) - (Middleland) Total user(5)
(2012: 3: 4:15:45) - (Middleland) Total user(5)
(2012: 3: 4:15:46) - (Middleland) Total user(5)
(2012: 3: 4:15:47) - (Middleland) Total user(5)
(2012: 3: 4:15:48) - (Middleland) Total user(5)
(2012: 3: 4:15:49) - (Middleland) Total user(5)
(2012: 3: 4:15:50) - (Middleland) Total user(5)
(2012: 3: 4:15:51) - (Middleland) Total user(6)
(2012: 3: 4:15:52) - (Middleland) Total user(6)
(2012: 3: 4:15:53) - (Middleland) Total user(6)
(2012: 3: 4:15:54) - (Middleland) Total user(6)
(2012: 3: 4:15:55) - (Middleland) Total user(6)
(2012: 3: 4:15:56) - (Middleland) Total user(6)
(2012: 3: 4:15:57) - (Middleland) Total user(6)
(2012: 3: 4:15:58) - (Middleland) Total user(6)
(2012: 3: 4:15:59) - (Middleland) Total user(6)
(2012: 3: 4:16: 0) - (Middleland) Total user(6)
(2012: 3: 4:16: 1) - (Middleland) Total user(6)
(2012: 3: 4:16: 3) - (Middleland) Total user(6)
(2012: 3: 4:16: 4) - (Middleland) Total user(6)
(2012: 3: 4:16: 5) - (Middleland) Total user(6)
(2012: 3: 4:16: 6) - (Middleland) Total user(6)
(2012: 3: 4:16: 7) - (Middleland) Total user(6)
(2012: 3: 4:16: 8) - (Middleland) Total user(6)
(2012: 3: 4:16: 9) - (Middleland) Total user(6)
(2012: 3: 4:16:10) - (Middleland) Total user(6)
(2012: 3: 4:16:11) - (Middleland) Total user(6)
(2012: 3: 4:16:12) - (Middleland) Total user(6)
(2012: 3: 4:16:13) - (Middleland) Total user(6)
(2012: 3: 4:16:14) - (Middleland) Total user(6)
(2012: 3: 4:16:15) - (Middleland) Total user(6)
(2012: 3: 4:16:16) - (Middleland) Total user(6)
(2012: 3: 4:16:17) - (Middleland) Total user(6)
(2012: 3: 4:16:18) - (Middleland) Total user(5)
(2012: 3: 4:16:19) - (Middleland) Total user(5)
(2012: 3: 4:16:20) - (Middleland) Total user(5)
(2012: 3: 4:16:21) - (Middleland) Total user(5)
(2012: 3: 4:16:22) - (Middleland) Total user(5)
(2012: 3: 4:16:23) - (Middleland) Total user(5)
(2012: 3: 4:16:24) - (Middleland) Total user(5)
(2012: 3: 4:16:25) - (Middleland) Total user(5)
(2012: 3: 4:16:26) - (Middleland) Total user(5)
(2012: 3: 4:16:27) - (Middleland) Total user(5)
(2012: 3: 4:16:28) - (Middleland) Total user(5)
(2012: 3: 4:16:29) - (Middleland) Total user(5)
(2012: 3: 4:16:30) - (Middleland) Total user(5)
(2012: 3: 4:16:31) - (Middleland) Total user(5)
(2012: 3: 4:16:32) - (Middleland) Total user(5)
(2012: 3: 4:16:33) - (Middleland) Total user(4)
(2012: 3: 4:16:34) - (Middleland) Total user(4)
(2012: 3: 4:16:35) - (Middleland) Total user(4)
(2012: 3: 4:16:36) - (Middleland) Total user(5)
(2012: 3: 4:16:37) - (Middleland) Total user(5)
(2012: 3: 4:16:38) - (Middleland) Total user(5)
(2012: 3: 4:16:39) - (Middleland) Total user(5)
(2012: 3: 4:16:40) - (Middleland) Total user(5)
(2012: 3: 4:16:41) - (Middleland) Total user(5)
(2012: 3: 4:16:42) - (Middleland) Total user(5)
(2012: 3: 4:16:43) - (Middleland) Total user(5)
(2012: 3: 4:16:44) - (Middleland) Total user(5)
(2012: 3: 4:16:45) - (Middleland) Total user(5)
(2012: 3: 4:16:46) - (Middleland) Total user(5)
(2012: 3: 4:16:47) - (Middleland) Total user(5)
(2012: 3: 4:16:48) - (Middleland) Total user(5)
(2012: 3: 4:16:49) - (Middleland) Total user(5)
(2012: 3: 4:16:50) - (Middleland) Total user(5)
(2012: 3: 4:16:51) - (Middleland) Total user(5)
(2012: 3: 4:16:52) - (Middleland) Total user(5)
(2012: 3: 4:16:53) - (Middleland) Total user(5)
(2012: 3: 4:16:54) - (Middleland) Total user(5)
(2012: 3: 4:16:55) - (Middleland) Total user(5)
(2012: 3: 4:16:56) - (Middleland) Total user(5)
(2012: 3: 4:16:57) - (Middleland) Total user(5)
(2012: 3: 4:16:58) - (Middleland) Total user(5)
(2012: 3: 4:16:59) - (Middleland) Total user(5)
(2012: 3: 4:17: 0) - (Middleland) Total user(5)
(2012: 3: 4:17: 1) - (Middleland) Total user(5)
(2012: 3: 4:17: 2) - (Middleland) Total user(5)
(2012: 3: 4:17: 3) - (Middleland) Total user(5)
(2012: 3: 4:17: 4) - (Middleland) Total user(5)
(2012: 3: 4:17: 6) - (Middleland) Total user(5)
(2012: 3: 4:17: 7) - (Middleland) Total user(5)
(2012: 3: 4:17: 8) - (Middleland) Total user(5)
(2012: 3: 4:17: 9) - (Middleland) Total user(5)
(2012: 3: 4:17:10) - (Middleland) Total user(5)
(2012: 3: 4:17:11) - (Middleland) Total user(5)
(2012: 3: 4:17:12) - (Middleland) Total user(6)
(2012: 3: 4:17:13) - (Middleland) Total user(6)
(2012: 3: 4:17:14) - (Middleland) Total user(6)
(2012: 3: 4:17:15) - (Middleland) Total user(6)
(2012: 3: 4:17:16) - (Middleland) Total user(6)
(2012: 3: 4:17:17) - (Middleland) Total user(6)
(2012: 3: 4:17:18) - (Middleland) Total user(6)
(2012: 3: 4:17:19) - (Middleland) Total user(6)
(2012: 3: 4:17:20) - (Middleland) Total user(6)
(2012: 3: 4:17:21) - (Middleland) Total user(6)
(2012: 3: 4:17:22) - (Middleland) Total user(6)
(2012: 3: 4:17:23) - (Middleland) Total user(6)
(2012: 3: 4:17:24) - (Middleland) Total user(6)
(2012: 3: 4:17:25) - (Middleland) Total user(6)
(2012: 3: 4:17:26) - (Middleland) Total user(6)
(2012: 3: 4:17:27) - (Middleland) Total user(6)
(2012: 3: 4:17:28) - (Middleland) Total user(6)
(2012: 3: 4:17:29) - (Middleland) Total user(6)
(2012: 3: 4:17:30) - (Middleland) Total user(6)
(2012: 3: 4:17:31) - (Middleland) Total user(6)
(2012: 3: 4:17:32) - (Middleland) Total user(6)
(2012: 3: 4:17:33) - (Middleland) Total user(6)
(2012: 3: 4:17:34) - (Middleland) Total user(6)
(2012: 3: 4:17:35) - (Middleland) Total user(6)
(2012: 3: 4:17:36) - (Middleland) Total user(6)
(2012: 3: 4:17:37) - (Middleland) Total user(6)
(2012: 3: 4:17:38) - (Middleland) Total user(6)
(2012: 3: 4:17:39) - (Middleland) Total user(6)
(2012: 3: 4:17:40) - (Middleland) Total user(5)
(2012: 3: 4:17:41) - (Middleland) Total user(5)
(2012: 3: 4:17:42) - (Middleland) Total user(5)
(2012: 3: 4:17:43) - (Middleland) Total user(5)
(2012: 3: 4:17:44) - (Middleland) Total user(4)
(2012: 3: 4:17:45) - (Middleland) Total user(4)
(2012: 3: 4:17:46) - (Middleland) Total user(4)
(2012: 3: 4:17:47) - (Middleland) Total user(4)
(2012: 3: 4:17:48) - (Middleland) Total user(4)
(2012: 3: 4:17:49) - (Middleland) Total user(4)
(2012: 3: 4:17:50) - (Middleland) Total user(4)
(2012: 3: 4:17:51) - (Middleland) Total user(4)
(2012: 3: 4:17:52) - (Middleland) Total user(4)
(2012: 3: 4:17:53) - (Middleland) Total user(4)
(2012: 3: 4:17:54) - (Middleland) Total user(5)
(2012: 3: 4:17:55) - (Middleland) Total user(5)
(2012: 3: 4:17:56) - (Middleland) Total user(4)
(2012: 3: 4:17:57) - (Middleland) Total user(3)
(2012: 3: 4:17:58) - (Middleland) Total user(3)
(2012: 3: 4:17:59) - (Middleland) Total user(3)
(2012: 3: 4:18: 0) - (Middleland) Total user(3)
(2012: 3: 4:18: 1) - (Middleland) Total user(3)
(2012: 3: 4:18: 2) - (Middleland) Total user(3)
(2012: 3: 4:18: 3) - (Middleland) Total user(3)
(2012: 3: 4:18: 4) - (Middleland) Total user(4)
(2012: 3: 4:18: 5) - (Middleland) Total user(4)
(2012: 3: 4:18: 7) - (Middleland) Total user(5)
(2012: 3: 4:18: 8) - (Middleland) Total user(5)
(2012: 3: 4:18: 9) - (Middleland) Total user(4)
(2012: 3: 4:18:10) - (Middleland) Total user(5)
(2012: 3: 4:18:11) - (Middleland) Total user(4)
(2012: 3: 4:18:12) - (Middleland) Total user(3)
(2012: 3: 4:18:13) - (Middleland) Total user(4)
(2012: 3: 4:18:14) - (Middleland) Total user(3)
(2012: 3: 4:18:15) - (Middleland) Total user(3)
(2012: 3: 4:18:16) - (Middleland) Total user(4)
(2012: 3: 4:18:17) - (Middleland) Total user(4)
(2012: 3: 4:18:18) - (Middleland) Total user(4)
(2012: 3: 4:18:19) - (Middleland) Total user(4)
(2012: 3: 4:18:20) - (Middleland) Total user(4)
(2012: 3: 4:18:21) - (Middleland) Total user(4)
(2012: 3: 4:18:22) - (Middleland) Total user(4)
(2012: 3: 4:18:23) - (Middleland) Total user(4)
(2012: 3: 4:18:24) - (Middleland) Total user(4)
(2012: 3: 4:18:25) - (Middleland) Total user(4)
(2012: 3: 4:18:26) - (Middleland) Total user(4)
(2012: 3: 4:18:27) - (Middleland) Total user(4)
(2012: 3: 4:18:28) - (Middleland) Total user(4)
(2012: 3: 4:18:29) - (Middleland) Total user(4)
(2012: 3: 4:18:30) - (Middleland) Total user(4)
(2012: 3: 4:18:31) - (Middleland) Total user(4)
(2012: 3: 4:18:32) - (Middleland) Total user(4)
(2012: 3: 4:18:33) - (Middleland) Total user(4)
(2012: 3: 4:18:34) - (Middleland) Total user(4)
(2012: 3: 4:18:35) - (Middleland) Total user(3)
(2012: 3: 4:18:36) - (Middleland) Total user(4)
(2012: 3: 4:18:37) - (Middleland) Total user(4)
(2012: 3: 4:18:38) - (Middleland) Total user(4)
(2012: 3: 4:18:39) - (Middleland) Total user(4)
(2012: 3: 4:18:40) - (Middleland) Total user(3)
(2012: 3: 4:18:41) - (Middleland) Total user(3)
(2012: 3: 4:18:42) - (Middleland) Total user(3)
(2012: 3: 4:18:43) - (Middleland) Total user(3)
(2012: 3: 4:18:44) - (Middleland) Total user(3)
(2012: 3: 4:18:45) - (Middleland) Total user(3)
(2012: 3: 4:18:46) - (Middleland) Total user(3)
(2012: 3: 4:18:47) - (Middleland) Total user(3)
(2012: 3: 4:18:48) - (Middleland) Total user(3)
(2012: 3: 4:18:49) - (Middleland) Total user(3)
(2012: 3: 4:18:50) - (Middleland) Total user(4)
(2012: 3: 4:18:51) - (Middleland) Total user(4)
(2012: 3: 4:18:52) - (Middleland) Total user(4)
(2012: 3: 4:18:53) - (Middleland) Total user(4)
(2012: 3: 4:18:54) - (Middleland) Total user(4)
(2012: 3: 4:18:55) - (Middleland) Total user(4)
(2012: 3: 4:18:56) - (Middleland) Total user(4)
(2012: 3: 4:18:57) - (Middleland) Total user(4)
(2012: 3: 4:18:58) - (Middleland) Total user(4)
(2012: 3: 4:18:59) - (Middleland) Total user(4)
(2012: 3: 4:19: 0) - (Middleland) Total user(4)
(2012: 3: 4:19: 1) - (Middleland) Total user(4)
(2012: 3: 4:19: 2) - (Middleland) Total user(4)
(2012: 3: 4:19: 3) - (Middleland) Total user(4)
(2012: 3: 4:19: 4) - (Middleland) Total user(4)
(2012: 3: 4:19: 5) - (Middleland) Total user(4)
(2012: 3: 4:19: 6) - (Middleland) Total user(4)
(2012: 3: 4:19: 8) - (Middleland) Total user(4)
(2012: 3: 4:19: 9) - (Middleland) Total user(4)
(2012: 3: 4:19:10) - (Middleland) Total user(4)
(2012: 3: 4:19:11) - (Middleland) Total user(4)
(2012: 3: 4:19:12) - (Middleland) Total user(4)
(2012: 3: 4:19:13) - (Middleland) Total user(4)
(2012: 3: 4:19:14) - (Middleland) Total user(4)
(2012: 3: 4:19:15) - (Middleland) Total user(4)
(2012: 3: 4:19:16) - (Middleland) Total user(4)
(2012: 3: 4:19:17) - (Middleland) Total user(4)
(2012: 3: 4:19:18) - (Middleland) Total user(4)
(2012: 3: 4:19:19) - (Middleland) Total user(4)
(2012: 3: 4:19:20) - (Middleland) Total user(4)
(2012: 3: 4:19:21) - (Middleland) Total user(4)
(2012: 3: 4:19:22) - (Middleland) Total user(4)
(2012: 3: 4:19:23) - (Middleland) Total user(4)
(2012: 3: 4:19:24) - (Middleland) Total user(4)
(2012: 3: 4:19:25) - (Middleland) Total user(4)
(2012: 3: 4:19:26) - (Middleland) Total user(4)
(2012: 3: 4:19:27) - (Middleland) Total user(4)
(2012: 3: 4:19:28) - (Middleland) Total user(4)
(2012: 3: 4:19:29) - (Middleland) Total user(4)
(2012: 3: 4:19:30) - (Middleland) Total user(4)
(2012: 3: 4:19:31) - (Middleland) Total user(5)
(2012: 3: 4:19:32) - (Middleland) Total user(6)
(2012: 3: 4:19:33) - (Middleland) Total user(6)
(2012: 3: 4:19:34) - (Middleland) Total user(6)
(2012: 3: 4:19:35) - (Middleland) Total user(6)
(2012: 3: 4:19:36) - (Middleland) Total user(6)
(2012: 3: 4:19:37) - (Middleland) Total user(6)
(2012: 3: 4:19:38) - (Middleland) Total user(6)
(2012: 3: 4:19:39) - (Middleland) Total user(6)
(2012: 3: 4:19:40) - (Middleland) Total user(6)
(2012: 3: 4:19:41) - (Middleland) Total user(6)
(2012: 3: 4:19:42) - (Middleland) Total user(6)
(2012: 3: 4:19:43) - (Middleland) Total user(6)
(2012: 3: 4:19:44) - (Middleland) Total user(6)
(2012: 3: 4:19:45) - (Middleland) Total user(6)
(2012: 3: 4:19:46) - (Middleland) Total user(6)
(2012: 3: 4:19:47) - (Middleland) Total user(5)
(2012: 3: 4:19:48) - (Middleland) Total user(5)
(2012: 3: 4:19:49) - (Middleland) Total user(5)
(2012: 3: 4:19:50) - (Middleland) Total user(5)
(2012: 3: 4:19:51) - (Middleland) Total user(5)
(2012: 3: 4:19:52) - (Middleland) Total user(5)
(2012: 3: 4:19:53) - (Middleland) Total user(5)
(2012: 3: 4:19:54) - (Middleland) Total user(5)
(2012: 3: 4:19:55) - (Middleland) Total user(5)
(2012: 3: 4:19:56) - (Middleland) Total user(5)
(2012: 3: 4:19:57) - (Middleland) Total user(5)
(2012: 3: 4:19:58) - (Middleland) Total user(5)
(2012: 3: 4:19:59) - (Middleland) Total user(5)
(2012: 3: 4:20: 0) - (Middleland) Total user(5)
(2012: 3: 4:20: 1) - (Middleland) Total user(5)
(2012: 3: 4:20: 2) - (Middleland) Total user(5)
(2012: 3: 4:20: 3) - (Middleland) Total user(5)
(2012: 3: 4:20: 4) - (Middleland) Total user(5)
(2012: 3: 4:20: 5) - (Middleland) Total user(5)
(2012: 3: 4:20: 6) - (Middleland) Total user(5)
(2012: 3: 4:20: 8) - (Middleland) Total user(5)
(2012: 3: 4:20: 9) - (Middleland) Total user(5)
(2012: 3: 4:20:10) - (Middleland) Total user(5)
(2012: 3: 4:20:11) - (Middleland) Total user(5)
(2012: 3: 4:20:12) - (Middleland) Total user(5)
(2012: 3: 4:20:13) - (Middleland) Total user(5)
(2012: 3: 4:20:14) - (Middleland) Total user(5)
(2012: 3: 4:20:15) - (Middleland) Total user(5)
(2012: 3: 4:20:16) - (Middleland) Total user(5)
(2012: 3: 4:20:17) - (Middleland) Total user(5)
(2012: 3: 4:20:18) - (Middleland) Total user(5)
(2012: 3: 4:20:19) - (Middleland) Total user(5)
(2012: 3: 4:20:20) - (Middleland) Total user(5)
(2012: 3: 4:20:21) - (Middleland) Total user(5)
(2012: 3: 4:20:22) - (Middleland) Total user(5)
(2012: 3: 4:20:23) - (Middleland) Total user(5)
(2012: 3: 4:20:24) - (Middleland) Total user(5)
(2012: 3: 4:20:25) - (Middleland) Total user(5)
(2012: 3: 4:20:26) - (Middleland) Total user(5)
(2012: 3: 4:20:27) - (Middleland) Total user(6)
(2012: 3: 4:20:28) - (Middleland) Total user(5)
(2012: 3: 4:20:29) - (Middleland) Total user(5)
(2012: 3: 4:20:30) - (Middleland) Total user(5)
(2012: 3: 4:20:31) - (Middleland) Total user(5)
(2012: 3: 4:20:32) - (Middleland) Total user(5)
(2012: 3: 4:20:33) - (Middleland) Total user(5)
(2012: 3: 4:20:34) - (Middleland) Total user(5)
(2012: 3: 4:20:35) - (Middleland) Total user(5)
(2012: 3: 4:20:36) - (Middleland) Total user(5)
(2012: 3: 4:20:37) - (Middleland) Total user(5)
(2012: 3: 4:20:38) - (Middleland) Total user(5)
(2012: 3: 4:20:39) - (Middleland) Total user(5)
(2012: 3: 4:20:40) - (Middleland) Total user(5)
(2012: 3: 4:20:41) - (Middleland) Total user(5)
(2012: 3: 4:20:42) - (Middleland) Total user(5)
(2012: 3: 4:20:43) - (Middleland) Total user(5)
(2012: 3: 4:20:44) - (Middleland) Total user(5)
(2012: 3: 4:20:45) - (Middleland) Total user(5)
(2012: 3: 4:20:46) - (Middleland) Total user(5)
(2012: 3: 4:20:47) - (Middleland) Total user(5)
(2012: 3: 4:20:48) - (Middleland) Total user(5)
(2012: 3: 4:20:49) - (Middleland) Total user(5)
(2012: 3: 4:20:50) - (Middleland) Total user(6)
(2012: 3: 4:20:51) - (Middleland) Total user(5)
(2012: 3: 4:20:52) - (Middleland) Total user(6)
(2012: 3: 4:20:53) - (Middleland) Total user(5)
(2012: 3: 4:20:54) - (Middleland) Total user(5)
(2012: 3: 4:20:55) - (Middleland) Total user(5)
(2012: 3: 4:20:56) - (Middleland) Total user(6)
(2012: 3: 4:20:57) - (Middleland) Total user(6)
(2012: 3: 4:20:58) - (Middleland) Total user(6)
(2012: 3: 4:20:59) - (Middleland) Total user(7)
(2012: 3: 4:21: 0) - (Middleland) Total user(7)
(2012: 3: 4:21: 1) - (Middleland) Total user(7)
(2012: 3: 4:21: 2) - (Middleland) Total user(7)
(2012: 3: 4:21: 3) - (Middleland) Total user(7)
(2012: 3: 4:21: 4) - (Middleland) Total user(8)
(2012: 3: 4:21: 5) - (Middleland) Total user(8)
(2012: 3: 4:21: 6) - (Middleland) Total user(9)
(2012: 3: 4:21: 7) - (Middleland) Total user(9)
(2012: 3: 4:21: 9) - (Middleland) Total user(9)
(2012: 3: 4:21:10) - (Middleland) Total user(8)
(2012: 3: 4:21:11) - (Middleland) Total user(8)
(2012: 3: 4:21:12) - (Middleland) Total user(9)
(2012: 3: 4:21:13) - (Middleland) Total user(9)
(2012: 3: 4:21:14) - (Middleland) Total user(9)
(2012: 3: 4:21:15) - (Middleland) Total user(9)
(2012: 3: 4:21:16) - (Middleland) Total user(9)
(2012: 3: 4:21:17) - (Middleland) Total user(9)
(2012: 3: 4:21:18) - (Middleland) Total user(9)
(2012: 3: 4:21:19) - (Middleland) Total user(9)
(2012: 3: 4:21:20) - (Middleland) Total user(9)
(2012: 3: 4:21:21) - (Middleland) Total user(9)
(2012: 3: 4:21:22) - (Middleland) Total user(8)
(2012: 3: 4:21:23) - (Middleland) Total user(8)
(2012: 3: 4:21:24) - (Middleland) Total user(8)
(2012: 3: 4:21:25) - (Middleland) Total user(8)
(2012: 3: 4:21:26) - (Middleland) Total user(8)
(2012: 3: 4:21:27) - (Middleland) Total user(7)
(2012: 3: 4:21:28) - (Middleland) Total user(6)
(2012: 3: 4:21:29) - (Middleland) Total user(8)
(2012: 3: 4:21:30) - (Middleland) Total user(8)
(2012: 3: 4:21:31) - (Middleland) Total user(8)
(2012: 3: 4:21:32) - (Middleland) Total user(8)
(2012: 3: 4:21:33) - (Middleland) Total user(8)
(2012: 3: 4:21:34) - (Middleland) Total user(8)
(2012: 3: 4:21:35) - (Middleland) Total user(8)
(2012: 3: 4:21:36) - (Middleland) Total user(8)
(2012: 3: 4:21:37) - (Middleland) Total user(8)
(2012: 3: 4:21:38) - (Middleland) Total user(8)
(2012: 3: 4:21:39) - (Middleland) Total user(8)
(2012: 3: 4:21:40) - (Middleland) Total user(8)
(2012: 3: 4:21:41) - (Middleland) Total user(8)
(2012: 3: 4:21:42) - (Middleland) Total user(8)
(2012: 3: 4:21:43) - (Middleland) Total user(7)
(2012: 3: 4:21:44) - (Middleland) Total user(8)
(2012: 3: 4:21:45) - (Middleland) Total user(8)
(2012: 3: 4:21:46) - (Middleland) Total user(8)
(2012: 3: 4:21:47) - (Middleland) Total user(8)
(2012: 3: 4:21:48) - (Middleland) Total user(8)
(2012: 3: 4:21:49) - (Middleland) Total user(8)
(2012: 3: 4:21:50) - (Middleland) Total user(8)
(2012: 3: 4:21:51) - (Middleland) Total user(8)
(2012: 3: 4:21:52) - (Middleland) Total user(7)
(2012: 3: 4:21:53) - (Middleland) Total user(7)
(2012: 3: 4:21:54) - (Middleland) Total user(7)
(2012: 3: 4:21:55) - (Middleland) Total user(7)
(2012: 3: 4:21:56) - (Middleland) Total user(7)
(2012: 3: 4:21:57) - (Middleland) Total user(7)
(2012: 3: 4:21:58) - (Middleland) Total user(7)
(2012: 3: 4:21:59) - (Middleland) Total user(7)
(2012: 3: 4:22: 0) - (Middleland) Total user(7)
(2012: 3: 4:22: 1) - (Middleland) Total user(7)
(2012: 3: 4:22: 2) - (Middleland) Total user(7)
(2012: 3: 4:22: 3) - (Middleland) Total user(7)
(2012: 3: 4:22: 4) - (Middleland) Total user(7)
(2012: 3: 4:22: 5) - (Middleland) Total user(7)
(2012: 3: 4:22: 6) - (Middleland) Total user(7)
(2012: 3: 4:22: 7) - (Middleland) Total user(7)
(2012: 3: 4:22: 8) - (Middleland) Total user(7)
(2012: 3: 4:22:10) - (Middleland) Total user(7)
(2012: 3: 4:22:11) - (Middleland) Total user(7)
(2012: 3: 4:22:12) - (Middleland) Total user(6)
(2012: 3: 4:22:13) - (Middleland) Total user(6)
(2012: 3: 4:22:14) - (Middleland) Total user(6)
(2012: 3: 4:22:15) - (Middleland) Total user(6)
(2012: 3: 4:22:16) - (Middleland) Total user(6)
(2012: 3: 4:22:17) - (Middleland) Total user(6)
(2012: 3: 4:22:18) - (Middleland) Total user(6)
(2012: 3: 4:22:19) - (Middleland) Total user(6)
(2012: 3: 4:22:20) - (Middleland) Total user(6)
(2012: 3: 4:22:21) - (Middleland) Total user(6)
(2012: 3: 4:22:22) - (Middleland) Total user(6)
(2012: 3: 4:22:23) - (Middleland) Total user(6)
(2012: 3: 4:22:24) - (Middleland) Total user(6)
(2012: 3: 4:22:25) - (Middleland) Total user(6)
(2012: 3: 4:22:26) - (Middleland) Total user(6)
(2012: 3: 4:22:27) - (Middleland) Total user(6)
(2012: 3: 4:22:28) - (Middleland) Total user(6)
(2012: 3: 4:22:29) - (Middleland) Total user(6)
(2012: 3: 4:22:30) - (Middleland) Total user(6)
(2012: 3: 4:22:31) - (Middleland) Total user(6)
(2012: 3: 4:22:32) - (Middleland) Total user(6)
(2012: 3: 4:22:33) - (Middleland) Total user(7)
(2012: 3: 4:22:34) - (Middleland) Total user(7)
(2012: 3: 4:22:35) - (Middleland) Total user(7)
(2012: 3: 4:22:36) - (Middleland) Total user(7)
(2012: 3: 4:22:37) - (Middleland) Total user(7)
(2012: 3: 4:22:38) - (Middleland) Total user(7)
(2012: 3: 4:22:39) - (Middleland) Total user(7)
(2012: 3: 4:22:40) - (Middleland) Total user(7)
(2012: 3: 4:22:41) - (Middleland) Total user(7)
(2012: 3: 4:22:42) - (Middleland) Total user(7)
(2012: 3: 4:22:43) - (Middleland) Total user(7)
(2012: 3: 4:22:44) - (Middleland) Total user(7)
(2012: 3: 4:22:45) - (Middleland) Total user(7)
(2012: 3: 4:22:46) - (Middleland) Total user(7)
(2012: 3: 4:22:47) - (Middleland) Total user(7)
(2012: 3: 4:22:48) - (Middleland) Total user(8)
(2012: 3: 4:22:49) - (Middleland) Total user(8)
(2012: 3: 4:22:50) - (Middleland) Total user(8)
(2012: 3: 4:22:51) - (Middleland) Total user(8)
(2012: 3: 4:22:52) - (Middleland) Total user(8)
(2012: 3: 4:22:53) - (Middleland) Total user(8)
(2012: 3: 4:22:54) - (Middleland) Total user(8)
(2012: 3: 4:22:55) - (Middleland) Total user(7)
(2012: 3: 4:22:56) - (Middleland) Total user(7)
(2012: 3: 4:22:57) - (Middleland) Total user(8)
(2012: 3: 4:22:58) - (Middleland) Total user(8)
(2012: 3: 4:22:59) - (Middleland) Total user(8)
(2012: 3: 4:23: 0) - (Middleland) Total user(8)
(2012: 3: 4:23: 1) - (Middleland) Total user(8)
(2012: 3: 4:23: 2) - (Middleland) Total user(8)
(2012: 3: 4:23: 3) - (Middleland) Total user(8)
(2012: 3: 4:23: 4) - (Middleland) Total user(8)
(2012: 3: 4:23: 5) - (Middleland) Total user(7)
(2012: 3: 4:23: 6) - (Middleland) Total user(8)
(2012: 3: 4:23: 7) - (Middleland) Total user(8)
(2012: 3: 4:23: 8) - (Middleland) Total user(7)
(2012: 3: 4:23: 9) - (Middleland) Total user(7)
(2012: 3: 4:23:11) - (Middleland) Total user(7)
(2012: 3: 4:23:12) - (Middleland) Total user(7)
(2012: 3: 4:23:13) - (Middleland) Total user(7)
(2012: 3: 4:23:14) - (Middleland) Total user(7)
(2012: 3: 4:23:15) - (Middleland) Total user(7)
(2012: 3: 4:23:16) - (Middleland) Total user(6)
(2012: 3: 4:23:17) - (Middleland) Total user(6)
(2012: 3: 4:23:18) - (Middleland) Total user(7)
(2012: 3: 4:23:19) - (Middleland) Total user(8)
(2012: 3: 4:23:20) - (Middleland) Total user(7)
(2012: 3: 4:23:21) - (Middleland) Total user(7)
(2012: 3: 4:23:22) - (Middleland) Total user(7)
(2012: 3: 4:23:23) - (Middleland) Total user(8)
(2012: 3: 4:23:24) - (Middleland) Total user(7)
(2012: 3: 4:23:25) - (Middleland) Total user(6)
(2012: 3: 4:23:26) - (Middleland) Total user(6)
(2012: 3: 4:23:27) - (Middleland) Total user(6)
(2012: 3: 4:23:28) - (Middleland) Total user(6)
(2012: 3: 4:23:29) - (Middleland) Total user(6)
(2012: 3: 4:23:30) - (Middleland) Total user(6)
(2012: 3: 4:23:31) - (Middleland) Total user(6)
(2012: 3: 4:23:32) - (Middleland) Total user(6)
(2012: 3: 4:23:33) - (Middleland) Total user(5)
(2012: 3: 4:23:34) - (Middleland) Total user(5)
(2012: 3: 4:23:35) - (Middleland) Total user(6)
(2012: 3: 4:23:36) - (Middleland) Total user(6)
(2012: 3: 4:23:37) - (Middleland) Total user(6)
(2012: 3: 4:23:38) - (Middleland) Total user(6)
(2012: 3: 4:23:39) - (Middleland) Total user(6)
(2012: 3: 4:23:40) - (Middleland) Total user(6)
(2012: 3: 4:23:41) - (Middleland) Total user(6)
(2012: 3: 4:23:42) - (Middleland) Total user(5)
(2012: 3: 4:23:43) - (Middleland) Total user(4)
(2012: 3: 4:23:44) - (Middleland) Total user(4)
(2012: 3: 4:23:45) - (Middleland) Total user(4)
(2012: 3: 4:23:46) - (Middleland) Total user(4)
(2012: 3: 4:23:47) - (Middleland) Total user(4)
(2012: 3: 4:23:48) - (Middleland) Total user(4)
(2012: 3: 4:23:49) - (Middleland) Total user(4)
(2012: 3: 4:23:50) - (Middleland) Total user(4)
(2012: 3: 4:23:51) - (Middleland) Total user(4)
(2012: 3: 4:23:52) - (Middleland) Total user(4)
(2012: 3: 4:23:53) - (Middleland) Total user(4)
(2012: 3: 4:23:54) - (Middleland) Total user(3)
(2012: 3: 4:23:55) - (Middleland) Total user(3)
(2012: 3: 4:23:56) - (Middleland) Total user(3)
(2012: 3: 4:23:57) - (Middleland) Total user(3)
(2012: 3: 4:23:58) - (Middleland) Total user(3)
(2012: 3: 4:23:59) - (Middleland) Total user(3)
