(2012: 3:15: 0: 1) - (Middleland) Total user(2)
(2012: 3:15: 0: 2) - (Middleland) Total user(2)
(2012: 3:15: 0: 3) - (Middleland) Total user(2)
(2012: 3:15: 0: 4) - (Middleland) Total user(2)
(2012: 3:15: 0: 5) - (Middleland) Total user(2)
(2012: 3:15: 0: 6) - (Middleland) Total user(2)
(2012: 3:15: 0: 7) - (Middleland) Total user(2)
(2012: 3:15: 0: 8) - (Middleland) Total user(2)
(2012: 3:15: 0: 9) - (Middleland) Total user(2)
(2012: 3:15: 0:10) - (Middleland) Total user(2)
(2012: 3:15: 0:11) - (Middleland) Total user(2)
(2012: 3:15: 0:12) - (Middleland) Total user(2)
(2012: 3:15: 0:13) - (Middleland) Total user(2)
(2012: 3:15: 0:14) - (Middleland) Total user(2)
(2012: 3:15: 0:15) - (Middleland) Total user(2)
(2012: 3:15: 0:16) - (Middleland) Total user(2)
(2012: 3:15: 0:17) - (Middleland) Total user(3)
(2012: 3:15: 0:18) - (Middleland) Total user(3)
(2012: 3:15: 0:19) - (Middleland) Total user(2)
(2012: 3:15: 0:20) - (Middleland) Total user(2)
(2012: 3:15: 0:21) - (Middleland) Total user(2)
(2012: 3:15: 0:22) - (Middleland) Total user(2)
(2012: 3:15: 0:23) - (Middleland) Total user(2)
(2012: 3:15: 0:24) - (Middleland) Total user(2)
(2012: 3:15: 0:25) - (Middleland) Total user(2)
(2012: 3:15: 0:26) - (Middleland) Total user(2)
(2012: 3:15: 0:27) - (Middleland) Total user(2)
(2012: 3:15: 0:28) - (Middleland) Total user(2)
(2012: 3:15: 0:29) - (Middleland) Total user(2)
(2012: 3:15: 0:30) - (Middleland) Total user(2)
(2012: 3:15: 0:31) - (Middleland) Total user(2)
(2012: 3:15: 0:32) - (Middleland) Total user(2)
(2012: 3:15: 0:33) - (Middleland) Total user(2)
(2012: 3:15: 0:34) - (Middleland) Total user(2)
(2012: 3:15: 0:35) - (Middleland) Total user(2)
(2012: 3:15: 0:36) - (Middleland) Total user(2)
(2012: 3:15: 0:37) - (Middleland) Total user(2)
(2012: 3:15: 0:38) - (Middleland) Total user(2)
(2012: 3:15: 0:39) - (Middleland) Total user(2)
(2012: 3:15: 0:40) - (Middleland) Total user(2)
(2012: 3:15: 0:41) - (Middleland) Total user(2)
(2012: 3:15: 0:42) - (Middleland) Total user(2)
(2012: 3:15: 0:43) - (Middleland) Total user(2)
(2012: 3:15: 0:44) - (Middleland) Total user(2)
(2012: 3:15: 0:45) - (Middleland) Total user(2)
(2012: 3:15: 0:46) - (Middleland) Total user(2)
(2012: 3:15: 0:47) - (Middleland) Total user(2)
(2012: 3:15: 0:48) - (Middleland) Total user(2)
(2012: 3:15: 0:49) - (Middleland) Total user(2)
(2012: 3:15: 0:50) - (Middleland) Total user(1)
(2012: 3:15: 0:51) - (Middleland) Total user(1)
(2012: 3:15: 0:52) - (Middleland) Total user(1)
(2012: 3:15: 0:53) - (Middleland) Total user(1)
(2012: 3:15: 0:54) - (Middleland) Total user(1)
(2012: 3:15: 0:55) - (Middleland) Total user(1)
(2012: 3:15: 0:56) - (Middleland) Total user(1)
(2012: 3:15: 0:57) - (Middleland) Total user(3)
(2012: 3:15: 0:58) - (Middleland) Total user(3)
(2012: 3:15: 0:59) - (Middleland) Total user(3)
(2012: 3:15: 1: 0) - (Middleland) Total user(3)
(2012: 3:15: 1: 2) - (Middleland) Total user(3)
(2012: 3:15: 1: 3) - (Middleland) Total user(3)
(2012: 3:15: 1: 4) - (Middleland) Total user(3)
(2012: 3:15: 1: 5) - (Middleland) Total user(3)
(2012: 3:15: 1: 6) - (Middleland) Total user(3)
(2012: 3:15: 1: 7) - (Middleland) Total user(3)
(2012: 3:15: 1: 8) - (Middleland) Total user(3)
(2012: 3:15: 1: 9) - (Middleland) Total user(3)
(2012: 3:15: 1:10) - (Middleland) Total user(3)
(2012: 3:15: 1:11) - (Middleland) Total user(2)
(2012: 3:15: 1:12) - (Middleland) Total user(2)
(2012: 3:15: 1:13) - (Middleland) Total user(2)
(2012: 3:15: 1:14) - (Middleland) Total user(2)
(2012: 3:15: 1:15) - (Middleland) Total user(2)
(2012: 3:15: 1:16) - (Middleland) Total user(2)
(2012: 3:15: 1:17) - (Middleland) Total user(2)
(2012: 3:15: 1:18) - (Middleland) Total user(2)
(2012: 3:15: 1:19) - (Middleland) Total user(2)
(2012: 3:15: 1:20) - (Middleland) Total user(2)
(2012: 3:15: 1:21) - (Middleland) Total user(3)
(2012: 3:15: 1:22) - (Middleland) Total user(3)
(2012: 3:15: 1:23) - (Middleland) Total user(3)
(2012: 3:15: 1:24) - (Middleland) Total user(3)
(2012: 3:15: 1:25) - (Middleland) Total user(3)
(2012: 3:15: 1:26) - (Middleland) Total user(4)
(2012: 3:15: 1:27) - (Middleland) Total user(4)
(2012: 3:15: 1:28) - (Middleland) Total user(3)
(2012: 3:15: 1:29) - (Middleland) Total user(3)
(2012: 3:15: 1:30) - (Middleland) Total user(3)
(2012: 3:15: 1:31) - (Middleland) Total user(3)
(2012: 3:15: 1:32) - (Middleland) Total user(4)
(2012: 3:15: 1:33) - (Middleland) Total user(4)
(2012: 3:15: 1:34) - (Middleland) Total user(4)
(2012: 3:15: 1:35) - (Middleland) Total user(4)
(2012: 3:15: 1:36) - (Middleland) Total user(4)
(2012: 3:15: 1:37) - (Middleland) Total user(4)
(2012: 3:15: 1:38) - (Middleland) Total user(3)
(2012: 3:15: 1:39) - (Middleland) Total user(1)
(2012: 3:15: 1:40) - (Middleland) Total user(2)
(2012: 3:15: 1:41) - (Middleland) Total user(1)
(2012: 3:15: 1:42) - (Middleland) Total user(2)
(2012: 3:15: 1:43) - (Middleland) Total user(3)
(2012: 3:15: 1:44) - (Middleland) Total user(3)
(2012: 3:15: 1:45) - (Middleland) Total user(3)
(2012: 3:15: 1:46) - (Middleland) Total user(3)
(2012: 3:15: 1:47) - (Middleland) Total user(2)
(2012: 3:15: 1:48) - (Middleland) Total user(3)
(2012: 3:15: 1:49) - (Middleland) Total user(3)
(2012: 3:15: 1:50) - (Middleland) Total user(3)
(2012: 3:15: 1:51) - (Middleland) Total user(3)
(2012: 3:15: 1:53) - (Middleland) Total user(1)
(2012: 3:15: 1:54) - (Middleland) Total user(2)
(2012: 3:15: 1:55) - (Middleland) Total user(2)
(2012: 3:15: 1:56) - (Middleland) Total user(2)
(2012: 3:15: 1:57) - (Middleland) Total user(2)
(2012: 3:15: 1:58) - (Middleland) Total user(3)
(2012: 3:15: 1:59) - (Middleland) Total user(1)
(2012: 3:15: 2: 0) - (Middleland) Total user(1)
(2012: 3:15: 2: 1) - (Middleland) Total user(1)
(2012: 3:15: 2: 3) - (Middleland) Total user(1)
(2012: 3:15: 2: 4) - (Middleland) Total user(2)
(2012: 3:15: 2: 5) - (Middleland) Total user(2)
(2012: 3:15: 2: 6) - (Middleland) Total user(2)
(2012: 3:15: 2: 7) - (Middleland) Total user(2)
(2012: 3:15: 2: 8) - (Middleland) Total user(2)
(2012: 3:15: 2: 9) - (Middleland) Total user(2)
(2012: 3:15: 2:10) - (Middleland) Total user(2)
(2012: 3:15: 2:11) - (Middleland) Total user(1)
(2012: 3:15: 2:12) - (Middleland) Total user(1)
(2012: 3:15: 2:13) - (Middleland) Total user(2)
(2012: 3:15: 2:14) - (Middleland) Total user(2)
(2012: 3:15: 2:15) - (Middleland) Total user(2)
(2012: 3:15: 2:16) - (Middleland) Total user(3)
(2012: 3:15: 2:17) - (Middleland) Total user(4)
(2012: 3:15: 2:18) - (Middleland) Total user(4)
(2012: 3:15: 2:19) - (Middleland) Total user(4)
(2012: 3:15: 2:20) - (Middleland) Total user(4)
(2012: 3:15: 2:21) - (Middleland) Total user(4)
(2012: 3:15: 2:22) - (Middleland) Total user(4)
(2012: 3:15: 2:23) - (Middleland) Total user(4)
(2012: 3:15: 2:24) - (Middleland) Total user(4)
(2012: 3:15: 2:25) - (Middleland) Total user(4)
(2012: 3:15: 2:26) - (Middleland) Total user(4)
(2012: 3:15: 2:27) - (Middleland) Total user(4)
(2012: 3:15: 2:28) - (Middleland) Total user(4)
(2012: 3:15: 2:29) - (Middleland) Total user(4)
(2012: 3:15: 2:30) - (Middleland) Total user(3)
(2012: 3:15: 2:31) - (Middleland) Total user(3)
(2012: 3:15: 2:32) - (Middleland) Total user(3)
(2012: 3:15: 2:33) - (Middleland) Total user(3)
(2012: 3:15: 2:34) - (Middleland) Total user(3)
(2012: 3:15: 2:35) - (Middleland) Total user(3)
(2012: 3:15: 2:36) - (Middleland) Total user(3)
(2012: 3:15: 2:37) - (Middleland) Total user(2)
(2012: 3:15: 2:38) - (Middleland) Total user(2)
(2012: 3:15: 2:39) - (Middleland) Total user(3)
(2012: 3:15: 2:40) - (Middleland) Total user(3)
(2012: 3:15: 2:41) - (Middleland) Total user(3)
(2012: 3:15: 2:42) - (Middleland) Total user(2)
(2012: 3:15: 2:43) - (Middleland) Total user(3)
(2012: 3:15: 2:44) - (Middleland) Total user(3)
(2012: 3:15: 2:45) - (Middleland) Total user(3)
(2012: 3:15: 2:46) - (Middleland) Total user(3)
(2012: 3:15: 2:47) - (Middleland) Total user(2)
(2012: 3:15: 2:48) - (Middleland) Total user(2)
(2012: 3:15: 2:49) - (Middleland) Total user(3)
(2012: 3:15: 2:50) - (Middleland) Total user(3)
(2012: 3:15: 2:51) - (Middleland) Total user(2)
(2012: 3:15: 2:52) - (Middleland) Total user(2)
(2012: 3:15: 2:53) - (Middleland) Total user(3)
(2012: 3:15: 2:54) - (Middleland) Total user(3)
(2012: 3:15: 2:55) - (Middleland) Total user(3)
(2012: 3:15: 2:56) - (Middleland) Total user(3)
(2012: 3:15: 2:57) - (Middleland) Total user(3)
(2012: 3:15: 2:58) - (Middleland) Total user(3)
(2012: 3:15: 3: 1) - (Middleland) Total user(1)
(2012: 3:15: 3: 2) - (Middleland) Total user(1)
(2012: 3:15: 3: 3) - (Middleland) Total user(3)
(2012: 3:15: 3: 4) - (Middleland) Total user(3)
(2012: 3:15: 3: 5) - (Middleland) Total user(3)
(2012: 3:15: 3: 6) - (Middleland) Total user(3)
(2012: 3:15: 3: 7) - (Middleland) Total user(3)
(2012: 3:15: 3: 8) - (Middleland) Total user(3)
(2012: 3:15: 3: 9) - (Middleland) Total user(3)
(2012: 3:15: 3:10) - (Middleland) Total user(3)
(2012: 3:15: 3:11) - (Middleland) Total user(3)
(2012: 3:15: 3:12) - (Middleland) Total user(3)
(2012: 3:15: 3:13) - (Middleland) Total user(3)
(2012: 3:15: 3:14) - (Middleland) Total user(3)
(2012: 3:15: 3:15) - (Middleland) Total user(3)
(2012: 3:15: 3:16) - (Middleland) Total user(3)
(2012: 3:15: 3:17) - (Middleland) Total user(3)
(2012: 3:15: 3:18) - (Middleland) Total user(3)
(2012: 3:15: 3:19) - (Middleland) Total user(3)
(2012: 3:15: 3:20) - (Middleland) Total user(3)
(2012: 3:15: 3:21) - (Middleland) Total user(3)
(2012: 3:15: 3:22) - (Middleland) Total user(3)
(2012: 3:15: 3:23) - (Middleland) Total user(3)
(2012: 3:15: 3:24) - (Middleland) Total user(3)
(2012: 3:15: 3:25) - (Middleland) Total user(3)
(2012: 3:15: 3:26) - (Middleland) Total user(3)
(2012: 3:15: 3:27) - (Middleland) Total user(3)
(2012: 3:15: 3:28) - (Middleland) Total user(3)
(2012: 3:15: 3:29) - (Middleland) Total user(3)
(2012: 3:15: 3:30) - (Middleland) Total user(3)
(2012: 3:15: 3:31) - (Middleland) Total user(3)
(2012: 3:15: 3:34) - (Middleland) Total user(1)
(2012: 3:15: 3:35) - (Middleland) Total user(1)
(2012: 3:15: 3:36) - (Middleland) Total user(3)
(2012: 3:15: 3:37) - (Middleland) Total user(3)
(2012: 3:15: 3:38) - (Middleland) Total user(3)
(2012: 3:15: 3:39) - (Middleland) Total user(3)
(2012: 3:15: 3:40) - (Middleland) Total user(3)
(2012: 3:15: 3:41) - (Middleland) Total user(3)
(2012: 3:15: 3:42) - (Middleland) Total user(3)
(2012: 3:15: 3:43) - (Middleland) Total user(3)
(2012: 3:15: 3:44) - (Middleland) Total user(3)
(2012: 3:15: 3:45) - (Middleland) Total user(3)
(2012: 3:15: 3:46) - (Middleland) Total user(3)
(2012: 3:15: 3:47) - (Middleland) Total user(3)
(2012: 3:15: 3:48) - (Middleland) Total user(3)
(2012: 3:15: 3:49) - (Middleland) Total user(3)
(2012: 3:15: 3:50) - (Middleland) Total user(3)
(2012: 3:15: 3:51) - (Middleland) Total user(4)
(2012: 3:15: 3:52) - (Middleland) Total user(4)
(2012: 3:15: 3:53) - (Middleland) Total user(4)
(2012: 3:15: 3:55) - (Middleland) Total user(3)
(2012: 3:15: 3:56) - (Middleland) Total user(3)
(2012: 3:15: 3:57) - (Middleland) Total user(3)
(2012: 3:15: 3:58) - (Middleland) Total user(3)
(2012: 3:15: 3:59) - (Middleland) Total user(3)
(2012: 3:15: 4: 0) - (Middleland) Total user(3)
(2012: 3:15: 4: 1) - (Middleland) Total user(3)
(2012: 3:15: 4: 2) - (Middleland) Total user(3)
(2012: 3:15: 4: 3) - (Middleland) Total user(3)
(2012: 3:15: 4: 4) - (Middleland) Total user(3)
(2012: 3:15: 4: 5) - (Middleland) Total user(3)
(2012: 3:15: 4: 6) - (Middleland) Total user(3)
(2012: 3:15: 4: 7) - (Middleland) Total user(3)
(2012: 3:15: 4: 8) - (Middleland) Total user(4)
(2012: 3:15: 4: 9) - (Middleland) Total user(4)
(2012: 3:15: 4:10) - (Middleland) Total user(3)
(2012: 3:15: 4:11) - (Middleland) Total user(4)
(2012: 3:15: 4:12) - (Middleland) Total user(4)
(2012: 3:15: 4:13) - (Middleland) Total user(3)
(2012: 3:15: 4:14) - (Middleland) Total user(4)
(2012: 3:15: 4:15) - (Middleland) Total user(4)
(2012: 3:15: 4:16) - (Middleland) Total user(4)
(2012: 3:15: 4:17) - (Middleland) Total user(4)
(2012: 3:15: 4:18) - (Middleland) Total user(4)
(2012: 3:15: 4:19) - (Middleland) Total user(3)
(2012: 3:15: 4:20) - (Middleland) Total user(3)
(2012: 3:15: 4:21) - (Middleland) Total user(3)
(2012: 3:15: 4:22) - (Middleland) Total user(3)
(2012: 3:15: 4:23) - (Middleland) Total user(3)
(2012: 3:15: 4:24) - (Middleland) Total user(3)
(2012: 3:15: 4:25) - (Middleland) Total user(3)
(2012: 3:15: 4:26) - (Middleland) Total user(3)
(2012: 3:15: 4:27) - (Middleland) Total user(3)
(2012: 3:15: 4:28) - (Middleland) Total user(3)
(2012: 3:15: 4:29) - (Middleland) Total user(3)
(2012: 3:15: 4:30) - (Middleland) Total user(3)
(2012: 3:15: 4:31) - (Middleland) Total user(3)
(2012: 3:15: 4:32) - (Middleland) Total user(3)
(2012: 3:15: 4:33) - (Middleland) Total user(3)
(2012: 3:15: 4:34) - (Middleland) Total user(3)
(2012: 3:15: 4:35) - (Middleland) Total user(3)
(2012: 3:15: 4:36) - (Middleland) Total user(3)
(2012: 3:15: 4:37) - (Middleland) Total user(4)
(2012: 3:15: 4:38) - (Middleland) Total user(3)
(2012: 3:15: 4:39) - (Middleland) Total user(3)
(2012: 3:15: 4:40) - (Middleland) Total user(3)
(2012: 3:15: 4:41) - (Middleland) Total user(3)
(2012: 3:15: 4:42) - (Middleland) Total user(3)
(2012: 3:15: 4:43) - (Middleland) Total user(3)
(2012: 3:15: 4:44) - (Middleland) Total user(3)
(2012: 3:15: 4:45) - (Middleland) Total user(3)
(2012: 3:15: 4:46) - (Middleland) Total user(3)
(2012: 3:15: 4:47) - (Middleland) Total user(2)
(2012: 3:15: 4:48) - (Middleland) Total user(3)
(2012: 3:15: 4:49) - (Middleland) Total user(2)
(2012: 3:15: 4:50) - (Middleland) Total user(2)
(2012: 3:15: 4:51) - (Middleland) Total user(2)
(2012: 3:15: 4:52) - (Middleland) Total user(2)
(2012: 3:15: 4:53) - (Middleland) Total user(2)
(2012: 3:15: 4:54) - (Middleland) Total user(2)
(2012: 3:15: 4:56) - (Middleland) Total user(2)
(2012: 3:15: 4:57) - (Middleland) Total user(2)
(2012: 3:15: 4:58) - (Middleland) Total user(3)
(2012: 3:15: 4:59) - (Middleland) Total user(3)
(2012: 3:15: 5: 0) - (Middleland) Total user(3)
(2012: 3:15: 5: 1) - (Middleland) Total user(2)
(2012: 3:15: 5: 2) - (Middleland) Total user(3)
(2012: 3:15: 5: 3) - (Middleland) Total user(3)
(2012: 3:15: 5: 4) - (Middleland) Total user(2)
(2012: 3:15: 5: 5) - (Middleland) Total user(2)
(2012: 3:15: 5: 6) - (Middleland) Total user(3)
(2012: 3:15: 5: 7) - (Middleland) Total user(3)
(2012: 3:15: 5: 8) - (Middleland) Total user(2)
(2012: 3:15: 5: 9) - (Middleland) Total user(2)
(2012: 3:15: 5:10) - (Middleland) Total user(2)
(2012: 3:15: 5:11) - (Middleland) Total user(2)
(2012: 3:15: 5:12) - (Middleland) Total user(2)
(2012: 3:15: 5:13) - (Middleland) Total user(2)
(2012: 3:15: 5:14) - (Middleland) Total user(2)
(2012: 3:15: 5:15) - (Middleland) Total user(2)
(2012: 3:15: 5:16) - (Middleland) Total user(2)
(2012: 3:15: 5:17) - (Middleland) Total user(2)
(2012: 3:15: 5:18) - (Middleland) Total user(2)
(2012: 3:15: 5:19) - (Middleland) Total user(2)
(2012: 3:15: 5:20) - (Middleland) Total user(2)
(2012: 3:15: 5:21) - (Middleland) Total user(2)
(2012: 3:15: 5:22) - (Middleland) Total user(2)
(2012: 3:15: 5:23) - (Middleland) Total user(2)
(2012: 3:15: 5:24) - (Middleland) Total user(2)
(2012: 3:15: 5:25) - (Middleland) Total user(2)
(2012: 3:15: 5:26) - (Middleland) Total user(2)
(2012: 3:15: 5:27) - (Middleland) Total user(2)
(2012: 3:15: 5:28) - (Middleland) Total user(2)
(2012: 3:15: 5:29) - (Middleland) Total user(2)
(2012: 3:15: 5:30) - (Middleland) Total user(2)
(2012: 3:15: 5:31) - (Middleland) Total user(2)
(2012: 3:15: 5:32) - (Middleland) Total user(2)
(2012: 3:15: 5:33) - (Middleland) Total user(2)
(2012: 3:15: 5:34) - (Middleland) Total user(2)
(2012: 3:15: 5:35) - (Middleland) Total user(2)
(2012: 3:15: 5:36) - (Middleland) Total user(2)
(2012: 3:15: 5:37) - (Middleland) Total user(2)
(2012: 3:15: 5:38) - (Middleland) Total user(2)
(2012: 3:15: 5:39) - (Middleland) Total user(2)
(2012: 3:15: 5:40) - (Middleland) Total user(2)
(2012: 3:15: 5:41) - (Middleland) Total user(2)
(2012: 3:15: 5:42) - (Middleland) Total user(1)
(2012: 3:15: 5:43) - (Middleland) Total user(1)
(2012: 3:15: 5:44) - (Middleland) Total user(1)
(2012: 3:15: 5:45) - (Middleland) Total user(1)
(2012: 3:15: 5:46) - (Middleland) Total user(0)
(2012: 3:15: 5:47) - (Middleland) Total user(0)
(2012: 3:15: 5:48) - (Middleland) Total user(1)
(2012: 3:15: 5:49) - (Middleland) Total user(0)
(2012: 3:15: 5:50) - (Middleland) Total user(1)
(2012: 3:15: 5:51) - (Middleland) Total user(1)
(2012: 3:15: 5:52) - (Middleland) Total user(0)
(2012: 3:15: 5:53) - (Middleland) Total user(0)
(2012: 3:15: 5:54) - (Middleland) Total user(0)
(2012: 3:15: 5:55) - (Middleland) Total user(0)
(2012: 3:15: 5:57) - (Middleland) Total user(0)
(2012: 3:15: 5:58) - (Middleland) Total user(0)
(2012: 3:15: 5:59) - (Middleland) Total user(0)
(2012: 3:15: 6: 0) - (Middleland) Total user(0)
(2012: 3:15: 6: 1) - (Middleland) Total user(0)
(2012: 3:15: 6: 2) - (Middleland) Total user(0)
(2012: 3:15: 6: 3) - (Middleland) Total user(0)
(2012: 3:15: 6: 4) - (Middleland) Total user(0)
(2012: 3:15: 6: 5) - (Middleland) Total user(0)
(2012: 3:15: 6: 6) - (Middleland) Total user(0)
(2012: 3:15: 6: 7) - (Middleland) Total user(0)
(2012: 3:15: 6: 8) - (Middleland) Total user(0)
(2012: 3:15: 6: 9) - (Middleland) Total user(0)
(2012: 3:15: 6:10) - (Middleland) Total user(0)
(2012: 3:15: 6:11) - (Middleland) Total user(0)
(2012: 3:15: 6:12) - (Middleland) Total user(0)
(2012: 3:15: 6:13) - (Middleland) Total user(0)
(2012: 3:15: 6:14) - (Middleland) Total user(0)
(2012: 3:15: 6:15) - (Middleland) Total user(0)
(2012: 3:15: 6:16) - (Middleland) Total user(0)
(2012: 3:15: 6:17) - (Middleland) Total user(0)
(2012: 3:15: 6:18) - (Middleland) Total user(0)
(2012: 3:15: 6:19) - (Middleland) Total user(0)
(2012: 3:15: 6:20) - (Middleland) Total user(0)
(2012: 3:15: 6:21) - (Middleland) Total user(0)
(2012: 3:15: 6:22) - (Middleland) Total user(0)
(2012: 3:15: 6:23) - (Middleland) Total user(0)
(2012: 3:15: 6:24) - (Middleland) Total user(0)
(2012: 3:15: 6:25) - (Middleland) Total user(0)
(2012: 3:15: 6:26) - (Middleland) Total user(0)
(2012: 3:15: 6:27) - (Middleland) Total user(0)
(2012: 3:15: 6:28) - (Middleland) Total user(0)
(2012: 3:15: 6:29) - (Middleland) Total user(0)
(2012: 3:15: 6:30) - (Middleland) Total user(0)
(2012: 3:15: 6:31) - (Middleland) Total user(0)
(2012: 3:15: 6:32) - (Middleland) Total user(0)
(2012: 3:15: 6:33) - (Middleland) Total user(0)
(2012: 3:15: 6:34) - (Middleland) Total user(0)
(2012: 3:15: 6:35) - (Middleland) Total user(0)
(2012: 3:15: 6:36) - (Middleland) Total user(0)
(2012: 3:15: 6:37) - (Middleland) Total user(0)
(2012: 3:15: 6:38) - (Middleland) Total user(0)
(2012: 3:15: 6:39) - (Middleland) Total user(0)
(2012: 3:15: 6:40) - (Middleland) Total user(0)
(2012: 3:15: 6:41) - (Middleland) Total user(0)
(2012: 3:15: 6:42) - (Middleland) Total user(0)
(2012: 3:15: 6:43) - (Middleland) Total user(0)
(2012: 3:15: 6:44) - (Middleland) Total user(0)
(2012: 3:15: 6:45) - (Middleland) Total user(0)
(2012: 3:15: 6:46) - (Middleland) Total user(0)
(2012: 3:15: 6:47) - (Middleland) Total user(0)
(2012: 3:15: 6:48) - (Middleland) Total user(0)
(2012: 3:15: 6:49) - (Middleland) Total user(0)
(2012: 3:15: 6:50) - (Middleland) Total user(0)
(2012: 3:15: 6:51) - (Middleland) Total user(0)
(2012: 3:15: 6:52) - (Middleland) Total user(0)
(2012: 3:15: 6:53) - (Middleland) Total user(0)
(2012: 3:15: 6:54) - (Middleland) Total user(0)
(2012: 3:15: 6:55) - (Middleland) Total user(0)
(2012: 3:15: 6:57) - (Middleland) Total user(0)
(2012: 3:15: 6:58) - (Middleland) Total user(0)
(2012: 3:15: 6:59) - (Middleland) Total user(0)
(2012: 3:15: 7: 0) - (Middleland) Total user(0)
(2012: 3:15: 7: 1) - (Middleland) Total user(0)
(2012: 3:15: 7: 2) - (Middleland) Total user(0)
(2012: 3:15: 7: 3) - (Middleland) Total user(0)
(2012: 3:15: 7: 4) - (Middleland) Total user(0)
(2012: 3:15: 7: 5) - (Middleland) Total user(0)
(2012: 3:15: 7: 6) - (Middleland) Total user(0)
(2012: 3:15: 7: 7) - (Middleland) Total user(0)
(2012: 3:15: 7: 8) - (Middleland) Total user(0)
(2012: 3:15: 7: 9) - (Middleland) Total user(0)
(2012: 3:15: 7:10) - (Middleland) Total user(0)
(2012: 3:15: 7:11) - (Middleland) Total user(0)
(2012: 3:15: 7:12) - (Middleland) Total user(0)
(2012: 3:15: 7:13) - (Middleland) Total user(0)
(2012: 3:15: 7:14) - (Middleland) Total user(0)
(2012: 3:15: 7:15) - (Middleland) Total user(0)
(2012: 3:15: 7:16) - (Middleland) Total user(0)
(2012: 3:15: 7:17) - (Middleland) Total user(0)
(2012: 3:15: 7:18) - (Middleland) Total user(0)
(2012: 3:15: 7:19) - (Middleland) Total user(0)
(2012: 3:15: 7:20) - (Middleland) Total user(0)
(2012: 3:15: 7:21) - (Middleland) Total user(0)
(2012: 3:15: 7:22) - (Middleland) Total user(0)
(2012: 3:15: 7:23) - (Middleland) Total user(0)
(2012: 3:15: 7:24) - (Middleland) Total user(0)
(2012: 3:15: 7:25) - (Middleland) Total user(0)
(2012: 3:15: 7:26) - (Middleland) Total user(0)
(2012: 3:15: 7:27) - (Middleland) Total user(0)
(2012: 3:15: 7:28) - (Middleland) Total user(0)
(2012: 3:15: 7:29) - (Middleland) Total user(0)
(2012: 3:15: 7:30) - (Middleland) Total user(0)
(2012: 3:15: 7:31) - (Middleland) Total user(0)
(2012: 3:15: 7:32) - (Middleland) Total user(0)
(2012: 3:15: 7:33) - (Middleland) Total user(0)
(2012: 3:15: 7:34) - (Middleland) Total user(0)
(2012: 3:15: 7:35) - (Middleland) Total user(0)
(2012: 3:15: 7:36) - (Middleland) Total user(0)
(2012: 3:15: 7:37) - (Middleland) Total user(0)
(2012: 3:15: 7:38) - (Middleland) Total user(0)
(2012: 3:15: 7:39) - (Middleland) Total user(0)
(2012: 3:15: 7:40) - (Middleland) Total user(0)
(2012: 3:15: 7:41) - (Middleland) Total user(0)
(2012: 3:15: 7:42) - (Middleland) Total user(0)
(2012: 3:15: 7:43) - (Middleland) Total user(0)
(2012: 3:15: 7:44) - (Middleland) Total user(0)
(2012: 3:15: 7:45) - (Middleland) Total user(0)
(2012: 3:15: 7:46) - (Middleland) Total user(0)
(2012: 3:15: 7:47) - (Middleland) Total user(0)
(2012: 3:15: 7:48) - (Middleland) Total user(0)
(2012: 3:15: 7:49) - (Middleland) Total user(0)
(2012: 3:15: 7:50) - (Middleland) Total user(0)
(2012: 3:15: 7:51) - (Middleland) Total user(0)
(2012: 3:15: 7:52) - (Middleland) Total user(0)
(2012: 3:15: 7:53) - (Middleland) Total user(0)
(2012: 3:15: 7:54) - (Middleland) Total user(0)
(2012: 3:15: 7:55) - (Middleland) Total user(0)
(2012: 3:15: 7:56) - (Middleland) Total user(0)
(2012: 3:15: 7:58) - (Middleland) Total user(0)
(2012: 3:15: 7:59) - (Middleland) Total user(0)
(2012: 3:15: 8: 0) - (Middleland) Total user(0)
(2012: 3:15: 8: 1) - (Middleland) Total user(0)
(2012: 3:15: 8: 2) - (Middleland) Total user(0)
(2012: 3:15: 8: 3) - (Middleland) Total user(0)
(2012: 3:15: 8: 4) - (Middleland) Total user(0)
(2012: 3:15: 8: 5) - (Middleland) Total user(0)
(2012: 3:15: 8: 6) - (Middleland) Total user(0)
(2012: 3:15: 8: 7) - (Middleland) Total user(0)
(2012: 3:15: 8: 8) - (Middleland) Total user(0)
(2012: 3:15: 8: 9) - (Middleland) Total user(0)
(2012: 3:15: 8:10) - (Middleland) Total user(0)
(2012: 3:15: 8:11) - (Middleland) Total user(0)
(2012: 3:15: 8:12) - (Middleland) Total user(0)
(2012: 3:15: 8:13) - (Middleland) Total user(0)
(2012: 3:15: 8:14) - (Middleland) Total user(0)
(2012: 3:15: 8:15) - (Middleland) Total user(0)
(2012: 3:15: 8:16) - (Middleland) Total user(0)
(2012: 3:15: 8:17) - (Middleland) Total user(0)
(2012: 3:15: 8:18) - (Middleland) Total user(0)
(2012: 3:15: 8:19) - (Middleland) Total user(0)
(2012: 3:15: 8:20) - (Middleland) Total user(0)
(2012: 3:15: 8:21) - (Middleland) Total user(0)
(2012: 3:15: 8:22) - (Middleland) Total user(0)
(2012: 3:15: 8:23) - (Middleland) Total user(0)
(2012: 3:15: 8:24) - (Middleland) Total user(0)
(2012: 3:15: 8:25) - (Middleland) Total user(0)
(2012: 3:15: 8:26) - (Middleland) Total user(0)
(2012: 3:15: 8:27) - (Middleland) Total user(0)
(2012: 3:15: 8:28) - (Middleland) Total user(0)
(2012: 3:15: 8:29) - (Middleland) Total user(0)
(2012: 3:15: 8:30) - (Middleland) Total user(0)
(2012: 3:15: 8:31) - (Middleland) Total user(0)
(2012: 3:15: 8:32) - (Middleland) Total user(0)
(2012: 3:15: 8:33) - (Middleland) Total user(0)
(2012: 3:15: 8:34) - (Middleland) Total user(0)
(2012: 3:15: 8:35) - (Middleland) Total user(0)
(2012: 3:15: 8:36) - (Middleland) Total user(0)
(2012: 3:15: 8:37) - (Middleland) Total user(0)
(2012: 3:15: 8:38) - (Middleland) Total user(0)
(2012: 3:15: 8:39) - (Middleland) Total user(0)
(2012: 3:15: 8:40) - (Middleland) Total user(0)
(2012: 3:15: 8:41) - (Middleland) Total user(0)
(2012: 3:15: 8:42) - (Middleland) Total user(0)
(2012: 3:15: 8:43) - (Middleland) Total user(0)
(2012: 3:15: 8:44) - (Middleland) Total user(0)
(2012: 3:15: 8:45) - (Middleland) Total user(0)
(2012: 3:15: 8:46) - (Middleland) Total user(0)
(2012: 3:15: 8:47) - (Middleland) Total user(0)
(2012: 3:15: 8:48) - (Middleland) Total user(0)
(2012: 3:15: 8:49) - (Middleland) Total user(0)
(2012: 3:15: 8:50) - (Middleland) Total user(0)
(2012: 3:15: 8:51) - (Middleland) Total user(0)
(2012: 3:15: 8:52) - (Middleland) Total user(0)
(2012: 3:15: 8:53) - (Middleland) Total user(0)
(2012: 3:15: 8:54) - (Middleland) Total user(0)
(2012: 3:15: 8:55) - (Middleland) Total user(0)
(2012: 3:15: 8:56) - (Middleland) Total user(0)
(2012: 3:15: 8:57) - (Middleland) Total user(0)
(2012: 3:15: 8:59) - (Middleland) Total user(0)
(2012: 3:15: 9: 0) - (Middleland) Total user(0)
(2012: 3:15: 9: 1) - (Middleland) Total user(0)
(2012: 3:15: 9: 2) - (Middleland) Total user(0)
(2012: 3:15: 9: 3) - (Middleland) Total user(0)
(2012: 3:15: 9: 4) - (Middleland) Total user(0)
(2012: 3:15: 9: 5) - (Middleland) Total user(0)
(2012: 3:15: 9: 6) - (Middleland) Total user(0)
(2012: 3:15: 9: 7) - (Middleland) Total user(0)
(2012: 3:15: 9: 8) - (Middleland) Total user(0)
(2012: 3:15: 9: 9) - (Middleland) Total user(0)
(2012: 3:15: 9:10) - (Middleland) Total user(0)
(2012: 3:15: 9:11) - (Middleland) Total user(0)
(2012: 3:15: 9:12) - (Middleland) Total user(0)
(2012: 3:15: 9:13) - (Middleland) Total user(0)
(2012: 3:15: 9:14) - (Middleland) Total user(0)
(2012: 3:15: 9:15) - (Middleland) Total user(0)
(2012: 3:15: 9:16) - (Middleland) Total user(0)
(2012: 3:15: 9:17) - (Middleland) Total user(0)
(2012: 3:15: 9:18) - (Middleland) Total user(0)
(2012: 3:15: 9:19) - (Middleland) Total user(0)
(2012: 3:15: 9:20) - (Middleland) Total user(0)
(2012: 3:15: 9:21) - (Middleland) Total user(0)
(2012: 3:15: 9:22) - (Middleland) Total user(0)
(2012: 3:15: 9:23) - (Middleland) Total user(0)
(2012: 3:15: 9:24) - (Middleland) Total user(0)
(2012: 3:15: 9:25) - (Middleland) Total user(0)
(2012: 3:15: 9:26) - (Middleland) Total user(0)
(2012: 3:15: 9:27) - (Middleland) Total user(0)
(2012: 3:15: 9:28) - (Middleland) Total user(0)
(2012: 3:15: 9:29) - (Middleland) Total user(0)
(2012: 3:15: 9:30) - (Middleland) Total user(0)
(2012: 3:15: 9:31) - (Middleland) Total user(0)
(2012: 3:15: 9:32) - (Middleland) Total user(0)
(2012: 3:15: 9:33) - (Middleland) Total user(0)
(2012: 3:15: 9:34) - (Middleland) Total user(0)
(2012: 3:15: 9:35) - (Middleland) Total user(0)
(2012: 3:15: 9:36) - (Middleland) Total user(0)
(2012: 3:15: 9:37) - (Middleland) Total user(0)
(2012: 3:15: 9:38) - (Middleland) Total user(0)
(2012: 3:15: 9:39) - (Middleland) Total user(0)
(2012: 3:15: 9:40) - (Middleland) Total user(0)
(2012: 3:15: 9:41) - (Middleland) Total user(0)
(2012: 3:15: 9:42) - (Middleland) Total user(0)
(2012: 3:15: 9:43) - (Middleland) Total user(0)
(2012: 3:15: 9:44) - (Middleland) Total user(0)
(2012: 3:15: 9:45) - (Middleland) Total user(0)
(2012: 3:15: 9:46) - (Middleland) Total user(0)
(2012: 3:15: 9:47) - (Middleland) Total user(0)
(2012: 3:15: 9:48) - (Middleland) Total user(0)
(2012: 3:15: 9:49) - (Middleland) Total user(0)
(2012: 3:15: 9:50) - (Middleland) Total user(0)
(2012: 3:15: 9:51) - (Middleland) Total user(0)
(2012: 3:15: 9:52) - (Middleland) Total user(0)
(2012: 3:15: 9:53) - (Middleland) Total user(0)
(2012: 3:15: 9:54) - (Middleland) Total user(0)
(2012: 3:15: 9:55) - (Middleland) Total user(0)
(2012: 3:15: 9:56) - (Middleland) Total user(0)
(2012: 3:15: 9:57) - (Middleland) Total user(0)
(2012: 3:15: 9:58) - (Middleland) Total user(0)
(2012: 3:15:10: 0) - (Middleland) Total user(0)
(2012: 3:15:10: 1) - (Middleland) Total user(0)
(2012: 3:15:10: 2) - (Middleland) Total user(0)
(2012: 3:15:10: 3) - (Middleland) Total user(0)
(2012: 3:15:10: 4) - (Middleland) Total user(0)
(2012: 3:15:10: 5) - (Middleland) Total user(0)
(2012: 3:15:10: 6) - (Middleland) Total user(0)
(2012: 3:15:10: 7) - (Middleland) Total user(0)
(2012: 3:15:10: 8) - (Middleland) Total user(0)
(2012: 3:15:10: 9) - (Middleland) Total user(0)
(2012: 3:15:10:10) - (Middleland) Total user(0)
(2012: 3:15:10:11) - (Middleland) Total user(0)
(2012: 3:15:10:12) - (Middleland) Total user(1)
(2012: 3:15:10:13) - (Middleland) Total user(1)
(2012: 3:15:10:14) - (Middleland) Total user(1)
(2012: 3:15:10:15) - (Middleland) Total user(1)
(2012: 3:15:10:16) - (Middleland) Total user(1)
(2012: 3:15:10:17) - (Middleland) Total user(1)
(2012: 3:15:10:18) - (Middleland) Total user(1)
(2012: 3:15:10:19) - (Middleland) Total user(1)
(2012: 3:15:10:20) - (Middleland) Total user(1)
(2012: 3:15:10:21) - (Middleland) Total user(1)
(2012: 3:15:10:22) - (Middleland) Total user(1)
(2012: 3:15:10:23) - (Middleland) Total user(1)
(2012: 3:15:10:24) - (Middleland) Total user(1)
(2012: 3:15:10:25) - (Middleland) Total user(1)
(2012: 3:15:10:26) - (Middleland) Total user(1)
(2012: 3:15:10:27) - (Middleland) Total user(1)
(2012: 3:15:10:28) - (Middleland) Total user(1)
(2012: 3:15:10:29) - (Middleland) Total user(1)
(2012: 3:15:10:30) - (Middleland) Total user(1)
(2012: 3:15:10:31) - (Middleland) Total user(1)
(2012: 3:15:10:32) - (Middleland) Total user(1)
(2012: 3:15:10:33) - (Middleland) Total user(1)
(2012: 3:15:10:34) - (Middleland) Total user(1)
(2012: 3:15:10:35) - (Middleland) Total user(1)
(2012: 3:15:10:36) - (Middleland) Total user(1)
(2012: 3:15:10:37) - (Middleland) Total user(1)
(2012: 3:15:10:38) - (Middleland) Total user(1)
(2012: 3:15:10:39) - (Middleland) Total user(1)
(2012: 3:15:10:40) - (Middleland) Total user(1)
(2012: 3:15:10:41) - (Middleland) Total user(1)
(2012: 3:15:10:42) - (Middleland) Total user(1)
(2012: 3:15:10:43) - (Middleland) Total user(1)
(2012: 3:15:10:44) - (Middleland) Total user(1)
(2012: 3:15:10:45) - (Middleland) Total user(1)
(2012: 3:15:10:46) - (Middleland) Total user(1)
(2012: 3:15:10:47) - (Middleland) Total user(1)
(2012: 3:15:10:48) - (Middleland) Total user(1)
(2012: 3:15:10:49) - (Middleland) Total user(1)
(2012: 3:15:10:50) - (Middleland) Total user(1)
(2012: 3:15:10:51) - (Middleland) Total user(1)
(2012: 3:15:10:52) - (Middleland) Total user(1)
(2012: 3:15:10:53) - (Middleland) Total user(1)
(2012: 3:15:10:54) - (Middleland) Total user(1)
(2012: 3:15:10:55) - (Middleland) Total user(1)
(2012: 3:15:10:56) - (Middleland) Total user(1)
(2012: 3:15:10:57) - (Middleland) Total user(1)
(2012: 3:15:10:58) - (Middleland) Total user(1)
(2012: 3:15:11: 0) - (Middleland) Total user(1)
(2012: 3:15:11: 1) - (Middleland) Total user(1)
(2012: 3:15:11: 2) - (Middleland) Total user(1)
(2012: 3:15:11: 3) - (Middleland) Total user(1)
(2012: 3:15:11: 4) - (Middleland) Total user(1)
(2012: 3:15:11: 5) - (Middleland) Total user(1)
(2012: 3:15:11: 6) - (Middleland) Total user(1)
(2012: 3:15:11: 7) - (Middleland) Total user(1)
(2012: 3:15:11: 8) - (Middleland) Total user(1)
(2012: 3:15:11: 9) - (Middleland) Total user(1)
(2012: 3:15:11:10) - (Middleland) Total user(1)
(2012: 3:15:11:11) - (Middleland) Total user(1)
(2012: 3:15:11:12) - (Middleland) Total user(1)
(2012: 3:15:11:13) - (Middleland) Total user(1)
(2012: 3:15:11:14) - (Middleland) Total user(1)
(2012: 3:15:11:15) - (Middleland) Total user(1)
(2012: 3:15:11:16) - (Middleland) Total user(1)
(2012: 3:15:11:17) - (Middleland) Total user(1)
(2012: 3:15:11:18) - (Middleland) Total user(1)
(2012: 3:15:11:19) - (Middleland) Total user(1)
(2012: 3:15:11:20) - (Middleland) Total user(1)
(2012: 3:15:11:21) - (Middleland) Total user(2)
(2012: 3:15:11:22) - (Middleland) Total user(2)
(2012: 3:15:11:23) - (Middleland) Total user(2)
(2012: 3:15:11:24) - (Middleland) Total user(2)
(2012: 3:15:11:25) - (Middleland) Total user(2)
(2012: 3:15:11:26) - (Middleland) Total user(2)
(2012: 3:15:11:27) - (Middleland) Total user(2)
(2012: 3:15:11:28) - (Middleland) Total user(2)
(2012: 3:15:11:29) - (Middleland) Total user(2)
(2012: 3:15:11:30) - (Middleland) Total user(2)
(2012: 3:15:11:31) - (Middleland) Total user(2)
(2012: 3:15:11:32) - (Middleland) Total user(2)
(2012: 3:15:11:33) - (Middleland) Total user(2)
(2012: 3:15:11:34) - (Middleland) Total user(2)
(2012: 3:15:11:35) - (Middleland) Total user(2)
(2012: 3:15:11:36) - (Middleland) Total user(2)
(2012: 3:15:11:37) - (Middleland) Total user(2)
(2012: 3:15:11:38) - (Middleland) Total user(2)
(2012: 3:15:11:39) - (Middleland) Total user(2)
(2012: 3:15:11:40) - (Middleland) Total user(2)
(2012: 3:15:11:41) - (Middleland) Total user(2)
(2012: 3:15:11:42) - (Middleland) Total user(2)
(2012: 3:15:11:43) - (Middleland) Total user(2)
(2012: 3:15:11:44) - (Middleland) Total user(2)
(2012: 3:15:11:45) - (Middleland) Total user(2)
(2012: 3:15:11:46) - (Middleland) Total user(2)
(2012: 3:15:11:47) - (Middleland) Total user(2)
(2012: 3:15:11:48) - (Middleland) Total user(2)
(2012: 3:15:11:49) - (Middleland) Total user(2)
(2012: 3:15:11:50) - (Middleland) Total user(2)
(2012: 3:15:11:51) - (Middleland) Total user(2)
(2012: 3:15:11:52) - (Middleland) Total user(2)
(2012: 3:15:11:53) - (Middleland) Total user(2)
(2012: 3:15:11:54) - (Middleland) Total user(2)
(2012: 3:15:11:55) - (Middleland) Total user(2)
(2012: 3:15:11:56) - (Middleland) Total user(2)
(2012: 3:15:11:57) - (Middleland) Total user(2)
(2012: 3:15:11:58) - (Middleland) Total user(2)
(2012: 3:15:11:59) - (Middleland) Total user(2)
(2012: 3:15:12: 1) - (Middleland) Total user(2)
(2012: 3:15:12: 2) - (Middleland) Total user(2)
(2012: 3:15:12: 3) - (Middleland) Total user(2)
(2012: 3:15:12: 4) - (Middleland) Total user(2)
(2012: 3:15:12: 5) - (Middleland) Total user(2)
(2012: 3:15:12: 6) - (Middleland) Total user(2)
(2012: 3:15:12: 7) - (Middleland) Total user(2)
(2012: 3:15:12: 8) - (Middleland) Total user(2)
(2012: 3:15:12: 9) - (Middleland) Total user(2)
(2012: 3:15:12:10) - (Middleland) Total user(2)
(2012: 3:15:12:11) - (Middleland) Total user(2)
(2012: 3:15:12:12) - (Middleland) Total user(2)
(2012: 3:15:12:13) - (Middleland) Total user(2)
(2012: 3:15:12:14) - (Middleland) Total user(2)
(2012: 3:15:12:15) - (Middleland) Total user(2)
(2012: 3:15:12:16) - (Middleland) Total user(2)
(2012: 3:15:12:17) - (Middleland) Total user(2)
(2012: 3:15:12:18) - (Middleland) Total user(2)
(2012: 3:15:12:19) - (Middleland) Total user(2)
(2012: 3:15:12:20) - (Middleland) Total user(2)
(2012: 3:15:12:21) - (Middleland) Total user(2)
(2012: 3:15:12:22) - (Middleland) Total user(2)
(2012: 3:15:12:23) - (Middleland) Total user(2)
(2012: 3:15:12:24) - (Middleland) Total user(2)
(2012: 3:15:12:25) - (Middleland) Total user(2)
(2012: 3:15:12:26) - (Middleland) Total user(2)
(2012: 3:15:12:27) - (Middleland) Total user(2)
(2012: 3:15:12:28) - (Middleland) Total user(2)
(2012: 3:15:12:29) - (Middleland) Total user(2)
(2012: 3:15:12:30) - (Middleland) Total user(2)
(2012: 3:15:12:31) - (Middleland) Total user(2)
(2012: 3:15:12:32) - (Middleland) Total user(2)
(2012: 3:15:12:33) - (Middleland) Total user(2)
(2012: 3:15:12:34) - (Middleland) Total user(2)
(2012: 3:15:12:35) - (Middleland) Total user(2)
(2012: 3:15:12:36) - (Middleland) Total user(2)
(2012: 3:15:12:37) - (Middleland) Total user(2)
(2012: 3:15:12:38) - (Middleland) Total user(2)
(2012: 3:15:12:39) - (Middleland) Total user(2)
(2012: 3:15:12:40) - (Middleland) Total user(2)
(2012: 3:15:12:41) - (Middleland) Total user(2)
(2012: 3:15:12:42) - (Middleland) Total user(2)
(2012: 3:15:12:43) - (Middleland) Total user(2)
(2012: 3:15:12:44) - (Middleland) Total user(3)
(2012: 3:15:12:45) - (Middleland) Total user(3)
(2012: 3:15:12:46) - (Middleland) Total user(3)
(2012: 3:15:12:47) - (Middleland) Total user(3)
(2012: 3:15:12:48) - (Middleland) Total user(3)
(2012: 3:15:12:49) - (Middleland) Total user(3)
(2012: 3:15:12:50) - (Middleland) Total user(3)
(2012: 3:15:12:51) - (Middleland) Total user(3)
(2012: 3:15:12:52) - (Middleland) Total user(3)
(2012: 3:15:12:53) - (Middleland) Total user(3)
(2012: 3:15:12:54) - (Middleland) Total user(3)
(2012: 3:15:12:55) - (Middleland) Total user(3)
(2012: 3:15:12:56) - (Middleland) Total user(3)
(2012: 3:15:12:57) - (Middleland) Total user(3)
(2012: 3:15:12:58) - (Middleland) Total user(3)
(2012: 3:15:12:59) - (Middleland) Total user(3)
(2012: 3:15:13: 0) - (Middleland) Total user(3)
(2012: 3:15:13: 2) - (Middleland) Total user(3)
(2012: 3:15:13: 3) - (Middleland) Total user(3)
(2012: 3:15:13: 4) - (Middleland) Total user(3)
(2012: 3:15:13: 5) - (Middleland) Total user(3)
(2012: 3:15:13: 6) - (Middleland) Total user(3)
(2012: 3:15:13: 7) - (Middleland) Total user(3)
(2012: 3:15:13: 8) - (Middleland) Total user(3)
(2012: 3:15:13: 9) - (Middleland) Total user(3)
(2012: 3:15:13:10) - (Middleland) Total user(3)
(2012: 3:15:13:11) - (Middleland) Total user(3)
(2012: 3:15:13:12) - (Middleland) Total user(3)
(2012: 3:15:13:13) - (Middleland) Total user(3)
(2012: 3:15:13:14) - (Middleland) Total user(3)
(2012: 3:15:13:15) - (Middleland) Total user(3)
(2012: 3:15:13:16) - (Middleland) Total user(3)
(2012: 3:15:13:17) - (Middleland) Total user(3)
(2012: 3:15:13:18) - (Middleland) Total user(3)
(2012: 3:15:13:19) - (Middleland) Total user(3)
(2012: 3:15:13:20) - (Middleland) Total user(3)
(2012: 3:15:13:21) - (Middleland) Total user(3)
(2012: 3:15:13:22) - (Middleland) Total user(3)
(2012: 3:15:13:23) - (Middleland) Total user(3)
(2012: 3:15:13:24) - (Middleland) Total user(3)
(2012: 3:15:13:25) - (Middleland) Total user(3)
(2012: 3:15:13:26) - (Middleland) Total user(3)
(2012: 3:15:13:27) - (Middleland) Total user(3)
(2012: 3:15:13:28) - (Middleland) Total user(3)
(2012: 3:15:13:29) - (Middleland) Total user(3)
(2012: 3:15:13:30) - (Middleland) Total user(3)
(2012: 3:15:13:31) - (Middleland) Total user(3)
(2012: 3:15:13:32) - (Middleland) Total user(3)
(2012: 3:15:13:33) - (Middleland) Total user(3)
(2012: 3:15:13:34) - (Middleland) Total user(3)
(2012: 3:15:13:35) - (Middleland) Total user(3)
(2012: 3:15:13:36) - (Middleland) Total user(3)
(2012: 3:15:13:37) - (Middleland) Total user(3)
(2012: 3:15:13:38) - (Middleland) Total user(3)
(2012: 3:15:13:39) - (Middleland) Total user(3)
(2012: 3:15:13:40) - (Middleland) Total user(3)
(2012: 3:15:13:41) - (Middleland) Total user(3)
(2012: 3:15:13:42) - (Middleland) Total user(3)
(2012: 3:15:13:43) - (Middleland) Total user(3)
(2012: 3:15:13:44) - (Middleland) Total user(3)
(2012: 3:15:13:45) - (Middleland) Total user(3)
(2012: 3:15:13:46) - (Middleland) Total user(3)
(2012: 3:15:13:47) - (Middleland) Total user(4)
(2012: 3:15:13:48) - (Middleland) Total user(4)
(2012: 3:15:13:49) - (Middleland) Total user(4)
(2012: 3:15:13:50) - (Middleland) Total user(4)
(2012: 3:15:13:51) - (Middleland) Total user(4)
(2012: 3:15:13:52) - (Middleland) Total user(4)
(2012: 3:15:13:53) - (Middleland) Total user(4)
(2012: 3:15:13:54) - (Middleland) Total user(4)
(2012: 3:15:13:55) - (Middleland) Total user(4)
(2012: 3:15:13:56) - (Middleland) Total user(4)
(2012: 3:15:13:57) - (Middleland) Total user(4)
(2012: 3:15:13:58) - (Middleland) Total user(4)
(2012: 3:15:13:59) - (Middleland) Total user(4)
(2012: 3:15:14: 0) - (Middleland) Total user(4)
(2012: 3:15:14: 1) - (Middleland) Total user(4)
(2012: 3:15:14: 3) - (Middleland) Total user(4)
(2012: 3:15:14: 4) - (Middleland) Total user(4)
(2012: 3:15:14: 5) - (Middleland) Total user(4)
(2012: 3:15:14: 6) - (Middleland) Total user(4)
(2012: 3:15:14: 7) - (Middleland) Total user(4)
(2012: 3:15:14: 8) - (Middleland) Total user(4)
(2012: 3:15:14: 9) - (Middleland) Total user(4)
(2012: 3:15:14:10) - (Middleland) Total user(4)
(2012: 3:15:14:11) - (Middleland) Total user(4)
(2012: 3:15:14:12) - (Middleland) Total user(4)
(2012: 3:15:14:13) - (Middleland) Total user(4)
(2012: 3:15:14:14) - (Middleland) Total user(4)
(2012: 3:15:14:15) - (Middleland) Total user(4)
(2012: 3:15:14:16) - (Middleland) Total user(4)
(2012: 3:15:14:17) - (Middleland) Total user(4)
(2012: 3:15:14:18) - (Middleland) Total user(4)
(2012: 3:15:14:19) - (Middleland) Total user(4)
(2012: 3:15:14:20) - (Middleland) Total user(4)
(2012: 3:15:14:21) - (Middleland) Total user(4)
(2012: 3:15:14:22) - (Middleland) Total user(4)
(2012: 3:15:14:23) - (Middleland) Total user(4)
(2012: 3:15:14:24) - (Middleland) Total user(4)
(2012: 3:15:14:25) - (Middleland) Total user(4)
(2012: 3:15:14:26) - (Middleland) Total user(4)
(2012: 3:15:14:27) - (Middleland) Total user(4)
(2012: 3:15:14:28) - (Middleland) Total user(4)
(2012: 3:15:14:29) - (Middleland) Total user(4)
(2012: 3:15:14:30) - (Middleland) Total user(4)
(2012: 3:15:14:31) - (Middleland) Total user(4)
(2012: 3:15:14:32) - (Middleland) Total user(4)
(2012: 3:15:14:33) - (Middleland) Total user(4)
(2012: 3:15:14:34) - (Middleland) Total user(4)
(2012: 3:15:14:35) - (Middleland) Total user(4)
(2012: 3:15:14:36) - (Middleland) Total user(4)
(2012: 3:15:14:37) - (Middleland) Total user(4)
(2012: 3:15:14:38) - (Middleland) Total user(4)
(2012: 3:15:14:39) - (Middleland) Total user(4)
(2012: 3:15:14:40) - (Middleland) Total user(3)
(2012: 3:15:14:41) - (Middleland) Total user(3)
(2012: 3:15:14:42) - (Middleland) Total user(3)
(2012: 3:15:14:43) - (Middleland) Total user(3)
(2012: 3:15:14:44) - (Middleland) Total user(3)
(2012: 3:15:14:45) - (Middleland) Total user(3)
(2012: 3:15:14:46) - (Middleland) Total user(3)
(2012: 3:15:14:47) - (Middleland) Total user(3)
(2012: 3:15:14:48) - (Middleland) Total user(3)
(2012: 3:15:14:49) - (Middleland) Total user(3)
(2012: 3:15:14:50) - (Middleland) Total user(3)
(2012: 3:15:14:51) - (Middleland) Total user(3)
(2012: 3:15:14:52) - (Middleland) Total user(3)
(2012: 3:15:14:53) - (Middleland) Total user(3)
(2012: 3:15:14:54) - (Middleland) Total user(3)
(2012: 3:15:14:55) - (Middleland) Total user(3)
(2012: 3:15:14:56) - (Middleland) Total user(3)
(2012: 3:15:14:57) - (Middleland) Total user(3)
(2012: 3:15:14:58) - (Middleland) Total user(3)
(2012: 3:15:14:59) - (Middleland) Total user(4)
(2012: 3:15:15: 0) - (Middleland) Total user(4)
(2012: 3:15:15: 1) - (Middleland) Total user(4)
(2012: 3:15:15: 3) - (Middleland) Total user(4)
(2012: 3:15:15: 4) - (Middleland) Total user(4)
(2012: 3:15:15: 5) - (Middleland) Total user(4)
(2012: 3:15:15: 6) - (Middleland) Total user(4)
(2012: 3:15:15: 7) - (Middleland) Total user(4)
(2012: 3:15:15: 8) - (Middleland) Total user(4)
(2012: 3:15:15: 9) - (Middleland) Total user(4)
(2012: 3:15:15:10) - (Middleland) Total user(4)
(2012: 3:15:15:11) - (Middleland) Total user(3)
(2012: 3:15:15:12) - (Middleland) Total user(2)
(2012: 3:15:15:13) - (Middleland) Total user(3)
(2012: 3:15:15:14) - (Middleland) Total user(4)
(2012: 3:15:15:15) - (Middleland) Total user(4)
(2012: 3:15:15:16) - (Middleland) Total user(4)
(2012: 3:15:15:17) - (Middleland) Total user(4)
(2012: 3:15:15:18) - (Middleland) Total user(4)
(2012: 3:15:15:19) - (Middleland) Total user(4)
(2012: 3:15:15:20) - (Middleland) Total user(4)
(2012: 3:15:15:21) - (Middleland) Total user(4)
(2012: 3:15:15:22) - (Middleland) Total user(4)
(2012: 3:15:15:23) - (Middleland) Total user(4)
(2012: 3:15:15:24) - (Middleland) Total user(4)
(2012: 3:15:15:25) - (Middleland) Total user(4)
(2012: 3:15:15:26) - (Middleland) Total user(4)
(2012: 3:15:15:27) - (Middleland) Total user(4)
(2012: 3:15:15:28) - (Middleland) Total user(4)
(2012: 3:15:15:29) - (Middleland) Total user(4)
(2012: 3:15:15:30) - (Middleland) Total user(4)
(2012: 3:15:15:31) - (Middleland) Total user(4)
(2012: 3:15:15:32) - (Middleland) Total user(4)
(2012: 3:15:15:33) - (Middleland) Total user(4)
(2012: 3:15:15:34) - (Middleland) Total user(4)
(2012: 3:15:15:35) - (Middleland) Total user(4)
(2012: 3:15:15:36) - (Middleland) Total user(4)
(2012: 3:15:15:37) - (Middleland) Total user(4)
(2012: 3:15:15:38) - (Middleland) Total user(4)
(2012: 3:15:15:39) - (Middleland) Total user(4)
(2012: 3:15:15:40) - (Middleland) Total user(4)
(2012: 3:15:15:41) - (Middleland) Total user(4)
(2012: 3:15:15:42) - (Middleland) Total user(4)
(2012: 3:15:15:43) - (Middleland) Total user(4)
(2012: 3:15:15:44) - (Middleland) Total user(4)
(2012: 3:15:15:45) - (Middleland) Total user(4)
(2012: 3:15:15:46) - (Middleland) Total user(4)
(2012: 3:15:15:47) - (Middleland) Total user(4)
(2012: 3:15:15:48) - (Middleland) Total user(4)
(2012: 3:15:15:49) - (Middleland) Total user(4)
(2012: 3:15:15:50) - (Middleland) Total user(4)
(2012: 3:15:15:51) - (Middleland) Total user(4)
(2012: 3:15:15:52) - (Middleland) Total user(4)
(2012: 3:15:15:53) - (Middleland) Total user(4)
(2012: 3:15:15:54) - (Middleland) Total user(4)
(2012: 3:15:15:55) - (Middleland) Total user(4)
(2012: 3:15:15:56) - (Middleland) Total user(4)
(2012: 3:15:15:57) - (Middleland) Total user(4)
(2012: 3:15:15:58) - (Middleland) Total user(4)
(2012: 3:15:15:59) - (Middleland) Total user(4)
(2012: 3:15:16: 0) - (Middleland) Total user(4)
(2012: 3:15:16: 1) - (Middleland) Total user(4)
(2012: 3:15:16: 2) - (Middleland) Total user(4)
(2012: 3:15:16: 4) - (Middleland) Total user(4)
(2012: 3:15:16: 5) - (Middleland) Total user(4)
(2012: 3:15:16: 6) - (Middleland) Total user(4)
(2012: 3:15:16: 7) - (Middleland) Total user(4)
(2012: 3:15:16: 8) - (Middleland) Total user(5)
(2012: 3:15:16: 9) - (Middleland) Total user(5)
(2012: 3:15:16:10) - (Middleland) Total user(5)
(2012: 3:15:16:11) - (Middleland) Total user(5)
(2012: 3:15:16:12) - (Middleland) Total user(5)
(2012: 3:15:16:13) - (Middleland) Total user(5)
(2012: 3:15:16:14) - (Middleland) Total user(5)
(2012: 3:15:16:15) - (Middleland) Total user(5)
(2012: 3:15:16:16) - (Middleland) Total user(5)
(2012: 3:15:16:17) - (Middleland) Total user(5)
(2012: 3:15:16:18) - (Middleland) Total user(5)
(2012: 3:15:16:19) - (Middleland) Total user(6)
(2012: 3:15:16:20) - (Middleland) Total user(6)
(2012: 3:15:16:21) - (Middleland) Total user(5)
(2012: 3:15:16:22) - (Middleland) Total user(5)
(2012: 3:15:16:23) - (Middleland) Total user(5)
(2012: 3:15:16:24) - (Middleland) Total user(5)
(2012: 3:15:16:25) - (Middleland) Total user(5)
(2012: 3:15:16:26) - (Middleland) Total user(4)
(2012: 3:15:16:27) - (Middleland) Total user(4)
(2012: 3:15:16:28) - (Middleland) Total user(4)
(2012: 3:15:16:29) - (Middleland) Total user(4)
(2012: 3:15:16:30) - (Middleland) Total user(4)
(2012: 3:15:16:31) - (Middleland) Total user(4)
(2012: 3:15:16:32) - (Middleland) Total user(4)
(2012: 3:15:16:33) - (Middleland) Total user(4)
(2012: 3:15:16:34) - (Middleland) Total user(4)
(2012: 3:15:16:35) - (Middleland) Total user(5)
(2012: 3:15:16:36) - (Middleland) Total user(5)
(2012: 3:15:16:37) - (Middleland) Total user(5)
(2012: 3:15:16:38) - (Middleland) Total user(5)
(2012: 3:15:16:39) - (Middleland) Total user(5)
(2012: 3:15:16:40) - (Middleland) Total user(5)
(2012: 3:15:16:41) - (Middleland) Total user(5)
(2012: 3:15:16:42) - (Middleland) Total user(5)
(2012: 3:15:16:43) - (Middleland) Total user(6)
(2012: 3:15:16:44) - (Middleland) Total user(6)
(2012: 3:15:16:45) - (Middleland) Total user(6)
(2012: 3:15:16:46) - (Middleland) Total user(5)
(2012: 3:15:16:47) - (Middleland) Total user(5)
(2012: 3:15:16:48) - (Middleland) Total user(5)
(2012: 3:15:16:49) - (Middleland) Total user(5)
(2012: 3:15:16:50) - (Middleland) Total user(5)
(2012: 3:15:16:51) - (Middleland) Total user(4)
(2012: 3:15:16:52) - (Middleland) Total user(4)
(2012: 3:15:16:53) - (Middleland) Total user(4)
(2012: 3:15:16:54) - (Middleland) Total user(4)
(2012: 3:15:16:55) - (Middleland) Total user(4)
(2012: 3:15:16:56) - (Middleland) Total user(4)
(2012: 3:15:16:57) - (Middleland) Total user(4)
(2012: 3:15:16:58) - (Middleland) Total user(4)
(2012: 3:15:16:59) - (Middleland) Total user(3)
(2012: 3:15:17: 0) - (Middleland) Total user(3)
(2012: 3:15:17: 1) - (Middleland) Total user(3)
(2012: 3:15:17: 2) - (Middleland) Total user(3)
(2012: 3:15:17: 3) - (Middleland) Total user(3)
(2012: 3:15:17: 5) - (Middleland) Total user(3)
(2012: 3:15:17: 6) - (Middleland) Total user(3)
(2012: 3:15:17: 7) - (Middleland) Total user(3)
(2012: 3:15:17: 8) - (Middleland) Total user(3)
(2012: 3:15:17: 9) - (Middleland) Total user(3)
(2012: 3:15:17:10) - (Middleland) Total user(3)
(2012: 3:15:17:11) - (Middleland) Total user(3)
(2012: 3:15:17:12) - (Middleland) Total user(3)
(2012: 3:15:17:13) - (Middleland) Total user(3)
(2012: 3:15:17:14) - (Middleland) Total user(4)
(2012: 3:15:17:15) - (Middleland) Total user(4)
(2012: 3:15:17:16) - (Middleland) Total user(3)
(2012: 3:15:17:17) - (Middleland) Total user(4)
(2012: 3:15:17:18) - (Middleland) Total user(4)
(2012: 3:15:17:19) - (Middleland) Total user(4)
(2012: 3:15:17:20) - (Middleland) Total user(4)
(2012: 3:15:17:21) - (Middleland) Total user(4)
(2012: 3:15:17:22) - (Middleland) Total user(4)
(2012: 3:15:17:23) - (Middleland) Total user(2)
(2012: 3:15:17:24) - (Middleland) Total user(2)
(2012: 3:15:17:25) - (Middleland) Total user(4)
(2012: 3:15:17:26) - (Middleland) Total user(4)
(2012: 3:15:17:27) - (Middleland) Total user(4)
(2012: 3:15:17:28) - (Middleland) Total user(4)
(2012: 3:15:17:29) - (Middleland) Total user(4)
(2012: 3:15:17:30) - (Middleland) Total user(4)
(2012: 3:15:17:31) - (Middleland) Total user(4)
(2012: 3:15:17:32) - (Middleland) Total user(4)
(2012: 3:15:17:33) - (Middleland) Total user(4)
(2012: 3:15:17:34) - (Middleland) Total user(4)
(2012: 3:15:17:35) - (Middleland) Total user(5)
(2012: 3:15:17:36) - (Middleland) Total user(4)
(2012: 3:15:17:37) - (Middleland) Total user(3)
(2012: 3:15:17:38) - (Middleland) Total user(3)
(2012: 3:15:17:39) - (Middleland) Total user(3)
(2012: 3:15:17:40) - (Middleland) Total user(3)
(2012: 3:15:17:41) - (Middleland) Total user(3)
(2012: 3:15:17:42) - (Middleland) Total user(3)
(2012: 3:15:17:43) - (Middleland) Total user(3)
(2012: 3:15:17:44) - (Middleland) Total user(3)
(2012: 3:15:17:45) - (Middleland) Total user(3)
(2012: 3:15:17:46) - (Middleland) Total user(3)
(2012: 3:15:17:47) - (Middleland) Total user(3)
(2012: 3:15:17:48) - (Middleland) Total user(3)
(2012: 3:15:17:49) - (Middleland) Total user(3)
(2012: 3:15:17:50) - (Middleland) Total user(3)
(2012: 3:15:17:51) - (Middleland) Total user(3)
(2012: 3:15:17:52) - (Middleland) Total user(3)
(2012: 3:15:17:53) - (Middleland) Total user(3)
(2012: 3:15:17:54) - (Middleland) Total user(3)
(2012: 3:15:17:55) - (Middleland) Total user(3)
(2012: 3:15:17:56) - (Middleland) Total user(3)
(2012: 3:15:17:57) - (Middleland) Total user(3)
(2012: 3:15:17:58) - (Middleland) Total user(3)
(2012: 3:15:17:59) - (Middleland) Total user(3)
(2012: 3:15:18: 0) - (Middleland) Total user(3)
(2012: 3:15:18: 1) - (Middleland) Total user(3)
(2012: 3:15:18: 2) - (Middleland) Total user(2)
(2012: 3:15:18: 3) - (Middleland) Total user(2)
(2012: 3:15:18: 4) - (Middleland) Total user(2)
(2012: 3:15:18: 6) - (Middleland) Total user(2)
(2012: 3:15:18: 7) - (Middleland) Total user(2)
(2012: 3:15:18: 8) - (Middleland) Total user(2)
(2012: 3:15:18: 9) - (Middleland) Total user(2)
(2012: 3:15:18:10) - (Middleland) Total user(3)
(2012: 3:15:18:11) - (Middleland) Total user(3)
(2012: 3:15:18:12) - (Middleland) Total user(3)
(2012: 3:15:18:13) - (Middleland) Total user(3)
(2012: 3:15:18:14) - (Middleland) Total user(2)
(2012: 3:15:18:15) - (Middleland) Total user(2)
(2012: 3:15:18:16) - (Middleland) Total user(2)
(2012: 3:15:18:17) - (Middleland) Total user(2)
(2012: 3:15:18:18) - (Middleland) Total user(2)
(2012: 3:15:18:19) - (Middleland) Total user(2)
(2012: 3:15:18:20) - (Middleland) Total user(2)
(2012: 3:15:18:21) - (Middleland) Total user(2)
(2012: 3:15:18:22) - (Middleland) Total user(2)
(2012: 3:15:18:23) - (Middleland) Total user(2)
(2012: 3:15:18:24) - (Middleland) Total user(2)
(2012: 3:15:18:25) - (Middleland) Total user(2)
(2012: 3:15:18:26) - (Middleland) Total user(2)
(2012: 3:15:18:27) - (Middleland) Total user(2)
(2012: 3:15:18:28) - (Middleland) Total user(2)
(2012: 3:15:18:29) - (Middleland) Total user(2)
(2012: 3:15:18:30) - (Middleland) Total user(2)
(2012: 3:15:18:31) - (Middleland) Total user(2)
(2012: 3:15:18:32) - (Middleland) Total user(2)
(2012: 3:15:18:33) - (Middleland) Total user(2)
(2012: 3:15:18:34) - (Middleland) Total user(2)
(2012: 3:15:18:35) - (Middleland) Total user(2)
(2012: 3:15:18:36) - (Middleland) Total user(2)
(2012: 3:15:18:37) - (Middleland) Total user(2)
(2012: 3:15:18:38) - (Middleland) Total user(2)
(2012: 3:15:18:39) - (Middleland) Total user(2)
(2012: 3:15:18:40) - (Middleland) Total user(3)
(2012: 3:15:18:41) - (Middleland) Total user(3)
(2012: 3:15:18:42) - (Middleland) Total user(3)
(2012: 3:15:18:43) - (Middleland) Total user(3)
(2012: 3:15:18:44) - (Middleland) Total user(3)
(2012: 3:15:18:45) - (Middleland) Total user(3)
(2012: 3:15:18:46) - (Middleland) Total user(3)
(2012: 3:15:18:47) - (Middleland) Total user(3)
(2012: 3:15:18:48) - (Middleland) Total user(3)
(2012: 3:15:18:49) - (Middleland) Total user(3)
(2012: 3:15:18:50) - (Middleland) Total user(3)
(2012: 3:15:18:51) - (Middleland) Total user(3)
(2012: 3:15:18:52) - (Middleland) Total user(3)
(2012: 3:15:18:53) - (Middleland) Total user(3)
(2012: 3:15:18:54) - (Middleland) Total user(3)
(2012: 3:15:18:55) - (Middleland) Total user(3)
(2012: 3:15:18:56) - (Middleland) Total user(3)
(2012: 3:15:18:57) - (Middleland) Total user(3)
(2012: 3:15:18:58) - (Middleland) Total user(3)
(2012: 3:15:18:59) - (Middleland) Total user(3)
(2012: 3:15:19: 0) - (Middleland) Total user(3)
(2012: 3:15:19: 1) - (Middleland) Total user(3)
(2012: 3:15:19: 2) - (Middleland) Total user(3)
(2012: 3:15:19: 3) - (Middleland) Total user(3)
(2012: 3:15:19: 4) - (Middleland) Total user(3)
(2012: 3:15:19: 6) - (Middleland) Total user(3)
(2012: 3:15:19: 7) - (Middleland) Total user(3)
(2012: 3:15:19: 8) - (Middleland) Total user(3)
(2012: 3:15:19: 9) - (Middleland) Total user(3)
(2012: 3:15:19:10) - (Middleland) Total user(3)
(2012: 3:15:19:11) - (Middleland) Total user(3)
(2012: 3:15:19:12) - (Middleland) Total user(3)
(2012: 3:15:19:13) - (Middleland) Total user(3)
(2012: 3:15:19:14) - (Middleland) Total user(3)
(2012: 3:15:19:15) - (Middleland) Total user(3)
(2012: 3:15:19:16) - (Middleland) Total user(3)
(2012: 3:15:19:17) - (Middleland) Total user(3)
(2012: 3:15:19:18) - (Middleland) Total user(3)
(2012: 3:15:19:19) - (Middleland) Total user(3)
(2012: 3:15:19:20) - (Middleland) Total user(3)
(2012: 3:15:19:21) - (Middleland) Total user(3)
(2012: 3:15:19:22) - (Middleland) Total user(3)
(2012: 3:15:19:23) - (Middleland) Total user(3)
(2012: 3:15:19:24) - (Middleland) Total user(3)
(2012: 3:15:19:25) - (Middleland) Total user(3)
(2012: 3:15:19:26) - (Middleland) Total user(3)
(2012: 3:15:19:27) - (Middleland) Total user(3)
(2012: 3:15:19:28) - (Middleland) Total user(3)
(2012: 3:15:19:29) - (Middleland) Total user(3)
(2012: 3:15:19:30) - (Middleland) Total user(3)
(2012: 3:15:19:31) - (Middleland) Total user(3)
(2012: 3:15:19:32) - (Middleland) Total user(3)
(2012: 3:15:19:33) - (Middleland) Total user(3)
(2012: 3:15:19:34) - (Middleland) Total user(2)
(2012: 3:15:19:35) - (Middleland) Total user(3)
(2012: 3:15:19:36) - (Middleland) Total user(3)
(2012: 3:15:19:37) - (Middleland) Total user(3)
(2012: 3:15:19:38) - (Middleland) Total user(3)
(2012: 3:15:19:39) - (Middleland) Total user(3)
(2012: 3:15:19:40) - (Middleland) Total user(3)
(2012: 3:15:19:41) - (Middleland) Total user(3)
(2012: 3:15:19:42) - (Middleland) Total user(3)
(2012: 3:15:19:43) - (Middleland) Total user(2)
(2012: 3:15:19:44) - (Middleland) Total user(2)
(2012: 3:15:19:45) - (Middleland) Total user(2)
(2012: 3:15:19:46) - (Middleland) Total user(2)
(2012: 3:15:19:47) - (Middleland) Total user(2)
(2012: 3:15:19:48) - (Middleland) Total user(2)
(2012: 3:15:19:49) - (Middleland) Total user(2)
(2012: 3:15:19:50) - (Middleland) Total user(2)
(2012: 3:15:19:51) - (Middleland) Total user(2)
(2012: 3:15:19:52) - (Middleland) Total user(2)
(2012: 3:15:19:53) - (Middleland) Total user(2)
(2012: 3:15:19:54) - (Middleland) Total user(2)
(2012: 3:15:19:55) - (Middleland) Total user(2)
(2012: 3:15:19:56) - (Middleland) Total user(2)
(2012: 3:15:19:57) - (Middleland) Total user(2)
(2012: 3:15:19:58) - (Middleland) Total user(2)
(2012: 3:15:19:59) - (Middleland) Total user(2)
(2012: 3:15:20: 0) - (Middleland) Total user(2)
(2012: 3:15:20: 1) - (Middleland) Total user(2)
(2012: 3:15:20: 2) - (Middleland) Total user(2)
(2012: 3:15:20: 3) - (Middleland) Total user(2)
(2012: 3:15:20: 4) - (Middleland) Total user(2)
(2012: 3:15:20: 5) - (Middleland) Total user(2)
(2012: 3:15:20: 7) - (Middleland) Total user(2)
(2012: 3:15:20: 8) - (Middleland) Total user(2)
(2012: 3:15:20: 9) - (Middleland) Total user(2)
(2012: 3:15:20:10) - (Middleland) Total user(2)
(2012: 3:15:20:11) - (Middleland) Total user(2)
(2012: 3:15:20:12) - (Middleland) Total user(2)
(2012: 3:15:20:13) - (Middleland) Total user(2)
(2012: 3:15:20:14) - (Middleland) Total user(3)
(2012: 3:15:20:15) - (Middleland) Total user(3)
(2012: 3:15:20:16) - (Middleland) Total user(3)
(2012: 3:15:20:17) - (Middleland) Total user(3)
(2012: 3:15:20:18) - (Middleland) Total user(3)
(2012: 3:15:20:19) - (Middleland) Total user(3)
(2012: 3:15:20:20) - (Middleland) Total user(3)
(2012: 3:15:20:21) - (Middleland) Total user(4)
(2012: 3:15:20:22) - (Middleland) Total user(5)
(2012: 3:15:20:23) - (Middleland) Total user(5)
(2012: 3:15:20:24) - (Middleland) Total user(6)
(2012: 3:15:20:25) - (Middleland) Total user(6)
(2012: 3:15:20:26) - (Middleland) Total user(6)
(2012: 3:15:20:27) - (Middleland) Total user(7)
(2012: 3:15:20:28) - (Middleland) Total user(7)
(2012: 3:15:20:29) - (Middleland) Total user(7)
(2012: 3:15:20:30) - (Middleland) Total user(7)
(2012: 3:15:20:31) - (Middleland) Total user(6)
(2012: 3:15:20:32) - (Middleland) Total user(6)
(2012: 3:15:20:33) - (Middleland) Total user(7)
(2012: 3:15:20:34) - (Middleland) Total user(5)
(2012: 3:15:20:35) - (Middleland) Total user(6)
(2012: 3:15:20:36) - (Middleland) Total user(6)
(2012: 3:15:20:37) - (Middleland) Total user(6)
(2012: 3:15:20:38) - (Middleland) Total user(7)
(2012: 3:15:20:39) - (Middleland) Total user(7)
(2012: 3:15:20:40) - (Middleland) Total user(6)
(2012: 3:15:20:41) - (Middleland) Total user(7)
(2012: 3:15:20:42) - (Middleland) Total user(7)
(2012: 3:15:20:43) - (Middleland) Total user(7)
(2012: 3:15:20:44) - (Middleland) Total user(7)
(2012: 3:15:20:45) - (Middleland) Total user(6)
(2012: 3:15:20:46) - (Middleland) Total user(7)
(2012: 3:15:20:47) - (Middleland) Total user(7)
(2012: 3:15:20:48) - (Middleland) Total user(7)
(2012: 3:15:20:49) - (Middleland) Total user(6)
(2012: 3:15:20:50) - (Middleland) Total user(6)
(2012: 3:15:20:51) - (Middleland) Total user(7)
(2012: 3:15:20:52) - (Middleland) Total user(6)
(2012: 3:15:20:53) - (Middleland) Total user(7)
(2012: 3:15:20:54) - (Middleland) Total user(7)
(2012: 3:15:20:55) - (Middleland) Total user(8)
(2012: 3:15:20:56) - (Middleland) Total user(8)
(2012: 3:15:20:57) - (Middleland) Total user(8)
(2012: 3:15:20:58) - (Middleland) Total user(7)
(2012: 3:15:20:59) - (Middleland) Total user(8)
(2012: 3:15:21: 0) - (Middleland) Total user(8)
(2012: 3:15:21: 1) - (Middleland) Total user(9)
(2012: 3:15:21: 2) - (Middleland) Total user(9)
(2012: 3:15:21: 3) - (Middleland) Total user(9)
(2012: 3:15:21: 4) - (Middleland) Total user(9)
(2012: 3:15:21: 5) - (Middleland) Total user(8)
(2012: 3:15:21: 6) - (Middleland) Total user(9)
(2012: 3:15:21: 8) - (Middleland) Total user(9)
(2012: 3:15:21: 9) - (Middleland) Total user(9)
(2012: 3:15:21:10) - (Middleland) Total user(9)
(2012: 3:15:21:11) - (Middleland) Total user(9)
(2012: 3:15:21:12) - (Middleland) Total user(9)
(2012: 3:15:21:13) - (Middleland) Total user(9)
(2012: 3:15:21:14) - (Middleland) Total user(9)
(2012: 3:15:21:15) - (Middleland) Total user(8)
(2012: 3:15:21:16) - (Middleland) Total user(7)
(2012: 3:15:21:17) - (Middleland) Total user(8)
(2012: 3:15:21:18) - (Middleland) Total user(9)
(2012: 3:15:21:19) - (Middleland) Total user(8)
(2012: 3:15:21:20) - (Middleland) Total user(8)
(2012: 3:15:21:21) - (Middleland) Total user(8)
(2012: 3:15:21:22) - (Middleland) Total user(8)
(2012: 3:15:21:23) - (Middleland) Total user(8)
(2012: 3:15:21:24) - (Middleland) Total user(8)
(2012: 3:15:21:25) - (Middleland) Total user(8)
(2012: 3:15:21:26) - (Middleland) Total user(8)
(2012: 3:15:21:27) - (Middleland) Total user(8)
(2012: 3:15:21:28) - (Middleland) Total user(8)
(2012: 3:15:21:29) - (Middleland) Total user(8)
(2012: 3:15:21:30) - (Middleland) Total user(8)
(2012: 3:15:21:31) - (Middleland) Total user(8)
(2012: 3:15:21:32) - (Middleland) Total user(8)
(2012: 3:15:21:33) - (Middleland) Total user(8)
(2012: 3:15:21:34) - (Middleland) Total user(8)
(2012: 3:15:21:35) - (Middleland) Total user(8)
(2012: 3:15:21:36) - (Middleland) Total user(7)
(2012: 3:15:21:37) - (Middleland) Total user(7)
(2012: 3:15:21:38) - (Middleland) Total user(7)
(2012: 3:15:21:39) - (Middleland) Total user(7)
(2012: 3:15:21:40) - (Middleland) Total user(7)
(2012: 3:15:21:41) - (Middleland) Total user(7)
(2012: 3:15:21:42) - (Middleland) Total user(7)
(2012: 3:15:21:43) - (Middleland) Total user(7)
(2012: 3:15:21:44) - (Middleland) Total user(7)
(2012: 3:15:21:45) - (Middleland) Total user(7)
(2012: 3:15:21:46) - (Middleland) Total user(7)
(2012: 3:15:21:47) - (Middleland) Total user(7)
(2012: 3:15:21:48) - (Middleland) Total user(6)
(2012: 3:15:21:49) - (Middleland) Total user(6)
(2012: 3:15:21:50) - (Middleland) Total user(6)
(2012: 3:15:21:51) - (Middleland) Total user(6)
(2012: 3:15:21:52) - (Middleland) Total user(6)
(2012: 3:15:21:53) - (Middleland) Total user(6)
(2012: 3:15:21:54) - (Middleland) Total user(6)
(2012: 3:15:21:55) - (Middleland) Total user(6)
(2012: 3:15:21:56) - (Middleland) Total user(6)
(2012: 3:15:21:57) - (Middleland) Total user(6)
(2012: 3:15:21:58) - (Middleland) Total user(6)
(2012: 3:15:21:59) - (Middleland) Total user(6)
(2012: 3:15:22: 0) - (Middleland) Total user(7)
(2012: 3:15:22: 1) - (Middleland) Total user(7)
(2012: 3:15:22: 2) - (Middleland) Total user(7)
(2012: 3:15:22: 3) - (Middleland) Total user(7)
(2012: 3:15:22: 4) - (Middleland) Total user(7)
(2012: 3:15:22: 5) - (Middleland) Total user(8)
(2012: 3:15:22: 6) - (Middleland) Total user(8)
(2012: 3:15:22: 7) - (Middleland) Total user(7)
(2012: 3:15:22: 9) - (Middleland) Total user(7)
(2012: 3:15:22:10) - (Middleland) Total user(7)
(2012: 3:15:22:11) - (Middleland) Total user(7)
(2012: 3:15:22:12) - (Middleland) Total user(8)
(2012: 3:15:22:13) - (Middleland) Total user(8)
(2012: 3:15:22:14) - (Middleland) Total user(8)
(2012: 3:15:22:15) - (Middleland) Total user(9)
(2012: 3:15:22:16) - (Middleland) Total user(9)
(2012: 3:15:22:17) - (Middleland) Total user(8)
(2012: 3:15:22:18) - (Middleland) Total user(9)
(2012: 3:15:22:19) - (Middleland) Total user(9)
(2012: 3:15:22:20) - (Middleland) Total user(11)
(2012: 3:15:22:21) - (Middleland) Total user(11)
(2012: 3:15:22:22) - (Middleland) Total user(11)
(2012: 3:15:22:23) - (Middleland) Total user(11)
(2012: 3:15:22:24) - (Middleland) Total user(11)
(2012: 3:15:22:25) - (Middleland) Total user(11)
(2012: 3:15:22:26) - (Middleland) Total user(11)
(2012: 3:15:22:27) - (Middleland) Total user(11)
(2012: 3:15:22:28) - (Middleland) Total user(11)
(2012: 3:15:22:29) - (Middleland) Total user(11)
(2012: 3:15:22:30) - (Middleland) Total user(11)
(2012: 3:15:22:31) - (Middleland) Total user(11)
(2012: 3:15:22:32) - (Middleland) Total user(11)
(2012: 3:15:22:33) - (Middleland) Total user(11)
(2012: 3:15:22:34) - (Middleland) Total user(10)
(2012: 3:15:22:35) - (Middleland) Total user(10)
(2012: 3:15:22:36) - (Middleland) Total user(11)
(2012: 3:15:22:37) - (Middleland) Total user(11)
(2012: 3:15:22:38) - (Middleland) Total user(12)
(2012: 3:15:22:39) - (Middleland) Total user(12)
(2012: 3:15:22:40) - (Middleland) Total user(11)
(2012: 3:15:22:41) - (Middleland) Total user(11)
(2012: 3:15:22:42) - (Middleland) Total user(11)
(2012: 3:15:22:43) - (Middleland) Total user(11)
(2012: 3:15:22:44) - (Middleland) Total user(11)
(2012: 3:15:22:45) - (Middleland) Total user(11)
(2012: 3:15:22:46) - (Middleland) Total user(11)
(2012: 3:15:22:47) - (Middleland) Total user(11)
(2012: 3:15:22:48) - (Middleland) Total user(10)
(2012: 3:15:22:49) - (Middleland) Total user(10)
(2012: 3:15:22:50) - (Middleland) Total user(9)
(2012: 3:15:22:51) - (Middleland) Total user(10)
(2012: 3:15:22:52) - (Middleland) Total user(10)
(2012: 3:15:22:53) - (Middleland) Total user(10)
(2012: 3:15:22:54) - (Middleland) Total user(11)
(2012: 3:15:22:55) - (Middleland) Total user(11)
(2012: 3:15:22:56) - (Middleland) Total user(11)
(2012: 3:15:22:57) - (Middleland) Total user(11)
(2012: 3:15:22:58) - (Middleland) Total user(11)
(2012: 3:15:22:59) - (Middleland) Total user(11)
(2012: 3:15:23: 0) - (Middleland) Total user(11)
(2012: 3:15:23: 1) - (Middleland) Total user(11)
(2012: 3:15:23: 2) - (Middleland) Total user(11)
(2012: 3:15:23: 3) - (Middleland) Total user(11)
(2012: 3:15:23: 4) - (Middleland) Total user(10)
(2012: 3:15:23: 5) - (Middleland) Total user(11)
(2012: 3:15:23: 6) - (Middleland) Total user(11)
(2012: 3:15:23: 7) - (Middleland) Total user(11)
(2012: 3:15:23: 9) - (Middleland) Total user(10)
(2012: 3:15:23:10) - (Middleland) Total user(10)
(2012: 3:15:23:11) - (Middleland) Total user(10)
(2012: 3:15:23:12) - (Middleland) Total user(9)
(2012: 3:15:23:13) - (Middleland) Total user(10)
(2012: 3:15:23:14) - (Middleland) Total user(10)
(2012: 3:15:23:15) - (Middleland) Total user(10)
(2012: 3:15:23:16) - (Middleland) Total user(10)
(2012: 3:15:23:17) - (Middleland) Total user(10)
(2012: 3:15:23:18) - (Middleland) Total user(10)
(2012: 3:15:23:19) - (Middleland) Total user(10)
(2012: 3:15:23:20) - (Middleland) Total user(10)
(2012: 3:15:23:21) - (Middleland) Total user(10)
(2012: 3:15:23:22) - (Middleland) Total user(9)
(2012: 3:15:23:23) - (Middleland) Total user(9)
(2012: 3:15:23:24) - (Middleland) Total user(9)
(2012: 3:15:23:25) - (Middleland) Total user(9)
(2012: 3:15:23:26) - (Middleland) Total user(9)
(2012: 3:15:23:27) - (Middleland) Total user(9)
(2012: 3:15:23:28) - (Middleland) Total user(9)
(2012: 3:15:23:29) - (Middleland) Total user(9)
(2012: 3:15:23:30) - (Middleland) Total user(9)
(2012: 3:15:23:31) - (Middleland) Total user(9)
(2012: 3:15:23:32) - (Middleland) Total user(8)
(2012: 3:15:23:33) - (Middleland) Total user(9)
(2012: 3:15:23:34) - (Middleland) Total user(9)
(2012: 3:15:23:35) - (Middleland) Total user(8)
(2012: 3:15:23:36) - (Middleland) Total user(9)
(2012: 3:15:23:37) - (Middleland) Total user(9)
(2012: 3:15:23:38) - (Middleland) Total user(8)
(2012: 3:15:23:39) - (Middleland) Total user(8)
(2012: 3:15:23:40) - (Middleland) Total user(8)
(2012: 3:15:23:41) - (Middleland) Total user(8)
(2012: 3:15:23:42) - (Middleland) Total user(8)
(2012: 3:15:23:43) - (Middleland) Total user(8)
(2012: 3:15:23:44) - (Middleland) Total user(8)
(2012: 3:15:23:45) - (Middleland) Total user(8)
(2012: 3:15:23:46) - (Middleland) Total user(7)
(2012: 3:15:23:47) - (Middleland) Total user(9)
(2012: 3:15:23:48) - (Middleland) Total user(9)
(2012: 3:15:23:49) - (Middleland) Total user(9)
(2012: 3:15:23:50) - (Middleland) Total user(9)
(2012: 3:15:23:51) - (Middleland) Total user(8)
(2012: 3:15:23:52) - (Middleland) Total user(7)
(2012: 3:15:23:53) - (Middleland) Total user(8)
(2012: 3:15:23:54) - (Middleland) Total user(6)
(2012: 3:15:23:55) - (Middleland) Total user(7)
(2012: 3:15:23:56) - (Middleland) Total user(6)
(2012: 3:15:23:57) - (Middleland) Total user(6)
(2012: 3:15:23:58) - (Middleland) Total user(6)
(2012: 3:15:23:59) - (Middleland) Total user(6)
