(2012: 3:18: 0: 0) - (Middleland) Total user(5)
(2012: 3:18: 0: 1) - (Middleland) Total user(5)
(2012: 3:18: 0: 2) - (Middleland) Total user(5)
(2012: 3:18: 0: 3) - (Middleland) Total user(5)
(2012: 3:18: 0: 4) - (Middleland) Total user(5)
(2012: 3:18: 0: 5) - (Middleland) Total user(5)
(2012: 3:18: 0: 6) - (Middleland) Total user(5)
(2012: 3:18: 0: 7) - (Middleland) Total user(5)
(2012: 3:18: 0: 8) - (Middleland) Total user(5)
(2012: 3:18: 0: 9) - (Middleland) Total user(5)
(2012: 3:18: 0:10) - (Middleland) Total user(5)
(2012: 3:18: 0:11) - (Middleland) Total user(5)
(2012: 3:18: 0:12) - (Middleland) Total user(4)
(2012: 3:18: 0:13) - (Middleland) Total user(5)
(2012: 3:18: 0:14) - (Middleland) Total user(5)
(2012: 3:18: 0:15) - (Middleland) Total user(5)
(2012: 3:18: 0:16) - (Middleland) Total user(5)
(2012: 3:18: 0:17) - (Middleland) Total user(5)
(2012: 3:18: 0:18) - (Middleland) Total user(5)
(2012: 3:18: 0:19) - (Middleland) Total user(5)
(2012: 3:18: 0:20) - (Middleland) Total user(6)
(2012: 3:18: 0:21) - (Middleland) Total user(5)
(2012: 3:18: 0:22) - (Middleland) Total user(5)
(2012: 3:18: 0:23) - (Middleland) Total user(5)
(2012: 3:18: 0:24) - (Middleland) Total user(5)
(2012: 3:18: 0:25) - (Middleland) Total user(5)
(2012: 3:18: 0:26) - (Middleland) Total user(5)
(2012: 3:18: 0:27) - (Middleland) Total user(5)
(2012: 3:18: 0:28) - (Middleland) Total user(5)
(2012: 3:18: 0:29) - (Middleland) Total user(5)
(2012: 3:18: 0:30) - (Middleland) Total user(5)
(2012: 3:18: 0:31) - (Middleland) Total user(5)
(2012: 3:18: 0:32) - (Middleland) Total user(5)
(2012: 3:18: 0:33) - (Middleland) Total user(5)
(2012: 3:18: 0:34) - (Middleland) Total user(5)
(2012: 3:18: 0:35) - (Middleland) Total user(5)
(2012: 3:18: 0:36) - (Middleland) Total user(4)
(2012: 3:18: 0:37) - (Middleland) Total user(4)
(2012: 3:18: 0:38) - (Middleland) Total user(4)
(2012: 3:18: 0:39) - (Middleland) Total user(4)
(2012: 3:18: 0:41) - (Middleland) Total user(4)
(2012: 3:18: 0:42) - (Middleland) Total user(4)
(2012: 3:18: 0:43) - (Middleland) Total user(4)
(2012: 3:18: 0:44) - (Middleland) Total user(4)
(2012: 3:18: 0:45) - (Middleland) Total user(4)
(2012: 3:18: 0:46) - (Middleland) Total user(4)
(2012: 3:18: 0:47) - (Middleland) Total user(4)
(2012: 3:18: 0:48) - (Middleland) Total user(4)
(2012: 3:18: 0:49) - (Middleland) Total user(3)
(2012: 3:18: 0:50) - (Middleland) Total user(3)
(2012: 3:18: 0:51) - (Middleland) Total user(3)
(2012: 3:18: 0:52) - (Middleland) Total user(3)
(2012: 3:18: 0:53) - (Middleland) Total user(3)
(2012: 3:18: 0:54) - (Middleland) Total user(3)
(2012: 3:18: 0:55) - (Middleland) Total user(3)
(2012: 3:18: 0:56) - (Middleland) Total user(3)
(2012: 3:18: 0:57) - (Middleland) Total user(3)
(2012: 3:18: 0:58) - (Middleland) Total user(3)
(2012: 3:18: 0:59) - (Middleland) Total user(3)
(2012: 3:18: 1: 0) - (Middleland) Total user(3)
(2012: 3:18: 1: 1) - (Middleland) Total user(3)
(2012: 3:18: 1: 2) - (Middleland) Total user(3)
(2012: 3:18: 1: 3) - (Middleland) Total user(3)
(2012: 3:18: 1: 4) - (Middleland) Total user(3)
(2012: 3:18: 1: 5) - (Middleland) Total user(3)
(2012: 3:18: 1: 6) - (Middleland) Total user(3)
(2012: 3:18: 1: 7) - (Middleland) Total user(3)
(2012: 3:18: 1: 8) - (Middleland) Total user(3)
(2012: 3:18: 1: 9) - (Middleland) Total user(3)
(2012: 3:18: 1:10) - (Middleland) Total user(3)
(2012: 3:18: 1:11) - (Middleland) Total user(3)
(2012: 3:18: 1:12) - (Middleland) Total user(3)
(2012: 3:18: 1:13) - (Middleland) Total user(3)
(2012: 3:18: 1:14) - (Middleland) Total user(3)
(2012: 3:18: 1:15) - (Middleland) Total user(3)
(2012: 3:18: 1:16) - (Middleland) Total user(3)
(2012: 3:18: 1:17) - (Middleland) Total user(3)
(2012: 3:18: 1:18) - (Middleland) Total user(3)
(2012: 3:18: 1:19) - (Middleland) Total user(4)
(2012: 3:18: 1:20) - (Middleland) Total user(4)
(2012: 3:18: 1:21) - (Middleland) Total user(4)
(2012: 3:18: 1:22) - (Middleland) Total user(4)
(2012: 3:18: 1:23) - (Middleland) Total user(4)
(2012: 3:18: 1:24) - (Middleland) Total user(4)
(2012: 3:18: 1:25) - (Middleland) Total user(4)
(2012: 3:18: 1:26) - (Middleland) Total user(4)
(2012: 3:18: 1:27) - (Middleland) Total user(4)
(2012: 3:18: 1:28) - (Middleland) Total user(4)
(2012: 3:18: 1:29) - (Middleland) Total user(4)
(2012: 3:18: 1:30) - (Middleland) Total user(4)
(2012: 3:18: 1:31) - (Middleland) Total user(4)
(2012: 3:18: 1:32) - (Middleland) Total user(4)
(2012: 3:18: 1:33) - (Middleland) Total user(4)
(2012: 3:18: 1:34) - (Middleland) Total user(4)
(2012: 3:18: 1:35) - (Middleland) Total user(4)
(2012: 3:18: 1:36) - (Middleland) Total user(4)
(2012: 3:18: 1:37) - (Middleland) Total user(4)
(2012: 3:18: 1:38) - (Middleland) Total user(4)
(2012: 3:18: 1:39) - (Middleland) Total user(4)
(2012: 3:18: 1:40) - (Middleland) Total user(3)
(2012: 3:18: 1:42) - (Middleland) Total user(3)
(2012: 3:18: 1:43) - (Middleland) Total user(3)
(2012: 3:18: 1:44) - (Middleland) Total user(3)
(2012: 3:18: 1:45) - (Middleland) Total user(3)
(2012: 3:18: 1:46) - (Middleland) Total user(3)
(2012: 3:18: 1:47) - (Middleland) Total user(3)
(2012: 3:18: 1:48) - (Middleland) Total user(3)
(2012: 3:18: 1:49) - (Middleland) Total user(3)
(2012: 3:18: 1:50) - (Middleland) Total user(3)
(2012: 3:18: 1:51) - (Middleland) Total user(3)
(2012: 3:18: 1:52) - (Middleland) Total user(3)
(2012: 3:18: 1:53) - (Middleland) Total user(3)
(2012: 3:18: 1:54) - (Middleland) Total user(3)
(2012: 3:18: 1:55) - (Middleland) Total user(3)
(2012: 3:18: 1:56) - (Middleland) Total user(3)
(2012: 3:18: 1:57) - (Middleland) Total user(3)
(2012: 3:18: 1:58) - (Middleland) Total user(3)
(2012: 3:18: 1:59) - (Middleland) Total user(3)
(2012: 3:18: 2: 0) - (Middleland) Total user(3)
(2012: 3:18: 2: 1) - (Middleland) Total user(3)
(2012: 3:18: 2: 2) - (Middleland) Total user(3)
(2012: 3:18: 2: 3) - (Middleland) Total user(3)
(2012: 3:18: 2: 4) - (Middleland) Total user(3)
(2012: 3:18: 2: 5) - (Middleland) Total user(3)
(2012: 3:18: 2: 6) - (Middleland) Total user(3)
(2012: 3:18: 2: 7) - (Middleland) Total user(3)
(2012: 3:18: 2: 8) - (Middleland) Total user(3)
(2012: 3:18: 2: 9) - (Middleland) Total user(4)
(2012: 3:18: 2:10) - (Middleland) Total user(4)
(2012: 3:18: 2:11) - (Middleland) Total user(4)
(2012: 3:18: 2:12) - (Middleland) Total user(4)
(2012: 3:18: 2:13) - (Middleland) Total user(3)
(2012: 3:18: 2:14) - (Middleland) Total user(4)
(2012: 3:18: 2:15) - (Middleland) Total user(4)
(2012: 3:18: 2:16) - (Middleland) Total user(4)
(2012: 3:18: 2:17) - (Middleland) Total user(4)
(2012: 3:18: 2:18) - (Middleland) Total user(4)
(2012: 3:18: 2:19) - (Middleland) Total user(3)
(2012: 3:18: 2:20) - (Middleland) Total user(4)
(2012: 3:18: 2:21) - (Middleland) Total user(4)
(2012: 3:18: 2:22) - (Middleland) Total user(4)
(2012: 3:18: 2:23) - (Middleland) Total user(4)
(2012: 3:18: 2:24) - (Middleland) Total user(4)
(2012: 3:18: 2:25) - (Middleland) Total user(3)
(2012: 3:18: 2:26) - (Middleland) Total user(4)
(2012: 3:18: 2:27) - (Middleland) Total user(4)
(2012: 3:18: 2:28) - (Middleland) Total user(4)
(2012: 3:18: 2:29) - (Middleland) Total user(4)
(2012: 3:18: 2:30) - (Middleland) Total user(4)
(2012: 3:18: 2:31) - (Middleland) Total user(4)
(2012: 3:18: 2:32) - (Middleland) Total user(4)
(2012: 3:18: 2:33) - (Middleland) Total user(4)
(2012: 3:18: 2:34) - (Middleland) Total user(4)
(2012: 3:18: 2:35) - (Middleland) Total user(4)
(2012: 3:18: 2:36) - (Middleland) Total user(4)
(2012: 3:18: 2:37) - (Middleland) Total user(4)
(2012: 3:18: 2:38) - (Middleland) Total user(4)
(2012: 3:18: 2:39) - (Middleland) Total user(4)
(2012: 3:18: 2:40) - (Middleland) Total user(4)
(2012: 3:18: 2:42) - (Middleland) Total user(3)
(2012: 3:18: 2:43) - (Middleland) Total user(3)
(2012: 3:18: 2:44) - (Middleland) Total user(3)
(2012: 3:18: 2:45) - (Middleland) Total user(2)
(2012: 3:18: 2:46) - (Middleland) Total user(2)
(2012: 3:18: 2:47) - (Middleland) Total user(1)
(2012: 3:18: 2:48) - (Middleland) Total user(1)
(2012: 3:18: 2:49) - (Middleland) Total user(1)
(2012: 3:18: 2:50) - (Middleland) Total user(1)
(2012: 3:18: 2:51) - (Middleland) Total user(1)
(2012: 3:18: 2:52) - (Middleland) Total user(1)
(2012: 3:18: 2:53) - (Middleland) Total user(1)
(2012: 3:18: 2:54) - (Middleland) Total user(1)
(2012: 3:18: 2:55) - (Middleland) Total user(1)
(2012: 3:18: 2:56) - (Middleland) Total user(1)
(2012: 3:18: 2:57) - (Middleland) Total user(1)
(2012: 3:18: 2:58) - (Middleland) Total user(1)
(2012: 3:18: 2:59) - (Middleland) Total user(1)
(2012: 3:18: 3: 0) - (Middleland) Total user(1)
(2012: 3:18: 3: 1) - (Middleland) Total user(1)
(2012: 3:18: 3: 2) - (Middleland) Total user(1)
(2012: 3:18: 3: 3) - (Middleland) Total user(1)
(2012: 3:18: 3: 4) - (Middleland) Total user(1)
(2012: 3:18: 3: 5) - (Middleland) Total user(1)
(2012: 3:18: 3: 6) - (Middleland) Total user(1)
(2012: 3:18: 3: 7) - (Middleland) Total user(1)
(2012: 3:18: 3: 8) - (Middleland) Total user(1)
(2012: 3:18: 3: 9) - (Middleland) Total user(1)
(2012: 3:18: 3:10) - (Middleland) Total user(1)
(2012: 3:18: 3:11) - (Middleland) Total user(1)
(2012: 3:18: 3:12) - (Middleland) Total user(1)
(2012: 3:18: 3:13) - (Middleland) Total user(1)
(2012: 3:18: 3:14) - (Middleland) Total user(1)
(2012: 3:18: 3:15) - (Middleland) Total user(1)
(2012: 3:18: 3:16) - (Middleland) Total user(1)
(2012: 3:18: 3:17) - (Middleland) Total user(1)
(2012: 3:18: 3:18) - (Middleland) Total user(1)
(2012: 3:18: 3:19) - (Middleland) Total user(1)
(2012: 3:18: 3:20) - (Middleland) Total user(1)
(2012: 3:18: 3:21) - (Middleland) Total user(1)
(2012: 3:18: 3:22) - (Middleland) Total user(1)
(2012: 3:18: 3:23) - (Middleland) Total user(1)
(2012: 3:18: 3:24) - (Middleland) Total user(1)
(2012: 3:18: 3:25) - (Middleland) Total user(1)
(2012: 3:18: 3:26) - (Middleland) Total user(1)
(2012: 3:18: 3:27) - (Middleland) Total user(1)
(2012: 3:18: 3:28) - (Middleland) Total user(1)
(2012: 3:18: 3:29) - (Middleland) Total user(1)
(2012: 3:18: 3:30) - (Middleland) Total user(1)
(2012: 3:18: 3:31) - (Middleland) Total user(1)
(2012: 3:18: 3:32) - (Middleland) Total user(1)
(2012: 3:18: 3:33) - (Middleland) Total user(1)
(2012: 3:18: 3:34) - (Middleland) Total user(1)
(2012: 3:18: 3:35) - (Middleland) Total user(1)
(2012: 3:18: 3:36) - (Middleland) Total user(1)
(2012: 3:18: 3:37) - (Middleland) Total user(1)
(2012: 3:18: 3:38) - (Middleland) Total user(1)
(2012: 3:18: 3:39) - (Middleland) Total user(1)
(2012: 3:18: 3:40) - (Middleland) Total user(1)
(2012: 3:18: 3:41) - (Middleland) Total user(1)
(2012: 3:18: 3:43) - (Middleland) Total user(1)
(2012: 3:18: 3:44) - (Middleland) Total user(1)
(2012: 3:18: 3:45) - (Middleland) Total user(1)
(2012: 3:18: 3:46) - (Middleland) Total user(1)
(2012: 3:18: 3:47) - (Middleland) Total user(1)
(2012: 3:18: 3:48) - (Middleland) Total user(1)
(2012: 3:18: 3:49) - (Middleland) Total user(1)
(2012: 3:18: 3:50) - (Middleland) Total user(1)
(2012: 3:18: 3:51) - (Middleland) Total user(1)
(2012: 3:18: 3:52) - (Middleland) Total user(1)
(2012: 3:18: 3:53) - (Middleland) Total user(1)
(2012: 3:18: 3:54) - (Middleland) Total user(1)
(2012: 3:18: 3:55) - (Middleland) Total user(1)
(2012: 3:18: 3:56) - (Middleland) Total user(1)
(2012: 3:18: 3:57) - (Middleland) Total user(1)
(2012: 3:18: 3:58) - (Middleland) Total user(1)
(2012: 3:18: 3:59) - (Middleland) Total user(1)
(2012: 3:18: 4: 0) - (Middleland) Total user(1)
(2012: 3:18: 4: 1) - (Middleland) Total user(2)
(2012: 3:18: 4: 2) - (Middleland) Total user(2)
(2012: 3:18: 4: 3) - (Middleland) Total user(2)
(2012: 3:18: 4: 4) - (Middleland) Total user(2)
(2012: 3:18: 4: 5) - (Middleland) Total user(2)
(2012: 3:18: 4: 6) - (Middleland) Total user(2)
(2012: 3:18: 4: 7) - (Middleland) Total user(2)
(2012: 3:18: 4: 8) - (Middleland) Total user(2)
(2012: 3:18: 4: 9) - (Middleland) Total user(2)
(2012: 3:18: 4:10) - (Middleland) Total user(2)
(2012: 3:18: 4:11) - (Middleland) Total user(2)
(2012: 3:18: 4:12) - (Middleland) Total user(2)
(2012: 3:18: 4:13) - (Middleland) Total user(2)
(2012: 3:18: 4:14) - (Middleland) Total user(2)
(2012: 3:18: 4:15) - (Middleland) Total user(2)
(2012: 3:18: 4:16) - (Middleland) Total user(2)
(2012: 3:18: 4:17) - (Middleland) Total user(2)
(2012: 3:18: 4:18) - (Middleland) Total user(2)
(2012: 3:18: 4:19) - (Middleland) Total user(2)
(2012: 3:18: 4:20) - (Middleland) Total user(2)
(2012: 3:18: 4:21) - (Middleland) Total user(2)
(2012: 3:18: 4:22) - (Middleland) Total user(2)
(2012: 3:18: 4:23) - (Middleland) Total user(2)
(2012: 3:18: 4:24) - (Middleland) Total user(2)
(2012: 3:18: 4:25) - (Middleland) Total user(2)
(2012: 3:18: 4:26) - (Middleland) Total user(2)
(2012: 3:18: 4:27) - (Middleland) Total user(2)
(2012: 3:18: 4:28) - (Middleland) Total user(2)
(2012: 3:18: 4:29) - (Middleland) Total user(2)
(2012: 3:18: 4:30) - (Middleland) Total user(2)
(2012: 3:18: 4:31) - (Middleland) Total user(2)
(2012: 3:18: 4:32) - (Middleland) Total user(2)
(2012: 3:18: 4:33) - (Middleland) Total user(2)
(2012: 3:18: 4:34) - (Middleland) Total user(2)
(2012: 3:18: 4:35) - (Middleland) Total user(2)
(2012: 3:18: 4:36) - (Middleland) Total user(2)
(2012: 3:18: 4:37) - (Middleland) Total user(2)
(2012: 3:18: 4:38) - (Middleland) Total user(2)
(2012: 3:18: 4:39) - (Middleland) Total user(2)
(2012: 3:18: 4:40) - (Middleland) Total user(2)
(2012: 3:18: 4:41) - (Middleland) Total user(2)
(2012: 3:18: 4:42) - (Middleland) Total user(3)
(2012: 3:18: 4:44) - (Middleland) Total user(3)
(2012: 3:18: 4:45) - (Middleland) Total user(4)
(2012: 3:18: 4:46) - (Middleland) Total user(4)
(2012: 3:18: 4:47) - (Middleland) Total user(4)
(2012: 3:18: 4:48) - (Middleland) Total user(4)
(2012: 3:18: 4:49) - (Middleland) Total user(4)
(2012: 3:18: 4:50) - (Middleland) Total user(4)
(2012: 3:18: 4:51) - (Middleland) Total user(4)
(2012: 3:18: 4:52) - (Middleland) Total user(4)
(2012: 3:18: 4:53) - (Middleland) Total user(4)
(2012: 3:18: 4:54) - (Middleland) Total user(4)
(2012: 3:18: 4:55) - (Middleland) Total user(4)
(2012: 3:18: 4:56) - (Middleland) Total user(4)
(2012: 3:18: 4:57) - (Middleland) Total user(4)
(2012: 3:18: 4:58) - (Middleland) Total user(4)
(2012: 3:18: 4:59) - (Middleland) Total user(4)
(2012: 3:18: 5: 0) - (Middleland) Total user(4)
(2012: 3:18: 5: 1) - (Middleland) Total user(4)
(2012: 3:18: 5: 2) - (Middleland) Total user(4)
(2012: 3:18: 5: 3) - (Middleland) Total user(4)
(2012: 3:18: 5: 4) - (Middleland) Total user(4)
(2012: 3:18: 5: 5) - (Middleland) Total user(4)
(2012: 3:18: 5: 6) - (Middleland) Total user(4)
(2012: 3:18: 5: 7) - (Middleland) Total user(4)
(2012: 3:18: 5: 8) - (Middleland) Total user(4)
(2012: 3:18: 5: 9) - (Middleland) Total user(4)
(2012: 3:18: 5:10) - (Middleland) Total user(4)
(2012: 3:18: 5:11) - (Middleland) Total user(4)
(2012: 3:18: 5:12) - (Middleland) Total user(4)
(2012: 3:18: 5:13) - (Middleland) Total user(4)
(2012: 3:18: 5:14) - (Middleland) Total user(4)
(2012: 3:18: 5:15) - (Middleland) Total user(4)
(2012: 3:18: 5:16) - (Middleland) Total user(4)
(2012: 3:18: 5:17) - (Middleland) Total user(4)
(2012: 3:18: 5:18) - (Middleland) Total user(4)
(2012: 3:18: 5:19) - (Middleland) Total user(4)
(2012: 3:18: 5:20) - (Middleland) Total user(4)
(2012: 3:18: 5:21) - (Middleland) Total user(4)
(2012: 3:18: 5:22) - (Middleland) Total user(4)
(2012: 3:18: 5:23) - (Middleland) Total user(4)
(2012: 3:18: 5:24) - (Middleland) Total user(4)
(2012: 3:18: 5:25) - (Middleland) Total user(4)
(2012: 3:18: 5:26) - (Middleland) Total user(4)
(2012: 3:18: 5:27) - (Middleland) Total user(4)
(2012: 3:18: 5:28) - (Middleland) Total user(4)
(2012: 3:18: 5:29) - (Middleland) Total user(5)
(2012: 3:18: 5:30) - (Middleland) Total user(4)
(2012: 3:18: 5:31) - (Middleland) Total user(4)
(2012: 3:18: 5:32) - (Middleland) Total user(4)
(2012: 3:18: 5:33) - (Middleland) Total user(4)
(2012: 3:18: 5:34) - (Middleland) Total user(4)
(2012: 3:18: 5:35) - (Middleland) Total user(4)
(2012: 3:18: 5:36) - (Middleland) Total user(4)
(2012: 3:18: 5:37) - (Middleland) Total user(4)
(2012: 3:18: 5:38) - (Middleland) Total user(3)
(2012: 3:18: 5:39) - (Middleland) Total user(3)
(2012: 3:18: 5:40) - (Middleland) Total user(3)
(2012: 3:18: 5:41) - (Middleland) Total user(3)
(2012: 3:18: 5:42) - (Middleland) Total user(3)
(2012: 3:18: 5:43) - (Middleland) Total user(3)
(2012: 3:18: 5:45) - (Middleland) Total user(3)
(2012: 3:18: 5:46) - (Middleland) Total user(3)
(2012: 3:18: 5:47) - (Middleland) Total user(3)
(2012: 3:18: 5:48) - (Middleland) Total user(3)
(2012: 3:18: 5:49) - (Middleland) Total user(2)
(2012: 3:18: 5:50) - (Middleland) Total user(3)
(2012: 3:18: 5:51) - (Middleland) Total user(3)
(2012: 3:18: 5:52) - (Middleland) Total user(3)
(2012: 3:18: 5:53) - (Middleland) Total user(3)
(2012: 3:18: 5:54) - (Middleland) Total user(3)
(2012: 3:18: 5:55) - (Middleland) Total user(3)
(2012: 3:18: 5:56) - (Middleland) Total user(3)
(2012: 3:18: 5:57) - (Middleland) Total user(2)
(2012: 3:18: 5:58) - (Middleland) Total user(2)
(2012: 3:18: 5:59) - (Middleland) Total user(2)
(2012: 3:18: 6: 0) - (Middleland) Total user(2)
(2012: 3:18: 6: 1) - (Middleland) Total user(2)
(2012: 3:18: 6: 2) - (Middleland) Total user(2)
(2012: 3:18: 6: 3) - (Middleland) Total user(2)
(2012: 3:18: 6: 4) - (Middleland) Total user(2)
(2012: 3:18: 6: 5) - (Middleland) Total user(2)
(2012: 3:18: 6: 6) - (Middleland) Total user(2)
(2012: 3:18: 6: 7) - (Middleland) Total user(2)
(2012: 3:18: 6: 8) - (Middleland) Total user(1)
(2012: 3:18: 6: 9) - (Middleland) Total user(2)
(2012: 3:18: 6:10) - (Middleland) Total user(2)
(2012: 3:18: 6:11) - (Middleland) Total user(2)
(2012: 3:18: 6:12) - (Middleland) Total user(2)
(2012: 3:18: 6:13) - (Middleland) Total user(2)
(2012: 3:18: 6:14) - (Middleland) Total user(2)
(2012: 3:18: 6:15) - (Middleland) Total user(2)
(2012: 3:18: 6:16) - (Middleland) Total user(2)
(2012: 3:18: 6:17) - (Middleland) Total user(1)
(2012: 3:18: 6:18) - (Middleland) Total user(2)
(2012: 3:18: 6:19) - (Middleland) Total user(2)
(2012: 3:18: 6:20) - (Middleland) Total user(2)
(2012: 3:18: 6:21) - (Middleland) Total user(2)
(2012: 3:18: 6:22) - (Middleland) Total user(2)
(2012: 3:18: 6:23) - (Middleland) Total user(2)
(2012: 3:18: 6:24) - (Middleland) Total user(2)
(2012: 3:18: 6:25) - (Middleland) Total user(2)
(2012: 3:18: 6:26) - (Middleland) Total user(2)
(2012: 3:18: 6:27) - (Middleland) Total user(2)
(2012: 3:18: 6:28) - (Middleland) Total user(2)
(2012: 3:18: 6:29) - (Middleland) Total user(2)
(2012: 3:18: 6:30) - (Middleland) Total user(2)
(2012: 3:18: 6:31) - (Middleland) Total user(2)
(2012: 3:18: 6:32) - (Middleland) Total user(2)
(2012: 3:18: 6:33) - (Middleland) Total user(2)
(2012: 3:18: 6:34) - (Middleland) Total user(2)
(2012: 3:18: 6:35) - (Middleland) Total user(2)
(2012: 3:18: 6:36) - (Middleland) Total user(2)
(2012: 3:18: 6:37) - (Middleland) Total user(2)
(2012: 3:18: 6:38) - (Middleland) Total user(2)
(2012: 3:18: 6:39) - (Middleland) Total user(2)
(2012: 3:18: 6:40) - (Middleland) Total user(2)
(2012: 3:18: 6:41) - (Middleland) Total user(2)
(2012: 3:18: 6:42) - (Middleland) Total user(2)
(2012: 3:18: 6:43) - (Middleland) Total user(2)
(2012: 3:18: 6:45) - (Middleland) Total user(2)
(2012: 3:18: 6:46) - (Middleland) Total user(2)
(2012: 3:18: 6:47) - (Middleland) Total user(2)
(2012: 3:18: 6:48) - (Middleland) Total user(2)
(2012: 3:18: 6:49) - (Middleland) Total user(2)
(2012: 3:18: 6:50) - (Middleland) Total user(2)
(2012: 3:18: 6:51) - (Middleland) Total user(2)
(2012: 3:18: 6:52) - (Middleland) Total user(2)
(2012: 3:18: 6:53) - (Middleland) Total user(2)
(2012: 3:18: 6:54) - (Middleland) Total user(2)
(2012: 3:18: 6:55) - (Middleland) Total user(2)
(2012: 3:18: 6:56) - (Middleland) Total user(2)
(2012: 3:18: 6:57) - (Middleland) Total user(2)
(2012: 3:18: 6:58) - (Middleland) Total user(2)
(2012: 3:18: 6:59) - (Middleland) Total user(2)
(2012: 3:18: 7: 0) - (Middleland) Total user(1)
(2012: 3:18: 7: 1) - (Middleland) Total user(2)
(2012: 3:18: 7: 2) - (Middleland) Total user(2)
(2012: 3:18: 7: 3) - (Middleland) Total user(2)
(2012: 3:18: 7: 4) - (Middleland) Total user(2)
(2012: 3:18: 7: 5) - (Middleland) Total user(2)
(2012: 3:18: 7: 6) - (Middleland) Total user(2)
(2012: 3:18: 7: 7) - (Middleland) Total user(2)
(2012: 3:18: 7: 8) - (Middleland) Total user(2)
(2012: 3:18: 7: 9) - (Middleland) Total user(2)
(2012: 3:18: 7:10) - (Middleland) Total user(2)
(2012: 3:18: 7:11) - (Middleland) Total user(2)
(2012: 3:18: 7:12) - (Middleland) Total user(2)
(2012: 3:18: 7:13) - (Middleland) Total user(2)
(2012: 3:18: 7:14) - (Middleland) Total user(2)
(2012: 3:18: 7:15) - (Middleland) Total user(2)
(2012: 3:18: 7:16) - (Middleland) Total user(2)
(2012: 3:18: 7:17) - (Middleland) Total user(2)
(2012: 3:18: 7:18) - (Middleland) Total user(2)
(2012: 3:18: 7:19) - (Middleland) Total user(2)
(2012: 3:18: 7:20) - (Middleland) Total user(2)
(2012: 3:18: 7:21) - (Middleland) Total user(2)
(2012: 3:18: 7:22) - (Middleland) Total user(2)
(2012: 3:18: 7:23) - (Middleland) Total user(2)
(2012: 3:18: 7:24) - (Middleland) Total user(2)
(2012: 3:18: 7:25) - (Middleland) Total user(2)
(2012: 3:18: 7:26) - (Middleland) Total user(2)
(2012: 3:18: 7:27) - (Middleland) Total user(3)
(2012: 3:18: 7:28) - (Middleland) Total user(3)
(2012: 3:18: 7:29) - (Middleland) Total user(3)
(2012: 3:18: 7:30) - (Middleland) Total user(3)
(2012: 3:18: 7:31) - (Middleland) Total user(3)
(2012: 3:18: 7:32) - (Middleland) Total user(3)
(2012: 3:18: 7:33) - (Middleland) Total user(3)
(2012: 3:18: 7:34) - (Middleland) Total user(3)
(2012: 3:18: 7:35) - (Middleland) Total user(4)
(2012: 3:18: 7:36) - (Middleland) Total user(4)
(2012: 3:18: 7:37) - (Middleland) Total user(4)
(2012: 3:18: 7:38) - (Middleland) Total user(4)
(2012: 3:18: 7:39) - (Middleland) Total user(4)
(2012: 3:18: 7:40) - (Middleland) Total user(4)
(2012: 3:18: 7:41) - (Middleland) Total user(4)
(2012: 3:18: 7:42) - (Middleland) Total user(4)
(2012: 3:18: 7:43) - (Middleland) Total user(4)
(2012: 3:18: 7:44) - (Middleland) Total user(4)
(2012: 3:18: 7:46) - (Middleland) Total user(4)
(2012: 3:18: 7:47) - (Middleland) Total user(4)
(2012: 3:18: 7:48) - (Middleland) Total user(4)
(2012: 3:18: 7:49) - (Middleland) Total user(4)
(2012: 3:18: 7:50) - (Middleland) Total user(4)
(2012: 3:18: 7:51) - (Middleland) Total user(4)
(2012: 3:18: 7:52) - (Middleland) Total user(3)
(2012: 3:18: 7:53) - (Middleland) Total user(4)
(2012: 3:18: 7:54) - (Middleland) Total user(4)
(2012: 3:18: 7:55) - (Middleland) Total user(4)
(2012: 3:18: 7:56) - (Middleland) Total user(4)
(2012: 3:18: 7:57) - (Middleland) Total user(4)
(2012: 3:18: 7:58) - (Middleland) Total user(4)
(2012: 3:18: 7:59) - (Middleland) Total user(4)
(2012: 3:18: 8: 0) - (Middleland) Total user(4)
(2012: 3:18: 8: 1) - (Middleland) Total user(4)
(2012: 3:18: 8: 2) - (Middleland) Total user(4)
(2012: 3:18: 8: 3) - (Middleland) Total user(3)
(2012: 3:18: 8: 4) - (Middleland) Total user(3)
(2012: 3:18: 8: 5) - (Middleland) Total user(3)
(2012: 3:18: 8: 6) - (Middleland) Total user(3)
(2012: 3:18: 8: 7) - (Middleland) Total user(3)
(2012: 3:18: 8: 8) - (Middleland) Total user(3)
(2012: 3:18: 8: 9) - (Middleland) Total user(3)
(2012: 3:18: 8:10) - (Middleland) Total user(3)
(2012: 3:18: 8:11) - (Middleland) Total user(3)
(2012: 3:18: 8:12) - (Middleland) Total user(3)
(2012: 3:18: 8:13) - (Middleland) Total user(3)
(2012: 3:18: 8:14) - (Middleland) Total user(3)
(2012: 3:18: 8:15) - (Middleland) Total user(3)
(2012: 3:18: 8:16) - (Middleland) Total user(2)
(2012: 3:18: 8:17) - (Middleland) Total user(1)
(2012: 3:18: 8:18) - (Middleland) Total user(1)
(2012: 3:18: 8:19) - (Middleland) Total user(1)
(2012: 3:18: 8:20) - (Middleland) Total user(1)
(2012: 3:18: 8:21) - (Middleland) Total user(1)
(2012: 3:18: 8:22) - (Middleland) Total user(1)
(2012: 3:18: 8:23) - (Middleland) Total user(1)
(2012: 3:18: 8:24) - (Middleland) Total user(1)
(2012: 3:18: 8:25) - (Middleland) Total user(1)
(2012: 3:18: 8:26) - (Middleland) Total user(1)
(2012: 3:18: 8:27) - (Middleland) Total user(1)
(2012: 3:18: 8:28) - (Middleland) Total user(1)
(2012: 3:18: 8:29) - (Middleland) Total user(1)
(2012: 3:18: 8:30) - (Middleland) Total user(1)
(2012: 3:18: 8:31) - (Middleland) Total user(1)
(2012: 3:18: 8:32) - (Middleland) Total user(1)
(2012: 3:18: 8:33) - (Middleland) Total user(1)
(2012: 3:18: 8:34) - (Middleland) Total user(1)
(2012: 3:18: 8:35) - (Middleland) Total user(1)
(2012: 3:18: 8:36) - (Middleland) Total user(1)
(2012: 3:18: 8:37) - (Middleland) Total user(1)
(2012: 3:18: 8:38) - (Middleland) Total user(1)
(2012: 3:18: 8:39) - (Middleland) Total user(1)
(2012: 3:18: 8:40) - (Middleland) Total user(1)
(2012: 3:18: 8:41) - (Middleland) Total user(1)
(2012: 3:18: 8:42) - (Middleland) Total user(1)
(2012: 3:18: 8:43) - (Middleland) Total user(1)
(2012: 3:18: 8:44) - (Middleland) Total user(1)
(2012: 3:18: 8:45) - (Middleland) Total user(1)
(2012: 3:18: 8:47) - (Middleland) Total user(1)
(2012: 3:18: 8:48) - (Middleland) Total user(1)
(2012: 3:18: 8:49) - (Middleland) Total user(1)
(2012: 3:18: 8:50) - (Middleland) Total user(1)
(2012: 3:18: 8:51) - (Middleland) Total user(1)
(2012: 3:18: 8:52) - (Middleland) Total user(1)
(2012: 3:18: 8:53) - (Middleland) Total user(1)
(2012: 3:18: 8:54) - (Middleland) Total user(1)
(2012: 3:18: 8:55) - (Middleland) Total user(1)
(2012: 3:18: 8:56) - (Middleland) Total user(1)
(2012: 3:18: 8:57) - (Middleland) Total user(1)
(2012: 3:18: 8:58) - (Middleland) Total user(1)
(2012: 3:18: 8:59) - (Middleland) Total user(1)
(2012: 3:18: 9: 0) - (Middleland) Total user(1)
(2012: 3:18: 9: 1) - (Middleland) Total user(1)
(2012: 3:18: 9: 2) - (Middleland) Total user(1)
(2012: 3:18: 9: 3) - (Middleland) Total user(1)
(2012: 3:18: 9: 4) - (Middleland) Total user(1)
(2012: 3:18: 9: 5) - (Middleland) Total user(1)
(2012: 3:18: 9: 6) - (Middleland) Total user(1)
(2012: 3:18: 9: 7) - (Middleland) Total user(1)
(2012: 3:18: 9: 8) - (Middleland) Total user(1)
(2012: 3:18: 9: 9) - (Middleland) Total user(1)
(2012: 3:18: 9:10) - (Middleland) Total user(1)
(2012: 3:18: 9:11) - (Middleland) Total user(1)
(2012: 3:18: 9:12) - (Middleland) Total user(1)
(2012: 3:18: 9:13) - (Middleland) Total user(1)
(2012: 3:18: 9:14) - (Middleland) Total user(1)
(2012: 3:18: 9:15) - (Middleland) Total user(1)
(2012: 3:18: 9:16) - (Middleland) Total user(1)
(2012: 3:18: 9:17) - (Middleland) Total user(1)
(2012: 3:18: 9:18) - (Middleland) Total user(1)
(2012: 3:18: 9:19) - (Middleland) Total user(1)
(2012: 3:18: 9:20) - (Middleland) Total user(1)
(2012: 3:18: 9:21) - (Middleland) Total user(1)
(2012: 3:18: 9:22) - (Middleland) Total user(1)
(2012: 3:18: 9:23) - (Middleland) Total user(1)
(2012: 3:18: 9:24) - (Middleland) Total user(1)
(2012: 3:18: 9:25) - (Middleland) Total user(1)
(2012: 3:18: 9:26) - (Middleland) Total user(1)
(2012: 3:18: 9:27) - (Middleland) Total user(1)
(2012: 3:18: 9:28) - (Middleland) Total user(1)
(2012: 3:18: 9:29) - (Middleland) Total user(1)
(2012: 3:18: 9:30) - (Middleland) Total user(1)
(2012: 3:18: 9:31) - (Middleland) Total user(1)
(2012: 3:18: 9:32) - (Middleland) Total user(1)
(2012: 3:18: 9:33) - (Middleland) Total user(1)
(2012: 3:18: 9:34) - (Middleland) Total user(1)
(2012: 3:18: 9:35) - (Middleland) Total user(1)
(2012: 3:18: 9:36) - (Middleland) Total user(1)
(2012: 3:18: 9:37) - (Middleland) Total user(1)
(2012: 3:18: 9:38) - (Middleland) Total user(1)
(2012: 3:18: 9:39) - (Middleland) Total user(1)
(2012: 3:18: 9:40) - (Middleland) Total user(1)
(2012: 3:18: 9:41) - (Middleland) Total user(1)
(2012: 3:18: 9:42) - (Middleland) Total user(1)
(2012: 3:18: 9:43) - (Middleland) Total user(1)
(2012: 3:18: 9:44) - (Middleland) Total user(1)
(2012: 3:18: 9:45) - (Middleland) Total user(1)
(2012: 3:18: 9:47) - (Middleland) Total user(1)
(2012: 3:18: 9:48) - (Middleland) Total user(1)
(2012: 3:18: 9:49) - (Middleland) Total user(1)
(2012: 3:18: 9:50) - (Middleland) Total user(1)
(2012: 3:18: 9:51) - (Middleland) Total user(1)
(2012: 3:18: 9:52) - (Middleland) Total user(1)
(2012: 3:18: 9:53) - (Middleland) Total user(1)
(2012: 3:18: 9:54) - (Middleland) Total user(1)
(2012: 3:18: 9:55) - (Middleland) Total user(1)
(2012: 3:18: 9:56) - (Middleland) Total user(1)
(2012: 3:18: 9:57) - (Middleland) Total user(1)
(2012: 3:18: 9:58) - (Middleland) Total user(1)
(2012: 3:18: 9:59) - (Middleland) Total user(1)
(2012: 3:18:10: 0) - (Middleland) Total user(1)
(2012: 3:18:10: 1) - (Middleland) Total user(1)
(2012: 3:18:10: 2) - (Middleland) Total user(1)
(2012: 3:18:10: 3) - (Middleland) Total user(1)
(2012: 3:18:10: 4) - (Middleland) Total user(1)
(2012: 3:18:10: 5) - (Middleland) Total user(1)
(2012: 3:18:10: 6) - (Middleland) Total user(1)
(2012: 3:18:10: 7) - (Middleland) Total user(1)
(2012: 3:18:10: 8) - (Middleland) Total user(1)
(2012: 3:18:10: 9) - (Middleland) Total user(1)
(2012: 3:18:10:10) - (Middleland) Total user(1)
(2012: 3:18:10:11) - (Middleland) Total user(1)
(2012: 3:18:10:12) - (Middleland) Total user(1)
(2012: 3:18:10:13) - (Middleland) Total user(1)
(2012: 3:18:10:14) - (Middleland) Total user(1)
(2012: 3:18:10:15) - (Middleland) Total user(1)
(2012: 3:18:10:16) - (Middleland) Total user(1)
(2012: 3:18:10:17) - (Middleland) Total user(1)
(2012: 3:18:10:18) - (Middleland) Total user(1)
(2012: 3:18:10:19) - (Middleland) Total user(1)
(2012: 3:18:10:20) - (Middleland) Total user(1)
(2012: 3:18:10:21) - (Middleland) Total user(1)
(2012: 3:18:10:22) - (Middleland) Total user(1)
(2012: 3:18:10:23) - (Middleland) Total user(1)
(2012: 3:18:10:24) - (Middleland) Total user(1)
(2012: 3:18:10:25) - (Middleland) Total user(1)
(2012: 3:18:10:26) - (Middleland) Total user(1)
(2012: 3:18:10:27) - (Middleland) Total user(1)
(2012: 3:18:10:28) - (Middleland) Total user(1)
(2012: 3:18:10:29) - (Middleland) Total user(1)
(2012: 3:18:10:30) - (Middleland) Total user(1)
(2012: 3:18:10:31) - (Middleland) Total user(1)
(2012: 3:18:10:32) - (Middleland) Total user(1)
(2012: 3:18:10:33) - (Middleland) Total user(1)
(2012: 3:18:10:34) - (Middleland) Total user(1)
(2012: 3:18:10:35) - (Middleland) Total user(1)
(2012: 3:18:10:36) - (Middleland) Total user(1)
(2012: 3:18:10:37) - (Middleland) Total user(1)
(2012: 3:18:10:38) - (Middleland) Total user(1)
(2012: 3:18:10:39) - (Middleland) Total user(1)
(2012: 3:18:10:40) - (Middleland) Total user(2)
(2012: 3:18:10:41) - (Middleland) Total user(2)
(2012: 3:18:10:42) - (Middleland) Total user(2)
(2012: 3:18:10:43) - (Middleland) Total user(2)
(2012: 3:18:10:44) - (Middleland) Total user(2)
(2012: 3:18:10:45) - (Middleland) Total user(1)
(2012: 3:18:10:46) - (Middleland) Total user(1)
(2012: 3:18:10:48) - (Middleland) Total user(1)
(2012: 3:18:10:49) - (Middleland) Total user(1)
(2012: 3:18:10:50) - (Middleland) Total user(1)
(2012: 3:18:10:51) - (Middleland) Total user(1)
(2012: 3:18:10:52) - (Middleland) Total user(1)
(2012: 3:18:10:53) - (Middleland) Total user(1)
(2012: 3:18:10:54) - (Middleland) Total user(1)
(2012: 3:18:10:55) - (Middleland) Total user(1)
(2012: 3:18:10:56) - (Middleland) Total user(1)
(2012: 3:18:10:57) - (Middleland) Total user(1)
(2012: 3:18:10:58) - (Middleland) Total user(1)
(2012: 3:18:10:59) - (Middleland) Total user(1)
(2012: 3:18:11: 0) - (Middleland) Total user(1)
(2012: 3:18:11: 1) - (Middleland) Total user(1)
(2012: 3:18:11: 2) - (Middleland) Total user(1)
(2012: 3:18:11: 3) - (Middleland) Total user(1)
(2012: 3:18:11: 4) - (Middleland) Total user(1)
(2012: 3:18:11: 5) - (Middleland) Total user(1)
(2012: 3:18:11: 6) - (Middleland) Total user(1)
(2012: 3:18:11: 7) - (Middleland) Total user(1)
(2012: 3:18:11: 8) - (Middleland) Total user(1)
(2012: 3:18:11: 9) - (Middleland) Total user(1)
(2012: 3:18:11:10) - (Middleland) Total user(1)
(2012: 3:18:11:11) - (Middleland) Total user(1)
(2012: 3:18:11:12) - (Middleland) Total user(1)
(2012: 3:18:11:13) - (Middleland) Total user(2)
(2012: 3:18:11:14) - (Middleland) Total user(2)
(2012: 3:18:11:15) - (Middleland) Total user(2)
(2012: 3:18:11:16) - (Middleland) Total user(2)
(2012: 3:18:11:17) - (Middleland) Total user(2)
(2012: 3:18:11:18) - (Middleland) Total user(2)
(2012: 3:18:11:19) - (Middleland) Total user(2)
(2012: 3:18:11:20) - (Middleland) Total user(2)
(2012: 3:18:11:21) - (Middleland) Total user(2)
(2012: 3:18:11:22) - (Middleland) Total user(2)
(2012: 3:18:11:23) - (Middleland) Total user(2)
(2012: 3:18:11:24) - (Middleland) Total user(2)
(2012: 3:18:11:25) - (Middleland) Total user(2)
(2012: 3:18:11:26) - (Middleland) Total user(2)
(2012: 3:18:11:27) - (Middleland) Total user(2)
(2012: 3:18:11:28) - (Middleland) Total user(2)
(2012: 3:18:11:29) - (Middleland) Total user(2)
(2012: 3:18:11:30) - (Middleland) Total user(2)
(2012: 3:18:11:31) - (Middleland) Total user(2)
(2012: 3:18:11:32) - (Middleland) Total user(2)
(2012: 3:18:11:33) - (Middleland) Total user(2)
(2012: 3:18:11:34) - (Middleland) Total user(2)
(2012: 3:18:11:35) - (Middleland) Total user(2)
(2012: 3:18:11:36) - (Middleland) Total user(2)
(2012: 3:18:11:37) - (Middleland) Total user(2)
(2012: 3:18:11:38) - (Middleland) Total user(2)
(2012: 3:18:11:39) - (Middleland) Total user(2)
(2012: 3:18:11:40) - (Middleland) Total user(2)
(2012: 3:18:11:41) - (Middleland) Total user(2)
(2012: 3:18:11:42) - (Middleland) Total user(2)
(2012: 3:18:11:43) - (Middleland) Total user(2)
(2012: 3:18:11:44) - (Middleland) Total user(2)
(2012: 3:18:11:45) - (Middleland) Total user(1)
(2012: 3:18:11:46) - (Middleland) Total user(1)
(2012: 3:18:11:47) - (Middleland) Total user(1)
(2012: 3:18:11:49) - (Middleland) Total user(1)
(2012: 3:18:11:50) - (Middleland) Total user(1)
(2012: 3:18:11:51) - (Middleland) Total user(1)
(2012: 3:18:11:52) - (Middleland) Total user(1)
(2012: 3:18:11:53) - (Middleland) Total user(1)
(2012: 3:18:11:54) - (Middleland) Total user(1)
(2012: 3:18:11:55) - (Middleland) Total user(1)
(2012: 3:18:11:56) - (Middleland) Total user(1)
(2012: 3:18:11:57) - (Middleland) Total user(1)
(2012: 3:18:11:58) - (Middleland) Total user(1)
(2012: 3:18:11:59) - (Middleland) Total user(1)
(2012: 3:18:12: 0) - (Middleland) Total user(1)
(2012: 3:18:12: 1) - (Middleland) Total user(1)
(2012: 3:18:12: 2) - (Middleland) Total user(1)
(2012: 3:18:12: 3) - (Middleland) Total user(1)
(2012: 3:18:12: 4) - (Middleland) Total user(1)
(2012: 3:18:12: 5) - (Middleland) Total user(1)
(2012: 3:18:12: 6) - (Middleland) Total user(1)
(2012: 3:18:12: 7) - (Middleland) Total user(1)
(2012: 3:18:12: 8) - (Middleland) Total user(1)
(2012: 3:18:12: 9) - (Middleland) Total user(1)
(2012: 3:18:12:10) - (Middleland) Total user(2)
(2012: 3:18:12:11) - (Middleland) Total user(2)
(2012: 3:18:12:12) - (Middleland) Total user(2)
(2012: 3:18:12:13) - (Middleland) Total user(2)
(2012: 3:18:12:14) - (Middleland) Total user(2)
(2012: 3:18:12:15) - (Middleland) Total user(2)
(2012: 3:18:12:16) - (Middleland) Total user(2)
(2012: 3:18:12:17) - (Middleland) Total user(2)
(2012: 3:18:12:18) - (Middleland) Total user(3)
(2012: 3:18:12:19) - (Middleland) Total user(4)
(2012: 3:18:12:20) - (Middleland) Total user(3)
(2012: 3:18:12:21) - (Middleland) Total user(4)
(2012: 3:18:12:22) - (Middleland) Total user(4)
(2012: 3:18:12:23) - (Middleland) Total user(3)
(2012: 3:18:12:24) - (Middleland) Total user(4)
(2012: 3:18:12:25) - (Middleland) Total user(4)
(2012: 3:18:12:26) - (Middleland) Total user(4)
(2012: 3:18:12:27) - (Middleland) Total user(4)
(2012: 3:18:12:28) - (Middleland) Total user(4)
(2012: 3:18:12:29) - (Middleland) Total user(4)
(2012: 3:18:12:30) - (Middleland) Total user(4)
(2012: 3:18:12:31) - (Middleland) Total user(4)
(2012: 3:18:12:32) - (Middleland) Total user(3)
(2012: 3:18:12:33) - (Middleland) Total user(4)
(2012: 3:18:12:34) - (Middleland) Total user(4)
(2012: 3:18:12:35) - (Middleland) Total user(4)
(2012: 3:18:12:36) - (Middleland) Total user(4)
(2012: 3:18:12:37) - (Middleland) Total user(2)
(2012: 3:18:12:38) - (Middleland) Total user(2)
(2012: 3:18:12:39) - (Middleland) Total user(4)
(2012: 3:18:12:40) - (Middleland) Total user(4)
(2012: 3:18:12:41) - (Middleland) Total user(4)
(2012: 3:18:12:42) - (Middleland) Total user(4)
(2012: 3:18:12:43) - (Middleland) Total user(4)
(2012: 3:18:12:44) - (Middleland) Total user(4)
(2012: 3:18:12:45) - (Middleland) Total user(4)
(2012: 3:18:12:46) - (Middleland) Total user(4)
(2012: 3:18:12:47) - (Middleland) Total user(4)
(2012: 3:18:12:48) - (Middleland) Total user(4)
(2012: 3:18:12:50) - (Middleland) Total user(3)
(2012: 3:18:12:51) - (Middleland) Total user(2)
(2012: 3:18:12:52) - (Middleland) Total user(2)
(2012: 3:18:12:53) - (Middleland) Total user(1)
(2012: 3:18:12:54) - (Middleland) Total user(1)
(2012: 3:18:12:55) - (Middleland) Total user(1)
(2012: 3:18:12:56) - (Middleland) Total user(1)
(2012: 3:18:12:57) - (Middleland) Total user(1)
(2012: 3:18:12:58) - (Middleland) Total user(1)
(2012: 3:18:12:59) - (Middleland) Total user(1)
(2012: 3:18:13: 0) - (Middleland) Total user(1)
(2012: 3:18:13: 1) - (Middleland) Total user(1)
(2012: 3:18:13: 2) - (Middleland) Total user(2)
(2012: 3:18:13: 3) - (Middleland) Total user(2)
(2012: 3:18:13: 4) - (Middleland) Total user(2)
(2012: 3:18:13: 5) - (Middleland) Total user(2)
(2012: 3:18:13: 6) - (Middleland) Total user(2)
(2012: 3:18:13: 7) - (Middleland) Total user(2)
(2012: 3:18:13: 8) - (Middleland) Total user(2)
(2012: 3:18:13: 9) - (Middleland) Total user(2)
(2012: 3:18:13:10) - (Middleland) Total user(2)
(2012: 3:18:13:11) - (Middleland) Total user(2)
(2012: 3:18:13:12) - (Middleland) Total user(2)
(2012: 3:18:13:13) - (Middleland) Total user(2)
(2012: 3:18:13:14) - (Middleland) Total user(2)
(2012: 3:18:13:15) - (Middleland) Total user(2)
(2012: 3:18:13:16) - (Middleland) Total user(2)
(2012: 3:18:13:17) - (Middleland) Total user(2)
(2012: 3:18:13:18) - (Middleland) Total user(2)
(2012: 3:18:13:19) - (Middleland) Total user(2)
(2012: 3:18:13:20) - (Middleland) Total user(2)
(2012: 3:18:13:21) - (Middleland) Total user(2)
(2012: 3:18:13:22) - (Middleland) Total user(2)
(2012: 3:18:13:23) - (Middleland) Total user(2)
(2012: 3:18:13:24) - (Middleland) Total user(2)
(2012: 3:18:13:25) - (Middleland) Total user(2)
(2012: 3:18:13:26) - (Middleland) Total user(2)
(2012: 3:18:13:27) - (Middleland) Total user(2)
(2012: 3:18:13:28) - (Middleland) Total user(2)
(2012: 3:18:13:29) - (Middleland) Total user(2)
(2012: 3:18:13:30) - (Middleland) Total user(2)
(2012: 3:18:13:31) - (Middleland) Total user(2)
(2012: 3:18:13:32) - (Middleland) Total user(2)
(2012: 3:18:13:33) - (Middleland) Total user(2)
(2012: 3:18:13:34) - (Middleland) Total user(2)
(2012: 3:18:13:35) - (Middleland) Total user(2)
(2012: 3:18:13:36) - (Middleland) Total user(2)
(2012: 3:18:13:37) - (Middleland) Total user(2)
(2012: 3:18:13:38) - (Middleland) Total user(1)
(2012: 3:18:13:39) - (Middleland) Total user(1)
(2012: 3:18:13:40) - (Middleland) Total user(1)
(2012: 3:18:13:41) - (Middleland) Total user(1)
(2012: 3:18:13:42) - (Middleland) Total user(1)
(2012: 3:18:13:43) - (Middleland) Total user(1)
(2012: 3:18:13:44) - (Middleland) Total user(1)
(2012: 3:18:13:45) - (Middleland) Total user(1)
(2012: 3:18:13:46) - (Middleland) Total user(1)
(2012: 3:18:13:47) - (Middleland) Total user(1)
(2012: 3:18:13:48) - (Middleland) Total user(1)
(2012: 3:18:13:50) - (Middleland) Total user(1)
(2012: 3:18:13:51) - (Middleland) Total user(1)
(2012: 3:18:13:52) - (Middleland) Total user(1)
(2012: 3:18:13:53) - (Middleland) Total user(1)
(2012: 3:18:13:54) - (Middleland) Total user(1)
(2012: 3:18:13:55) - (Middleland) Total user(1)
(2012: 3:18:13:56) - (Middleland) Total user(1)
(2012: 3:18:13:57) - (Middleland) Total user(1)
(2012: 3:18:13:58) - (Middleland) Total user(1)
(2012: 3:18:13:59) - (Middleland) Total user(1)
(2012: 3:18:14: 0) - (Middleland) Total user(1)
(2012: 3:18:14: 1) - (Middleland) Total user(1)
(2012: 3:18:14: 2) - (Middleland) Total user(1)
(2012: 3:18:14: 3) - (Middleland) Total user(1)
(2012: 3:18:14: 4) - (Middleland) Total user(1)
(2012: 3:18:14: 5) - (Middleland) Total user(1)
(2012: 3:18:14: 6) - (Middleland) Total user(1)
(2012: 3:18:14: 7) - (Middleland) Total user(1)
(2012: 3:18:14: 8) - (Middleland) Total user(1)
(2012: 3:18:14: 9) - (Middleland) Total user(1)
(2012: 3:18:14:10) - (Middleland) Total user(1)
(2012: 3:18:14:11) - (Middleland) Total user(1)
(2012: 3:18:14:12) - (Middleland) Total user(1)
(2012: 3:18:14:13) - (Middleland) Total user(1)
(2012: 3:18:14:14) - (Middleland) Total user(1)
(2012: 3:18:14:15) - (Middleland) Total user(1)
(2012: 3:18:14:16) - (Middleland) Total user(1)
(2012: 3:18:14:17) - (Middleland) Total user(1)
(2012: 3:18:14:18) - (Middleland) Total user(1)
(2012: 3:18:14:19) - (Middleland) Total user(1)
(2012: 3:18:14:20) - (Middleland) Total user(1)
(2012: 3:18:14:21) - (Middleland) Total user(1)
(2012: 3:18:14:22) - (Middleland) Total user(1)
(2012: 3:18:14:23) - (Middleland) Total user(1)
(2012: 3:18:14:24) - (Middleland) Total user(1)
(2012: 3:18:14:25) - (Middleland) Total user(1)
(2012: 3:18:14:26) - (Middleland) Total user(1)
(2012: 3:18:14:27) - (Middleland) Total user(1)
(2012: 3:18:14:28) - (Middleland) Total user(1)
(2012: 3:18:14:29) - (Middleland) Total user(1)
(2012: 3:18:14:30) - (Middleland) Total user(1)
(2012: 3:18:14:31) - (Middleland) Total user(1)
(2012: 3:18:14:32) - (Middleland) Total user(1)
(2012: 3:18:14:33) - (Middleland) Total user(1)
(2012: 3:18:14:34) - (Middleland) Total user(1)
(2012: 3:18:14:35) - (Middleland) Total user(1)
(2012: 3:18:14:36) - (Middleland) Total user(1)
(2012: 3:18:14:37) - (Middleland) Total user(1)
(2012: 3:18:14:38) - (Middleland) Total user(1)
(2012: 3:18:14:39) - (Middleland) Total user(1)
(2012: 3:18:14:40) - (Middleland) Total user(1)
(2012: 3:18:14:41) - (Middleland) Total user(1)
(2012: 3:18:14:42) - (Middleland) Total user(1)
(2012: 3:18:14:43) - (Middleland) Total user(1)
(2012: 3:18:14:44) - (Middleland) Total user(1)
(2012: 3:18:14:45) - (Middleland) Total user(2)
(2012: 3:18:14:46) - (Middleland) Total user(3)
(2012: 3:18:14:47) - (Middleland) Total user(3)
(2012: 3:18:14:48) - (Middleland) Total user(3)
(2012: 3:18:14:49) - (Middleland) Total user(3)
(2012: 3:18:14:51) - (Middleland) Total user(3)
(2012: 3:18:14:52) - (Middleland) Total user(3)
(2012: 3:18:14:53) - (Middleland) Total user(3)
(2012: 3:18:14:54) - (Middleland) Total user(3)
(2012: 3:18:14:55) - (Middleland) Total user(3)
(2012: 3:18:14:56) - (Middleland) Total user(3)
(2012: 3:18:14:57) - (Middleland) Total user(3)
(2012: 3:18:14:58) - (Middleland) Total user(3)
(2012: 3:18:14:59) - (Middleland) Total user(3)
(2012: 3:18:15: 0) - (Middleland) Total user(3)
(2012: 3:18:15: 1) - (Middleland) Total user(3)
(2012: 3:18:15: 2) - (Middleland) Total user(3)
(2012: 3:18:15: 3) - (Middleland) Total user(3)
(2012: 3:18:15: 4) - (Middleland) Total user(3)
(2012: 3:18:15: 5) - (Middleland) Total user(3)
(2012: 3:18:15: 6) - (Middleland) Total user(3)
(2012: 3:18:15: 7) - (Middleland) Total user(3)
(2012: 3:18:15: 8) - (Middleland) Total user(3)
(2012: 3:18:15: 9) - (Middleland) Total user(3)
(2012: 3:18:15:10) - (Middleland) Total user(3)
(2012: 3:18:15:11) - (Middleland) Total user(3)
(2012: 3:18:15:12) - (Middleland) Total user(3)
(2012: 3:18:15:13) - (Middleland) Total user(3)
(2012: 3:18:15:14) - (Middleland) Total user(2)
(2012: 3:18:15:15) - (Middleland) Total user(2)
(2012: 3:18:15:16) - (Middleland) Total user(2)
(2012: 3:18:15:17) - (Middleland) Total user(2)
(2012: 3:18:15:18) - (Middleland) Total user(2)
(2012: 3:18:15:19) - (Middleland) Total user(2)
(2012: 3:18:15:20) - (Middleland) Total user(2)
(2012: 3:18:15:21) - (Middleland) Total user(2)
(2012: 3:18:15:22) - (Middleland) Total user(2)
(2012: 3:18:15:23) - (Middleland) Total user(2)
(2012: 3:18:15:24) - (Middleland) Total user(2)
(2012: 3:18:15:25) - (Middleland) Total user(2)
(2012: 3:18:15:26) - (Middleland) Total user(2)
(2012: 3:18:15:27) - (Middleland) Total user(2)
(2012: 3:18:15:28) - (Middleland) Total user(2)
(2012: 3:18:15:29) - (Middleland) Total user(2)
(2012: 3:18:15:30) - (Middleland) Total user(2)
(2012: 3:18:15:31) - (Middleland) Total user(2)
(2012: 3:18:15:32) - (Middleland) Total user(2)
(2012: 3:18:15:33) - (Middleland) Total user(2)
(2012: 3:18:15:34) - (Middleland) Total user(2)
(2012: 3:18:15:35) - (Middleland) Total user(2)
(2012: 3:18:15:36) - (Middleland) Total user(2)
(2012: 3:18:15:37) - (Middleland) Total user(2)
(2012: 3:18:15:38) - (Middleland) Total user(2)
(2012: 3:18:15:39) - (Middleland) Total user(2)
(2012: 3:18:15:40) - (Middleland) Total user(2)
(2012: 3:18:15:41) - (Middleland) Total user(2)
(2012: 3:18:15:42) - (Middleland) Total user(2)
(2012: 3:18:15:43) - (Middleland) Total user(2)
(2012: 3:18:15:44) - (Middleland) Total user(2)
(2012: 3:18:15:45) - (Middleland) Total user(2)
(2012: 3:18:15:46) - (Middleland) Total user(2)
(2012: 3:18:15:47) - (Middleland) Total user(2)
(2012: 3:18:15:48) - (Middleland) Total user(2)
(2012: 3:18:15:49) - (Middleland) Total user(2)
(2012: 3:18:15:50) - (Middleland) Total user(2)
(2012: 3:18:15:52) - (Middleland) Total user(2)
(2012: 3:18:15:53) - (Middleland) Total user(2)
(2012: 3:18:15:54) - (Middleland) Total user(2)
(2012: 3:18:15:55) - (Middleland) Total user(2)
(2012: 3:18:15:56) - (Middleland) Total user(2)
(2012: 3:18:15:57) - (Middleland) Total user(2)
(2012: 3:18:15:58) - (Middleland) Total user(2)
(2012: 3:18:15:59) - (Middleland) Total user(2)
(2012: 3:18:16: 0) - (Middleland) Total user(2)
(2012: 3:18:16: 1) - (Middleland) Total user(2)
(2012: 3:18:16: 2) - (Middleland) Total user(2)
(2012: 3:18:16: 3) - (Middleland) Total user(2)
(2012: 3:18:16: 4) - (Middleland) Total user(2)
(2012: 3:18:16: 5) - (Middleland) Total user(2)
(2012: 3:18:16: 6) - (Middleland) Total user(2)
(2012: 3:18:16: 7) - (Middleland) Total user(2)
(2012: 3:18:16: 8) - (Middleland) Total user(2)
(2012: 3:18:16: 9) - (Middleland) Total user(2)
(2012: 3:18:16:10) - (Middleland) Total user(2)
(2012: 3:18:16:11) - (Middleland) Total user(2)
(2012: 3:18:16:12) - (Middleland) Total user(2)
(2012: 3:18:16:13) - (Middleland) Total user(2)
(2012: 3:18:16:14) - (Middleland) Total user(2)
(2012: 3:18:16:15) - (Middleland) Total user(2)
(2012: 3:18:16:16) - (Middleland) Total user(2)
(2012: 3:18:16:17) - (Middleland) Total user(2)
(2012: 3:18:16:18) - (Middleland) Total user(3)
(2012: 3:18:16:19) - (Middleland) Total user(3)
(2012: 3:18:16:20) - (Middleland) Total user(3)
(2012: 3:18:16:21) - (Middleland) Total user(3)
(2012: 3:18:16:22) - (Middleland) Total user(3)
(2012: 3:18:16:23) - (Middleland) Total user(3)
(2012: 3:18:16:24) - (Middleland) Total user(3)
(2012: 3:18:16:25) - (Middleland) Total user(3)
(2012: 3:18:16:26) - (Middleland) Total user(3)
(2012: 3:18:16:27) - (Middleland) Total user(3)
(2012: 3:18:16:28) - (Middleland) Total user(3)
(2012: 3:18:16:29) - (Middleland) Total user(3)
(2012: 3:18:16:30) - (Middleland) Total user(3)
(2012: 3:18:16:31) - (Middleland) Total user(3)
(2012: 3:18:16:32) - (Middleland) Total user(3)
(2012: 3:18:16:33) - (Middleland) Total user(3)
(2012: 3:18:16:34) - (Middleland) Total user(3)
(2012: 3:18:16:35) - (Middleland) Total user(3)
(2012: 3:18:16:36) - (Middleland) Total user(3)
(2012: 3:18:16:37) - (Middleland) Total user(3)
(2012: 3:18:16:38) - (Middleland) Total user(3)
(2012: 3:18:16:39) - (Middleland) Total user(3)
(2012: 3:18:16:40) - (Middleland) Total user(3)
(2012: 3:18:16:41) - (Middleland) Total user(3)
(2012: 3:18:16:42) - (Middleland) Total user(3)
(2012: 3:18:16:43) - (Middleland) Total user(3)
(2012: 3:18:16:44) - (Middleland) Total user(3)
(2012: 3:18:16:45) - (Middleland) Total user(3)
(2012: 3:18:16:46) - (Middleland) Total user(3)
(2012: 3:18:16:47) - (Middleland) Total user(3)
(2012: 3:18:16:48) - (Middleland) Total user(3)
(2012: 3:18:16:49) - (Middleland) Total user(3)
(2012: 3:18:16:50) - (Middleland) Total user(3)
(2012: 3:18:16:51) - (Middleland) Total user(3)
(2012: 3:18:16:53) - (Middleland) Total user(3)
(2012: 3:18:16:54) - (Middleland) Total user(3)
(2012: 3:18:16:55) - (Middleland) Total user(3)
(2012: 3:18:16:56) - (Middleland) Total user(1)
(2012: 3:18:16:57) - (Middleland) Total user(1)
(2012: 3:18:16:58) - (Middleland) Total user(1)
(2012: 3:18:16:59) - (Middleland) Total user(1)
(2012: 3:18:17: 0) - (Middleland) Total user(1)
(2012: 3:18:17: 1) - (Middleland) Total user(1)
(2012: 3:18:17: 2) - (Middleland) Total user(1)
(2012: 3:18:17: 3) - (Middleland) Total user(1)
(2012: 3:18:17: 4) - (Middleland) Total user(1)
(2012: 3:18:17: 5) - (Middleland) Total user(1)
(2012: 3:18:17: 6) - (Middleland) Total user(1)
(2012: 3:18:17: 7) - (Middleland) Total user(1)
(2012: 3:18:17: 8) - (Middleland) Total user(1)
(2012: 3:18:17: 9) - (Middleland) Total user(1)
(2012: 3:18:17:10) - (Middleland) Total user(1)
(2012: 3:18:17:11) - (Middleland) Total user(1)
(2012: 3:18:17:12) - (Middleland) Total user(1)
(2012: 3:18:17:13) - (Middleland) Total user(1)
(2012: 3:18:17:14) - (Middleland) Total user(1)
(2012: 3:18:17:15) - (Middleland) Total user(1)
(2012: 3:18:17:16) - (Middleland) Total user(1)
(2012: 3:18:17:17) - (Middleland) Total user(1)
(2012: 3:18:17:18) - (Middleland) Total user(1)
(2012: 3:18:17:19) - (Middleland) Total user(1)
(2012: 3:18:17:20) - (Middleland) Total user(1)
(2012: 3:18:17:21) - (Middleland) Total user(1)
(2012: 3:18:17:22) - (Middleland) Total user(1)
(2012: 3:18:17:23) - (Middleland) Total user(1)
(2012: 3:18:17:24) - (Middleland) Total user(1)
(2012: 3:18:17:25) - (Middleland) Total user(1)
(2012: 3:18:17:26) - (Middleland) Total user(1)
(2012: 3:18:17:27) - (Middleland) Total user(1)
(2012: 3:18:17:28) - (Middleland) Total user(1)
(2012: 3:18:17:29) - (Middleland) Total user(2)
(2012: 3:18:17:30) - (Middleland) Total user(2)
(2012: 3:18:17:31) - (Middleland) Total user(2)
(2012: 3:18:17:32) - (Middleland) Total user(2)
(2012: 3:18:17:33) - (Middleland) Total user(2)
(2012: 3:18:17:34) - (Middleland) Total user(2)
(2012: 3:18:17:35) - (Middleland) Total user(2)
(2012: 3:18:17:36) - (Middleland) Total user(2)
(2012: 3:18:17:37) - (Middleland) Total user(2)
(2012: 3:18:17:38) - (Middleland) Total user(2)
(2012: 3:18:17:39) - (Middleland) Total user(2)
(2012: 3:18:17:40) - (Middleland) Total user(2)
(2012: 3:18:17:41) - (Middleland) Total user(2)
(2012: 3:18:17:42) - (Middleland) Total user(2)
(2012: 3:18:17:43) - (Middleland) Total user(2)
(2012: 3:18:17:44) - (Middleland) Total user(2)
(2012: 3:18:17:45) - (Middleland) Total user(2)
(2012: 3:18:17:46) - (Middleland) Total user(2)
(2012: 3:18:17:47) - (Middleland) Total user(2)
(2012: 3:18:17:48) - (Middleland) Total user(2)
(2012: 3:18:17:49) - (Middleland) Total user(2)
(2012: 3:18:17:50) - (Middleland) Total user(2)
(2012: 3:18:17:51) - (Middleland) Total user(2)
(2012: 3:18:17:53) - (Middleland) Total user(2)
(2012: 3:18:17:54) - (Middleland) Total user(2)
(2012: 3:18:17:55) - (Middleland) Total user(2)
(2012: 3:18:17:56) - (Middleland) Total user(2)
(2012: 3:18:17:57) - (Middleland) Total user(2)
(2012: 3:18:17:58) - (Middleland) Total user(2)
(2012: 3:18:17:59) - (Middleland) Total user(2)
(2012: 3:18:18: 0) - (Middleland) Total user(2)
(2012: 3:18:18: 1) - (Middleland) Total user(2)
(2012: 3:18:18: 2) - (Middleland) Total user(2)
(2012: 3:18:18: 3) - (Middleland) Total user(2)
(2012: 3:18:18: 4) - (Middleland) Total user(2)
(2012: 3:18:18: 5) - (Middleland) Total user(2)
(2012: 3:18:18: 6) - (Middleland) Total user(2)
(2012: 3:18:18: 7) - (Middleland) Total user(2)
(2012: 3:18:18: 8) - (Middleland) Total user(2)
(2012: 3:18:18: 9) - (Middleland) Total user(2)
(2012: 3:18:18:10) - (Middleland) Total user(2)
(2012: 3:18:18:11) - (Middleland) Total user(2)
(2012: 3:18:18:12) - (Middleland) Total user(2)
(2012: 3:18:18:13) - (Middleland) Total user(2)
(2012: 3:18:18:14) - (Middleland) Total user(2)
(2012: 3:18:18:15) - (Middleland) Total user(2)
(2012: 3:18:18:16) - (Middleland) Total user(2)
(2012: 3:18:18:17) - (Middleland) Total user(2)
(2012: 3:18:18:18) - (Middleland) Total user(2)
(2012: 3:18:18:19) - (Middleland) Total user(2)
(2012: 3:18:18:20) - (Middleland) Total user(2)
(2012: 3:18:18:21) - (Middleland) Total user(2)
(2012: 3:18:18:22) - (Middleland) Total user(2)
(2012: 3:18:18:23) - (Middleland) Total user(2)
(2012: 3:18:18:24) - (Middleland) Total user(2)
(2012: 3:18:18:25) - (Middleland) Total user(2)
(2012: 3:18:18:26) - (Middleland) Total user(2)
(2012: 3:18:18:27) - (Middleland) Total user(2)
(2012: 3:18:18:28) - (Middleland) Total user(2)
(2012: 3:18:18:29) - (Middleland) Total user(2)
(2012: 3:18:18:30) - (Middleland) Total user(2)
(2012: 3:18:18:31) - (Middleland) Total user(2)
(2012: 3:18:18:32) - (Middleland) Total user(2)
(2012: 3:18:18:33) - (Middleland) Total user(2)
(2012: 3:18:18:34) - (Middleland) Total user(2)
(2012: 3:18:18:35) - (Middleland) Total user(2)
(2012: 3:18:18:36) - (Middleland) Total user(2)
(2012: 3:18:18:37) - (Middleland) Total user(2)
(2012: 3:18:18:38) - (Middleland) Total user(2)
(2012: 3:18:18:39) - (Middleland) Total user(2)
(2012: 3:18:18:40) - (Middleland) Total user(2)
(2012: 3:18:18:41) - (Middleland) Total user(2)
(2012: 3:18:18:42) - (Middleland) Total user(2)
(2012: 3:18:18:43) - (Middleland) Total user(2)
(2012: 3:18:18:44) - (Middleland) Total user(2)
(2012: 3:18:18:45) - (Middleland) Total user(2)
(2012: 3:18:18:46) - (Middleland) Total user(2)
(2012: 3:18:18:47) - (Middleland) Total user(2)
(2012: 3:18:18:48) - (Middleland) Total user(2)
(2012: 3:18:18:49) - (Middleland) Total user(2)
(2012: 3:18:18:50) - (Middleland) Total user(2)
(2012: 3:18:18:51) - (Middleland) Total user(2)
(2012: 3:18:18:52) - (Middleland) Total user(2)
(2012: 3:18:18:54) - (Middleland) Total user(2)
(2012: 3:18:18:55) - (Middleland) Total user(2)
(2012: 3:18:18:56) - (Middleland) Total user(2)
(2012: 3:18:18:57) - (Middleland) Total user(1)
(2012: 3:18:18:58) - (Middleland) Total user(1)
(2012: 3:18:18:59) - (Middleland) Total user(2)
(2012: 3:18:19: 0) - (Middleland) Total user(2)
(2012: 3:18:19: 1) - (Middleland) Total user(2)
(2012: 3:18:19: 2) - (Middleland) Total user(2)
(2012: 3:18:19: 3) - (Middleland) Total user(2)
(2012: 3:18:19: 4) - (Middleland) Total user(3)
(2012: 3:18:19: 5) - (Middleland) Total user(4)
(2012: 3:18:19: 6) - (Middleland) Total user(4)
(2012: 3:18:19: 7) - (Middleland) Total user(4)
(2012: 3:18:19: 8) - (Middleland) Total user(4)
(2012: 3:18:19: 9) - (Middleland) Total user(4)
(2012: 3:18:19:10) - (Middleland) Total user(4)
(2012: 3:18:19:11) - (Middleland) Total user(5)
(2012: 3:18:19:12) - (Middleland) Total user(5)
(2012: 3:18:19:13) - (Middleland) Total user(5)
(2012: 3:18:19:14) - (Middleland) Total user(5)
(2012: 3:18:19:15) - (Middleland) Total user(5)
(2012: 3:18:19:16) - (Middleland) Total user(5)
(2012: 3:18:19:17) - (Middleland) Total user(5)
(2012: 3:18:19:18) - (Middleland) Total user(5)
(2012: 3:18:19:19) - (Middleland) Total user(5)
(2012: 3:18:19:20) - (Middleland) Total user(5)
(2012: 3:18:19:21) - (Middleland) Total user(5)
(2012: 3:18:19:22) - (Middleland) Total user(5)
(2012: 3:18:19:23) - (Middleland) Total user(4)
(2012: 3:18:19:24) - (Middleland) Total user(4)
(2012: 3:18:19:25) - (Middleland) Total user(4)
(2012: 3:18:19:26) - (Middleland) Total user(4)
(2012: 3:18:19:27) - (Middleland) Total user(4)
(2012: 3:18:19:28) - (Middleland) Total user(4)
(2012: 3:18:19:29) - (Middleland) Total user(4)
(2012: 3:18:19:30) - (Middleland) Total user(4)
(2012: 3:18:19:31) - (Middleland) Total user(4)
(2012: 3:18:19:32) - (Middleland) Total user(4)
(2012: 3:18:19:33) - (Middleland) Total user(4)
(2012: 3:18:19:34) - (Middleland) Total user(4)
(2012: 3:18:19:35) - (Middleland) Total user(4)
(2012: 3:18:19:36) - (Middleland) Total user(4)
(2012: 3:18:19:37) - (Middleland) Total user(4)
(2012: 3:18:19:38) - (Middleland) Total user(4)
(2012: 3:18:19:39) - (Middleland) Total user(4)
(2012: 3:18:19:40) - (Middleland) Total user(4)
(2012: 3:18:19:41) - (Middleland) Total user(4)
(2012: 3:18:19:42) - (Middleland) Total user(4)
(2012: 3:18:19:43) - (Middleland) Total user(3)
(2012: 3:18:19:44) - (Middleland) Total user(3)
(2012: 3:18:19:45) - (Middleland) Total user(3)
(2012: 3:18:19:46) - (Middleland) Total user(3)
(2012: 3:18:19:47) - (Middleland) Total user(3)
(2012: 3:18:19:48) - (Middleland) Total user(3)
(2012: 3:18:19:49) - (Middleland) Total user(3)
(2012: 3:18:19:50) - (Middleland) Total user(3)
(2012: 3:18:19:51) - (Middleland) Total user(3)
(2012: 3:18:19:52) - (Middleland) Total user(3)
(2012: 3:18:19:53) - (Middleland) Total user(3)
(2012: 3:18:19:55) - (Middleland) Total user(3)
(2012: 3:18:19:56) - (Middleland) Total user(3)
(2012: 3:18:19:57) - (Middleland) Total user(3)
(2012: 3:18:19:58) - (Middleland) Total user(3)
(2012: 3:18:19:59) - (Middleland) Total user(3)
(2012: 3:18:20: 0) - (Middleland) Total user(3)
(2012: 3:18:20: 1) - (Middleland) Total user(3)
(2012: 3:18:20: 2) - (Middleland) Total user(3)
(2012: 3:18:20: 3) - (Middleland) Total user(3)
(2012: 3:18:20: 4) - (Middleland) Total user(3)
(2012: 3:18:20: 5) - (Middleland) Total user(3)
(2012: 3:18:20: 6) - (Middleland) Total user(3)
(2012: 3:18:20: 7) - (Middleland) Total user(3)
(2012: 3:18:20: 8) - (Middleland) Total user(3)
(2012: 3:18:20: 9) - (Middleland) Total user(3)
(2012: 3:18:20:10) - (Middleland) Total user(2)
(2012: 3:18:20:11) - (Middleland) Total user(3)
(2012: 3:18:20:12) - (Middleland) Total user(3)
(2012: 3:18:20:13) - (Middleland) Total user(3)
(2012: 3:18:20:14) - (Middleland) Total user(3)
(2012: 3:18:20:15) - (Middleland) Total user(3)
(2012: 3:18:20:16) - (Middleland) Total user(3)
(2012: 3:18:20:17) - (Middleland) Total user(3)
(2012: 3:18:20:18) - (Middleland) Total user(3)
(2012: 3:18:20:19) - (Middleland) Total user(3)
(2012: 3:18:20:20) - (Middleland) Total user(3)
(2012: 3:18:20:21) - (Middleland) Total user(3)
(2012: 3:18:20:22) - (Middleland) Total user(3)
(2012: 3:18:20:23) - (Middleland) Total user(3)
(2012: 3:18:20:24) - (Middleland) Total user(4)
(2012: 3:18:20:25) - (Middleland) Total user(4)
(2012: 3:18:20:26) - (Middleland) Total user(4)
(2012: 3:18:20:27) - (Middleland) Total user(4)
(2012: 3:18:20:28) - (Middleland) Total user(4)
(2012: 3:18:20:29) - (Middleland) Total user(4)
(2012: 3:18:20:30) - (Middleland) Total user(4)
(2012: 3:18:20:31) - (Middleland) Total user(4)
(2012: 3:18:20:32) - (Middleland) Total user(5)
(2012: 3:18:20:33) - (Middleland) Total user(4)
(2012: 3:18:20:34) - (Middleland) Total user(4)
(2012: 3:18:20:35) - (Middleland) Total user(4)
(2012: 3:18:20:36) - (Middleland) Total user(4)
(2012: 3:18:20:37) - (Middleland) Total user(4)
(2012: 3:18:20:38) - (Middleland) Total user(4)
(2012: 3:18:20:39) - (Middleland) Total user(4)
(2012: 3:18:20:40) - (Middleland) Total user(4)
(2012: 3:18:20:41) - (Middleland) Total user(4)
(2012: 3:18:20:42) - (Middleland) Total user(4)
(2012: 3:18:20:43) - (Middleland) Total user(3)
(2012: 3:18:20:44) - (Middleland) Total user(3)
(2012: 3:18:20:45) - (Middleland) Total user(3)
(2012: 3:18:20:46) - (Middleland) Total user(3)
(2012: 3:18:20:47) - (Middleland) Total user(3)
(2012: 3:18:20:48) - (Middleland) Total user(3)
(2012: 3:18:20:49) - (Middleland) Total user(3)
(2012: 3:18:20:50) - (Middleland) Total user(3)
(2012: 3:18:20:51) - (Middleland) Total user(3)
(2012: 3:18:20:52) - (Middleland) Total user(3)
(2012: 3:18:20:53) - (Middleland) Total user(3)
(2012: 3:18:20:54) - (Middleland) Total user(4)
(2012: 3:18:20:56) - (Middleland) Total user(4)
(2012: 3:18:20:57) - (Middleland) Total user(4)
(2012: 3:18:20:58) - (Middleland) Total user(4)
(2012: 3:18:20:59) - (Middleland) Total user(4)
(2012: 3:18:21: 0) - (Middleland) Total user(4)
(2012: 3:18:21: 1) - (Middleland) Total user(4)
(2012: 3:18:21: 2) - (Middleland) Total user(4)
(2012: 3:18:21: 3) - (Middleland) Total user(4)
(2012: 3:18:21: 4) - (Middleland) Total user(4)
(2012: 3:18:21: 5) - (Middleland) Total user(4)
(2012: 3:18:21: 6) - (Middleland) Total user(4)
(2012: 3:18:21: 7) - (Middleland) Total user(4)
(2012: 3:18:21: 8) - (Middleland) Total user(4)
(2012: 3:18:21: 9) - (Middleland) Total user(4)
(2012: 3:18:21:10) - (Middleland) Total user(4)
(2012: 3:18:21:11) - (Middleland) Total user(4)
(2012: 3:18:21:12) - (Middleland) Total user(4)
(2012: 3:18:21:13) - (Middleland) Total user(4)
(2012: 3:18:21:14) - (Middleland) Total user(4)
(2012: 3:18:21:15) - (Middleland) Total user(4)
(2012: 3:18:21:16) - (Middleland) Total user(4)
(2012: 3:18:21:17) - (Middleland) Total user(4)
(2012: 3:18:21:18) - (Middleland) Total user(4)
(2012: 3:18:21:19) - (Middleland) Total user(4)
(2012: 3:18:21:20) - (Middleland) Total user(4)
(2012: 3:18:21:21) - (Middleland) Total user(4)
(2012: 3:18:21:22) - (Middleland) Total user(4)
(2012: 3:18:21:23) - (Middleland) Total user(4)
(2012: 3:18:21:24) - (Middleland) Total user(4)
(2012: 3:18:21:25) - (Middleland) Total user(4)
(2012: 3:18:21:26) - (Middleland) Total user(4)
(2012: 3:18:21:27) - (Middleland) Total user(5)
(2012: 3:18:21:28) - (Middleland) Total user(5)
(2012: 3:18:21:29) - (Middleland) Total user(5)
(2012: 3:18:21:30) - (Middleland) Total user(5)
(2012: 3:18:21:31) - (Middleland) Total user(4)
(2012: 3:18:21:32) - (Middleland) Total user(3)
(2012: 3:18:21:33) - (Middleland) Total user(3)
(2012: 3:18:21:34) - (Middleland) Total user(3)
(2012: 3:18:21:35) - (Middleland) Total user(2)
(2012: 3:18:21:36) - (Middleland) Total user(2)
(2012: 3:18:21:37) - (Middleland) Total user(2)
(2012: 3:18:21:38) - (Middleland) Total user(2)
(2012: 3:18:21:39) - (Middleland) Total user(2)
(2012: 3:18:21:40) - (Middleland) Total user(2)
(2012: 3:18:21:41) - (Middleland) Total user(2)
(2012: 3:18:21:42) - (Middleland) Total user(2)
(2012: 3:18:21:43) - (Middleland) Total user(2)
(2012: 3:18:21:44) - (Middleland) Total user(2)
(2012: 3:18:21:45) - (Middleland) Total user(2)
(2012: 3:18:21:46) - (Middleland) Total user(2)
(2012: 3:18:21:47) - (Middleland) Total user(2)
(2012: 3:18:21:48) - (Middleland) Total user(2)
(2012: 3:18:21:49) - (Middleland) Total user(2)
(2012: 3:18:21:50) - (Middleland) Total user(2)
(2012: 3:18:21:51) - (Middleland) Total user(2)
(2012: 3:18:21:52) - (Middleland) Total user(2)
(2012: 3:18:21:53) - (Middleland) Total user(2)
(2012: 3:18:21:54) - (Middleland) Total user(2)
(2012: 3:18:21:56) - (Middleland) Total user(2)
(2012: 3:18:21:57) - (Middleland) Total user(2)
(2012: 3:18:21:58) - (Middleland) Total user(2)
(2012: 3:18:21:59) - (Middleland) Total user(2)
(2012: 3:18:22: 0) - (Middleland) Total user(2)
(2012: 3:18:22: 1) - (Middleland) Total user(2)
(2012: 3:18:22: 2) - (Middleland) Total user(2)
(2012: 3:18:22: 3) - (Middleland) Total user(2)
(2012: 3:18:22: 4) - (Middleland) Total user(2)
(2012: 3:18:22: 5) - (Middleland) Total user(2)
(2012: 3:18:22: 6) - (Middleland) Total user(2)
(2012: 3:18:22: 7) - (Middleland) Total user(2)
(2012: 3:18:22: 8) - (Middleland) Total user(2)
(2012: 3:18:22: 9) - (Middleland) Total user(2)
(2012: 3:18:22:10) - (Middleland) Total user(2)
(2012: 3:18:22:11) - (Middleland) Total user(2)
(2012: 3:18:22:12) - (Middleland) Total user(2)
(2012: 3:18:22:13) - (Middleland) Total user(2)
(2012: 3:18:22:14) - (Middleland) Total user(2)
(2012: 3:18:22:15) - (Middleland) Total user(2)
(2012: 3:18:22:16) - (Middleland) Total user(2)
(2012: 3:18:22:17) - (Middleland) Total user(2)
(2012: 3:18:22:18) - (Middleland) Total user(2)
(2012: 3:18:22:19) - (Middleland) Total user(2)
(2012: 3:18:22:20) - (Middleland) Total user(2)
(2012: 3:18:22:21) - (Middleland) Total user(2)
(2012: 3:18:22:22) - (Middleland) Total user(2)
(2012: 3:18:22:23) - (Middleland) Total user(2)
(2012: 3:18:22:24) - (Middleland) Total user(2)
(2012: 3:18:22:25) - (Middleland) Total user(2)
(2012: 3:18:22:26) - (Middleland) Total user(2)
(2012: 3:18:22:27) - (Middleland) Total user(2)
(2012: 3:18:22:28) - (Middleland) Total user(2)
(2012: 3:18:22:29) - (Middleland) Total user(2)
(2012: 3:18:22:30) - (Middleland) Total user(1)
(2012: 3:18:22:31) - (Middleland) Total user(1)
(2012: 3:18:22:32) - (Middleland) Total user(1)
(2012: 3:18:22:33) - (Middleland) Total user(1)
(2012: 3:18:22:34) - (Middleland) Total user(1)
(2012: 3:18:22:35) - (Middleland) Total user(1)
(2012: 3:18:22:36) - (Middleland) Total user(1)
(2012: 3:18:22:37) - (Middleland) Total user(1)
(2012: 3:18:22:38) - (Middleland) Total user(1)
(2012: 3:18:22:39) - (Middleland) Total user(1)
(2012: 3:18:22:40) - (Middleland) Total user(1)
(2012: 3:18:22:41) - (Middleland) Total user(1)
(2012: 3:18:22:42) - (Middleland) Total user(1)
(2012: 3:18:22:43) - (Middleland) Total user(1)
(2012: 3:18:22:44) - (Middleland) Total user(1)
(2012: 3:18:22:45) - (Middleland) Total user(1)
(2012: 3:18:22:46) - (Middleland) Total user(1)
(2012: 3:18:22:47) - (Middleland) Total user(1)
(2012: 3:18:22:48) - (Middleland) Total user(1)
(2012: 3:18:22:49) - (Middleland) Total user(1)
(2012: 3:18:22:50) - (Middleland) Total user(1)
(2012: 3:18:22:51) - (Middleland) Total user(1)
(2012: 3:18:22:52) - (Middleland) Total user(1)
(2012: 3:18:22:53) - (Middleland) Total user(1)
(2012: 3:18:22:54) - (Middleland) Total user(1)
(2012: 3:18:22:55) - (Middleland) Total user(1)
(2012: 3:18:22:57) - (Middleland) Total user(1)
(2012: 3:18:22:58) - (Middleland) Total user(1)
(2012: 3:18:22:59) - (Middleland) Total user(1)
(2012: 3:18:23: 0) - (Middleland) Total user(1)
(2012: 3:18:23: 1) - (Middleland) Total user(1)
(2012: 3:18:23: 2) - (Middleland) Total user(1)
(2012: 3:18:23: 3) - (Middleland) Total user(1)
(2012: 3:18:23: 4) - (Middleland) Total user(1)
(2012: 3:18:23: 5) - (Middleland) Total user(1)
(2012: 3:18:23: 6) - (Middleland) Total user(1)
(2012: 3:18:23: 7) - (Middleland) Total user(1)
(2012: 3:18:23: 8) - (Middleland) Total user(1)
(2012: 3:18:23: 9) - (Middleland) Total user(1)
(2012: 3:18:23:10) - (Middleland) Total user(1)
(2012: 3:18:23:11) - (Middleland) Total user(1)
(2012: 3:18:23:12) - (Middleland) Total user(1)
(2012: 3:18:23:13) - (Middleland) Total user(1)
(2012: 3:18:23:14) - (Middleland) Total user(1)
(2012: 3:18:23:15) - (Middleland) Total user(1)
(2012: 3:18:23:16) - (Middleland) Total user(1)
(2012: 3:18:23:17) - (Middleland) Total user(1)
(2012: 3:18:23:18) - (Middleland) Total user(1)
(2012: 3:18:23:19) - (Middleland) Total user(1)
(2012: 3:18:23:20) - (Middleland) Total user(1)
(2012: 3:18:23:21) - (Middleland) Total user(1)
(2012: 3:18:23:22) - (Middleland) Total user(1)
(2012: 3:18:23:23) - (Middleland) Total user(1)
(2012: 3:18:23:24) - (Middleland) Total user(1)
(2012: 3:18:23:25) - (Middleland) Total user(1)
(2012: 3:18:23:26) - (Middleland) Total user(1)
(2012: 3:18:23:27) - (Middleland) Total user(1)
(2012: 3:18:23:28) - (Middleland) Total user(1)
(2012: 3:18:23:29) - (Middleland) Total user(1)
(2012: 3:18:23:30) - (Middleland) Total user(1)
(2012: 3:18:23:31) - (Middleland) Total user(1)
(2012: 3:18:23:32) - (Middleland) Total user(1)
(2012: 3:18:23:33) - (Middleland) Total user(1)
(2012: 3:18:23:34) - (Middleland) Total user(1)
(2012: 3:18:23:35) - (Middleland) Total user(1)
(2012: 3:18:23:36) - (Middleland) Total user(1)
(2012: 3:18:23:37) - (Middleland) Total user(1)
(2012: 3:18:23:38) - (Middleland) Total user(1)
(2012: 3:18:23:39) - (Middleland) Total user(1)
(2012: 3:18:23:40) - (Middleland) Total user(1)
(2012: 3:18:23:41) - (Middleland) Total user(1)
(2012: 3:18:23:42) - (Middleland) Total user(1)
(2012: 3:18:23:43) - (Middleland) Total user(1)
(2012: 3:18:23:44) - (Middleland) Total user(1)
(2012: 3:18:23:45) - (Middleland) Total user(1)
(2012: 3:18:23:46) - (Middleland) Total user(1)
(2012: 3:18:23:47) - (Middleland) Total user(1)
(2012: 3:18:23:48) - (Middleland) Total user(1)
(2012: 3:18:23:49) - (Middleland) Total user(1)
(2012: 3:18:23:50) - (Middleland) Total user(2)
(2012: 3:18:23:51) - (Middleland) Total user(1)
(2012: 3:18:23:52) - (Middleland) Total user(1)
(2012: 3:18:23:53) - (Middleland) Total user(1)
(2012: 3:18:23:54) - (Middleland) Total user(1)
(2012: 3:18:23:55) - (Middleland) Total user(1)
(2012: 3:18:23:56) - (Middleland) Total user(1)
(2012: 3:18:23:58) - (Middleland) Total user(1)
(2012: 3:18:23:59) - (Middleland) Total user(1)
