(2012: 3:16: 0: 0) - (Middleland) Total user(5)
(2012: 3:16: 0: 1) - (Middleland) Total user(5)
(2012: 3:16: 0: 2) - (Middleland) Total user(5)
(2012: 3:16: 0: 3) - (Middleland) Total user(5)
(2012: 3:16: 0: 4) - (Middleland) Total user(5)
(2012: 3:16: 0: 5) - (Middleland) Total user(5)
(2012: 3:16: 0: 6) - (Middleland) Total user(5)
(2012: 3:16: 0: 7) - (Middleland) Total user(6)
(2012: 3:16: 0: 8) - (Middleland) Total user(6)
(2012: 3:16: 0:10) - (Middleland) Total user(6)
(2012: 3:16: 0:11) - (Middleland) Total user(6)
(2012: 3:16: 0:12) - (Middleland) Total user(6)
(2012: 3:16: 0:13) - (Middleland) Total user(6)
(2012: 3:16: 0:14) - (Middleland) Total user(6)
(2012: 3:16: 0:15) - (Middleland) Total user(6)
(2012: 3:16: 0:16) - (Middleland) Total user(5)
(2012: 3:16: 0:17) - (Middleland) Total user(5)
(2012: 3:16: 0:18) - (Middleland) Total user(5)
(2012: 3:16: 0:19) - (Middleland) Total user(5)
(2012: 3:16: 0:20) - (Middleland) Total user(4)
(2012: 3:16: 0:21) - (Middleland) Total user(3)
(2012: 3:16: 0:22) - (Middleland) Total user(4)
(2012: 3:16: 0:23) - (Middleland) Total user(4)
(2012: 3:16: 0:24) - (Middleland) Total user(4)
(2012: 3:16: 0:25) - (Middleland) Total user(4)
(2012: 3:16: 0:26) - (Middleland) Total user(4)
(2012: 3:16: 0:27) - (Middleland) Total user(4)
(2012: 3:16: 0:28) - (Middleland) Total user(4)
(2012: 3:16: 0:29) - (Middleland) Total user(4)
(2012: 3:16: 0:30) - (Middleland) Total user(4)
(2012: 3:16: 0:31) - (Middleland) Total user(4)
(2012: 3:16: 0:32) - (Middleland) Total user(4)
(2012: 3:16: 0:33) - (Middleland) Total user(4)
(2012: 3:16: 0:34) - (Middleland) Total user(4)
(2012: 3:16: 0:35) - (Middleland) Total user(4)
(2012: 3:16: 0:36) - (Middleland) Total user(4)
(2012: 3:16: 0:37) - (Middleland) Total user(4)
(2012: 3:16: 0:38) - (Middleland) Total user(4)
(2012: 3:16: 0:39) - (Middleland) Total user(4)
(2012: 3:16: 0:40) - (Middleland) Total user(4)
(2012: 3:16: 0:41) - (Middleland) Total user(4)
(2012: 3:16: 0:42) - (Middleland) Total user(4)
(2012: 3:16: 0:43) - (Middleland) Total user(4)
(2012: 3:16: 0:44) - (Middleland) Total user(4)
(2012: 3:16: 0:45) - (Middleland) Total user(4)
(2012: 3:16: 0:46) - (Middleland) Total user(4)
(2012: 3:16: 0:47) - (Middleland) Total user(4)
(2012: 3:16: 0:48) - (Middleland) Total user(4)
(2012: 3:16: 0:49) - (Middleland) Total user(4)
(2012: 3:16: 0:50) - (Middleland) Total user(4)
(2012: 3:16: 0:51) - (Middleland) Total user(4)
(2012: 3:16: 0:52) - (Middleland) Total user(4)
(2012: 3:16: 0:53) - (Middleland) Total user(4)
(2012: 3:16: 0:54) - (Middleland) Total user(4)
(2012: 3:16: 0:55) - (Middleland) Total user(4)
(2012: 3:16: 0:56) - (Middleland) Total user(4)
(2012: 3:16: 0:57) - (Middleland) Total user(3)
(2012: 3:16: 0:58) - (Middleland) Total user(3)
(2012: 3:16: 0:59) - (Middleland) Total user(4)
(2012: 3:16: 1: 0) - (Middleland) Total user(4)
(2012: 3:16: 1: 1) - (Middleland) Total user(4)
(2012: 3:16: 1: 2) - (Middleland) Total user(4)
(2012: 3:16: 1: 3) - (Middleland) Total user(4)
(2012: 3:16: 1: 4) - (Middleland) Total user(4)
(2012: 3:16: 1: 5) - (Middleland) Total user(4)
(2012: 3:16: 1: 6) - (Middleland) Total user(4)
(2012: 3:16: 1: 7) - (Middleland) Total user(4)
(2012: 3:16: 1: 8) - (Middleland) Total user(4)
(2012: 3:16: 1: 9) - (Middleland) Total user(4)
(2012: 3:16: 1:11) - (Middleland) Total user(4)
(2012: 3:16: 1:12) - (Middleland) Total user(4)
(2012: 3:16: 1:13) - (Middleland) Total user(4)
(2012: 3:16: 1:14) - (Middleland) Total user(4)
(2012: 3:16: 1:15) - (Middleland) Total user(4)
(2012: 3:16: 1:16) - (Middleland) Total user(4)
(2012: 3:16: 1:17) - (Middleland) Total user(5)
(2012: 3:16: 1:18) - (Middleland) Total user(5)
(2012: 3:16: 1:19) - (Middleland) Total user(5)
(2012: 3:16: 1:20) - (Middleland) Total user(4)
(2012: 3:16: 1:21) - (Middleland) Total user(4)
(2012: 3:16: 1:22) - (Middleland) Total user(4)
(2012: 3:16: 1:23) - (Middleland) Total user(4)
(2012: 3:16: 1:24) - (Middleland) Total user(4)
(2012: 3:16: 1:25) - (Middleland) Total user(4)
(2012: 3:16: 1:26) - (Middleland) Total user(4)
(2012: 3:16: 1:27) - (Middleland) Total user(4)
(2012: 3:16: 1:28) - (Middleland) Total user(4)
(2012: 3:16: 1:29) - (Middleland) Total user(4)
(2012: 3:16: 1:30) - (Middleland) Total user(3)
(2012: 3:16: 1:31) - (Middleland) Total user(3)
(2012: 3:16: 1:32) - (Middleland) Total user(3)
(2012: 3:16: 1:33) - (Middleland) Total user(3)
(2012: 3:16: 1:34) - (Middleland) Total user(4)
(2012: 3:16: 1:35) - (Middleland) Total user(4)
(2012: 3:16: 1:36) - (Middleland) Total user(4)
(2012: 3:16: 1:37) - (Middleland) Total user(4)
(2012: 3:16: 1:38) - (Middleland) Total user(4)
(2012: 3:16: 1:39) - (Middleland) Total user(4)
(2012: 3:16: 1:40) - (Middleland) Total user(4)
(2012: 3:16: 1:41) - (Middleland) Total user(4)
(2012: 3:16: 1:42) - (Middleland) Total user(5)
(2012: 3:16: 1:43) - (Middleland) Total user(5)
(2012: 3:16: 1:44) - (Middleland) Total user(5)
(2012: 3:16: 1:45) - (Middleland) Total user(5)
(2012: 3:16: 1:46) - (Middleland) Total user(5)
(2012: 3:16: 1:47) - (Middleland) Total user(5)
(2012: 3:16: 1:48) - (Middleland) Total user(5)
(2012: 3:16: 1:49) - (Middleland) Total user(3)
(2012: 3:16: 1:50) - (Middleland) Total user(4)
(2012: 3:16: 1:51) - (Middleland) Total user(4)
(2012: 3:16: 1:52) - (Middleland) Total user(4)
(2012: 3:16: 1:53) - (Middleland) Total user(4)
(2012: 3:16: 1:54) - (Middleland) Total user(4)
(2012: 3:16: 1:55) - (Middleland) Total user(4)
(2012: 3:16: 1:56) - (Middleland) Total user(4)
(2012: 3:16: 1:57) - (Middleland) Total user(4)
(2012: 3:16: 1:58) - (Middleland) Total user(4)
(2012: 3:16: 1:59) - (Middleland) Total user(4)
(2012: 3:16: 2: 0) - (Middleland) Total user(4)
(2012: 3:16: 2: 1) - (Middleland) Total user(4)
(2012: 3:16: 2: 2) - (Middleland) Total user(4)
(2012: 3:16: 2: 3) - (Middleland) Total user(4)
(2012: 3:16: 2: 4) - (Middleland) Total user(4)
(2012: 3:16: 2: 5) - (Middleland) Total user(4)
(2012: 3:16: 2: 6) - (Middleland) Total user(4)
(2012: 3:16: 2: 7) - (Middleland) Total user(4)
(2012: 3:16: 2: 8) - (Middleland) Total user(3)
(2012: 3:16: 2: 9) - (Middleland) Total user(3)
(2012: 3:16: 2:10) - (Middleland) Total user(3)
(2012: 3:16: 2:12) - (Middleland) Total user(3)
(2012: 3:16: 2:13) - (Middleland) Total user(3)
(2012: 3:16: 2:14) - (Middleland) Total user(3)
(2012: 3:16: 2:15) - (Middleland) Total user(3)
(2012: 3:16: 2:16) - (Middleland) Total user(3)
(2012: 3:16: 2:17) - (Middleland) Total user(3)
(2012: 3:16: 2:18) - (Middleland) Total user(3)
(2012: 3:16: 2:19) - (Middleland) Total user(3)
(2012: 3:16: 2:20) - (Middleland) Total user(3)
(2012: 3:16: 2:21) - (Middleland) Total user(3)
(2012: 3:16: 2:22) - (Middleland) Total user(3)
(2012: 3:16: 2:23) - (Middleland) Total user(3)
(2012: 3:16: 2:24) - (Middleland) Total user(3)
(2012: 3:16: 2:25) - (Middleland) Total user(3)
(2012: 3:16: 2:26) - (Middleland) Total user(4)
(2012: 3:16: 2:27) - (Middleland) Total user(4)
(2012: 3:16: 2:28) - (Middleland) Total user(4)
(2012: 3:16: 2:29) - (Middleland) Total user(4)
(2012: 3:16: 2:30) - (Middleland) Total user(4)
(2012: 3:16: 2:31) - (Middleland) Total user(4)
(2012: 3:16: 2:32) - (Middleland) Total user(4)
(2012: 3:16: 2:33) - (Middleland) Total user(4)
(2012: 3:16: 2:34) - (Middleland) Total user(4)
(2012: 3:16: 2:35) - (Middleland) Total user(5)
(2012: 3:16: 2:36) - (Middleland) Total user(5)
(2012: 3:16: 2:37) - (Middleland) Total user(5)
(2012: 3:16: 2:38) - (Middleland) Total user(5)
(2012: 3:16: 2:39) - (Middleland) Total user(5)
(2012: 3:16: 2:40) - (Middleland) Total user(5)
(2012: 3:16: 2:41) - (Middleland) Total user(4)
(2012: 3:16: 2:42) - (Middleland) Total user(4)
(2012: 3:16: 2:43) - (Middleland) Total user(4)
(2012: 3:16: 2:44) - (Middleland) Total user(4)
(2012: 3:16: 2:45) - (Middleland) Total user(3)
(2012: 3:16: 2:46) - (Middleland) Total user(3)
(2012: 3:16: 2:47) - (Middleland) Total user(3)
(2012: 3:16: 2:48) - (Middleland) Total user(3)
(2012: 3:16: 2:49) - (Middleland) Total user(3)
(2012: 3:16: 2:50) - (Middleland) Total user(3)
(2012: 3:16: 2:51) - (Middleland) Total user(4)
(2012: 3:16: 2:52) - (Middleland) Total user(3)
(2012: 3:16: 2:53) - (Middleland) Total user(3)
(2012: 3:16: 2:54) - (Middleland) Total user(3)
(2012: 3:16: 2:55) - (Middleland) Total user(4)
(2012: 3:16: 2:56) - (Middleland) Total user(4)
(2012: 3:16: 2:57) - (Middleland) Total user(4)
(2012: 3:16: 2:58) - (Middleland) Total user(4)
(2012: 3:16: 2:59) - (Middleland) Total user(5)
(2012: 3:16: 3: 0) - (Middleland) Total user(5)
(2012: 3:16: 3: 1) - (Middleland) Total user(5)
(2012: 3:16: 3: 2) - (Middleland) Total user(5)
(2012: 3:16: 3: 3) - (Middleland) Total user(4)
(2012: 3:16: 3: 4) - (Middleland) Total user(4)
(2012: 3:16: 3: 5) - (Middleland) Total user(3)
(2012: 3:16: 3: 6) - (Middleland) Total user(3)
(2012: 3:16: 3: 7) - (Middleland) Total user(3)
(2012: 3:16: 3: 8) - (Middleland) Total user(3)
(2012: 3:16: 3: 9) - (Middleland) Total user(3)
(2012: 3:16: 3:10) - (Middleland) Total user(3)
(2012: 3:16: 3:12) - (Middleland) Total user(3)
(2012: 3:16: 3:13) - (Middleland) Total user(3)
(2012: 3:16: 3:14) - (Middleland) Total user(3)
(2012: 3:16: 3:15) - (Middleland) Total user(3)
(2012: 3:16: 3:16) - (Middleland) Total user(3)
(2012: 3:16: 3:17) - (Middleland) Total user(3)
(2012: 3:16: 3:18) - (Middleland) Total user(3)
(2012: 3:16: 3:19) - (Middleland) Total user(3)
(2012: 3:16: 3:20) - (Middleland) Total user(3)
(2012: 3:16: 3:21) - (Middleland) Total user(3)
(2012: 3:16: 3:22) - (Middleland) Total user(3)
(2012: 3:16: 3:23) - (Middleland) Total user(3)
(2012: 3:16: 3:24) - (Middleland) Total user(3)
(2012: 3:16: 3:25) - (Middleland) Total user(3)
(2012: 3:16: 3:26) - (Middleland) Total user(3)
(2012: 3:16: 3:27) - (Middleland) Total user(3)
(2012: 3:16: 3:28) - (Middleland) Total user(2)
(2012: 3:16: 3:29) - (Middleland) Total user(3)
(2012: 3:16: 3:30) - (Middleland) Total user(3)
(2012: 3:16: 3:31) - (Middleland) Total user(3)
(2012: 3:16: 3:32) - (Middleland) Total user(3)
(2012: 3:16: 3:33) - (Middleland) Total user(2)
(2012: 3:16: 3:34) - (Middleland) Total user(3)
(2012: 3:16: 3:35) - (Middleland) Total user(3)
(2012: 3:16: 3:36) - (Middleland) Total user(3)
(2012: 3:16: 3:37) - (Middleland) Total user(3)
(2012: 3:16: 3:38) - (Middleland) Total user(3)
(2012: 3:16: 3:39) - (Middleland) Total user(3)
(2012: 3:16: 3:40) - (Middleland) Total user(3)
(2012: 3:16: 3:41) - (Middleland) Total user(4)
(2012: 3:16: 3:42) - (Middleland) Total user(4)
(2012: 3:16: 3:43) - (Middleland) Total user(4)
(2012: 3:16: 3:44) - (Middleland) Total user(4)
(2012: 3:16: 3:45) - (Middleland) Total user(4)
(2012: 3:16: 3:46) - (Middleland) Total user(4)
(2012: 3:16: 3:47) - (Middleland) Total user(4)
(2012: 3:16: 3:48) - (Middleland) Total user(4)
(2012: 3:16: 3:49) - (Middleland) Total user(4)
(2012: 3:16: 3:50) - (Middleland) Total user(4)
(2012: 3:16: 3:51) - (Middleland) Total user(4)
(2012: 3:16: 3:52) - (Middleland) Total user(4)
(2012: 3:16: 3:53) - (Middleland) Total user(4)
(2012: 3:16: 3:54) - (Middleland) Total user(4)
(2012: 3:16: 3:55) - (Middleland) Total user(4)
(2012: 3:16: 3:56) - (Middleland) Total user(4)
(2012: 3:16: 3:57) - (Middleland) Total user(4)
(2012: 3:16: 3:58) - (Middleland) Total user(3)
(2012: 3:16: 3:59) - (Middleland) Total user(3)
(2012: 3:16: 4: 0) - (Middleland) Total user(3)
(2012: 3:16: 4: 1) - (Middleland) Total user(3)
(2012: 3:16: 4: 2) - (Middleland) Total user(3)
(2012: 3:16: 4: 3) - (Middleland) Total user(3)
(2012: 3:16: 4: 4) - (Middleland) Total user(3)
(2012: 3:16: 4: 5) - (Middleland) Total user(3)
(2012: 3:16: 4: 6) - (Middleland) Total user(3)
(2012: 3:16: 4: 7) - (Middleland) Total user(3)
(2012: 3:16: 4: 8) - (Middleland) Total user(3)
(2012: 3:16: 4: 9) - (Middleland) Total user(3)
(2012: 3:16: 4:10) - (Middleland) Total user(3)
(2012: 3:16: 4:11) - (Middleland) Total user(3)
(2012: 3:16: 4:13) - (Middleland) Total user(3)
(2012: 3:16: 4:14) - (Middleland) Total user(3)
(2012: 3:16: 4:15) - (Middleland) Total user(3)
(2012: 3:16: 4:16) - (Middleland) Total user(3)
(2012: 3:16: 4:17) - (Middleland) Total user(3)
(2012: 3:16: 4:18) - (Middleland) Total user(3)
(2012: 3:16: 4:19) - (Middleland) Total user(3)
(2012: 3:16: 4:20) - (Middleland) Total user(3)
(2012: 3:16: 4:21) - (Middleland) Total user(2)
(2012: 3:16: 4:22) - (Middleland) Total user(2)
(2012: 3:16: 4:23) - (Middleland) Total user(2)
(2012: 3:16: 4:24) - (Middleland) Total user(2)
(2012: 3:16: 4:25) - (Middleland) Total user(2)
(2012: 3:16: 4:26) - (Middleland) Total user(2)
(2012: 3:16: 4:27) - (Middleland) Total user(2)
(2012: 3:16: 4:28) - (Middleland) Total user(2)
(2012: 3:16: 4:29) - (Middleland) Total user(2)
(2012: 3:16: 4:30) - (Middleland) Total user(2)
(2012: 3:16: 4:31) - (Middleland) Total user(2)
(2012: 3:16: 4:32) - (Middleland) Total user(2)
(2012: 3:16: 4:33) - (Middleland) Total user(2)
(2012: 3:16: 4:34) - (Middleland) Total user(2)
(2012: 3:16: 4:35) - (Middleland) Total user(2)
(2012: 3:16: 4:36) - (Middleland) Total user(2)
(2012: 3:16: 4:37) - (Middleland) Total user(2)
(2012: 3:16: 4:38) - (Middleland) Total user(2)
(2012: 3:16: 4:39) - (Middleland) Total user(2)
(2012: 3:16: 4:40) - (Middleland) Total user(2)
(2012: 3:16: 4:41) - (Middleland) Total user(2)
(2012: 3:16: 4:42) - (Middleland) Total user(3)
(2012: 3:16: 4:43) - (Middleland) Total user(3)
(2012: 3:16: 4:44) - (Middleland) Total user(3)
(2012: 3:16: 4:45) - (Middleland) Total user(3)
(2012: 3:16: 4:46) - (Middleland) Total user(3)
(2012: 3:16: 4:47) - (Middleland) Total user(3)
(2012: 3:16: 4:48) - (Middleland) Total user(3)
(2012: 3:16: 4:49) - (Middleland) Total user(3)
(2012: 3:16: 4:50) - (Middleland) Total user(3)
(2012: 3:16: 4:51) - (Middleland) Total user(3)
(2012: 3:16: 4:52) - (Middleland) Total user(3)
(2012: 3:16: 4:53) - (Middleland) Total user(3)
(2012: 3:16: 4:54) - (Middleland) Total user(3)
(2012: 3:16: 4:55) - (Middleland) Total user(3)
(2012: 3:16: 4:56) - (Middleland) Total user(3)
(2012: 3:16: 4:57) - (Middleland) Total user(3)
(2012: 3:16: 4:58) - (Middleland) Total user(3)
(2012: 3:16: 4:59) - (Middleland) Total user(3)
(2012: 3:16: 5: 0) - (Middleland) Total user(3)
(2012: 3:16: 5: 1) - (Middleland) Total user(3)
(2012: 3:16: 5: 2) - (Middleland) Total user(3)
(2012: 3:16: 5: 3) - (Middleland) Total user(3)
(2012: 3:16: 5: 4) - (Middleland) Total user(3)
(2012: 3:16: 5: 5) - (Middleland) Total user(3)
(2012: 3:16: 5: 6) - (Middleland) Total user(3)
(2012: 3:16: 5: 7) - (Middleland) Total user(3)
(2012: 3:16: 5: 8) - (Middleland) Total user(3)
(2012: 3:16: 5: 9) - (Middleland) Total user(3)
(2012: 3:16: 5:10) - (Middleland) Total user(3)
(2012: 3:16: 5:11) - (Middleland) Total user(3)
(2012: 3:16: 5:12) - (Middleland) Total user(3)
(2012: 3:16: 5:14) - (Middleland) Total user(3)
(2012: 3:16: 5:15) - (Middleland) Total user(3)
(2012: 3:16: 5:16) - (Middleland) Total user(3)
(2012: 3:16: 5:17) - (Middleland) Total user(3)
(2012: 3:16: 5:18) - (Middleland) Total user(3)
(2012: 3:16: 5:19) - (Middleland) Total user(3)
(2012: 3:16: 5:20) - (Middleland) Total user(3)
(2012: 3:16: 5:21) - (Middleland) Total user(3)
(2012: 3:16: 5:22) - (Middleland) Total user(3)
(2012: 3:16: 5:23) - (Middleland) Total user(3)
(2012: 3:16: 5:24) - (Middleland) Total user(3)
(2012: 3:16: 5:25) - (Middleland) Total user(3)
(2012: 3:16: 5:26) - (Middleland) Total user(3)
(2012: 3:16: 5:27) - (Middleland) Total user(3)
(2012: 3:16: 5:28) - (Middleland) Total user(3)
(2012: 3:16: 5:29) - (Middleland) Total user(3)
(2012: 3:16: 5:30) - (Middleland) Total user(3)
(2012: 3:16: 5:31) - (Middleland) Total user(3)
(2012: 3:16: 5:32) - (Middleland) Total user(4)
(2012: 3:16: 5:33) - (Middleland) Total user(3)
(2012: 3:16: 5:34) - (Middleland) Total user(3)
(2012: 3:16: 5:35) - (Middleland) Total user(3)
(2012: 3:16: 5:36) - (Middleland) Total user(3)
(2012: 3:16: 5:37) - (Middleland) Total user(3)
(2012: 3:16: 5:38) - (Middleland) Total user(3)
(2012: 3:16: 5:39) - (Middleland) Total user(3)
(2012: 3:16: 5:40) - (Middleland) Total user(4)
(2012: 3:16: 5:41) - (Middleland) Total user(5)
(2012: 3:16: 5:42) - (Middleland) Total user(5)
(2012: 3:16: 5:43) - (Middleland) Total user(5)
(2012: 3:16: 5:44) - (Middleland) Total user(5)
(2012: 3:16: 5:45) - (Middleland) Total user(5)
(2012: 3:16: 5:46) - (Middleland) Total user(5)
(2012: 3:16: 5:47) - (Middleland) Total user(5)
(2012: 3:16: 5:48) - (Middleland) Total user(5)
(2012: 3:16: 5:49) - (Middleland) Total user(5)
(2012: 3:16: 5:50) - (Middleland) Total user(5)
(2012: 3:16: 5:51) - (Middleland) Total user(5)
(2012: 3:16: 5:52) - (Middleland) Total user(5)
(2012: 3:16: 5:53) - (Middleland) Total user(5)
(2012: 3:16: 5:54) - (Middleland) Total user(5)
(2012: 3:16: 5:55) - (Middleland) Total user(5)
(2012: 3:16: 5:56) - (Middleland) Total user(4)
(2012: 3:16: 5:57) - (Middleland) Total user(4)
(2012: 3:16: 5:58) - (Middleland) Total user(4)
(2012: 3:16: 5:59) - (Middleland) Total user(4)
(2012: 3:16: 6: 0) - (Middleland) Total user(5)
(2012: 3:16: 6: 1) - (Middleland) Total user(5)
(2012: 3:16: 6: 2) - (Middleland) Total user(5)
(2012: 3:16: 6: 3) - (Middleland) Total user(5)
(2012: 3:16: 6: 4) - (Middleland) Total user(5)
(2012: 3:16: 6: 5) - (Middleland) Total user(5)
(2012: 3:16: 6: 6) - (Middleland) Total user(5)
(2012: 3:16: 6: 7) - (Middleland) Total user(5)
(2012: 3:16: 6: 8) - (Middleland) Total user(5)
(2012: 3:16: 6: 9) - (Middleland) Total user(5)
(2012: 3:16: 6:10) - (Middleland) Total user(5)
(2012: 3:16: 6:11) - (Middleland) Total user(5)
(2012: 3:16: 6:12) - (Middleland) Total user(5)
(2012: 3:16: 6:13) - (Middleland) Total user(4)
(2012: 3:16: 6:15) - (Middleland) Total user(5)
(2012: 3:16: 6:16) - (Middleland) Total user(5)
(2012: 3:16: 6:17) - (Middleland) Total user(5)
(2012: 3:16: 6:18) - (Middleland) Total user(5)
(2012: 3:16: 6:19) - (Middleland) Total user(5)
(2012: 3:16: 6:20) - (Middleland) Total user(5)
(2012: 3:16: 6:21) - (Middleland) Total user(5)
(2012: 3:16: 6:22) - (Middleland) Total user(5)
(2012: 3:16: 6:23) - (Middleland) Total user(5)
(2012: 3:16: 6:24) - (Middleland) Total user(5)
(2012: 3:16: 6:25) - (Middleland) Total user(5)
(2012: 3:16: 6:26) - (Middleland) Total user(5)
(2012: 3:16: 6:27) - (Middleland) Total user(5)
(2012: 3:16: 6:28) - (Middleland) Total user(5)
(2012: 3:16: 6:29) - (Middleland) Total user(5)
(2012: 3:16: 6:30) - (Middleland) Total user(5)
(2012: 3:16: 6:31) - (Middleland) Total user(5)
(2012: 3:16: 6:32) - (Middleland) Total user(5)
(2012: 3:16: 6:33) - (Middleland) Total user(5)
(2012: 3:16: 6:34) - (Middleland) Total user(5)
(2012: 3:16: 6:35) - (Middleland) Total user(5)
(2012: 3:16: 6:36) - (Middleland) Total user(5)
(2012: 3:16: 6:37) - (Middleland) Total user(5)
(2012: 3:16: 6:38) - (Middleland) Total user(5)
(2012: 3:16: 6:39) - (Middleland) Total user(5)
(2012: 3:16: 6:40) - (Middleland) Total user(5)
(2012: 3:16: 6:41) - (Middleland) Total user(5)
(2012: 3:16: 6:42) - (Middleland) Total user(5)
(2012: 3:16: 6:43) - (Middleland) Total user(5)
(2012: 3:16: 6:44) - (Middleland) Total user(5)
(2012: 3:16: 6:45) - (Middleland) Total user(5)
(2012: 3:16: 6:46) - (Middleland) Total user(5)
(2012: 3:16: 6:47) - (Middleland) Total user(5)
(2012: 3:16: 6:48) - (Middleland) Total user(5)
(2012: 3:16: 6:49) - (Middleland) Total user(5)
(2012: 3:16: 6:50) - (Middleland) Total user(5)
(2012: 3:16: 6:51) - (Middleland) Total user(5)
(2012: 3:16: 6:52) - (Middleland) Total user(5)
(2012: 3:16: 6:53) - (Middleland) Total user(5)
(2012: 3:16: 6:54) - (Middleland) Total user(5)
(2012: 3:16: 6:55) - (Middleland) Total user(5)
(2012: 3:16: 6:56) - (Middleland) Total user(5)
(2012: 3:16: 6:57) - (Middleland) Total user(5)
(2012: 3:16: 6:58) - (Middleland) Total user(5)
(2012: 3:16: 6:59) - (Middleland) Total user(5)
(2012: 3:16: 7: 0) - (Middleland) Total user(5)
(2012: 3:16: 7: 1) - (Middleland) Total user(5)
(2012: 3:16: 7: 2) - (Middleland) Total user(5)
(2012: 3:16: 7: 3) - (Middleland) Total user(5)
(2012: 3:16: 7: 4) - (Middleland) Total user(5)
(2012: 3:16: 7: 5) - (Middleland) Total user(5)
(2012: 3:16: 7: 6) - (Middleland) Total user(5)
(2012: 3:16: 7: 7) - (Middleland) Total user(5)
(2012: 3:16: 7: 8) - (Middleland) Total user(5)
(2012: 3:16: 7: 9) - (Middleland) Total user(5)
(2012: 3:16: 7:10) - (Middleland) Total user(5)
(2012: 3:16: 7:11) - (Middleland) Total user(5)
(2012: 3:16: 7:12) - (Middleland) Total user(5)
(2012: 3:16: 7:13) - (Middleland) Total user(5)
(2012: 3:16: 7:15) - (Middleland) Total user(5)
(2012: 3:16: 7:16) - (Middleland) Total user(5)
(2012: 3:16: 7:17) - (Middleland) Total user(5)
(2012: 3:16: 7:18) - (Middleland) Total user(5)
(2012: 3:16: 7:19) - (Middleland) Total user(5)
(2012: 3:16: 7:20) - (Middleland) Total user(5)
(2012: 3:16: 7:21) - (Middleland) Total user(5)
(2012: 3:16: 7:22) - (Middleland) Total user(5)
(2012: 3:16: 7:23) - (Middleland) Total user(5)
(2012: 3:16: 7:24) - (Middleland) Total user(5)
(2012: 3:16: 7:25) - (Middleland) Total user(5)
(2012: 3:16: 7:26) - (Middleland) Total user(5)
(2012: 3:16: 7:27) - (Middleland) Total user(5)
(2012: 3:16: 7:28) - (Middleland) Total user(5)
(2012: 3:16: 7:29) - (Middleland) Total user(5)
(2012: 3:16: 7:30) - (Middleland) Total user(5)
(2012: 3:16: 7:31) - (Middleland) Total user(5)
(2012: 3:16: 7:32) - (Middleland) Total user(5)
(2012: 3:16: 7:33) - (Middleland) Total user(5)
(2012: 3:16: 7:34) - (Middleland) Total user(5)
(2012: 3:16: 7:35) - (Middleland) Total user(5)
(2012: 3:16: 7:36) - (Middleland) Total user(5)
(2012: 3:16: 7:37) - (Middleland) Total user(5)
(2012: 3:16: 7:38) - (Middleland) Total user(4)
(2012: 3:16: 7:39) - (Middleland) Total user(4)
(2012: 3:16: 7:40) - (Middleland) Total user(4)
(2012: 3:16: 7:41) - (Middleland) Total user(4)
(2012: 3:16: 7:42) - (Middleland) Total user(4)
(2012: 3:16: 7:43) - (Middleland) Total user(3)
(2012: 3:16: 7:44) - (Middleland) Total user(4)
(2012: 3:16: 7:45) - (Middleland) Total user(4)
(2012: 3:16: 7:46) - (Middleland) Total user(4)
(2012: 3:16: 7:47) - (Middleland) Total user(3)
(2012: 3:16: 7:48) - (Middleland) Total user(2)
(2012: 3:16: 7:49) - (Middleland) Total user(2)
(2012: 3:16: 7:50) - (Middleland) Total user(2)
(2012: 3:16: 7:51) - (Middleland) Total user(2)
(2012: 3:16: 7:52) - (Middleland) Total user(2)
(2012: 3:16: 7:53) - (Middleland) Total user(2)
(2012: 3:16: 7:54) - (Middleland) Total user(2)
(2012: 3:16: 7:55) - (Middleland) Total user(2)
(2012: 3:16: 7:56) - (Middleland) Total user(1)
(2012: 3:16: 7:57) - (Middleland) Total user(1)
(2012: 3:16: 7:58) - (Middleland) Total user(1)
(2012: 3:16: 7:59) - (Middleland) Total user(1)
(2012: 3:16: 8: 0) - (Middleland) Total user(2)
(2012: 3:16: 8: 1) - (Middleland) Total user(2)
(2012: 3:16: 8: 2) - (Middleland) Total user(2)
(2012: 3:16: 8: 3) - (Middleland) Total user(3)
(2012: 3:16: 8: 4) - (Middleland) Total user(3)
(2012: 3:16: 8: 5) - (Middleland) Total user(3)
(2012: 3:16: 8: 6) - (Middleland) Total user(4)
(2012: 3:16: 8: 7) - (Middleland) Total user(4)
(2012: 3:16: 8: 8) - (Middleland) Total user(4)
(2012: 3:16: 8: 9) - (Middleland) Total user(4)
(2012: 3:16: 8:10) - (Middleland) Total user(4)
(2012: 3:16: 8:11) - (Middleland) Total user(4)
(2012: 3:16: 8:12) - (Middleland) Total user(4)
(2012: 3:16: 8:13) - (Middleland) Total user(4)
(2012: 3:16: 8:14) - (Middleland) Total user(4)
(2012: 3:16: 8:16) - (Middleland) Total user(4)
(2012: 3:16: 8:17) - (Middleland) Total user(4)
(2012: 3:16: 8:18) - (Middleland) Total user(4)
(2012: 3:16: 8:19) - (Middleland) Total user(4)
(2012: 3:16: 8:20) - (Middleland) Total user(4)
(2012: 3:16: 8:21) - (Middleland) Total user(4)
(2012: 3:16: 8:22) - (Middleland) Total user(4)
(2012: 3:16: 8:23) - (Middleland) Total user(4)
(2012: 3:16: 8:24) - (Middleland) Total user(4)
(2012: 3:16: 8:25) - (Middleland) Total user(4)
(2012: 3:16: 8:26) - (Middleland) Total user(4)
(2012: 3:16: 8:27) - (Middleland) Total user(4)
(2012: 3:16: 8:28) - (Middleland) Total user(4)
(2012: 3:16: 8:29) - (Middleland) Total user(4)
(2012: 3:16: 8:30) - (Middleland) Total user(3)
(2012: 3:16: 8:31) - (Middleland) Total user(2)
(2012: 3:16: 8:32) - (Middleland) Total user(2)
(2012: 3:16: 8:33) - (Middleland) Total user(2)
(2012: 3:16: 8:34) - (Middleland) Total user(2)
(2012: 3:16: 8:35) - (Middleland) Total user(2)
(2012: 3:16: 8:36) - (Middleland) Total user(2)
(2012: 3:16: 8:37) - (Middleland) Total user(2)
(2012: 3:16: 8:38) - (Middleland) Total user(2)
(2012: 3:16: 8:39) - (Middleland) Total user(3)
(2012: 3:16: 8:40) - (Middleland) Total user(3)
(2012: 3:16: 8:41) - (Middleland) Total user(3)
(2012: 3:16: 8:42) - (Middleland) Total user(3)
(2012: 3:16: 8:43) - (Middleland) Total user(3)
(2012: 3:16: 8:44) - (Middleland) Total user(3)
(2012: 3:16: 8:45) - (Middleland) Total user(3)
(2012: 3:16: 8:46) - (Middleland) Total user(3)
(2012: 3:16: 8:47) - (Middleland) Total user(3)
(2012: 3:16: 8:48) - (Middleland) Total user(3)
(2012: 3:16: 8:49) - (Middleland) Total user(3)
(2012: 3:16: 8:50) - (Middleland) Total user(3)
(2012: 3:16: 8:51) - (Middleland) Total user(3)
(2012: 3:16: 8:52) - (Middleland) Total user(3)
(2012: 3:16: 8:53) - (Middleland) Total user(3)
(2012: 3:16: 8:54) - (Middleland) Total user(3)
(2012: 3:16: 8:55) - (Middleland) Total user(3)
(2012: 3:16: 8:56) - (Middleland) Total user(3)
(2012: 3:16: 8:57) - (Middleland) Total user(3)
(2012: 3:16: 8:58) - (Middleland) Total user(3)
(2012: 3:16: 8:59) - (Middleland) Total user(3)
(2012: 3:16: 9: 0) - (Middleland) Total user(3)
(2012: 3:16: 9: 1) - (Middleland) Total user(3)
(2012: 3:16: 9: 2) - (Middleland) Total user(3)
(2012: 3:16: 9: 3) - (Middleland) Total user(3)
(2012: 3:16: 9: 4) - (Middleland) Total user(3)
(2012: 3:16: 9: 5) - (Middleland) Total user(3)
(2012: 3:16: 9: 6) - (Middleland) Total user(3)
(2012: 3:16: 9: 7) - (Middleland) Total user(3)
(2012: 3:16: 9: 8) - (Middleland) Total user(3)
(2012: 3:16: 9: 9) - (Middleland) Total user(3)
(2012: 3:16: 9:10) - (Middleland) Total user(3)
(2012: 3:16: 9:11) - (Middleland) Total user(3)
(2012: 3:16: 9:12) - (Middleland) Total user(2)
(2012: 3:16: 9:13) - (Middleland) Total user(2)
(2012: 3:16: 9:14) - (Middleland) Total user(2)
(2012: 3:16: 9:15) - (Middleland) Total user(2)
(2012: 3:16: 9:17) - (Middleland) Total user(2)
(2012: 3:16: 9:18) - (Middleland) Total user(2)
(2012: 3:16: 9:19) - (Middleland) Total user(2)
(2012: 3:16: 9:20) - (Middleland) Total user(2)
(2012: 3:16: 9:21) - (Middleland) Total user(2)
(2012: 3:16: 9:22) - (Middleland) Total user(2)
(2012: 3:16: 9:23) - (Middleland) Total user(2)
(2012: 3:16: 9:24) - (Middleland) Total user(1)
(2012: 3:16: 9:25) - (Middleland) Total user(1)
(2012: 3:16: 9:26) - (Middleland) Total user(1)
(2012: 3:16: 9:27) - (Middleland) Total user(1)
(2012: 3:16: 9:28) - (Middleland) Total user(1)
(2012: 3:16: 9:29) - (Middleland) Total user(1)
(2012: 3:16: 9:30) - (Middleland) Total user(1)
(2012: 3:16: 9:31) - (Middleland) Total user(1)
(2012: 3:16: 9:32) - (Middleland) Total user(1)
(2012: 3:16: 9:33) - (Middleland) Total user(1)
(2012: 3:16: 9:34) - (Middleland) Total user(1)
(2012: 3:16: 9:35) - (Middleland) Total user(1)
(2012: 3:16: 9:36) - (Middleland) Total user(1)
(2012: 3:16: 9:37) - (Middleland) Total user(1)
(2012: 3:16: 9:38) - (Middleland) Total user(1)
(2012: 3:16: 9:39) - (Middleland) Total user(1)
(2012: 3:16: 9:40) - (Middleland) Total user(1)
(2012: 3:16: 9:41) - (Middleland) Total user(1)
(2012: 3:16: 9:42) - (Middleland) Total user(1)
(2012: 3:16: 9:43) - (Middleland) Total user(1)
(2012: 3:16: 9:44) - (Middleland) Total user(1)
(2012: 3:16: 9:45) - (Middleland) Total user(1)
(2012: 3:16: 9:46) - (Middleland) Total user(1)
(2012: 3:16: 9:47) - (Middleland) Total user(1)
(2012: 3:16: 9:48) - (Middleland) Total user(1)
(2012: 3:16: 9:49) - (Middleland) Total user(1)
(2012: 3:16: 9:50) - (Middleland) Total user(1)
(2012: 3:16: 9:51) - (Middleland) Total user(1)
(2012: 3:16: 9:52) - (Middleland) Total user(1)
(2012: 3:16: 9:53) - (Middleland) Total user(1)
(2012: 3:16: 9:54) - (Middleland) Total user(1)
(2012: 3:16: 9:55) - (Middleland) Total user(1)
(2012: 3:16: 9:56) - (Middleland) Total user(1)
(2012: 3:16: 9:57) - (Middleland) Total user(1)
(2012: 3:16: 9:58) - (Middleland) Total user(1)
(2012: 3:16: 9:59) - (Middleland) Total user(1)
(2012: 3:16:10: 0) - (Middleland) Total user(1)
(2012: 3:16:10: 1) - (Middleland) Total user(1)
(2012: 3:16:10: 2) - (Middleland) Total user(2)
(2012: 3:16:10: 3) - (Middleland) Total user(2)
(2012: 3:16:10: 4) - (Middleland) Total user(2)
(2012: 3:16:10: 5) - (Middleland) Total user(2)
(2012: 3:16:10: 6) - (Middleland) Total user(2)
(2012: 3:16:10: 7) - (Middleland) Total user(2)
(2012: 3:16:10: 8) - (Middleland) Total user(2)
(2012: 3:16:10: 9) - (Middleland) Total user(2)
(2012: 3:16:10:10) - (Middleland) Total user(2)
(2012: 3:16:10:11) - (Middleland) Total user(2)
(2012: 3:16:10:12) - (Middleland) Total user(2)
(2012: 3:16:10:13) - (Middleland) Total user(2)
(2012: 3:16:10:14) - (Middleland) Total user(2)
(2012: 3:16:10:15) - (Middleland) Total user(2)
(2012: 3:16:10:16) - (Middleland) Total user(2)
(2012: 3:16:10:18) - (Middleland) Total user(2)
(2012: 3:16:10:19) - (Middleland) Total user(2)
(2012: 3:16:10:20) - (Middleland) Total user(2)
(2012: 3:16:10:21) - (Middleland) Total user(2)
(2012: 3:16:10:22) - (Middleland) Total user(2)
(2012: 3:16:10:23) - (Middleland) Total user(2)
(2012: 3:16:10:24) - (Middleland) Total user(2)
(2012: 3:16:10:25) - (Middleland) Total user(2)
(2012: 3:16:10:26) - (Middleland) Total user(2)
(2012: 3:16:10:27) - (Middleland) Total user(2)
(2012: 3:16:10:28) - (Middleland) Total user(2)
(2012: 3:16:10:29) - (Middleland) Total user(2)
(2012: 3:16:10:30) - (Middleland) Total user(2)
(2012: 3:16:10:31) - (Middleland) Total user(2)
(2012: 3:16:10:32) - (Middleland) Total user(2)
(2012: 3:16:10:33) - (Middleland) Total user(2)
(2012: 3:16:10:34) - (Middleland) Total user(2)
(2012: 3:16:10:35) - (Middleland) Total user(2)
(2012: 3:16:10:36) - (Middleland) Total user(2)
(2012: 3:16:10:37) - (Middleland) Total user(2)
(2012: 3:16:10:38) - (Middleland) Total user(2)
(2012: 3:16:10:39) - (Middleland) Total user(2)
(2012: 3:16:10:40) - (Middleland) Total user(2)
(2012: 3:16:10:41) - (Middleland) Total user(2)
(2012: 3:16:10:42) - (Middleland) Total user(2)
(2012: 3:16:10:43) - (Middleland) Total user(2)
(2012: 3:16:10:44) - (Middleland) Total user(2)
(2012: 3:16:10:45) - (Middleland) Total user(2)
(2012: 3:16:10:46) - (Middleland) Total user(2)
(2012: 3:16:10:47) - (Middleland) Total user(2)
(2012: 3:16:10:48) - (Middleland) Total user(2)
(2012: 3:16:10:49) - (Middleland) Total user(2)
(2012: 3:16:10:50) - (Middleland) Total user(2)
(2012: 3:16:10:51) - (Middleland) Total user(2)
(2012: 3:16:10:52) - (Middleland) Total user(2)
(2012: 3:16:10:53) - (Middleland) Total user(2)
(2012: 3:16:10:54) - (Middleland) Total user(2)
(2012: 3:16:10:55) - (Middleland) Total user(2)
(2012: 3:16:10:56) - (Middleland) Total user(2)
(2012: 3:16:10:57) - (Middleland) Total user(2)
(2012: 3:16:10:58) - (Middleland) Total user(2)
(2012: 3:16:10:59) - (Middleland) Total user(2)
(2012: 3:16:11: 0) - (Middleland) Total user(1)
(2012: 3:16:11: 1) - (Middleland) Total user(1)
(2012: 3:16:11: 2) - (Middleland) Total user(1)
(2012: 3:16:11: 3) - (Middleland) Total user(1)
(2012: 3:16:11: 4) - (Middleland) Total user(1)
(2012: 3:16:11: 5) - (Middleland) Total user(1)
(2012: 3:16:11: 6) - (Middleland) Total user(1)
(2012: 3:16:11: 7) - (Middleland) Total user(1)
(2012: 3:16:11: 8) - (Middleland) Total user(1)
(2012: 3:16:11: 9) - (Middleland) Total user(1)
(2012: 3:16:11:10) - (Middleland) Total user(1)
(2012: 3:16:11:11) - (Middleland) Total user(1)
(2012: 3:16:11:12) - (Middleland) Total user(1)
(2012: 3:16:11:13) - (Middleland) Total user(1)
(2012: 3:16:11:14) - (Middleland) Total user(1)
(2012: 3:16:11:15) - (Middleland) Total user(1)
(2012: 3:16:11:16) - (Middleland) Total user(1)
(2012: 3:16:11:18) - (Middleland) Total user(1)
(2012: 3:16:11:19) - (Middleland) Total user(1)
(2012: 3:16:11:20) - (Middleland) Total user(1)
(2012: 3:16:11:21) - (Middleland) Total user(1)
(2012: 3:16:11:22) - (Middleland) Total user(1)
(2012: 3:16:11:23) - (Middleland) Total user(1)
(2012: 3:16:11:24) - (Middleland) Total user(1)
(2012: 3:16:11:25) - (Middleland) Total user(1)
(2012: 3:16:11:26) - (Middleland) Total user(1)
(2012: 3:16:11:27) - (Middleland) Total user(1)
(2012: 3:16:11:28) - (Middleland) Total user(1)
(2012: 3:16:11:29) - (Middleland) Total user(1)
(2012: 3:16:11:30) - (Middleland) Total user(1)
(2012: 3:16:11:31) - (Middleland) Total user(1)
(2012: 3:16:11:32) - (Middleland) Total user(1)
(2012: 3:16:11:33) - (Middleland) Total user(1)
(2012: 3:16:11:34) - (Middleland) Total user(1)
(2012: 3:16:11:35) - (Middleland) Total user(1)
(2012: 3:16:11:36) - (Middleland) Total user(1)
(2012: 3:16:11:37) - (Middleland) Total user(1)
(2012: 3:16:11:38) - (Middleland) Total user(1)
(2012: 3:16:11:39) - (Middleland) Total user(1)
(2012: 3:16:11:40) - (Middleland) Total user(1)
(2012: 3:16:11:41) - (Middleland) Total user(1)
(2012: 3:16:11:42) - (Middleland) Total user(2)
(2012: 3:16:11:43) - (Middleland) Total user(2)
(2012: 3:16:11:44) - (Middleland) Total user(2)
(2012: 3:16:11:45) - (Middleland) Total user(2)
(2012: 3:16:11:46) - (Middleland) Total user(2)
(2012: 3:16:11:47) - (Middleland) Total user(2)
(2012: 3:16:11:48) - (Middleland) Total user(2)
(2012: 3:16:11:49) - (Middleland) Total user(2)
(2012: 3:16:11:50) - (Middleland) Total user(2)
(2012: 3:16:11:51) - (Middleland) Total user(2)
(2012: 3:16:11:52) - (Middleland) Total user(2)
(2012: 3:16:11:53) - (Middleland) Total user(2)
(2012: 3:16:11:54) - (Middleland) Total user(2)
(2012: 3:16:11:55) - (Middleland) Total user(2)
(2012: 3:16:11:56) - (Middleland) Total user(2)
(2012: 3:16:11:57) - (Middleland) Total user(2)
(2012: 3:16:11:58) - (Middleland) Total user(2)
(2012: 3:16:11:59) - (Middleland) Total user(2)
(2012: 3:16:12: 0) - (Middleland) Total user(2)
(2012: 3:16:12: 1) - (Middleland) Total user(2)
(2012: 3:16:12: 2) - (Middleland) Total user(2)
(2012: 3:16:12: 3) - (Middleland) Total user(2)
(2012: 3:16:12: 4) - (Middleland) Total user(2)
(2012: 3:16:12: 5) - (Middleland) Total user(2)
(2012: 3:16:12: 6) - (Middleland) Total user(2)
(2012: 3:16:12: 7) - (Middleland) Total user(2)
(2012: 3:16:12: 8) - (Middleland) Total user(2)
(2012: 3:16:12: 9) - (Middleland) Total user(2)
(2012: 3:16:12:10) - (Middleland) Total user(2)
(2012: 3:16:12:11) - (Middleland) Total user(2)
(2012: 3:16:12:12) - (Middleland) Total user(2)
(2012: 3:16:12:13) - (Middleland) Total user(2)
(2012: 3:16:12:15) - (Middleland) Total user(2)
(2012: 3:16:12:16) - (Middleland) Total user(2)
(2012: 3:16:12:17) - (Middleland) Total user(2)
(2012: 3:16:12:18) - (Middleland) Total user(2)
(2012: 3:16:12:19) - (Middleland) Total user(2)
(2012: 3:16:12:20) - (Middleland) Total user(2)
(2012: 3:16:12:21) - (Middleland) Total user(2)
(2012: 3:16:12:22) - (Middleland) Total user(1)
(2012: 3:16:12:23) - (Middleland) Total user(1)
(2012: 3:16:12:24) - (Middleland) Total user(1)
(2012: 3:16:12:25) - (Middleland) Total user(1)
(2012: 3:16:12:26) - (Middleland) Total user(1)
(2012: 3:16:12:27) - (Middleland) Total user(1)
(2012: 3:16:12:28) - (Middleland) Total user(1)
(2012: 3:16:12:29) - (Middleland) Total user(1)
(2012: 3:16:12:30) - (Middleland) Total user(1)
(2012: 3:16:12:31) - (Middleland) Total user(1)
(2012: 3:16:12:32) - (Middleland) Total user(1)
(2012: 3:16:12:33) - (Middleland) Total user(1)
(2012: 3:16:12:34) - (Middleland) Total user(1)
(2012: 3:16:12:35) - (Middleland) Total user(1)
(2012: 3:16:12:36) - (Middleland) Total user(1)
(2012: 3:16:12:37) - (Middleland) Total user(2)
(2012: 3:16:12:38) - (Middleland) Total user(2)
(2012: 3:16:12:39) - (Middleland) Total user(2)
(2012: 3:16:12:40) - (Middleland) Total user(2)
(2012: 3:16:12:41) - (Middleland) Total user(2)
(2012: 3:16:12:42) - (Middleland) Total user(2)
(2012: 3:16:12:43) - (Middleland) Total user(2)
(2012: 3:16:12:44) - (Middleland) Total user(2)
(2012: 3:16:12:45) - (Middleland) Total user(2)
(2012: 3:16:12:46) - (Middleland) Total user(2)
(2012: 3:16:12:47) - (Middleland) Total user(2)
(2012: 3:16:12:48) - (Middleland) Total user(2)
(2012: 3:16:12:49) - (Middleland) Total user(2)
(2012: 3:16:12:50) - (Middleland) Total user(2)
(2012: 3:16:12:51) - (Middleland) Total user(2)
(2012: 3:16:12:52) - (Middleland) Total user(2)
(2012: 3:16:12:53) - (Middleland) Total user(2)
(2012: 3:16:12:54) - (Middleland) Total user(2)
(2012: 3:16:12:55) - (Middleland) Total user(2)
(2012: 3:16:12:56) - (Middleland) Total user(2)
(2012: 3:16:12:57) - (Middleland) Total user(2)
(2012: 3:16:12:58) - (Middleland) Total user(2)
(2012: 3:16:12:59) - (Middleland) Total user(2)
(2012: 3:16:13: 0) - (Middleland) Total user(2)
(2012: 3:16:13: 1) - (Middleland) Total user(2)
(2012: 3:16:13: 2) - (Middleland) Total user(2)
(2012: 3:16:13: 3) - (Middleland) Total user(2)
(2012: 3:16:13: 4) - (Middleland) Total user(2)
(2012: 3:16:13: 5) - (Middleland) Total user(2)
(2012: 3:16:13: 6) - (Middleland) Total user(2)
(2012: 3:16:13: 7) - (Middleland) Total user(2)
(2012: 3:16:13: 8) - (Middleland) Total user(2)
(2012: 3:16:13: 9) - (Middleland) Total user(2)
(2012: 3:16:13:10) - (Middleland) Total user(2)
(2012: 3:16:13:11) - (Middleland) Total user(2)
(2012: 3:16:13:12) - (Middleland) Total user(2)
(2012: 3:16:13:13) - (Middleland) Total user(2)
(2012: 3:16:13:14) - (Middleland) Total user(2)
(2012: 3:16:13:16) - (Middleland) Total user(2)
(2012: 3:16:13:17) - (Middleland) Total user(2)
(2012: 3:16:13:18) - (Middleland) Total user(2)
(2012: 3:16:13:19) - (Middleland) Total user(2)
(2012: 3:16:13:20) - (Middleland) Total user(2)
(2012: 3:16:13:21) - (Middleland) Total user(2)
(2012: 3:16:13:22) - (Middleland) Total user(2)
(2012: 3:16:13:23) - (Middleland) Total user(2)
(2012: 3:16:13:24) - (Middleland) Total user(2)
(2012: 3:16:13:25) - (Middleland) Total user(2)
(2012: 3:16:13:26) - (Middleland) Total user(2)
(2012: 3:16:13:27) - (Middleland) Total user(2)
(2012: 3:16:13:28) - (Middleland) Total user(2)
(2012: 3:16:13:29) - (Middleland) Total user(2)
(2012: 3:16:13:30) - (Middleland) Total user(2)
(2012: 3:16:13:31) - (Middleland) Total user(2)
(2012: 3:16:13:32) - (Middleland) Total user(2)
(2012: 3:16:13:33) - (Middleland) Total user(2)
(2012: 3:16:13:34) - (Middleland) Total user(2)
(2012: 3:16:13:35) - (Middleland) Total user(3)
(2012: 3:16:13:36) - (Middleland) Total user(3)
(2012: 3:16:13:37) - (Middleland) Total user(3)
(2012: 3:16:13:38) - (Middleland) Total user(3)
(2012: 3:16:13:39) - (Middleland) Total user(3)
(2012: 3:16:13:40) - (Middleland) Total user(3)
(2012: 3:16:13:41) - (Middleland) Total user(3)
(2012: 3:16:13:42) - (Middleland) Total user(3)
(2012: 3:16:13:43) - (Middleland) Total user(3)
(2012: 3:16:13:44) - (Middleland) Total user(3)
(2012: 3:16:13:45) - (Middleland) Total user(3)
(2012: 3:16:13:46) - (Middleland) Total user(2)
(2012: 3:16:13:47) - (Middleland) Total user(2)
(2012: 3:16:13:48) - (Middleland) Total user(2)
(2012: 3:16:13:49) - (Middleland) Total user(2)
(2012: 3:16:13:50) - (Middleland) Total user(2)
(2012: 3:16:13:51) - (Middleland) Total user(2)
(2012: 3:16:13:52) - (Middleland) Total user(2)
(2012: 3:16:13:53) - (Middleland) Total user(2)
(2012: 3:16:13:54) - (Middleland) Total user(2)
(2012: 3:16:13:55) - (Middleland) Total user(2)
(2012: 3:16:13:56) - (Middleland) Total user(2)
(2012: 3:16:13:57) - (Middleland) Total user(2)
(2012: 3:16:13:58) - (Middleland) Total user(2)
(2012: 3:16:13:59) - (Middleland) Total user(2)
(2012: 3:16:14: 0) - (Middleland) Total user(2)
(2012: 3:16:14: 1) - (Middleland) Total user(2)
(2012: 3:16:14: 2) - (Middleland) Total user(2)
(2012: 3:16:14: 3) - (Middleland) Total user(2)
(2012: 3:16:14: 4) - (Middleland) Total user(2)
(2012: 3:16:14: 5) - (Middleland) Total user(2)
(2012: 3:16:14: 6) - (Middleland) Total user(2)
(2012: 3:16:14: 7) - (Middleland) Total user(2)
(2012: 3:16:14: 8) - (Middleland) Total user(2)
(2012: 3:16:14: 9) - (Middleland) Total user(2)
(2012: 3:16:14:10) - (Middleland) Total user(3)
(2012: 3:16:14:11) - (Middleland) Total user(3)
(2012: 3:16:14:12) - (Middleland) Total user(3)
(2012: 3:16:14:13) - (Middleland) Total user(3)
(2012: 3:16:14:14) - (Middleland) Total user(3)
(2012: 3:16:14:16) - (Middleland) Total user(3)
(2012: 3:16:14:17) - (Middleland) Total user(3)
(2012: 3:16:14:18) - (Middleland) Total user(3)
(2012: 3:16:14:19) - (Middleland) Total user(3)
(2012: 3:16:14:20) - (Middleland) Total user(3)
(2012: 3:16:14:21) - (Middleland) Total user(3)
(2012: 3:16:14:22) - (Middleland) Total user(3)
(2012: 3:16:14:23) - (Middleland) Total user(3)
(2012: 3:16:14:24) - (Middleland) Total user(3)
(2012: 3:16:14:25) - (Middleland) Total user(3)
(2012: 3:16:14:26) - (Middleland) Total user(3)
(2012: 3:16:14:27) - (Middleland) Total user(3)
(2012: 3:16:14:28) - (Middleland) Total user(3)
(2012: 3:16:14:29) - (Middleland) Total user(3)
(2012: 3:16:14:30) - (Middleland) Total user(3)
(2012: 3:16:14:31) - (Middleland) Total user(4)
(2012: 3:16:14:32) - (Middleland) Total user(4)
(2012: 3:16:14:33) - (Middleland) Total user(3)
(2012: 3:16:14:34) - (Middleland) Total user(5)
(2012: 3:16:14:35) - (Middleland) Total user(5)
(2012: 3:16:14:36) - (Middleland) Total user(5)
(2012: 3:16:14:37) - (Middleland) Total user(5)
(2012: 3:16:14:38) - (Middleland) Total user(5)
(2012: 3:16:14:39) - (Middleland) Total user(5)
(2012: 3:16:14:40) - (Middleland) Total user(5)
(2012: 3:16:14:41) - (Middleland) Total user(5)
(2012: 3:16:14:42) - (Middleland) Total user(5)
(2012: 3:16:14:43) - (Middleland) Total user(5)
(2012: 3:16:14:44) - (Middleland) Total user(5)
(2012: 3:16:14:45) - (Middleland) Total user(5)
(2012: 3:16:14:46) - (Middleland) Total user(5)
(2012: 3:16:14:47) - (Middleland) Total user(5)
(2012: 3:16:14:48) - (Middleland) Total user(5)
(2012: 3:16:14:49) - (Middleland) Total user(5)
(2012: 3:16:14:50) - (Middleland) Total user(5)
(2012: 3:16:14:51) - (Middleland) Total user(5)
(2012: 3:16:14:52) - (Middleland) Total user(5)
(2012: 3:16:14:53) - (Middleland) Total user(5)
(2012: 3:16:14:54) - (Middleland) Total user(5)
(2012: 3:16:14:55) - (Middleland) Total user(5)
(2012: 3:16:14:56) - (Middleland) Total user(5)
(2012: 3:16:14:57) - (Middleland) Total user(5)
(2012: 3:16:14:58) - (Middleland) Total user(5)
(2012: 3:16:14:59) - (Middleland) Total user(5)
(2012: 3:16:15: 0) - (Middleland) Total user(5)
(2012: 3:16:15: 1) - (Middleland) Total user(5)
(2012: 3:16:15: 2) - (Middleland) Total user(5)
(2012: 3:16:15: 3) - (Middleland) Total user(5)
(2012: 3:16:15: 4) - (Middleland) Total user(5)
(2012: 3:16:15: 5) - (Middleland) Total user(6)
(2012: 3:16:15: 6) - (Middleland) Total user(6)
(2012: 3:16:15: 7) - (Middleland) Total user(6)
(2012: 3:16:15: 8) - (Middleland) Total user(6)
(2012: 3:16:15: 9) - (Middleland) Total user(6)
(2012: 3:16:15:10) - (Middleland) Total user(6)
(2012: 3:16:15:11) - (Middleland) Total user(7)
(2012: 3:16:15:12) - (Middleland) Total user(7)
(2012: 3:16:15:13) - (Middleland) Total user(7)
(2012: 3:16:15:14) - (Middleland) Total user(7)
(2012: 3:16:15:15) - (Middleland) Total user(7)
(2012: 3:16:15:17) - (Middleland) Total user(7)
(2012: 3:16:15:18) - (Middleland) Total user(7)
(2012: 3:16:15:19) - (Middleland) Total user(6)
(2012: 3:16:15:20) - (Middleland) Total user(6)
(2012: 3:16:15:21) - (Middleland) Total user(6)
(2012: 3:16:15:22) - (Middleland) Total user(7)
(2012: 3:16:15:23) - (Middleland) Total user(7)
(2012: 3:16:15:24) - (Middleland) Total user(7)
(2012: 3:16:15:25) - (Middleland) Total user(7)
(2012: 3:16:15:26) - (Middleland) Total user(7)
(2012: 3:16:15:27) - (Middleland) Total user(7)
(2012: 3:16:15:28) - (Middleland) Total user(6)
(2012: 3:16:15:29) - (Middleland) Total user(5)
(2012: 3:16:15:30) - (Middleland) Total user(6)
(2012: 3:16:15:31) - (Middleland) Total user(7)
(2012: 3:16:15:32) - (Middleland) Total user(7)
(2012: 3:16:15:33) - (Middleland) Total user(7)
(2012: 3:16:15:34) - (Middleland) Total user(7)
(2012: 3:16:15:35) - (Middleland) Total user(7)
(2012: 3:16:15:36) - (Middleland) Total user(7)
(2012: 3:16:15:37) - (Middleland) Total user(6)
(2012: 3:16:15:38) - (Middleland) Total user(6)
(2012: 3:16:15:39) - (Middleland) Total user(6)
(2012: 3:16:15:40) - (Middleland) Total user(6)
(2012: 3:16:15:41) - (Middleland) Total user(6)
(2012: 3:16:15:42) - (Middleland) Total user(8)
(2012: 3:16:15:43) - (Middleland) Total user(8)
(2012: 3:16:15:44) - (Middleland) Total user(8)
(2012: 3:16:15:45) - (Middleland) Total user(8)
(2012: 3:16:15:46) - (Middleland) Total user(7)
(2012: 3:16:15:47) - (Middleland) Total user(8)
(2012: 3:16:15:48) - (Middleland) Total user(8)
(2012: 3:16:15:49) - (Middleland) Total user(8)
(2012: 3:16:15:50) - (Middleland) Total user(8)
(2012: 3:16:15:51) - (Middleland) Total user(8)
(2012: 3:16:15:52) - (Middleland) Total user(8)
(2012: 3:16:15:53) - (Middleland) Total user(8)
(2012: 3:16:15:54) - (Middleland) Total user(8)
(2012: 3:16:15:55) - (Middleland) Total user(8)
(2012: 3:16:15:56) - (Middleland) Total user(8)
(2012: 3:16:15:57) - (Middleland) Total user(8)
(2012: 3:16:15:58) - (Middleland) Total user(8)
(2012: 3:16:15:59) - (Middleland) Total user(8)
(2012: 3:16:16: 0) - (Middleland) Total user(8)
(2012: 3:16:16: 1) - (Middleland) Total user(8)
(2012: 3:16:16: 2) - (Middleland) Total user(8)
(2012: 3:16:16: 3) - (Middleland) Total user(8)
(2012: 3:16:16: 4) - (Middleland) Total user(8)
(2012: 3:16:16: 5) - (Middleland) Total user(8)
(2012: 3:16:16: 6) - (Middleland) Total user(8)
(2012: 3:16:16: 7) - (Middleland) Total user(7)
(2012: 3:16:16: 8) - (Middleland) Total user(6)
(2012: 3:16:16: 9) - (Middleland) Total user(7)
(2012: 3:16:16:10) - (Middleland) Total user(7)
(2012: 3:16:16:11) - (Middleland) Total user(7)
(2012: 3:16:16:12) - (Middleland) Total user(7)
(2012: 3:16:16:13) - (Middleland) Total user(6)
(2012: 3:16:16:14) - (Middleland) Total user(5)
(2012: 3:16:16:15) - (Middleland) Total user(5)
(2012: 3:16:16:16) - (Middleland) Total user(5)
(2012: 3:16:16:18) - (Middleland) Total user(5)
(2012: 3:16:16:19) - (Middleland) Total user(5)
(2012: 3:16:16:20) - (Middleland) Total user(5)
(2012: 3:16:16:21) - (Middleland) Total user(5)
(2012: 3:16:16:22) - (Middleland) Total user(5)
(2012: 3:16:16:23) - (Middleland) Total user(5)
(2012: 3:16:16:24) - (Middleland) Total user(5)
(2012: 3:16:16:25) - (Middleland) Total user(5)
(2012: 3:16:16:26) - (Middleland) Total user(5)
(2012: 3:16:16:27) - (Middleland) Total user(5)
(2012: 3:16:16:28) - (Middleland) Total user(5)
(2012: 3:16:16:29) - (Middleland) Total user(5)
(2012: 3:16:16:30) - (Middleland) Total user(5)
(2012: 3:16:16:31) - (Middleland) Total user(5)
(2012: 3:16:16:32) - (Middleland) Total user(5)
(2012: 3:16:16:33) - (Middleland) Total user(5)
(2012: 3:16:16:34) - (Middleland) Total user(5)
(2012: 3:16:16:35) - (Middleland) Total user(5)
(2012: 3:16:16:36) - (Middleland) Total user(6)
(2012: 3:16:16:37) - (Middleland) Total user(6)
(2012: 3:16:16:38) - (Middleland) Total user(6)
(2012: 3:16:16:39) - (Middleland) Total user(6)
(2012: 3:16:16:40) - (Middleland) Total user(6)
(2012: 3:16:16:41) - (Middleland) Total user(6)
(2012: 3:16:16:42) - (Middleland) Total user(6)
(2012: 3:16:16:43) - (Middleland) Total user(6)
(2012: 3:16:16:44) - (Middleland) Total user(6)
(2012: 3:16:16:45) - (Middleland) Total user(6)
(2012: 3:16:16:46) - (Middleland) Total user(6)
(2012: 3:16:16:47) - (Middleland) Total user(6)
(2012: 3:16:16:48) - (Middleland) Total user(6)
(2012: 3:16:16:49) - (Middleland) Total user(6)
(2012: 3:16:16:50) - (Middleland) Total user(6)
(2012: 3:16:16:51) - (Middleland) Total user(6)
(2012: 3:16:16:52) - (Middleland) Total user(5)
(2012: 3:16:16:53) - (Middleland) Total user(6)
(2012: 3:16:16:54) - (Middleland) Total user(6)
(2012: 3:16:16:55) - (Middleland) Total user(6)
(2012: 3:16:16:56) - (Middleland) Total user(6)
(2012: 3:16:16:57) - (Middleland) Total user(6)
(2012: 3:16:16:58) - (Middleland) Total user(6)
(2012: 3:16:16:59) - (Middleland) Total user(6)
(2012: 3:16:17: 0) - (Middleland) Total user(6)
(2012: 3:16:17: 1) - (Middleland) Total user(3)
(2012: 3:16:17: 2) - (Middleland) Total user(3)
(2012: 3:16:17: 3) - (Middleland) Total user(3)
(2012: 3:16:17: 4) - (Middleland) Total user(3)
(2012: 3:16:17: 5) - (Middleland) Total user(3)
(2012: 3:16:17: 6) - (Middleland) Total user(3)
(2012: 3:16:17: 7) - (Middleland) Total user(3)
(2012: 3:16:17: 8) - (Middleland) Total user(3)
(2012: 3:16:17: 9) - (Middleland) Total user(3)
(2012: 3:16:17:10) - (Middleland) Total user(3)
(2012: 3:16:17:11) - (Middleland) Total user(3)
(2012: 3:16:17:12) - (Middleland) Total user(2)
(2012: 3:16:17:13) - (Middleland) Total user(2)
(2012: 3:16:17:14) - (Middleland) Total user(2)
(2012: 3:16:17:15) - (Middleland) Total user(2)
(2012: 3:16:17:16) - (Middleland) Total user(2)
(2012: 3:16:17:18) - (Middleland) Total user(2)
(2012: 3:16:17:19) - (Middleland) Total user(2)
(2012: 3:16:17:20) - (Middleland) Total user(2)
(2012: 3:16:17:21) - (Middleland) Total user(2)
(2012: 3:16:17:22) - (Middleland) Total user(2)
(2012: 3:16:17:23) - (Middleland) Total user(2)
(2012: 3:16:17:24) - (Middleland) Total user(2)
(2012: 3:16:17:25) - (Middleland) Total user(2)
(2012: 3:16:17:26) - (Middleland) Total user(2)
(2012: 3:16:17:27) - (Middleland) Total user(2)
(2012: 3:16:17:28) - (Middleland) Total user(2)
(2012: 3:16:17:29) - (Middleland) Total user(2)
(2012: 3:16:17:30) - (Middleland) Total user(2)
(2012: 3:16:17:31) - (Middleland) Total user(2)
(2012: 3:16:17:32) - (Middleland) Total user(1)
(2012: 3:16:17:33) - (Middleland) Total user(1)
(2012: 3:16:17:34) - (Middleland) Total user(1)
(2012: 3:16:17:35) - (Middleland) Total user(1)
(2012: 3:16:17:36) - (Middleland) Total user(1)
(2012: 3:16:17:37) - (Middleland) Total user(1)
(2012: 3:16:17:38) - (Middleland) Total user(1)
(2012: 3:16:17:39) - (Middleland) Total user(1)
(2012: 3:16:17:40) - (Middleland) Total user(1)
(2012: 3:16:17:41) - (Middleland) Total user(2)
(2012: 3:16:17:42) - (Middleland) Total user(2)
(2012: 3:16:17:43) - (Middleland) Total user(2)
(2012: 3:16:17:44) - (Middleland) Total user(2)
(2012: 3:16:17:45) - (Middleland) Total user(2)
(2012: 3:16:17:46) - (Middleland) Total user(2)
(2012: 3:16:17:47) - (Middleland) Total user(2)
(2012: 3:16:17:48) - (Middleland) Total user(2)
(2012: 3:16:17:49) - (Middleland) Total user(2)
(2012: 3:16:17:50) - (Middleland) Total user(1)
(2012: 3:16:17:51) - (Middleland) Total user(1)
(2012: 3:16:17:52) - (Middleland) Total user(1)
(2012: 3:16:17:53) - (Middleland) Total user(1)
(2012: 3:16:17:54) - (Middleland) Total user(1)
(2012: 3:16:17:55) - (Middleland) Total user(1)
(2012: 3:16:17:56) - (Middleland) Total user(1)
(2012: 3:16:17:57) - (Middleland) Total user(1)
(2012: 3:16:17:58) - (Middleland) Total user(1)
(2012: 3:16:17:59) - (Middleland) Total user(1)
(2012: 3:16:18: 0) - (Middleland) Total user(1)
(2012: 3:16:18: 1) - (Middleland) Total user(1)
(2012: 3:16:18: 2) - (Middleland) Total user(1)
(2012: 3:16:18: 3) - (Middleland) Total user(2)
(2012: 3:16:18: 4) - (Middleland) Total user(2)
(2012: 3:16:18: 5) - (Middleland) Total user(2)
(2012: 3:16:18: 6) - (Middleland) Total user(2)
(2012: 3:16:18: 7) - (Middleland) Total user(2)
(2012: 3:16:18: 8) - (Middleland) Total user(2)
(2012: 3:16:18: 9) - (Middleland) Total user(2)
(2012: 3:16:18:10) - (Middleland) Total user(2)
(2012: 3:16:18:11) - (Middleland) Total user(2)
(2012: 3:16:18:12) - (Middleland) Total user(2)
(2012: 3:16:18:13) - (Middleland) Total user(2)
(2012: 3:16:18:14) - (Middleland) Total user(2)
(2012: 3:16:18:15) - (Middleland) Total user(2)
(2012: 3:16:18:16) - (Middleland) Total user(2)
(2012: 3:16:18:17) - (Middleland) Total user(2)
(2012: 3:16:18:19) - (Middleland) Total user(2)
(2012: 3:16:18:20) - (Middleland) Total user(2)
(2012: 3:16:18:21) - (Middleland) Total user(2)
(2012: 3:16:18:22) - (Middleland) Total user(2)
(2012: 3:16:18:23) - (Middleland) Total user(2)
(2012: 3:16:18:24) - (Middleland) Total user(2)
(2012: 3:16:18:25) - (Middleland) Total user(2)
(2012: 3:16:18:26) - (Middleland) Total user(2)
(2012: 3:16:18:27) - (Middleland) Total user(2)
(2012: 3:16:18:28) - (Middleland) Total user(2)
(2012: 3:16:18:29) - (Middleland) Total user(2)
(2012: 3:16:18:30) - (Middleland) Total user(1)
(2012: 3:16:18:31) - (Middleland) Total user(1)
(2012: 3:16:18:32) - (Middleland) Total user(1)
(2012: 3:16:18:33) - (Middleland) Total user(1)
(2012: 3:16:18:34) - (Middleland) Total user(1)
(2012: 3:16:18:35) - (Middleland) Total user(1)
(2012: 3:16:18:36) - (Middleland) Total user(1)
(2012: 3:16:18:37) - (Middleland) Total user(1)
(2012: 3:16:18:38) - (Middleland) Total user(1)
(2012: 3:16:18:39) - (Middleland) Total user(1)
(2012: 3:16:18:40) - (Middleland) Total user(1)
(2012: 3:16:18:41) - (Middleland) Total user(1)
(2012: 3:16:18:42) - (Middleland) Total user(1)
(2012: 3:16:18:43) - (Middleland) Total user(1)
(2012: 3:16:18:44) - (Middleland) Total user(1)
(2012: 3:16:18:45) - (Middleland) Total user(1)
(2012: 3:16:18:46) - (Middleland) Total user(1)
(2012: 3:16:18:47) - (Middleland) Total user(1)
(2012: 3:16:18:48) - (Middleland) Total user(1)
(2012: 3:16:18:49) - (Middleland) Total user(1)
(2012: 3:16:18:50) - (Middleland) Total user(1)
(2012: 3:16:18:51) - (Middleland) Total user(1)
(2012: 3:16:18:52) - (Middleland) Total user(1)
(2012: 3:16:18:53) - (Middleland) Total user(1)
(2012: 3:16:18:54) - (Middleland) Total user(1)
(2012: 3:16:18:55) - (Middleland) Total user(1)
(2012: 3:16:18:56) - (Middleland) Total user(1)
(2012: 3:16:18:57) - (Middleland) Total user(1)
(2012: 3:16:18:58) - (Middleland) Total user(1)
(2012: 3:16:18:59) - (Middleland) Total user(1)
(2012: 3:16:19: 0) - (Middleland) Total user(1)
(2012: 3:16:19: 1) - (Middleland) Total user(1)
(2012: 3:16:19: 2) - (Middleland) Total user(1)
(2012: 3:16:19: 3) - (Middleland) Total user(1)
(2012: 3:16:19: 4) - (Middleland) Total user(1)
(2012: 3:16:19: 5) - (Middleland) Total user(1)
(2012: 3:16:19: 6) - (Middleland) Total user(1)
(2012: 3:16:19: 7) - (Middleland) Total user(1)
(2012: 3:16:19: 8) - (Middleland) Total user(1)
(2012: 3:16:19: 9) - (Middleland) Total user(1)
(2012: 3:16:19:10) - (Middleland) Total user(1)
(2012: 3:16:19:11) - (Middleland) Total user(1)
(2012: 3:16:19:12) - (Middleland) Total user(1)
(2012: 3:16:19:13) - (Middleland) Total user(1)
(2012: 3:16:19:14) - (Middleland) Total user(1)
(2012: 3:16:19:15) - (Middleland) Total user(1)
(2012: 3:16:19:16) - (Middleland) Total user(2)
(2012: 3:16:19:17) - (Middleland) Total user(3)
(2012: 3:16:19:18) - (Middleland) Total user(1)
(2012: 3:16:19:20) - (Middleland) Total user(1)
(2012: 3:16:19:21) - (Middleland) Total user(2)
(2012: 3:16:19:22) - (Middleland) Total user(3)
(2012: 3:16:19:23) - (Middleland) Total user(3)
(2012: 3:16:19:24) - (Middleland) Total user(4)
(2012: 3:16:19:25) - (Middleland) Total user(4)
(2012: 3:16:19:26) - (Middleland) Total user(4)
(2012: 3:16:19:27) - (Middleland) Total user(4)
(2012: 3:16:19:28) - (Middleland) Total user(4)
(2012: 3:16:19:29) - (Middleland) Total user(4)
(2012: 3:16:19:30) - (Middleland) Total user(4)
(2012: 3:16:19:31) - (Middleland) Total user(4)
(2012: 3:16:19:32) - (Middleland) Total user(4)
(2012: 3:16:19:33) - (Middleland) Total user(4)
(2012: 3:16:19:34) - (Middleland) Total user(4)
(2012: 3:16:19:35) - (Middleland) Total user(4)
(2012: 3:16:19:36) - (Middleland) Total user(4)
(2012: 3:16:19:37) - (Middleland) Total user(4)
(2012: 3:16:19:38) - (Middleland) Total user(4)
(2012: 3:16:19:39) - (Middleland) Total user(4)
(2012: 3:16:19:40) - (Middleland) Total user(4)
(2012: 3:16:19:41) - (Middleland) Total user(4)
(2012: 3:16:19:42) - (Middleland) Total user(4)
(2012: 3:16:19:43) - (Middleland) Total user(4)
(2012: 3:16:19:44) - (Middleland) Total user(3)
(2012: 3:16:19:45) - (Middleland) Total user(3)
(2012: 3:16:19:46) - (Middleland) Total user(2)
(2012: 3:16:19:47) - (Middleland) Total user(2)
(2012: 3:16:19:48) - (Middleland) Total user(2)
(2012: 3:16:19:49) - (Middleland) Total user(2)
(2012: 3:16:19:50) - (Middleland) Total user(2)
(2012: 3:16:19:51) - (Middleland) Total user(2)
(2012: 3:16:19:52) - (Middleland) Total user(2)
(2012: 3:16:19:53) - (Middleland) Total user(2)
(2012: 3:16:19:54) - (Middleland) Total user(2)
(2012: 3:16:19:55) - (Middleland) Total user(2)
(2012: 3:16:19:56) - (Middleland) Total user(2)
(2012: 3:16:19:57) - (Middleland) Total user(2)
(2012: 3:16:19:58) - (Middleland) Total user(2)
(2012: 3:16:19:59) - (Middleland) Total user(2)
(2012: 3:16:20: 0) - (Middleland) Total user(2)
(2012: 3:16:20: 1) - (Middleland) Total user(2)
(2012: 3:16:20: 2) - (Middleland) Total user(2)
(2012: 3:16:20: 3) - (Middleland) Total user(2)
(2012: 3:16:20: 4) - (Middleland) Total user(2)
(2012: 3:16:20: 5) - (Middleland) Total user(2)
(2012: 3:16:20: 6) - (Middleland) Total user(2)
(2012: 3:16:20: 7) - (Middleland) Total user(1)
(2012: 3:16:20: 8) - (Middleland) Total user(2)
(2012: 3:16:20: 9) - (Middleland) Total user(2)
(2012: 3:16:20:10) - (Middleland) Total user(2)
(2012: 3:16:20:11) - (Middleland) Total user(2)
(2012: 3:16:20:12) - (Middleland) Total user(2)
(2012: 3:16:20:13) - (Middleland) Total user(2)
(2012: 3:16:20:14) - (Middleland) Total user(3)
(2012: 3:16:20:15) - (Middleland) Total user(2)
(2012: 3:16:20:16) - (Middleland) Total user(2)
(2012: 3:16:20:17) - (Middleland) Total user(2)
(2012: 3:16:20:18) - (Middleland) Total user(2)
(2012: 3:16:20:19) - (Middleland) Total user(2)
(2012: 3:16:20:21) - (Middleland) Total user(2)
(2012: 3:16:20:22) - (Middleland) Total user(2)
(2012: 3:16:20:23) - (Middleland) Total user(2)
(2012: 3:16:20:24) - (Middleland) Total user(2)
(2012: 3:16:20:25) - (Middleland) Total user(2)
(2012: 3:16:20:26) - (Middleland) Total user(2)
(2012: 3:16:20:27) - (Middleland) Total user(2)
(2012: 3:16:20:28) - (Middleland) Total user(2)
(2012: 3:16:20:29) - (Middleland) Total user(2)
(2012: 3:16:20:30) - (Middleland) Total user(3)
(2012: 3:16:20:31) - (Middleland) Total user(3)
(2012: 3:16:20:32) - (Middleland) Total user(3)
(2012: 3:16:20:33) - (Middleland) Total user(3)
(2012: 3:16:20:34) - (Middleland) Total user(3)
(2012: 3:16:20:35) - (Middleland) Total user(3)
(2012: 3:16:20:36) - (Middleland) Total user(3)
(2012: 3:16:20:37) - (Middleland) Total user(3)
(2012: 3:16:20:38) - (Middleland) Total user(3)
(2012: 3:16:20:39) - (Middleland) Total user(3)
(2012: 3:16:20:40) - (Middleland) Total user(3)
(2012: 3:16:20:41) - (Middleland) Total user(3)
(2012: 3:16:20:42) - (Middleland) Total user(3)
(2012: 3:16:20:43) - (Middleland) Total user(4)
(2012: 3:16:20:44) - (Middleland) Total user(3)
(2012: 3:16:20:45) - (Middleland) Total user(3)
(2012: 3:16:20:46) - (Middleland) Total user(3)
(2012: 3:16:20:47) - (Middleland) Total user(3)
(2012: 3:16:20:48) - (Middleland) Total user(3)
(2012: 3:16:20:49) - (Middleland) Total user(3)
(2012: 3:16:20:50) - (Middleland) Total user(3)
(2012: 3:16:20:51) - (Middleland) Total user(4)
(2012: 3:16:20:52) - (Middleland) Total user(4)
(2012: 3:16:20:53) - (Middleland) Total user(2)
(2012: 3:16:20:54) - (Middleland) Total user(2)
(2012: 3:16:20:55) - (Middleland) Total user(2)
(2012: 3:16:20:56) - (Middleland) Total user(2)
(2012: 3:16:20:57) - (Middleland) Total user(2)
(2012: 3:16:20:58) - (Middleland) Total user(2)
(2012: 3:16:20:59) - (Middleland) Total user(2)
(2012: 3:16:21: 0) - (Middleland) Total user(2)
(2012: 3:16:21: 1) - (Middleland) Total user(2)
(2012: 3:16:21: 2) - (Middleland) Total user(2)
(2012: 3:16:21: 3) - (Middleland) Total user(2)
(2012: 3:16:21: 4) - (Middleland) Total user(3)
(2012: 3:16:21: 5) - (Middleland) Total user(3)
(2012: 3:16:21: 6) - (Middleland) Total user(2)
(2012: 3:16:21: 7) - (Middleland) Total user(2)
(2012: 3:16:21: 8) - (Middleland) Total user(2)
(2012: 3:16:21: 9) - (Middleland) Total user(2)
(2012: 3:16:21:10) - (Middleland) Total user(2)
(2012: 3:16:21:11) - (Middleland) Total user(2)
(2012: 3:16:21:12) - (Middleland) Total user(2)
(2012: 3:16:21:13) - (Middleland) Total user(2)
(2012: 3:16:21:14) - (Middleland) Total user(2)
(2012: 3:16:21:15) - (Middleland) Total user(2)
(2012: 3:16:21:16) - (Middleland) Total user(2)
(2012: 3:16:21:17) - (Middleland) Total user(2)
(2012: 3:16:21:18) - (Middleland) Total user(2)
(2012: 3:16:21:19) - (Middleland) Total user(2)
(2012: 3:16:21:21) - (Middleland) Total user(2)
(2012: 3:16:21:22) - (Middleland) Total user(2)
(2012: 3:16:21:23) - (Middleland) Total user(2)
(2012: 3:16:21:24) - (Middleland) Total user(2)
(2012: 3:16:21:25) - (Middleland) Total user(2)
(2012: 3:16:21:26) - (Middleland) Total user(2)
(2012: 3:16:21:27) - (Middleland) Total user(2)
(2012: 3:16:21:28) - (Middleland) Total user(2)
(2012: 3:16:21:29) - (Middleland) Total user(2)
(2012: 3:16:21:30) - (Middleland) Total user(2)
(2012: 3:16:21:31) - (Middleland) Total user(2)
(2012: 3:16:21:32) - (Middleland) Total user(2)
(2012: 3:16:21:33) - (Middleland) Total user(2)
(2012: 3:16:21:34) - (Middleland) Total user(2)
(2012: 3:16:21:35) - (Middleland) Total user(2)
(2012: 3:16:21:36) - (Middleland) Total user(2)
(2012: 3:16:21:37) - (Middleland) Total user(2)
(2012: 3:16:21:38) - (Middleland) Total user(2)
(2012: 3:16:21:39) - (Middleland) Total user(3)
(2012: 3:16:21:40) - (Middleland) Total user(3)
(2012: 3:16:21:41) - (Middleland) Total user(3)
(2012: 3:16:21:42) - (Middleland) Total user(3)
(2012: 3:16:21:43) - (Middleland) Total user(3)
(2012: 3:16:21:44) - (Middleland) Total user(4)
(2012: 3:16:21:45) - (Middleland) Total user(4)
(2012: 3:16:21:46) - (Middleland) Total user(4)
(2012: 3:16:21:47) - (Middleland) Total user(4)
(2012: 3:16:21:48) - (Middleland) Total user(5)
(2012: 3:16:21:49) - (Middleland) Total user(5)
(2012: 3:16:21:50) - (Middleland) Total user(5)
(2012: 3:16:21:51) - (Middleland) Total user(5)
(2012: 3:16:21:52) - (Middleland) Total user(5)
(2012: 3:16:21:53) - (Middleland) Total user(5)
(2012: 3:16:21:54) - (Middleland) Total user(5)
(2012: 3:16:21:55) - (Middleland) Total user(4)
(2012: 3:16:21:56) - (Middleland) Total user(4)
(2012: 3:16:21:57) - (Middleland) Total user(4)
(2012: 3:16:21:58) - (Middleland) Total user(4)
(2012: 3:16:21:59) - (Middleland) Total user(4)
(2012: 3:16:22: 0) - (Middleland) Total user(4)
(2012: 3:16:22: 1) - (Middleland) Total user(4)
(2012: 3:16:22: 2) - (Middleland) Total user(6)
(2012: 3:16:22: 3) - (Middleland) Total user(5)
(2012: 3:16:22: 4) - (Middleland) Total user(5)
(2012: 3:16:22: 5) - (Middleland) Total user(5)
(2012: 3:16:22: 6) - (Middleland) Total user(5)
(2012: 3:16:22: 7) - (Middleland) Total user(6)
(2012: 3:16:22: 8) - (Middleland) Total user(6)
(2012: 3:16:22: 9) - (Middleland) Total user(6)
(2012: 3:16:22:10) - (Middleland) Total user(6)
(2012: 3:16:22:11) - (Middleland) Total user(6)
(2012: 3:16:22:12) - (Middleland) Total user(6)
(2012: 3:16:22:13) - (Middleland) Total user(6)
(2012: 3:16:22:14) - (Middleland) Total user(6)
(2012: 3:16:22:15) - (Middleland) Total user(6)
(2012: 3:16:22:16) - (Middleland) Total user(6)
(2012: 3:16:22:17) - (Middleland) Total user(6)
(2012: 3:16:22:18) - (Middleland) Total user(6)
(2012: 3:16:22:19) - (Middleland) Total user(6)
(2012: 3:16:22:20) - (Middleland) Total user(6)
(2012: 3:16:22:22) - (Middleland) Total user(6)
(2012: 3:16:22:23) - (Middleland) Total user(6)
(2012: 3:16:22:24) - (Middleland) Total user(5)
(2012: 3:16:22:25) - (Middleland) Total user(5)
(2012: 3:16:22:26) - (Middleland) Total user(5)
(2012: 3:16:22:27) - (Middleland) Total user(5)
(2012: 3:16:22:28) - (Middleland) Total user(5)
(2012: 3:16:22:29) - (Middleland) Total user(4)
(2012: 3:16:22:30) - (Middleland) Total user(4)
(2012: 3:16:22:31) - (Middleland) Total user(4)
(2012: 3:16:22:32) - (Middleland) Total user(3)
(2012: 3:16:22:33) - (Middleland) Total user(3)
(2012: 3:16:22:34) - (Middleland) Total user(3)
(2012: 3:16:22:35) - (Middleland) Total user(3)
(2012: 3:16:22:36) - (Middleland) Total user(3)
(2012: 3:16:22:37) - (Middleland) Total user(3)
(2012: 3:16:22:38) - (Middleland) Total user(3)
(2012: 3:16:22:39) - (Middleland) Total user(3)
(2012: 3:16:22:40) - (Middleland) Total user(3)
(2012: 3:16:22:41) - (Middleland) Total user(3)
(2012: 3:16:22:42) - (Middleland) Total user(3)
(2012: 3:16:22:43) - (Middleland) Total user(4)
(2012: 3:16:22:44) - (Middleland) Total user(3)
(2012: 3:16:22:45) - (Middleland) Total user(3)
(2012: 3:16:22:46) - (Middleland) Total user(3)
(2012: 3:16:22:47) - (Middleland) Total user(3)
(2012: 3:16:22:48) - (Middleland) Total user(3)
(2012: 3:16:22:49) - (Middleland) Total user(3)
(2012: 3:16:22:50) - (Middleland) Total user(3)
(2012: 3:16:22:51) - (Middleland) Total user(3)
(2012: 3:16:22:52) - (Middleland) Total user(3)
(2012: 3:16:22:53) - (Middleland) Total user(4)
(2012: 3:16:22:54) - (Middleland) Total user(3)
(2012: 3:16:22:55) - (Middleland) Total user(3)
(2012: 3:16:22:56) - (Middleland) Total user(3)
(2012: 3:16:22:57) - (Middleland) Total user(3)
(2012: 3:16:22:58) - (Middleland) Total user(3)
(2012: 3:16:22:59) - (Middleland) Total user(3)
(2012: 3:16:23: 0) - (Middleland) Total user(3)
(2012: 3:16:23: 1) - (Middleland) Total user(3)
(2012: 3:16:23: 2) - (Middleland) Total user(3)
(2012: 3:16:23: 3) - (Middleland) Total user(3)
(2012: 3:16:23: 4) - (Middleland) Total user(3)
(2012: 3:16:23: 5) - (Middleland) Total user(3)
(2012: 3:16:23: 6) - (Middleland) Total user(3)
(2012: 3:16:23: 7) - (Middleland) Total user(3)
(2012: 3:16:23: 8) - (Middleland) Total user(3)
(2012: 3:16:23: 9) - (Middleland) Total user(3)
(2012: 3:16:23:10) - (Middleland) Total user(3)
(2012: 3:16:23:11) - (Middleland) Total user(3)
(2012: 3:16:23:12) - (Middleland) Total user(3)
(2012: 3:16:23:13) - (Middleland) Total user(3)
(2012: 3:16:23:14) - (Middleland) Total user(3)
(2012: 3:16:23:15) - (Middleland) Total user(3)
(2012: 3:16:23:16) - (Middleland) Total user(3)
(2012: 3:16:23:17) - (Middleland) Total user(3)
(2012: 3:16:23:18) - (Middleland) Total user(3)
(2012: 3:16:23:19) - (Middleland) Total user(3)
(2012: 3:16:23:20) - (Middleland) Total user(3)
(2012: 3:16:23:21) - (Middleland) Total user(3)
(2012: 3:16:23:23) - (Middleland) Total user(3)
(2012: 3:16:23:24) - (Middleland) Total user(3)
(2012: 3:16:23:25) - (Middleland) Total user(3)
(2012: 3:16:23:26) - (Middleland) Total user(3)
(2012: 3:16:23:27) - (Middleland) Total user(3)
(2012: 3:16:23:28) - (Middleland) Total user(3)
(2012: 3:16:23:29) - (Middleland) Total user(3)
(2012: 3:16:23:30) - (Middleland) Total user(3)
(2012: 3:16:23:31) - (Middleland) Total user(3)
(2012: 3:16:23:32) - (Middleland) Total user(3)
(2012: 3:16:23:33) - (Middleland) Total user(3)
(2012: 3:16:23:34) - (Middleland) Total user(3)
(2012: 3:16:23:35) - (Middleland) Total user(3)
(2012: 3:16:23:36) - (Middleland) Total user(3)
(2012: 3:16:23:37) - (Middleland) Total user(3)
(2012: 3:16:23:38) - (Middleland) Total user(3)
(2012: 3:16:23:39) - (Middleland) Total user(3)
(2012: 3:16:23:40) - (Middleland) Total user(3)
(2012: 3:16:23:41) - (Middleland) Total user(3)
(2012: 3:16:23:42) - (Middleland) Total user(3)
(2012: 3:16:23:43) - (Middleland) Total user(3)
(2012: 3:16:23:44) - (Middleland) Total user(2)
(2012: 3:16:23:45) - (Middleland) Total user(2)
(2012: 3:16:23:46) - (Middleland) Total user(2)
(2012: 3:16:23:47) - (Middleland) Total user(2)
(2012: 3:16:23:48) - (Middleland) Total user(2)
(2012: 3:16:23:49) - (Middleland) Total user(2)
(2012: 3:16:23:50) - (Middleland) Total user(2)
(2012: 3:16:23:51) - (Middleland) Total user(2)
(2012: 3:16:23:52) - (Middleland) Total user(2)
(2012: 3:16:23:53) - (Middleland) Total user(2)
(2012: 3:16:23:54) - (Middleland) Total user(2)
(2012: 3:16:23:55) - (Middleland) Total user(2)
(2012: 3:16:23:56) - (Middleland) Total user(2)
(2012: 3:16:23:57) - (Middleland) Total user(2)
(2012: 3:16:23:58) - (Middleland) Total user(2)
(2012: 3:16:23:59) - (Middleland) Total user(2)
