(2012: 3: 5: 0: 0) - (Middleland) Total user(3)
(2012: 3: 5: 0: 1) - (Middleland) Total user(4)
(2012: 3: 5: 0: 2) - (Middleland) Total user(5)
(2012: 3: 5: 0: 3) - (Middleland) Total user(5)
(2012: 3: 5: 0: 4) - (Middleland) Total user(5)
(2012: 3: 5: 0: 5) - (Middleland) Total user(5)
(2012: 3: 5: 0: 6) - (Middleland) Total user(5)
(2012: 3: 5: 0: 7) - (Middleland) Total user(5)
(2012: 3: 5: 0: 8) - (Middleland) Total user(5)
(2012: 3: 5: 0: 9) - (Middleland) Total user(5)
(2012: 3: 5: 0:10) - (Middleland) Total user(5)
(2012: 3: 5: 0:12) - (Middleland) Total user(5)
(2012: 3: 5: 0:13) - (Middleland) Total user(5)
(2012: 3: 5: 0:14) - (Middleland) Total user(5)
(2012: 3: 5: 0:15) - (Middleland) Total user(5)
(2012: 3: 5: 0:16) - (Middleland) Total user(5)
(2012: 3: 5: 0:17) - (Middleland) Total user(4)
(2012: 3: 5: 0:18) - (Middleland) Total user(5)
(2012: 3: 5: 0:19) - (Middleland) Total user(5)
(2012: 3: 5: 0:20) - (Middleland) Total user(5)
(2012: 3: 5: 0:21) - (Middleland) Total user(5)
(2012: 3: 5: 0:22) - (Middleland) Total user(5)
(2012: 3: 5: 0:23) - (Middleland) Total user(5)
(2012: 3: 5: 0:24) - (Middleland) Total user(4)
(2012: 3: 5: 0:25) - (Middleland) Total user(4)
(2012: 3: 5: 0:26) - (Middleland) Total user(4)
(2012: 3: 5: 0:27) - (Middleland) Total user(4)
(2012: 3: 5: 0:28) - (Middleland) Total user(4)
(2012: 3: 5: 0:29) - (Middleland) Total user(4)
(2012: 3: 5: 0:30) - (Middleland) Total user(4)
(2012: 3: 5: 0:31) - (Middleland) Total user(4)
(2012: 3: 5: 0:32) - (Middleland) Total user(4)
(2012: 3: 5: 0:33) - (Middleland) Total user(4)
(2012: 3: 5: 0:34) - (Middleland) Total user(4)
(2012: 3: 5: 0:35) - (Middleland) Total user(3)
(2012: 3: 5: 0:36) - (Middleland) Total user(3)
(2012: 3: 5: 0:37) - (Middleland) Total user(4)
(2012: 3: 5: 0:38) - (Middleland) Total user(4)
(2012: 3: 5: 0:39) - (Middleland) Total user(4)
(2012: 3: 5: 0:40) - (Middleland) Total user(4)
(2012: 3: 5: 0:41) - (Middleland) Total user(4)
(2012: 3: 5: 0:42) - (Middleland) Total user(4)
(2012: 3: 5: 0:43) - (Middleland) Total user(4)
(2012: 3: 5: 0:44) - (Middleland) Total user(3)
(2012: 3: 5: 0:45) - (Middleland) Total user(3)
(2012: 3: 5: 0:46) - (Middleland) Total user(3)
(2012: 3: 5: 0:47) - (Middleland) Total user(3)
(2012: 3: 5: 0:48) - (Middleland) Total user(3)
(2012: 3: 5: 0:49) - (Middleland) Total user(3)
(2012: 3: 5: 0:50) - (Middleland) Total user(4)
(2012: 3: 5: 0:51) - (Middleland) Total user(4)
(2012: 3: 5: 0:52) - (Middleland) Total user(4)
(2012: 3: 5: 0:53) - (Middleland) Total user(4)
(2012: 3: 5: 0:54) - (Middleland) Total user(4)
(2012: 3: 5: 0:55) - (Middleland) Total user(4)
(2012: 3: 5: 0:56) - (Middleland) Total user(4)
(2012: 3: 5: 0:57) - (Middleland) Total user(4)
(2012: 3: 5: 0:58) - (Middleland) Total user(4)
(2012: 3: 5: 0:59) - (Middleland) Total user(4)
(2012: 3: 5: 1: 0) - (Middleland) Total user(5)
(2012: 3: 5: 1: 1) - (Middleland) Total user(5)
(2012: 3: 5: 1: 2) - (Middleland) Total user(5)
(2012: 3: 5: 1: 3) - (Middleland) Total user(4)
(2012: 3: 5: 1: 4) - (Middleland) Total user(5)
(2012: 3: 5: 1: 5) - (Middleland) Total user(5)
(2012: 3: 5: 1: 6) - (Middleland) Total user(6)
(2012: 3: 5: 1: 7) - (Middleland) Total user(5)
(2012: 3: 5: 1: 8) - (Middleland) Total user(5)
(2012: 3: 5: 1: 9) - (Middleland) Total user(5)
(2012: 3: 5: 1:10) - (Middleland) Total user(5)
(2012: 3: 5: 1:12) - (Middleland) Total user(5)
(2012: 3: 5: 1:13) - (Middleland) Total user(4)
(2012: 3: 5: 1:14) - (Middleland) Total user(4)
(2012: 3: 5: 1:15) - (Middleland) Total user(3)
(2012: 3: 5: 1:16) - (Middleland) Total user(4)
(2012: 3: 5: 1:17) - (Middleland) Total user(4)
(2012: 3: 5: 1:18) - (Middleland) Total user(4)
(2012: 3: 5: 1:19) - (Middleland) Total user(4)
(2012: 3: 5: 1:20) - (Middleland) Total user(4)
(2012: 3: 5: 1:21) - (Middleland) Total user(4)
(2012: 3: 5: 1:22) - (Middleland) Total user(4)
(2012: 3: 5: 1:23) - (Middleland) Total user(4)
(2012: 3: 5: 1:24) - (Middleland) Total user(4)
(2012: 3: 5: 1:25) - (Middleland) Total user(4)
(2012: 3: 5: 1:26) - (Middleland) Total user(4)
(2012: 3: 5: 1:27) - (Middleland) Total user(4)
(2012: 3: 5: 1:28) - (Middleland) Total user(4)
(2012: 3: 5: 1:29) - (Middleland) Total user(4)
(2012: 3: 5: 1:30) - (Middleland) Total user(4)
(2012: 3: 5: 1:31) - (Middleland) Total user(4)
(2012: 3: 5: 1:32) - (Middleland) Total user(4)
(2012: 3: 5: 1:33) - (Middleland) Total user(4)
(2012: 3: 5: 1:34) - (Middleland) Total user(4)
(2012: 3: 5: 1:35) - (Middleland) Total user(4)
(2012: 3: 5: 1:36) - (Middleland) Total user(4)
(2012: 3: 5: 1:37) - (Middleland) Total user(4)
(2012: 3: 5: 1:38) - (Middleland) Total user(4)
(2012: 3: 5: 1:39) - (Middleland) Total user(4)
(2012: 3: 5: 1:40) - (Middleland) Total user(4)
(2012: 3: 5: 1:41) - (Middleland) Total user(4)
(2012: 3: 5: 1:42) - (Middleland) Total user(4)
(2012: 3: 5: 1:43) - (Middleland) Total user(4)
(2012: 3: 5: 1:44) - (Middleland) Total user(4)
(2012: 3: 5: 1:45) - (Middleland) Total user(4)
(2012: 3: 5: 1:46) - (Middleland) Total user(3)
(2012: 3: 5: 1:47) - (Middleland) Total user(3)
(2012: 3: 5: 1:48) - (Middleland) Total user(3)
(2012: 3: 5: 1:49) - (Middleland) Total user(3)
(2012: 3: 5: 1:50) - (Middleland) Total user(3)
(2012: 3: 5: 1:51) - (Middleland) Total user(3)
(2012: 3: 5: 1:52) - (Middleland) Total user(3)
(2012: 3: 5: 1:53) - (Middleland) Total user(3)
(2012: 3: 5: 1:54) - (Middleland) Total user(3)
(2012: 3: 5: 1:55) - (Middleland) Total user(3)
(2012: 3: 5: 1:56) - (Middleland) Total user(3)
(2012: 3: 5: 1:57) - (Middleland) Total user(3)
(2012: 3: 5: 1:58) - (Middleland) Total user(3)
(2012: 3: 5: 1:59) - (Middleland) Total user(3)
(2012: 3: 5: 2: 0) - (Middleland) Total user(3)
(2012: 3: 5: 2: 1) - (Middleland) Total user(3)
(2012: 3: 5: 2: 2) - (Middleland) Total user(3)
(2012: 3: 5: 2: 3) - (Middleland) Total user(3)
(2012: 3: 5: 2: 4) - (Middleland) Total user(3)
(2012: 3: 5: 2: 5) - (Middleland) Total user(3)
(2012: 3: 5: 2: 6) - (Middleland) Total user(3)
(2012: 3: 5: 2: 7) - (Middleland) Total user(3)
(2012: 3: 5: 2: 8) - (Middleland) Total user(4)
(2012: 3: 5: 2: 9) - (Middleland) Total user(4)
(2012: 3: 5: 2:10) - (Middleland) Total user(4)
(2012: 3: 5: 2:11) - (Middleland) Total user(4)
(2012: 3: 5: 2:13) - (Middleland) Total user(4)
(2012: 3: 5: 2:14) - (Middleland) Total user(4)
(2012: 3: 5: 2:15) - (Middleland) Total user(4)
(2012: 3: 5: 2:16) - (Middleland) Total user(3)
(2012: 3: 5: 2:17) - (Middleland) Total user(3)
(2012: 3: 5: 2:18) - (Middleland) Total user(3)
(2012: 3: 5: 2:19) - (Middleland) Total user(3)
(2012: 3: 5: 2:20) - (Middleland) Total user(3)
(2012: 3: 5: 2:21) - (Middleland) Total user(3)
(2012: 3: 5: 2:22) - (Middleland) Total user(3)
(2012: 3: 5: 2:23) - (Middleland) Total user(4)
(2012: 3: 5: 2:24) - (Middleland) Total user(5)
(2012: 3: 5: 2:25) - (Middleland) Total user(5)
(2012: 3: 5: 2:26) - (Middleland) Total user(5)
(2012: 3: 5: 2:27) - (Middleland) Total user(5)
(2012: 3: 5: 2:28) - (Middleland) Total user(5)
(2012: 3: 5: 2:29) - (Middleland) Total user(5)
(2012: 3: 5: 2:30) - (Middleland) Total user(5)
(2012: 3: 5: 2:31) - (Middleland) Total user(5)
(2012: 3: 5: 2:32) - (Middleland) Total user(5)
(2012: 3: 5: 2:33) - (Middleland) Total user(4)
(2012: 3: 5: 2:34) - (Middleland) Total user(4)
(2012: 3: 5: 2:35) - (Middleland) Total user(5)
(2012: 3: 5: 2:36) - (Middleland) Total user(5)
(2012: 3: 5: 2:37) - (Middleland) Total user(5)
(2012: 3: 5: 2:38) - (Middleland) Total user(5)
(2012: 3: 5: 2:39) - (Middleland) Total user(5)
(2012: 3: 5: 2:40) - (Middleland) Total user(5)
(2012: 3: 5: 2:41) - (Middleland) Total user(5)
(2012: 3: 5: 2:42) - (Middleland) Total user(5)
(2012: 3: 5: 2:43) - (Middleland) Total user(4)
(2012: 3: 5: 2:44) - (Middleland) Total user(5)
(2012: 3: 5: 2:45) - (Middleland) Total user(5)
(2012: 3: 5: 2:46) - (Middleland) Total user(5)
(2012: 3: 5: 2:47) - (Middleland) Total user(5)
(2012: 3: 5: 2:48) - (Middleland) Total user(5)
(2012: 3: 5: 2:49) - (Middleland) Total user(5)
(2012: 3: 5: 2:50) - (Middleland) Total user(5)
(2012: 3: 5: 2:51) - (Middleland) Total user(5)
(2012: 3: 5: 2:52) - (Middleland) Total user(5)
(2012: 3: 5: 2:53) - (Middleland) Total user(5)
(2012: 3: 5: 2:54) - (Middleland) Total user(5)
(2012: 3: 5: 2:55) - (Middleland) Total user(4)
(2012: 3: 5: 2:56) - (Middleland) Total user(5)
(2012: 3: 5: 2:57) - (Middleland) Total user(5)
(2012: 3: 5: 2:58) - (Middleland) Total user(5)
(2012: 3: 5: 2:59) - (Middleland) Total user(5)
(2012: 3: 5: 3: 0) - (Middleland) Total user(5)
(2012: 3: 5: 3: 1) - (Middleland) Total user(5)
(2012: 3: 5: 3: 2) - (Middleland) Total user(5)
(2012: 3: 5: 3: 3) - (Middleland) Total user(5)
(2012: 3: 5: 3: 4) - (Middleland) Total user(5)
(2012: 3: 5: 3: 5) - (Middleland) Total user(5)
(2012: 3: 5: 3: 6) - (Middleland) Total user(5)
(2012: 3: 5: 3: 7) - (Middleland) Total user(5)
(2012: 3: 5: 3: 8) - (Middleland) Total user(4)
(2012: 3: 5: 3: 9) - (Middleland) Total user(4)
(2012: 3: 5: 3:10) - (Middleland) Total user(4)
(2012: 3: 5: 3:11) - (Middleland) Total user(4)
(2012: 3: 5: 3:12) - (Middleland) Total user(4)
(2012: 3: 5: 3:14) - (Middleland) Total user(4)
(2012: 3: 5: 3:15) - (Middleland) Total user(4)
(2012: 3: 5: 3:16) - (Middleland) Total user(4)
(2012: 3: 5: 3:17) - (Middleland) Total user(4)
(2012: 3: 5: 3:18) - (Middleland) Total user(4)
(2012: 3: 5: 3:19) - (Middleland) Total user(4)
(2012: 3: 5: 3:20) - (Middleland) Total user(4)
(2012: 3: 5: 3:21) - (Middleland) Total user(4)
(2012: 3: 5: 3:22) - (Middleland) Total user(4)
(2012: 3: 5: 3:23) - (Middleland) Total user(4)
(2012: 3: 5: 3:24) - (Middleland) Total user(4)
(2012: 3: 5: 3:25) - (Middleland) Total user(4)
(2012: 3: 5: 3:26) - (Middleland) Total user(4)
(2012: 3: 5: 3:27) - (Middleland) Total user(4)
(2012: 3: 5: 3:28) - (Middleland) Total user(4)
(2012: 3: 5: 3:29) - (Middleland) Total user(4)
(2012: 3: 5: 3:30) - (Middleland) Total user(4)
(2012: 3: 5: 3:31) - (Middleland) Total user(4)
(2012: 3: 5: 3:32) - (Middleland) Total user(4)
(2012: 3: 5: 3:33) - (Middleland) Total user(4)
(2012: 3: 5: 3:34) - (Middleland) Total user(4)
(2012: 3: 5: 3:35) - (Middleland) Total user(4)
(2012: 3: 5: 3:36) - (Middleland) Total user(4)
(2012: 3: 5: 3:37) - (Middleland) Total user(4)
(2012: 3: 5: 3:38) - (Middleland) Total user(4)
(2012: 3: 5: 3:39) - (Middleland) Total user(4)
(2012: 3: 5: 3:40) - (Middleland) Total user(4)
(2012: 3: 5: 3:41) - (Middleland) Total user(4)
(2012: 3: 5: 3:42) - (Middleland) Total user(3)
(2012: 3: 5: 3:43) - (Middleland) Total user(4)
(2012: 3: 5: 3:44) - (Middleland) Total user(3)
(2012: 3: 5: 3:45) - (Middleland) Total user(3)
(2012: 3: 5: 3:46) - (Middleland) Total user(3)
(2012: 3: 5: 3:47) - (Middleland) Total user(3)
(2012: 3: 5: 3:48) - (Middleland) Total user(3)
(2012: 3: 5: 3:49) - (Middleland) Total user(3)
(2012: 3: 5: 3:50) - (Middleland) Total user(4)
(2012: 3: 5: 3:51) - (Middleland) Total user(4)
(2012: 3: 5: 3:52) - (Middleland) Total user(4)
(2012: 3: 5: 3:53) - (Middleland) Total user(5)
(2012: 3: 5: 3:54) - (Middleland) Total user(5)
(2012: 3: 5: 3:55) - (Middleland) Total user(6)
(2012: 3: 5: 3:56) - (Middleland) Total user(6)
(2012: 3: 5: 3:57) - (Middleland) Total user(5)
(2012: 3: 5: 3:58) - (Middleland) Total user(6)
(2012: 3: 5: 3:59) - (Middleland) Total user(6)
(2012: 3: 5: 4: 0) - (Middleland) Total user(6)
(2012: 3: 5: 4: 1) - (Middleland) Total user(5)
(2012: 3: 5: 4: 2) - (Middleland) Total user(5)
(2012: 3: 5: 4: 3) - (Middleland) Total user(5)
(2012: 3: 5: 4: 4) - (Middleland) Total user(5)
(2012: 3: 5: 4: 5) - (Middleland) Total user(5)
(2012: 3: 5: 4: 6) - (Middleland) Total user(5)
(2012: 3: 5: 4: 7) - (Middleland) Total user(5)
(2012: 3: 5: 4: 8) - (Middleland) Total user(5)
(2012: 3: 5: 4: 9) - (Middleland) Total user(5)
(2012: 3: 5: 4:10) - (Middleland) Total user(6)
(2012: 3: 5: 4:11) - (Middleland) Total user(6)
(2012: 3: 5: 4:12) - (Middleland) Total user(6)
(2012: 3: 5: 4:13) - (Middleland) Total user(6)
(2012: 3: 5: 4:15) - (Middleland) Total user(6)
(2012: 3: 5: 4:16) - (Middleland) Total user(6)
(2012: 3: 5: 4:17) - (Middleland) Total user(6)
(2012: 3: 5: 4:18) - (Middleland) Total user(6)
(2012: 3: 5: 4:19) - (Middleland) Total user(6)
(2012: 3: 5: 4:20) - (Middleland) Total user(6)
(2012: 3: 5: 4:21) - (Middleland) Total user(6)
(2012: 3: 5: 4:22) - (Middleland) Total user(6)
(2012: 3: 5: 4:23) - (Middleland) Total user(6)
(2012: 3: 5: 4:24) - (Middleland) Total user(6)
(2012: 3: 5: 4:25) - (Middleland) Total user(6)
(2012: 3: 5: 4:26) - (Middleland) Total user(6)
(2012: 3: 5: 4:27) - (Middleland) Total user(5)
(2012: 3: 5: 4:28) - (Middleland) Total user(5)
(2012: 3: 5: 4:29) - (Middleland) Total user(5)
(2012: 3: 5: 4:30) - (Middleland) Total user(6)
(2012: 3: 5: 4:31) - (Middleland) Total user(6)
(2012: 3: 5: 4:32) - (Middleland) Total user(6)
(2012: 3: 5: 4:33) - (Middleland) Total user(6)
(2012: 3: 5: 4:34) - (Middleland) Total user(6)
(2012: 3: 5: 4:35) - (Middleland) Total user(5)
(2012: 3: 5: 4:36) - (Middleland) Total user(5)
(2012: 3: 5: 4:37) - (Middleland) Total user(5)
(2012: 3: 5: 4:38) - (Middleland) Total user(4)
(2012: 3: 5: 4:39) - (Middleland) Total user(4)
(2012: 3: 5: 4:40) - (Middleland) Total user(4)
(2012: 3: 5: 4:41) - (Middleland) Total user(4)
(2012: 3: 5: 4:42) - (Middleland) Total user(4)
(2012: 3: 5: 4:43) - (Middleland) Total user(4)
(2012: 3: 5: 4:44) - (Middleland) Total user(4)
(2012: 3: 5: 4:45) - (Middleland) Total user(4)
(2012: 3: 5: 4:46) - (Middleland) Total user(4)
(2012: 3: 5: 4:47) - (Middleland) Total user(4)
(2012: 3: 5: 4:48) - (Middleland) Total user(4)
(2012: 3: 5: 4:49) - (Middleland) Total user(4)
(2012: 3: 5: 4:50) - (Middleland) Total user(4)
(2012: 3: 5: 4:51) - (Middleland) Total user(4)
(2012: 3: 5: 4:52) - (Middleland) Total user(4)
(2012: 3: 5: 4:53) - (Middleland) Total user(4)
(2012: 3: 5: 4:54) - (Middleland) Total user(3)
(2012: 3: 5: 4:55) - (Middleland) Total user(3)
(2012: 3: 5: 4:56) - (Middleland) Total user(3)
(2012: 3: 5: 4:57) - (Middleland) Total user(3)
(2012: 3: 5: 4:58) - (Middleland) Total user(3)
(2012: 3: 5: 4:59) - (Middleland) Total user(3)
(2012: 3: 5: 5: 0) - (Middleland) Total user(3)
(2012: 3: 5: 5: 1) - (Middleland) Total user(3)
(2012: 3: 5: 5: 2) - (Middleland) Total user(3)
(2012: 3: 5: 5: 3) - (Middleland) Total user(3)
(2012: 3: 5: 5: 4) - (Middleland) Total user(3)
(2012: 3: 5: 5: 5) - (Middleland) Total user(3)
(2012: 3: 5: 5: 6) - (Middleland) Total user(3)
(2012: 3: 5: 5: 7) - (Middleland) Total user(3)
(2012: 3: 5: 5: 8) - (Middleland) Total user(3)
(2012: 3: 5: 5: 9) - (Middleland) Total user(3)
(2012: 3: 5: 5:10) - (Middleland) Total user(3)
(2012: 3: 5: 5:11) - (Middleland) Total user(3)
(2012: 3: 5: 5:12) - (Middleland) Total user(3)
(2012: 3: 5: 5:13) - (Middleland) Total user(3)
(2012: 3: 5: 5:14) - (Middleland) Total user(3)
(2012: 3: 5: 5:16) - (Middleland) Total user(3)
(2012: 3: 5: 5:17) - (Middleland) Total user(3)
(2012: 3: 5: 5:18) - (Middleland) Total user(4)
(2012: 3: 5: 5:19) - (Middleland) Total user(4)
(2012: 3: 5: 5:20) - (Middleland) Total user(4)
(2012: 3: 5: 5:21) - (Middleland) Total user(3)
(2012: 3: 5: 5:22) - (Middleland) Total user(3)
(2012: 3: 5: 5:23) - (Middleland) Total user(3)
(2012: 3: 5: 5:24) - (Middleland) Total user(3)
(2012: 3: 5: 5:25) - (Middleland) Total user(3)
(2012: 3: 5: 5:26) - (Middleland) Total user(3)
(2012: 3: 5: 5:27) - (Middleland) Total user(3)
(2012: 3: 5: 5:28) - (Middleland) Total user(3)
(2012: 3: 5: 5:29) - (Middleland) Total user(4)
(2012: 3: 5: 5:30) - (Middleland) Total user(4)
(2012: 3: 5: 5:31) - (Middleland) Total user(4)
(2012: 3: 5: 5:32) - (Middleland) Total user(4)
(2012: 3: 5: 5:33) - (Middleland) Total user(4)
(2012: 3: 5: 5:34) - (Middleland) Total user(4)
(2012: 3: 5: 5:35) - (Middleland) Total user(4)
(2012: 3: 5: 5:36) - (Middleland) Total user(4)
(2012: 3: 5: 5:37) - (Middleland) Total user(4)
(2012: 3: 5: 5:38) - (Middleland) Total user(4)
(2012: 3: 5: 5:39) - (Middleland) Total user(4)
(2012: 3: 5: 5:40) - (Middleland) Total user(4)
(2012: 3: 5: 5:41) - (Middleland) Total user(4)
(2012: 3: 5: 5:42) - (Middleland) Total user(4)
(2012: 3: 5: 5:43) - (Middleland) Total user(4)
(2012: 3: 5: 5:44) - (Middleland) Total user(4)
(2012: 3: 5: 5:45) - (Middleland) Total user(4)
(2012: 3: 5: 5:46) - (Middleland) Total user(4)
(2012: 3: 5: 5:47) - (Middleland) Total user(4)
(2012: 3: 5: 5:48) - (Middleland) Total user(4)
(2012: 3: 5: 5:49) - (Middleland) Total user(4)
(2012: 3: 5: 5:50) - (Middleland) Total user(4)
(2012: 3: 5: 5:51) - (Middleland) Total user(4)
(2012: 3: 5: 5:52) - (Middleland) Total user(4)
(2012: 3: 5: 5:53) - (Middleland) Total user(4)
(2012: 3: 5: 5:54) - (Middleland) Total user(4)
(2012: 3: 5: 5:55) - (Middleland) Total user(4)
(2012: 3: 5: 5:56) - (Middleland) Total user(4)
(2012: 3: 5: 5:57) - (Middleland) Total user(4)
(2012: 3: 5: 5:58) - (Middleland) Total user(4)
(2012: 3: 5: 5:59) - (Middleland) Total user(4)
(2012: 3: 5: 6: 0) - (Middleland) Total user(4)
(2012: 3: 5: 6: 1) - (Middleland) Total user(4)
(2012: 3: 5: 6: 2) - (Middleland) Total user(4)
(2012: 3: 5: 6: 3) - (Middleland) Total user(4)
(2012: 3: 5: 6: 4) - (Middleland) Total user(3)
(2012: 3: 5: 6: 5) - (Middleland) Total user(3)
(2012: 3: 5: 6: 6) - (Middleland) Total user(3)
(2012: 3: 5: 6: 7) - (Middleland) Total user(3)
(2012: 3: 5: 6: 8) - (Middleland) Total user(3)
(2012: 3: 5: 6: 9) - (Middleland) Total user(3)
(2012: 3: 5: 6:10) - (Middleland) Total user(3)
(2012: 3: 5: 6:11) - (Middleland) Total user(3)
(2012: 3: 5: 6:12) - (Middleland) Total user(3)
(2012: 3: 5: 6:13) - (Middleland) Total user(3)
(2012: 3: 5: 6:14) - (Middleland) Total user(3)
(2012: 3: 5: 6:16) - (Middleland) Total user(3)
(2012: 3: 5: 6:17) - (Middleland) Total user(3)
(2012: 3: 5: 6:18) - (Middleland) Total user(3)
(2012: 3: 5: 6:19) - (Middleland) Total user(3)
(2012: 3: 5: 6:20) - (Middleland) Total user(3)
(2012: 3: 5: 6:21) - (Middleland) Total user(3)
(2012: 3: 5: 6:22) - (Middleland) Total user(3)
(2012: 3: 5: 6:23) - (Middleland) Total user(3)
(2012: 3: 5: 6:24) - (Middleland) Total user(3)
(2012: 3: 5: 6:25) - (Middleland) Total user(3)
(2012: 3: 5: 6:26) - (Middleland) Total user(3)
(2012: 3: 5: 6:27) - (Middleland) Total user(3)
(2012: 3: 5: 6:28) - (Middleland) Total user(3)
(2012: 3: 5: 6:29) - (Middleland) Total user(3)
(2012: 3: 5: 6:30) - (Middleland) Total user(3)
(2012: 3: 5: 6:31) - (Middleland) Total user(3)
(2012: 3: 5: 6:32) - (Middleland) Total user(3)
(2012: 3: 5: 6:33) - (Middleland) Total user(3)
(2012: 3: 5: 6:34) - (Middleland) Total user(3)
(2012: 3: 5: 6:35) - (Middleland) Total user(3)
(2012: 3: 5: 6:36) - (Middleland) Total user(3)
(2012: 3: 5: 6:37) - (Middleland) Total user(3)
(2012: 3: 5: 6:38) - (Middleland) Total user(3)
(2012: 3: 5: 6:39) - (Middleland) Total user(3)
(2012: 3: 5: 6:40) - (Middleland) Total user(3)
(2012: 3: 5: 6:41) - (Middleland) Total user(3)
(2012: 3: 5: 6:42) - (Middleland) Total user(3)
(2012: 3: 5: 6:43) - (Middleland) Total user(3)
(2012: 3: 5: 6:44) - (Middleland) Total user(3)
(2012: 3: 5: 6:45) - (Middleland) Total user(3)
(2012: 3: 5: 6:46) - (Middleland) Total user(3)
(2012: 3: 5: 6:47) - (Middleland) Total user(3)
(2012: 3: 5: 6:48) - (Middleland) Total user(3)
(2012: 3: 5: 6:49) - (Middleland) Total user(3)
(2012: 3: 5: 6:50) - (Middleland) Total user(3)
(2012: 3: 5: 6:51) - (Middleland) Total user(3)
(2012: 3: 5: 6:52) - (Middleland) Total user(3)
(2012: 3: 5: 6:53) - (Middleland) Total user(3)
(2012: 3: 5: 6:54) - (Middleland) Total user(3)
(2012: 3: 5: 6:55) - (Middleland) Total user(3)
(2012: 3: 5: 6:56) - (Middleland) Total user(3)
(2012: 3: 5: 6:57) - (Middleland) Total user(3)
(2012: 3: 5: 6:58) - (Middleland) Total user(3)
(2012: 3: 5: 6:59) - (Middleland) Total user(3)
(2012: 3: 5: 7: 0) - (Middleland) Total user(3)
(2012: 3: 5: 7: 1) - (Middleland) Total user(3)
(2012: 3: 5: 7: 2) - (Middleland) Total user(3)
(2012: 3: 5: 7: 3) - (Middleland) Total user(3)
(2012: 3: 5: 7: 4) - (Middleland) Total user(3)
(2012: 3: 5: 7: 5) - (Middleland) Total user(3)
(2012: 3: 5: 7: 6) - (Middleland) Total user(3)
(2012: 3: 5: 7: 7) - (Middleland) Total user(3)
(2012: 3: 5: 7: 8) - (Middleland) Total user(3)
(2012: 3: 5: 7: 9) - (Middleland) Total user(3)
(2012: 3: 5: 7:10) - (Middleland) Total user(3)
(2012: 3: 5: 7:11) - (Middleland) Total user(3)
(2012: 3: 5: 7:12) - (Middleland) Total user(3)
(2012: 3: 5: 7:13) - (Middleland) Total user(3)
(2012: 3: 5: 7:14) - (Middleland) Total user(3)
(2012: 3: 5: 7:15) - (Middleland) Total user(3)
(2012: 3: 5: 7:17) - (Middleland) Total user(3)
(2012: 3: 5: 7:18) - (Middleland) Total user(3)
(2012: 3: 5: 7:19) - (Middleland) Total user(3)
(2012: 3: 5: 7:20) - (Middleland) Total user(3)
(2012: 3: 5: 7:21) - (Middleland) Total user(3)
(2012: 3: 5: 7:22) - (Middleland) Total user(3)
(2012: 3: 5: 7:23) - (Middleland) Total user(3)
(2012: 3: 5: 7:24) - (Middleland) Total user(3)
(2012: 3: 5: 7:25) - (Middleland) Total user(3)
(2012: 3: 5: 7:26) - (Middleland) Total user(3)
(2012: 3: 5: 7:27) - (Middleland) Total user(3)
(2012: 3: 5: 7:28) - (Middleland) Total user(3)
(2012: 3: 5: 7:29) - (Middleland) Total user(3)
(2012: 3: 5: 7:30) - (Middleland) Total user(3)
(2012: 3: 5: 7:31) - (Middleland) Total user(3)
(2012: 3: 5: 7:32) - (Middleland) Total user(3)
(2012: 3: 5: 7:33) - (Middleland) Total user(3)
(2012: 3: 5: 7:34) - (Middleland) Total user(3)
(2012: 3: 5: 7:35) - (Middleland) Total user(3)
(2012: 3: 5: 7:36) - (Middleland) Total user(3)
(2012: 3: 5: 7:37) - (Middleland) Total user(3)
(2012: 3: 5: 7:38) - (Middleland) Total user(3)
(2012: 3: 5: 7:39) - (Middleland) Total user(3)
(2012: 3: 5: 7:40) - (Middleland) Total user(3)
(2012: 3: 5: 7:41) - (Middleland) Total user(3)
(2012: 3: 5: 7:42) - (Middleland) Total user(3)
(2012: 3: 5: 7:43) - (Middleland) Total user(3)
(2012: 3: 5: 7:44) - (Middleland) Total user(3)
(2012: 3: 5: 7:45) - (Middleland) Total user(3)
(2012: 3: 5: 7:46) - (Middleland) Total user(3)
(2012: 3: 5: 7:47) - (Middleland) Total user(3)
(2012: 3: 5: 7:48) - (Middleland) Total user(3)
(2012: 3: 5: 7:49) - (Middleland) Total user(3)
(2012: 3: 5: 7:50) - (Middleland) Total user(3)
(2012: 3: 5: 7:51) - (Middleland) Total user(3)
(2012: 3: 5: 7:52) - (Middleland) Total user(3)
(2012: 3: 5: 7:53) - (Middleland) Total user(3)
(2012: 3: 5: 7:54) - (Middleland) Total user(3)
(2012: 3: 5: 7:55) - (Middleland) Total user(3)
(2012: 3: 5: 7:56) - (Middleland) Total user(3)
(2012: 3: 5: 7:57) - (Middleland) Total user(3)
(2012: 3: 5: 7:58) - (Middleland) Total user(3)
(2012: 3: 5: 7:59) - (Middleland) Total user(3)
(2012: 3: 5: 8: 0) - (Middleland) Total user(3)
(2012: 3: 5: 8: 1) - (Middleland) Total user(3)
(2012: 3: 5: 8: 2) - (Middleland) Total user(4)
(2012: 3: 5: 8: 3) - (Middleland) Total user(4)
(2012: 3: 5: 8: 4) - (Middleland) Total user(4)
(2012: 3: 5: 8: 5) - (Middleland) Total user(4)
(2012: 3: 5: 8: 6) - (Middleland) Total user(4)
(2012: 3: 5: 8: 7) - (Middleland) Total user(4)
(2012: 3: 5: 8: 8) - (Middleland) Total user(4)
(2012: 3: 5: 8: 9) - (Middleland) Total user(4)
(2012: 3: 5: 8:10) - (Middleland) Total user(4)
(2012: 3: 5: 8:11) - (Middleland) Total user(4)
(2012: 3: 5: 8:12) - (Middleland) Total user(4)
(2012: 3: 5: 8:13) - (Middleland) Total user(4)
(2012: 3: 5: 8:14) - (Middleland) Total user(4)
(2012: 3: 5: 8:15) - (Middleland) Total user(4)
(2012: 3: 5: 8:16) - (Middleland) Total user(4)
(2012: 3: 5: 8:18) - (Middleland) Total user(4)
(2012: 3: 5: 8:19) - (Middleland) Total user(4)
(2012: 3: 5: 8:20) - (Middleland) Total user(4)
(2012: 3: 5: 8:21) - (Middleland) Total user(4)
(2012: 3: 5: 8:22) - (Middleland) Total user(4)
(2012: 3: 5: 8:23) - (Middleland) Total user(4)
(2012: 3: 5: 8:24) - (Middleland) Total user(4)
(2012: 3: 5: 8:25) - (Middleland) Total user(4)
(2012: 3: 5: 8:26) - (Middleland) Total user(4)
(2012: 3: 5: 8:27) - (Middleland) Total user(4)
(2012: 3: 5: 8:28) - (Middleland) Total user(4)
(2012: 3: 5: 8:29) - (Middleland) Total user(4)
(2012: 3: 5: 8:30) - (Middleland) Total user(3)
(2012: 3: 5: 8:31) - (Middleland) Total user(4)
(2012: 3: 5: 8:32) - (Middleland) Total user(4)
(2012: 3: 5: 8:33) - (Middleland) Total user(4)
(2012: 3: 5: 8:34) - (Middleland) Total user(4)
(2012: 3: 5: 8:35) - (Middleland) Total user(4)
(2012: 3: 5: 8:36) - (Middleland) Total user(4)
(2012: 3: 5: 8:37) - (Middleland) Total user(4)
(2012: 3: 5: 8:38) - (Middleland) Total user(4)
(2012: 3: 5: 8:39) - (Middleland) Total user(4)
(2012: 3: 5: 8:40) - (Middleland) Total user(4)
(2012: 3: 5: 8:41) - (Middleland) Total user(4)
(2012: 3: 5: 8:42) - (Middleland) Total user(4)
(2012: 3: 5: 8:43) - (Middleland) Total user(4)
(2012: 3: 5: 8:44) - (Middleland) Total user(4)
(2012: 3: 5: 8:45) - (Middleland) Total user(4)
(2012: 3: 5: 8:46) - (Middleland) Total user(4)
(2012: 3: 5: 8:47) - (Middleland) Total user(4)
(2012: 3: 5: 8:48) - (Middleland) Total user(4)
(2012: 3: 5: 8:49) - (Middleland) Total user(4)
(2012: 3: 5: 8:50) - (Middleland) Total user(4)
(2012: 3: 5: 8:51) - (Middleland) Total user(4)
(2012: 3: 5: 8:52) - (Middleland) Total user(4)
(2012: 3: 5: 8:53) - (Middleland) Total user(4)
(2012: 3: 5: 8:54) - (Middleland) Total user(4)
(2012: 3: 5: 8:55) - (Middleland) Total user(4)
(2012: 3: 5: 8:56) - (Middleland) Total user(4)
(2012: 3: 5: 8:57) - (Middleland) Total user(4)
(2012: 3: 5: 8:58) - (Middleland) Total user(4)
(2012: 3: 5: 8:59) - (Middleland) Total user(4)
(2012: 3: 5: 9: 0) - (Middleland) Total user(4)
(2012: 3: 5: 9: 1) - (Middleland) Total user(4)
(2012: 3: 5: 9: 2) - (Middleland) Total user(4)
(2012: 3: 5: 9: 3) - (Middleland) Total user(4)
(2012: 3: 5: 9: 4) - (Middleland) Total user(4)
(2012: 3: 5: 9: 5) - (Middleland) Total user(4)
(2012: 3: 5: 9: 6) - (Middleland) Total user(4)
(2012: 3: 5: 9: 7) - (Middleland) Total user(4)
(2012: 3: 5: 9: 8) - (Middleland) Total user(4)
(2012: 3: 5: 9: 9) - (Middleland) Total user(4)
(2012: 3: 5: 9:10) - (Middleland) Total user(4)
(2012: 3: 5: 9:11) - (Middleland) Total user(4)
(2012: 3: 5: 9:12) - (Middleland) Total user(4)
(2012: 3: 5: 9:13) - (Middleland) Total user(4)
(2012: 3: 5: 9:14) - (Middleland) Total user(4)
(2012: 3: 5: 9:15) - (Middleland) Total user(4)
(2012: 3: 5: 9:16) - (Middleland) Total user(4)
(2012: 3: 5: 9:17) - (Middleland) Total user(4)
(2012: 3: 5: 9:19) - (Middleland) Total user(4)
(2012: 3: 5: 9:20) - (Middleland) Total user(4)
(2012: 3: 5: 9:21) - (Middleland) Total user(4)
(2012: 3: 5: 9:22) - (Middleland) Total user(4)
(2012: 3: 5: 9:23) - (Middleland) Total user(4)
(2012: 3: 5: 9:24) - (Middleland) Total user(4)
(2012: 3: 5: 9:25) - (Middleland) Total user(4)
(2012: 3: 5: 9:26) - (Middleland) Total user(4)
(2012: 3: 5: 9:27) - (Middleland) Total user(4)
(2012: 3: 5: 9:28) - (Middleland) Total user(4)
(2012: 3: 5: 9:29) - (Middleland) Total user(4)
(2012: 3: 5: 9:30) - (Middleland) Total user(4)
(2012: 3: 5: 9:31) - (Middleland) Total user(4)
(2012: 3: 5: 9:32) - (Middleland) Total user(4)
(2012: 3: 5: 9:33) - (Middleland) Total user(4)
(2012: 3: 5: 9:34) - (Middleland) Total user(4)
(2012: 3: 5: 9:35) - (Middleland) Total user(4)
(2012: 3: 5: 9:36) - (Middleland) Total user(4)
(2012: 3: 5: 9:37) - (Middleland) Total user(4)
(2012: 3: 5: 9:38) - (Middleland) Total user(4)
(2012: 3: 5: 9:39) - (Middleland) Total user(4)
(2012: 3: 5: 9:40) - (Middleland) Total user(4)
(2012: 3: 5: 9:41) - (Middleland) Total user(4)
(2012: 3: 5: 9:42) - (Middleland) Total user(4)
(2012: 3: 5: 9:43) - (Middleland) Total user(4)
(2012: 3: 5: 9:44) - (Middleland) Total user(4)
(2012: 3: 5: 9:45) - (Middleland) Total user(4)
(2012: 3: 5: 9:46) - (Middleland) Total user(4)
(2012: 3: 5: 9:47) - (Middleland) Total user(4)
(2012: 3: 5: 9:48) - (Middleland) Total user(4)
(2012: 3: 5: 9:49) - (Middleland) Total user(4)
(2012: 3: 5: 9:50) - (Middleland) Total user(4)
(2012: 3: 5: 9:51) - (Middleland) Total user(4)
(2012: 3: 5: 9:52) - (Middleland) Total user(4)
(2012: 3: 5: 9:53) - (Middleland) Total user(4)
(2012: 3: 5: 9:54) - (Middleland) Total user(4)
(2012: 3: 5: 9:55) - (Middleland) Total user(4)
(2012: 3: 5: 9:56) - (Middleland) Total user(4)
(2012: 3: 5: 9:57) - (Middleland) Total user(4)
(2012: 3: 5: 9:58) - (Middleland) Total user(4)
(2012: 3: 5: 9:59) - (Middleland) Total user(4)
(2012: 3: 5:10: 0) - (Middleland) Total user(4)
(2012: 3: 5:10: 1) - (Middleland) Total user(4)
(2012: 3: 5:10: 2) - (Middleland) Total user(4)
(2012: 3: 5:10: 3) - (Middleland) Total user(4)
(2012: 3: 5:10: 4) - (Middleland) Total user(4)
(2012: 3: 5:10: 5) - (Middleland) Total user(4)
(2012: 3: 5:10: 6) - (Middleland) Total user(5)
(2012: 3: 5:10: 7) - (Middleland) Total user(5)
(2012: 3: 5:10: 8) - (Middleland) Total user(5)
(2012: 3: 5:10: 9) - (Middleland) Total user(5)
(2012: 3: 5:10:10) - (Middleland) Total user(5)
(2012: 3: 5:10:11) - (Middleland) Total user(5)
(2012: 3: 5:10:12) - (Middleland) Total user(5)
(2012: 3: 5:10:13) - (Middleland) Total user(5)
(2012: 3: 5:10:14) - (Middleland) Total user(5)
(2012: 3: 5:10:15) - (Middleland) Total user(5)
(2012: 3: 5:10:16) - (Middleland) Total user(5)
(2012: 3: 5:10:17) - (Middleland) Total user(5)
(2012: 3: 5:10:18) - (Middleland) Total user(5)
(2012: 3: 5:10:20) - (Middleland) Total user(5)
(2012: 3: 5:10:21) - (Middleland) Total user(5)
(2012: 3: 5:10:22) - (Middleland) Total user(5)
(2012: 3: 5:10:23) - (Middleland) Total user(5)
(2012: 3: 5:10:24) - (Middleland) Total user(5)
(2012: 3: 5:10:25) - (Middleland) Total user(4)
(2012: 3: 5:10:26) - (Middleland) Total user(4)
(2012: 3: 5:10:27) - (Middleland) Total user(4)
(2012: 3: 5:10:28) - (Middleland) Total user(4)
(2012: 3: 5:10:29) - (Middleland) Total user(4)
(2012: 3: 5:10:30) - (Middleland) Total user(4)
(2012: 3: 5:10:31) - (Middleland) Total user(4)
(2012: 3: 5:10:32) - (Middleland) Total user(4)
(2012: 3: 5:10:33) - (Middleland) Total user(4)
(2012: 3: 5:10:34) - (Middleland) Total user(4)
(2012: 3: 5:10:35) - (Middleland) Total user(4)
(2012: 3: 5:10:36) - (Middleland) Total user(4)
(2012: 3: 5:10:37) - (Middleland) Total user(4)
(2012: 3: 5:10:38) - (Middleland) Total user(4)
(2012: 3: 5:10:39) - (Middleland) Total user(4)
(2012: 3: 5:10:40) - (Middleland) Total user(4)
(2012: 3: 5:10:41) - (Middleland) Total user(4)
(2012: 3: 5:10:42) - (Middleland) Total user(4)
(2012: 3: 5:10:43) - (Middleland) Total user(4)
(2012: 3: 5:10:44) - (Middleland) Total user(4)
(2012: 3: 5:10:45) - (Middleland) Total user(4)
(2012: 3: 5:10:46) - (Middleland) Total user(4)
(2012: 3: 5:10:47) - (Middleland) Total user(4)
(2012: 3: 5:10:48) - (Middleland) Total user(4)
(2012: 3: 5:10:49) - (Middleland) Total user(4)
(2012: 3: 5:10:50) - (Middleland) Total user(4)
(2012: 3: 5:10:51) - (Middleland) Total user(4)
(2012: 3: 5:10:52) - (Middleland) Total user(4)
(2012: 3: 5:10:53) - (Middleland) Total user(4)
(2012: 3: 5:10:54) - (Middleland) Total user(4)
(2012: 3: 5:10:55) - (Middleland) Total user(4)
(2012: 3: 5:10:56) - (Middleland) Total user(4)
(2012: 3: 5:10:57) - (Middleland) Total user(4)
(2012: 3: 5:10:58) - (Middleland) Total user(4)
(2012: 3: 5:10:59) - (Middleland) Total user(4)
(2012: 3: 5:11: 0) - (Middleland) Total user(4)
(2012: 3: 5:11: 1) - (Middleland) Total user(4)
(2012: 3: 5:11: 2) - (Middleland) Total user(4)
(2012: 3: 5:11: 3) - (Middleland) Total user(4)
(2012: 3: 5:11: 4) - (Middleland) Total user(4)
(2012: 3: 5:11: 5) - (Middleland) Total user(4)
(2012: 3: 5:11: 6) - (Middleland) Total user(4)
(2012: 3: 5:11: 7) - (Middleland) Total user(4)
(2012: 3: 5:11: 8) - (Middleland) Total user(4)
(2012: 3: 5:11: 9) - (Middleland) Total user(4)
(2012: 3: 5:11:10) - (Middleland) Total user(4)
(2012: 3: 5:11:11) - (Middleland) Total user(4)
(2012: 3: 5:11:12) - (Middleland) Total user(4)
(2012: 3: 5:11:13) - (Middleland) Total user(4)
(2012: 3: 5:11:14) - (Middleland) Total user(4)
(2012: 3: 5:11:15) - (Middleland) Total user(4)
(2012: 3: 5:11:16) - (Middleland) Total user(4)
(2012: 3: 5:11:17) - (Middleland) Total user(4)
(2012: 3: 5:11:18) - (Middleland) Total user(4)
(2012: 3: 5:11:20) - (Middleland) Total user(5)
(2012: 3: 5:11:21) - (Middleland) Total user(5)
(2012: 3: 5:11:22) - (Middleland) Total user(4)
(2012: 3: 5:11:23) - (Middleland) Total user(4)
(2012: 3: 5:11:24) - (Middleland) Total user(5)
(2012: 3: 5:11:25) - (Middleland) Total user(4)
(2012: 3: 5:11:26) - (Middleland) Total user(6)
(2012: 3: 5:11:27) - (Middleland) Total user(6)
(2012: 3: 5:11:28) - (Middleland) Total user(6)
(2012: 3: 5:11:29) - (Middleland) Total user(6)
(2012: 3: 5:11:30) - (Middleland) Total user(5)
(2012: 3: 5:11:31) - (Middleland) Total user(5)
(2012: 3: 5:11:32) - (Middleland) Total user(5)
(2012: 3: 5:11:33) - (Middleland) Total user(6)
(2012: 3: 5:11:34) - (Middleland) Total user(6)
(2012: 3: 5:11:35) - (Middleland) Total user(6)
(2012: 3: 5:11:36) - (Middleland) Total user(6)
(2012: 3: 5:11:37) - (Middleland) Total user(6)
(2012: 3: 5:11:38) - (Middleland) Total user(6)
(2012: 3: 5:11:39) - (Middleland) Total user(6)
(2012: 3: 5:11:40) - (Middleland) Total user(6)
(2012: 3: 5:11:41) - (Middleland) Total user(6)
(2012: 3: 5:11:42) - (Middleland) Total user(6)
(2012: 3: 5:11:43) - (Middleland) Total user(6)
(2012: 3: 5:11:44) - (Middleland) Total user(6)
(2012: 3: 5:11:45) - (Middleland) Total user(6)
(2012: 3: 5:11:46) - (Middleland) Total user(6)
(2012: 3: 5:11:47) - (Middleland) Total user(6)
(2012: 3: 5:11:48) - (Middleland) Total user(6)
(2012: 3: 5:11:49) - (Middleland) Total user(6)
(2012: 3: 5:11:50) - (Middleland) Total user(6)
(2012: 3: 5:11:51) - (Middleland) Total user(6)
(2012: 3: 5:11:52) - (Middleland) Total user(6)
(2012: 3: 5:11:53) - (Middleland) Total user(6)
(2012: 3: 5:11:54) - (Middleland) Total user(6)
(2012: 3: 5:11:55) - (Middleland) Total user(6)
(2012: 3: 5:11:56) - (Middleland) Total user(6)
(2012: 3: 5:11:57) - (Middleland) Total user(6)
(2012: 3: 5:11:58) - (Middleland) Total user(6)
(2012: 3: 5:11:59) - (Middleland) Total user(6)
(2012: 3: 5:12: 0) - (Middleland) Total user(6)
(2012: 3: 5:12: 1) - (Middleland) Total user(6)
(2012: 3: 5:12: 2) - (Middleland) Total user(6)
(2012: 3: 5:12: 3) - (Middleland) Total user(6)
(2012: 3: 5:12: 4) - (Middleland) Total user(6)
(2012: 3: 5:12: 5) - (Middleland) Total user(6)
(2012: 3: 5:12: 6) - (Middleland) Total user(6)
(2012: 3: 5:12: 7) - (Middleland) Total user(6)
(2012: 3: 5:12: 8) - (Middleland) Total user(6)
(2012: 3: 5:12: 9) - (Middleland) Total user(6)
(2012: 3: 5:12:10) - (Middleland) Total user(6)
(2012: 3: 5:12:11) - (Middleland) Total user(6)
(2012: 3: 5:12:12) - (Middleland) Total user(6)
(2012: 3: 5:12:13) - (Middleland) Total user(6)
(2012: 3: 5:12:14) - (Middleland) Total user(6)
(2012: 3: 5:12:15) - (Middleland) Total user(6)
(2012: 3: 5:12:16) - (Middleland) Total user(6)
(2012: 3: 5:12:17) - (Middleland) Total user(6)
(2012: 3: 5:12:18) - (Middleland) Total user(6)
(2012: 3: 5:12:19) - (Middleland) Total user(6)
(2012: 3: 5:12:21) - (Middleland) Total user(6)
(2012: 3: 5:12:22) - (Middleland) Total user(6)
(2012: 3: 5:12:23) - (Middleland) Total user(6)
(2012: 3: 5:12:24) - (Middleland) Total user(6)
(2012: 3: 5:12:25) - (Middleland) Total user(6)
(2012: 3: 5:12:26) - (Middleland) Total user(6)
(2012: 3: 5:12:27) - (Middleland) Total user(6)
(2012: 3: 5:12:28) - (Middleland) Total user(6)
(2012: 3: 5:12:29) - (Middleland) Total user(6)
(2012: 3: 5:12:30) - (Middleland) Total user(6)
(2012: 3: 5:12:31) - (Middleland) Total user(6)
(2012: 3: 5:12:32) - (Middleland) Total user(6)
(2012: 3: 5:12:33) - (Middleland) Total user(6)
(2012: 3: 5:12:34) - (Middleland) Total user(6)
(2012: 3: 5:12:35) - (Middleland) Total user(6)
(2012: 3: 5:12:36) - (Middleland) Total user(6)
(2012: 3: 5:12:37) - (Middleland) Total user(6)
(2012: 3: 5:12:38) - (Middleland) Total user(6)
(2012: 3: 5:12:39) - (Middleland) Total user(6)
(2012: 3: 5:12:40) - (Middleland) Total user(6)
(2012: 3: 5:12:41) - (Middleland) Total user(6)
(2012: 3: 5:12:42) - (Middleland) Total user(5)
(2012: 3: 5:12:43) - (Middleland) Total user(6)
(2012: 3: 5:12:44) - (Middleland) Total user(6)
(2012: 3: 5:12:45) - (Middleland) Total user(6)
(2012: 3: 5:12:46) - (Middleland) Total user(6)
(2012: 3: 5:12:47) - (Middleland) Total user(6)
(2012: 3: 5:12:48) - (Middleland) Total user(6)
(2012: 3: 5:12:49) - (Middleland) Total user(6)
(2012: 3: 5:12:50) - (Middleland) Total user(6)
(2012: 3: 5:12:51) - (Middleland) Total user(6)
(2012: 3: 5:12:52) - (Middleland) Total user(6)
(2012: 3: 5:12:53) - (Middleland) Total user(6)
(2012: 3: 5:12:54) - (Middleland) Total user(6)
(2012: 3: 5:12:55) - (Middleland) Total user(6)
(2012: 3: 5:12:56) - (Middleland) Total user(6)
(2012: 3: 5:12:57) - (Middleland) Total user(5)
(2012: 3: 5:12:58) - (Middleland) Total user(6)
(2012: 3: 5:12:59) - (Middleland) Total user(6)
(2012: 3: 5:13: 0) - (Middleland) Total user(6)
(2012: 3: 5:13: 1) - (Middleland) Total user(6)
(2012: 3: 5:13: 2) - (Middleland) Total user(6)
(2012: 3: 5:13: 3) - (Middleland) Total user(6)
(2012: 3: 5:13: 4) - (Middleland) Total user(6)
(2012: 3: 5:13: 5) - (Middleland) Total user(6)
(2012: 3: 5:13: 6) - (Middleland) Total user(6)
(2012: 3: 5:13: 7) - (Middleland) Total user(6)
(2012: 3: 5:13: 8) - (Middleland) Total user(6)
(2012: 3: 5:13: 9) - (Middleland) Total user(6)
(2012: 3: 5:13:10) - (Middleland) Total user(6)
(2012: 3: 5:13:11) - (Middleland) Total user(6)
(2012: 3: 5:13:12) - (Middleland) Total user(6)
(2012: 3: 5:13:13) - (Middleland) Total user(6)
(2012: 3: 5:13:14) - (Middleland) Total user(6)
(2012: 3: 5:13:15) - (Middleland) Total user(6)
(2012: 3: 5:13:16) - (Middleland) Total user(6)
(2012: 3: 5:13:17) - (Middleland) Total user(6)
(2012: 3: 5:13:18) - (Middleland) Total user(6)
(2012: 3: 5:13:19) - (Middleland) Total user(6)
(2012: 3: 5:13:20) - (Middleland) Total user(6)
(2012: 3: 5:13:22) - (Middleland) Total user(6)
(2012: 3: 5:13:23) - (Middleland) Total user(6)
(2012: 3: 5:13:24) - (Middleland) Total user(6)
(2012: 3: 5:13:25) - (Middleland) Total user(6)
(2012: 3: 5:13:26) - (Middleland) Total user(6)
(2012: 3: 5:13:27) - (Middleland) Total user(6)
(2012: 3: 5:13:28) - (Middleland) Total user(6)
(2012: 3: 5:13:29) - (Middleland) Total user(6)
(2012: 3: 5:13:30) - (Middleland) Total user(6)
(2012: 3: 5:13:31) - (Middleland) Total user(6)
(2012: 3: 5:13:32) - (Middleland) Total user(6)
(2012: 3: 5:13:33) - (Middleland) Total user(6)
(2012: 3: 5:13:34) - (Middleland) Total user(6)
(2012: 3: 5:13:35) - (Middleland) Total user(6)
(2012: 3: 5:13:36) - (Middleland) Total user(6)
(2012: 3: 5:13:37) - (Middleland) Total user(6)
(2012: 3: 5:13:38) - (Middleland) Total user(6)
(2012: 3: 5:13:39) - (Middleland) Total user(5)
(2012: 3: 5:13:40) - (Middleland) Total user(5)
(2012: 3: 5:13:41) - (Middleland) Total user(5)
(2012: 3: 5:13:42) - (Middleland) Total user(5)
(2012: 3: 5:13:43) - (Middleland) Total user(5)
(2012: 3: 5:13:44) - (Middleland) Total user(5)
(2012: 3: 5:13:45) - (Middleland) Total user(5)
(2012: 3: 5:13:46) - (Middleland) Total user(5)
(2012: 3: 5:13:47) - (Middleland) Total user(5)
(2012: 3: 5:13:48) - (Middleland) Total user(5)
(2012: 3: 5:13:49) - (Middleland) Total user(5)
(2012: 3: 5:13:50) - (Middleland) Total user(4)
(2012: 3: 5:13:51) - (Middleland) Total user(4)
(2012: 3: 5:13:52) - (Middleland) Total user(4)
(2012: 3: 5:13:53) - (Middleland) Total user(4)
(2012: 3: 5:13:54) - (Middleland) Total user(4)
(2012: 3: 5:13:55) - (Middleland) Total user(4)
(2012: 3: 5:13:56) - (Middleland) Total user(4)
(2012: 3: 5:13:57) - (Middleland) Total user(4)
(2012: 3: 5:13:58) - (Middleland) Total user(4)
(2012: 3: 5:13:59) - (Middleland) Total user(4)
(2012: 3: 5:14: 0) - (Middleland) Total user(4)
(2012: 3: 5:14: 1) - (Middleland) Total user(4)
(2012: 3: 5:14: 2) - (Middleland) Total user(4)
(2012: 3: 5:14: 3) - (Middleland) Total user(4)
(2012: 3: 5:14: 4) - (Middleland) Total user(4)
(2012: 3: 5:14: 5) - (Middleland) Total user(4)
(2012: 3: 5:14: 6) - (Middleland) Total user(4)
(2012: 3: 5:14: 7) - (Middleland) Total user(4)
(2012: 3: 5:14: 8) - (Middleland) Total user(4)
(2012: 3: 5:14: 9) - (Middleland) Total user(4)
(2012: 3: 5:14:10) - (Middleland) Total user(4)
(2012: 3: 5:14:11) - (Middleland) Total user(4)
(2012: 3: 5:14:12) - (Middleland) Total user(4)
(2012: 3: 5:14:13) - (Middleland) Total user(4)
(2012: 3: 5:14:14) - (Middleland) Total user(4)
(2012: 3: 5:14:15) - (Middleland) Total user(4)
(2012: 3: 5:14:16) - (Middleland) Total user(5)
(2012: 3: 5:14:17) - (Middleland) Total user(5)
(2012: 3: 5:14:18) - (Middleland) Total user(4)
(2012: 3: 5:14:19) - (Middleland) Total user(4)
(2012: 3: 5:14:20) - (Middleland) Total user(4)
(2012: 3: 5:14:21) - (Middleland) Total user(3)
(2012: 3: 5:14:23) - (Middleland) Total user(3)
(2012: 3: 5:14:24) - (Middleland) Total user(4)
(2012: 3: 5:14:25) - (Middleland) Total user(4)
(2012: 3: 5:14:26) - (Middleland) Total user(4)
(2012: 3: 5:14:27) - (Middleland) Total user(4)
(2012: 3: 5:14:28) - (Middleland) Total user(4)
(2012: 3: 5:14:29) - (Middleland) Total user(4)
(2012: 3: 5:14:30) - (Middleland) Total user(4)
(2012: 3: 5:14:31) - (Middleland) Total user(4)
(2012: 3: 5:14:32) - (Middleland) Total user(4)
(2012: 3: 5:14:33) - (Middleland) Total user(4)
(2012: 3: 5:14:34) - (Middleland) Total user(4)
(2012: 3: 5:14:35) - (Middleland) Total user(4)
(2012: 3: 5:14:36) - (Middleland) Total user(4)
(2012: 3: 5:14:37) - (Middleland) Total user(3)
(2012: 3: 5:14:38) - (Middleland) Total user(3)
(2012: 3: 5:14:39) - (Middleland) Total user(3)
(2012: 3: 5:14:40) - (Middleland) Total user(3)
(2012: 3: 5:14:41) - (Middleland) Total user(3)
(2012: 3: 5:14:42) - (Middleland) Total user(3)
(2012: 3: 5:14:43) - (Middleland) Total user(3)
(2012: 3: 5:14:44) - (Middleland) Total user(3)
(2012: 3: 5:14:45) - (Middleland) Total user(3)
(2012: 3: 5:14:46) - (Middleland) Total user(3)
(2012: 3: 5:14:47) - (Middleland) Total user(3)
(2012: 3: 5:14:48) - (Middleland) Total user(3)
(2012: 3: 5:14:49) - (Middleland) Total user(3)
(2012: 3: 5:14:50) - (Middleland) Total user(3)
(2012: 3: 5:14:51) - (Middleland) Total user(3)
(2012: 3: 5:14:52) - (Middleland) Total user(3)
(2012: 3: 5:14:53) - (Middleland) Total user(3)
(2012: 3: 5:14:54) - (Middleland) Total user(3)
(2012: 3: 5:14:55) - (Middleland) Total user(2)
(2012: 3: 5:14:56) - (Middleland) Total user(2)
(2012: 3: 5:14:57) - (Middleland) Total user(2)
(2012: 3: 5:14:58) - (Middleland) Total user(2)
(2012: 3: 5:14:59) - (Middleland) Total user(2)
(2012: 3: 5:15: 0) - (Middleland) Total user(2)
(2012: 3: 5:15: 1) - (Middleland) Total user(2)
(2012: 3: 5:15: 2) - (Middleland) Total user(2)
(2012: 3: 5:15: 3) - (Middleland) Total user(2)
(2012: 3: 5:15: 4) - (Middleland) Total user(3)
(2012: 3: 5:15: 5) - (Middleland) Total user(3)
(2012: 3: 5:15: 6) - (Middleland) Total user(3)
(2012: 3: 5:15: 7) - (Middleland) Total user(3)
(2012: 3: 5:15: 8) - (Middleland) Total user(3)
(2012: 3: 5:15: 9) - (Middleland) Total user(3)
(2012: 3: 5:15:10) - (Middleland) Total user(3)
(2012: 3: 5:15:11) - (Middleland) Total user(3)
(2012: 3: 5:15:12) - (Middleland) Total user(3)
(2012: 3: 5:15:13) - (Middleland) Total user(3)
(2012: 3: 5:15:14) - (Middleland) Total user(3)
(2012: 3: 5:15:15) - (Middleland) Total user(3)
(2012: 3: 5:15:16) - (Middleland) Total user(3)
(2012: 3: 5:15:17) - (Middleland) Total user(3)
(2012: 3: 5:15:18) - (Middleland) Total user(3)
(2012: 3: 5:15:19) - (Middleland) Total user(3)
(2012: 3: 5:15:20) - (Middleland) Total user(3)
(2012: 3: 5:15:21) - (Middleland) Total user(3)
(2012: 3: 5:15:23) - (Middleland) Total user(3)
(2012: 3: 5:15:24) - (Middleland) Total user(3)
(2012: 3: 5:15:25) - (Middleland) Total user(3)
(2012: 3: 5:15:26) - (Middleland) Total user(2)
(2012: 3: 5:15:27) - (Middleland) Total user(3)
(2012: 3: 5:15:28) - (Middleland) Total user(3)
(2012: 3: 5:15:29) - (Middleland) Total user(3)
(2012: 3: 5:15:30) - (Middleland) Total user(3)
(2012: 3: 5:15:31) - (Middleland) Total user(3)
(2012: 3: 5:15:32) - (Middleland) Total user(3)
(2012: 3: 5:15:33) - (Middleland) Total user(3)
(2012: 3: 5:15:34) - (Middleland) Total user(3)
(2012: 3: 5:15:35) - (Middleland) Total user(3)
(2012: 3: 5:15:36) - (Middleland) Total user(3)
(2012: 3: 5:15:37) - (Middleland) Total user(3)
(2012: 3: 5:15:38) - (Middleland) Total user(3)
(2012: 3: 5:15:39) - (Middleland) Total user(3)
(2012: 3: 5:15:40) - (Middleland) Total user(3)
(2012: 3: 5:15:41) - (Middleland) Total user(3)
(2012: 3: 5:15:42) - (Middleland) Total user(3)
(2012: 3: 5:15:43) - (Middleland) Total user(3)
(2012: 3: 5:15:44) - (Middleland) Total user(3)
(2012: 3: 5:15:45) - (Middleland) Total user(3)
(2012: 3: 5:15:46) - (Middleland) Total user(3)
(2012: 3: 5:15:47) - (Middleland) Total user(3)
(2012: 3: 5:15:48) - (Middleland) Total user(3)
(2012: 3: 5:15:49) - (Middleland) Total user(3)
(2012: 3: 5:15:50) - (Middleland) Total user(3)
(2012: 3: 5:15:51) - (Middleland) Total user(3)
(2012: 3: 5:15:52) - (Middleland) Total user(3)
(2012: 3: 5:15:53) - (Middleland) Total user(3)
(2012: 3: 5:15:54) - (Middleland) Total user(3)
(2012: 3: 5:15:55) - (Middleland) Total user(3)
(2012: 3: 5:15:56) - (Middleland) Total user(3)
(2012: 3: 5:15:57) - (Middleland) Total user(3)
(2012: 3: 5:15:58) - (Middleland) Total user(3)
(2012: 3: 5:15:59) - (Middleland) Total user(3)
(2012: 3: 5:16: 0) - (Middleland) Total user(3)
(2012: 3: 5:16: 1) - (Middleland) Total user(3)
(2012: 3: 5:16: 2) - (Middleland) Total user(3)
(2012: 3: 5:16: 3) - (Middleland) Total user(3)
(2012: 3: 5:16: 4) - (Middleland) Total user(3)
(2012: 3: 5:16: 5) - (Middleland) Total user(3)
(2012: 3: 5:16: 6) - (Middleland) Total user(3)
(2012: 3: 5:16: 7) - (Middleland) Total user(3)
(2012: 3: 5:16: 8) - (Middleland) Total user(3)
(2012: 3: 5:16: 9) - (Middleland) Total user(3)
(2012: 3: 5:16:10) - (Middleland) Total user(3)
(2012: 3: 5:16:11) - (Middleland) Total user(3)
(2012: 3: 5:16:12) - (Middleland) Total user(3)
(2012: 3: 5:16:13) - (Middleland) Total user(3)
(2012: 3: 5:16:14) - (Middleland) Total user(3)
(2012: 3: 5:16:15) - (Middleland) Total user(3)
(2012: 3: 5:16:16) - (Middleland) Total user(3)
(2012: 3: 5:16:17) - (Middleland) Total user(3)
(2012: 3: 5:16:18) - (Middleland) Total user(3)
(2012: 3: 5:16:19) - (Middleland) Total user(3)
(2012: 3: 5:16:20) - (Middleland) Total user(3)
(2012: 3: 5:16:21) - (Middleland) Total user(3)
(2012: 3: 5:16:22) - (Middleland) Total user(3)
(2012: 3: 5:16:24) - (Middleland) Total user(3)
(2012: 3: 5:16:25) - (Middleland) Total user(3)
(2012: 3: 5:16:26) - (Middleland) Total user(3)
(2012: 3: 5:16:27) - (Middleland) Total user(3)
(2012: 3: 5:16:28) - (Middleland) Total user(2)
(2012: 3: 5:16:29) - (Middleland) Total user(2)
(2012: 3: 5:16:30) - (Middleland) Total user(3)
(2012: 3: 5:16:31) - (Middleland) Total user(3)
(2012: 3: 5:16:32) - (Middleland) Total user(3)
(2012: 3: 5:16:33) - (Middleland) Total user(3)
(2012: 3: 5:16:34) - (Middleland) Total user(3)
(2012: 3: 5:16:35) - (Middleland) Total user(4)
(2012: 3: 5:16:36) - (Middleland) Total user(4)
(2012: 3: 5:16:37) - (Middleland) Total user(4)
(2012: 3: 5:16:38) - (Middleland) Total user(4)
(2012: 3: 5:16:39) - (Middleland) Total user(4)
(2012: 3: 5:16:40) - (Middleland) Total user(4)
(2012: 3: 5:16:41) - (Middleland) Total user(5)
(2012: 3: 5:16:42) - (Middleland) Total user(5)
(2012: 3: 5:16:43) - (Middleland) Total user(5)
(2012: 3: 5:16:44) - (Middleland) Total user(5)
(2012: 3: 5:16:45) - (Middleland) Total user(5)
(2012: 3: 5:16:46) - (Middleland) Total user(5)
(2012: 3: 5:16:47) - (Middleland) Total user(5)
(2012: 3: 5:16:48) - (Middleland) Total user(5)
(2012: 3: 5:16:49) - (Middleland) Total user(5)
(2012: 3: 5:16:50) - (Middleland) Total user(5)
(2012: 3: 5:16:51) - (Middleland) Total user(5)
(2012: 3: 5:16:52) - (Middleland) Total user(5)
(2012: 3: 5:16:53) - (Middleland) Total user(5)
(2012: 3: 5:16:54) - (Middleland) Total user(5)
(2012: 3: 5:16:55) - (Middleland) Total user(5)
(2012: 3: 5:16:56) - (Middleland) Total user(4)
(2012: 3: 5:16:57) - (Middleland) Total user(4)
(2012: 3: 5:16:58) - (Middleland) Total user(4)
(2012: 3: 5:16:59) - (Middleland) Total user(4)
(2012: 3: 5:17: 0) - (Middleland) Total user(4)
(2012: 3: 5:17: 1) - (Middleland) Total user(4)
(2012: 3: 5:17: 2) - (Middleland) Total user(4)
(2012: 3: 5:17: 3) - (Middleland) Total user(4)
(2012: 3: 5:17: 4) - (Middleland) Total user(4)
(2012: 3: 5:17: 5) - (Middleland) Total user(4)
(2012: 3: 5:17: 6) - (Middleland) Total user(3)
(2012: 3: 5:17: 7) - (Middleland) Total user(3)
(2012: 3: 5:17: 8) - (Middleland) Total user(3)
(2012: 3: 5:17: 9) - (Middleland) Total user(3)
(2012: 3: 5:17:10) - (Middleland) Total user(3)
(2012: 3: 5:17:11) - (Middleland) Total user(3)
(2012: 3: 5:17:12) - (Middleland) Total user(4)
(2012: 3: 5:17:13) - (Middleland) Total user(3)
(2012: 3: 5:17:14) - (Middleland) Total user(4)
(2012: 3: 5:17:15) - (Middleland) Total user(3)
(2012: 3: 5:17:16) - (Middleland) Total user(3)
(2012: 3: 5:17:17) - (Middleland) Total user(3)
(2012: 3: 5:17:18) - (Middleland) Total user(3)
(2012: 3: 5:17:19) - (Middleland) Total user(3)
(2012: 3: 5:17:20) - (Middleland) Total user(3)
(2012: 3: 5:17:21) - (Middleland) Total user(3)
(2012: 3: 5:17:22) - (Middleland) Total user(3)
(2012: 3: 5:17:23) - (Middleland) Total user(3)
(2012: 3: 5:17:25) - (Middleland) Total user(3)
(2012: 3: 5:17:26) - (Middleland) Total user(3)
(2012: 3: 5:17:27) - (Middleland) Total user(4)
(2012: 3: 5:17:28) - (Middleland) Total user(4)
(2012: 3: 5:17:29) - (Middleland) Total user(4)
(2012: 3: 5:17:30) - (Middleland) Total user(4)
(2012: 3: 5:17:31) - (Middleland) Total user(4)
(2012: 3: 5:17:32) - (Middleland) Total user(4)
(2012: 3: 5:17:33) - (Middleland) Total user(5)
(2012: 3: 5:17:34) - (Middleland) Total user(5)
(2012: 3: 5:17:35) - (Middleland) Total user(5)
(2012: 3: 5:17:36) - (Middleland) Total user(5)
(2012: 3: 5:17:37) - (Middleland) Total user(5)
(2012: 3: 5:17:38) - (Middleland) Total user(5)
(2012: 3: 5:17:39) - (Middleland) Total user(5)
(2012: 3: 5:17:40) - (Middleland) Total user(4)
(2012: 3: 5:17:41) - (Middleland) Total user(4)
(2012: 3: 5:17:42) - (Middleland) Total user(3)
(2012: 3: 5:17:43) - (Middleland) Total user(3)
(2012: 3: 5:17:44) - (Middleland) Total user(3)
(2012: 3: 5:17:45) - (Middleland) Total user(3)
(2012: 3: 5:17:46) - (Middleland) Total user(3)
(2012: 3: 5:17:47) - (Middleland) Total user(3)
(2012: 3: 5:17:48) - (Middleland) Total user(3)
(2012: 3: 5:17:49) - (Middleland) Total user(3)
(2012: 3: 5:17:50) - (Middleland) Total user(3)
(2012: 3: 5:17:51) - (Middleland) Total user(3)
(2012: 3: 5:17:52) - (Middleland) Total user(3)
(2012: 3: 5:17:53) - (Middleland) Total user(3)
(2012: 3: 5:17:54) - (Middleland) Total user(3)
(2012: 3: 5:17:55) - (Middleland) Total user(3)
(2012: 3: 5:17:56) - (Middleland) Total user(3)
(2012: 3: 5:17:57) - (Middleland) Total user(2)
(2012: 3: 5:17:58) - (Middleland) Total user(1)
(2012: 3: 5:17:59) - (Middleland) Total user(2)
(2012: 3: 5:18: 0) - (Middleland) Total user(2)
(2012: 3: 5:18: 1) - (Middleland) Total user(2)
(2012: 3: 5:18: 2) - (Middleland) Total user(2)
(2012: 3: 5:18: 3) - (Middleland) Total user(2)
(2012: 3: 5:18: 4) - (Middleland) Total user(2)
(2012: 3: 5:18: 5) - (Middleland) Total user(2)
(2012: 3: 5:18: 6) - (Middleland) Total user(2)
(2012: 3: 5:18: 7) - (Middleland) Total user(1)
(2012: 3: 5:18: 8) - (Middleland) Total user(1)
(2012: 3: 5:18: 9) - (Middleland) Total user(1)
(2012: 3: 5:18:10) - (Middleland) Total user(1)
(2012: 3: 5:18:11) - (Middleland) Total user(1)
(2012: 3: 5:18:12) - (Middleland) Total user(1)
(2012: 3: 5:18:13) - (Middleland) Total user(1)
(2012: 3: 5:18:14) - (Middleland) Total user(1)
(2012: 3: 5:18:15) - (Middleland) Total user(1)
(2012: 3: 5:18:16) - (Middleland) Total user(1)
(2012: 3: 5:18:17) - (Middleland) Total user(1)
(2012: 3: 5:18:18) - (Middleland) Total user(1)
(2012: 3: 5:18:19) - (Middleland) Total user(1)
(2012: 3: 5:18:20) - (Middleland) Total user(1)
(2012: 3: 5:18:21) - (Middleland) Total user(1)
(2012: 3: 5:18:22) - (Middleland) Total user(1)
(2012: 3: 5:18:23) - (Middleland) Total user(1)
(2012: 3: 5:18:24) - (Middleland) Total user(1)
(2012: 3: 5:18:26) - (Middleland) Total user(2)
(2012: 3: 5:18:27) - (Middleland) Total user(2)
(2012: 3: 5:18:28) - (Middleland) Total user(2)
(2012: 3: 5:18:29) - (Middleland) Total user(2)
(2012: 3: 5:18:30) - (Middleland) Total user(2)
(2012: 3: 5:18:31) - (Middleland) Total user(2)
(2012: 3: 5:18:32) - (Middleland) Total user(2)
(2012: 3: 5:18:33) - (Middleland) Total user(2)
(2012: 3: 5:18:34) - (Middleland) Total user(2)
(2012: 3: 5:18:35) - (Middleland) Total user(2)
(2012: 3: 5:18:36) - (Middleland) Total user(2)
(2012: 3: 5:18:37) - (Middleland) Total user(2)
(2012: 3: 5:18:38) - (Middleland) Total user(2)
(2012: 3: 5:18:39) - (Middleland) Total user(2)
(2012: 3: 5:18:40) - (Middleland) Total user(2)
(2012: 3: 5:18:41) - (Middleland) Total user(2)
(2012: 3: 5:18:42) - (Middleland) Total user(2)
(2012: 3: 5:18:43) - (Middleland) Total user(2)
(2012: 3: 5:18:44) - (Middleland) Total user(2)
(2012: 3: 5:18:45) - (Middleland) Total user(2)
(2012: 3: 5:18:46) - (Middleland) Total user(2)
(2012: 3: 5:18:47) - (Middleland) Total user(2)
(2012: 3: 5:18:48) - (Middleland) Total user(2)
(2012: 3: 5:18:49) - (Middleland) Total user(2)
(2012: 3: 5:18:50) - (Middleland) Total user(2)
(2012: 3: 5:18:51) - (Middleland) Total user(2)
(2012: 3: 5:18:52) - (Middleland) Total user(2)
(2012: 3: 5:18:53) - (Middleland) Total user(2)
(2012: 3: 5:18:54) - (Middleland) Total user(2)
(2012: 3: 5:18:55) - (Middleland) Total user(2)
(2012: 3: 5:18:56) - (Middleland) Total user(2)
(2012: 3: 5:18:57) - (Middleland) Total user(2)
(2012: 3: 5:18:58) - (Middleland) Total user(2)
(2012: 3: 5:18:59) - (Middleland) Total user(2)
(2012: 3: 5:19: 0) - (Middleland) Total user(2)
(2012: 3: 5:19: 1) - (Middleland) Total user(2)
(2012: 3: 5:19: 2) - (Middleland) Total user(2)
(2012: 3: 5:19: 3) - (Middleland) Total user(2)
(2012: 3: 5:19: 4) - (Middleland) Total user(2)
(2012: 3: 5:19: 5) - (Middleland) Total user(2)
(2012: 3: 5:19: 6) - (Middleland) Total user(2)
(2012: 3: 5:19: 7) - (Middleland) Total user(2)
(2012: 3: 5:19: 8) - (Middleland) Total user(2)
(2012: 3: 5:19: 9) - (Middleland) Total user(2)
(2012: 3: 5:19:10) - (Middleland) Total user(2)
(2012: 3: 5:19:11) - (Middleland) Total user(2)
(2012: 3: 5:19:12) - (Middleland) Total user(1)
(2012: 3: 5:19:13) - (Middleland) Total user(1)
(2012: 3: 5:19:14) - (Middleland) Total user(2)
(2012: 3: 5:19:15) - (Middleland) Total user(2)
(2012: 3: 5:19:16) - (Middleland) Total user(2)
(2012: 3: 5:19:17) - (Middleland) Total user(2)
(2012: 3: 5:19:18) - (Middleland) Total user(2)
(2012: 3: 5:19:19) - (Middleland) Total user(2)
(2012: 3: 5:19:20) - (Middleland) Total user(2)
(2012: 3: 5:19:21) - (Middleland) Total user(2)
(2012: 3: 5:19:22) - (Middleland) Total user(2)
(2012: 3: 5:19:23) - (Middleland) Total user(2)
(2012: 3: 5:19:24) - (Middleland) Total user(2)
(2012: 3: 5:19:25) - (Middleland) Total user(2)
(2012: 3: 5:19:27) - (Middleland) Total user(1)
(2012: 3: 5:19:28) - (Middleland) Total user(1)
(2012: 3: 5:19:29) - (Middleland) Total user(1)
(2012: 3: 5:19:30) - (Middleland) Total user(1)
(2012: 3: 5:19:31) - (Middleland) Total user(1)
(2012: 3: 5:19:32) - (Middleland) Total user(1)
(2012: 3: 5:19:33) - (Middleland) Total user(1)
(2012: 3: 5:19:34) - (Middleland) Total user(1)
(2012: 3: 5:19:35) - (Middleland) Total user(1)
(2012: 3: 5:19:36) - (Middleland) Total user(1)
(2012: 3: 5:19:37) - (Middleland) Total user(1)
(2012: 3: 5:19:38) - (Middleland) Total user(1)
(2012: 3: 5:19:39) - (Middleland) Total user(1)
(2012: 3: 5:19:40) - (Middleland) Total user(1)
(2012: 3: 5:19:41) - (Middleland) Total user(1)
(2012: 3: 5:19:42) - (Middleland) Total user(1)
(2012: 3: 5:19:43) - (Middleland) Total user(1)
(2012: 3: 5:19:44) - (Middleland) Total user(2)
(2012: 3: 5:19:45) - (Middleland) Total user(2)
(2012: 3: 5:19:46) - (Middleland) Total user(1)
(2012: 3: 5:19:47) - (Middleland) Total user(1)
(2012: 3: 5:19:48) - (Middleland) Total user(1)
(2012: 3: 5:19:49) - (Middleland) Total user(1)
(2012: 3: 5:19:50) - (Middleland) Total user(1)
(2012: 3: 5:19:51) - (Middleland) Total user(1)
(2012: 3: 5:19:52) - (Middleland) Total user(1)
(2012: 3: 5:19:53) - (Middleland) Total user(1)
(2012: 3: 5:19:54) - (Middleland) Total user(1)
(2012: 3: 5:19:55) - (Middleland) Total user(1)
(2012: 3: 5:19:56) - (Middleland) Total user(1)
(2012: 3: 5:19:57) - (Middleland) Total user(1)
(2012: 3: 5:19:58) - (Middleland) Total user(1)
(2012: 3: 5:19:59) - (Middleland) Total user(1)
(2012: 3: 5:20: 0) - (Middleland) Total user(1)
(2012: 3: 5:20: 1) - (Middleland) Total user(1)
(2012: 3: 5:20: 2) - (Middleland) Total user(1)
(2012: 3: 5:20: 3) - (Middleland) Total user(1)
(2012: 3: 5:20: 4) - (Middleland) Total user(2)
(2012: 3: 5:20: 5) - (Middleland) Total user(2)
(2012: 3: 5:20: 6) - (Middleland) Total user(2)
(2012: 3: 5:20: 7) - (Middleland) Total user(2)
(2012: 3: 5:20: 8) - (Middleland) Total user(2)
(2012: 3: 5:20: 9) - (Middleland) Total user(2)
(2012: 3: 5:20:10) - (Middleland) Total user(2)
(2012: 3: 5:20:11) - (Middleland) Total user(2)
(2012: 3: 5:20:12) - (Middleland) Total user(2)
(2012: 3: 5:20:13) - (Middleland) Total user(2)
(2012: 3: 5:20:14) - (Middleland) Total user(2)
(2012: 3: 5:20:15) - (Middleland) Total user(2)
(2012: 3: 5:20:16) - (Middleland) Total user(2)
(2012: 3: 5:20:17) - (Middleland) Total user(2)
(2012: 3: 5:20:18) - (Middleland) Total user(2)
(2012: 3: 5:20:19) - (Middleland) Total user(1)
(2012: 3: 5:20:20) - (Middleland) Total user(1)
(2012: 3: 5:20:21) - (Middleland) Total user(1)
(2012: 3: 5:20:22) - (Middleland) Total user(1)
(2012: 3: 5:20:23) - (Middleland) Total user(1)
(2012: 3: 5:20:24) - (Middleland) Total user(1)
(2012: 3: 5:20:25) - (Middleland) Total user(2)
(2012: 3: 5:20:27) - (Middleland) Total user(2)
(2012: 3: 5:20:28) - (Middleland) Total user(2)
(2012: 3: 5:20:29) - (Middleland) Total user(2)
(2012: 3: 5:20:30) - (Middleland) Total user(2)
(2012: 3: 5:20:31) - (Middleland) Total user(1)
(2012: 3: 5:20:32) - (Middleland) Total user(1)
(2012: 3: 5:20:33) - (Middleland) Total user(1)
(2012: 3: 5:20:34) - (Middleland) Total user(1)
(2012: 3: 5:20:35) - (Middleland) Total user(1)
(2012: 3: 5:20:36) - (Middleland) Total user(1)
(2012: 3: 5:20:37) - (Middleland) Total user(1)
(2012: 3: 5:20:38) - (Middleland) Total user(1)
(2012: 3: 5:20:39) - (Middleland) Total user(1)
(2012: 3: 5:20:40) - (Middleland) Total user(1)
(2012: 3: 5:20:41) - (Middleland) Total user(1)
(2012: 3: 5:20:42) - (Middleland) Total user(1)
(2012: 3: 5:20:43) - (Middleland) Total user(1)
(2012: 3: 5:20:44) - (Middleland) Total user(1)
(2012: 3: 5:20:45) - (Middleland) Total user(1)
(2012: 3: 5:20:46) - (Middleland) Total user(1)
(2012: 3: 5:20:47) - (Middleland) Total user(1)
(2012: 3: 5:20:48) - (Middleland) Total user(1)
(2012: 3: 5:20:49) - (Middleland) Total user(1)
(2012: 3: 5:20:50) - (Middleland) Total user(1)
(2012: 3: 5:20:51) - (Middleland) Total user(2)
(2012: 3: 5:20:52) - (Middleland) Total user(2)
(2012: 3: 5:20:53) - (Middleland) Total user(2)
(2012: 3: 5:20:54) - (Middleland) Total user(2)
(2012: 3: 5:20:55) - (Middleland) Total user(2)
(2012: 3: 5:20:56) - (Middleland) Total user(2)
(2012: 3: 5:20:57) - (Middleland) Total user(2)
(2012: 3: 5:20:58) - (Middleland) Total user(2)
(2012: 3: 5:20:59) - (Middleland) Total user(2)
(2012: 3: 5:21: 0) - (Middleland) Total user(2)
(2012: 3: 5:21: 1) - (Middleland) Total user(2)
(2012: 3: 5:21: 2) - (Middleland) Total user(2)
(2012: 3: 5:21: 3) - (Middleland) Total user(3)
(2012: 3: 5:21: 4) - (Middleland) Total user(3)
(2012: 3: 5:21: 5) - (Middleland) Total user(3)
(2012: 3: 5:21: 6) - (Middleland) Total user(3)
(2012: 3: 5:21: 7) - (Middleland) Total user(3)
(2012: 3: 5:21: 8) - (Middleland) Total user(3)
(2012: 3: 5:21: 9) - (Middleland) Total user(3)
(2012: 3: 5:21:10) - (Middleland) Total user(3)
(2012: 3: 5:21:11) - (Middleland) Total user(3)
(2012: 3: 5:21:12) - (Middleland) Total user(3)
(2012: 3: 5:21:13) - (Middleland) Total user(3)
(2012: 3: 5:21:14) - (Middleland) Total user(3)
(2012: 3: 5:21:15) - (Middleland) Total user(4)
(2012: 3: 5:21:16) - (Middleland) Total user(4)
(2012: 3: 5:21:17) - (Middleland) Total user(4)
(2012: 3: 5:21:18) - (Middleland) Total user(4)
(2012: 3: 5:21:19) - (Middleland) Total user(4)
(2012: 3: 5:21:20) - (Middleland) Total user(4)
(2012: 3: 5:21:21) - (Middleland) Total user(4)
(2012: 3: 5:21:22) - (Middleland) Total user(4)
(2012: 3: 5:21:23) - (Middleland) Total user(4)
(2012: 3: 5:21:24) - (Middleland) Total user(4)
(2012: 3: 5:21:25) - (Middleland) Total user(4)
(2012: 3: 5:21:26) - (Middleland) Total user(4)
(2012: 3: 5:21:28) - (Middleland) Total user(4)
(2012: 3: 5:21:29) - (Middleland) Total user(4)
(2012: 3: 5:21:30) - (Middleland) Total user(4)
(2012: 3: 5:21:31) - (Middleland) Total user(5)
(2012: 3: 5:21:32) - (Middleland) Total user(5)
(2012: 3: 5:21:33) - (Middleland) Total user(5)
(2012: 3: 5:21:34) - (Middleland) Total user(5)
(2012: 3: 5:21:35) - (Middleland) Total user(6)
(2012: 3: 5:21:36) - (Middleland) Total user(5)
(2012: 3: 5:21:37) - (Middleland) Total user(6)
(2012: 3: 5:21:38) - (Middleland) Total user(5)
(2012: 3: 5:21:39) - (Middleland) Total user(5)
(2012: 3: 5:21:40) - (Middleland) Total user(4)
(2012: 3: 5:21:41) - (Middleland) Total user(4)
(2012: 3: 5:21:42) - (Middleland) Total user(5)
(2012: 3: 5:21:43) - (Middleland) Total user(5)
(2012: 3: 5:21:44) - (Middleland) Total user(6)
(2012: 3: 5:21:45) - (Middleland) Total user(6)
(2012: 3: 5:21:46) - (Middleland) Total user(5)
(2012: 3: 5:21:47) - (Middleland) Total user(6)
(2012: 3: 5:21:48) - (Middleland) Total user(6)
(2012: 3: 5:21:49) - (Middleland) Total user(6)
(2012: 3: 5:21:50) - (Middleland) Total user(5)
(2012: 3: 5:21:51) - (Middleland) Total user(5)
(2012: 3: 5:21:52) - (Middleland) Total user(5)
(2012: 3: 5:21:53) - (Middleland) Total user(5)
(2012: 3: 5:21:54) - (Middleland) Total user(5)
(2012: 3: 5:21:55) - (Middleland) Total user(5)
(2012: 3: 5:21:56) - (Middleland) Total user(5)
(2012: 3: 5:21:57) - (Middleland) Total user(4)
(2012: 3: 5:21:58) - (Middleland) Total user(4)
(2012: 3: 5:21:59) - (Middleland) Total user(4)
(2012: 3: 5:22: 0) - (Middleland) Total user(4)
(2012: 3: 5:22: 1) - (Middleland) Total user(4)
(2012: 3: 5:22: 2) - (Middleland) Total user(4)
(2012: 3: 5:22: 3) - (Middleland) Total user(4)
(2012: 3: 5:22: 4) - (Middleland) Total user(4)
(2012: 3: 5:22: 5) - (Middleland) Total user(4)
(2012: 3: 5:22: 6) - (Middleland) Total user(4)
(2012: 3: 5:22: 7) - (Middleland) Total user(4)
(2012: 3: 5:22: 8) - (Middleland) Total user(4)
(2012: 3: 5:22: 9) - (Middleland) Total user(4)
(2012: 3: 5:22:10) - (Middleland) Total user(5)
(2012: 3: 5:22:11) - (Middleland) Total user(5)
(2012: 3: 5:22:12) - (Middleland) Total user(5)
(2012: 3: 5:22:13) - (Middleland) Total user(5)
(2012: 3: 5:22:14) - (Middleland) Total user(5)
(2012: 3: 5:22:15) - (Middleland) Total user(5)
(2012: 3: 5:22:16) - (Middleland) Total user(5)
(2012: 3: 5:22:17) - (Middleland) Total user(5)
(2012: 3: 5:22:18) - (Middleland) Total user(6)
(2012: 3: 5:22:19) - (Middleland) Total user(6)
(2012: 3: 5:22:20) - (Middleland) Total user(6)
(2012: 3: 5:22:21) - (Middleland) Total user(6)
(2012: 3: 5:22:22) - (Middleland) Total user(6)
(2012: 3: 5:22:23) - (Middleland) Total user(6)
(2012: 3: 5:22:24) - (Middleland) Total user(6)
(2012: 3: 5:22:25) - (Middleland) Total user(6)
(2012: 3: 5:22:26) - (Middleland) Total user(6)
(2012: 3: 5:22:27) - (Middleland) Total user(6)
(2012: 3: 5:22:29) - (Middleland) Total user(6)
(2012: 3: 5:22:30) - (Middleland) Total user(6)
(2012: 3: 5:22:31) - (Middleland) Total user(6)
(2012: 3: 5:22:32) - (Middleland) Total user(6)
(2012: 3: 5:22:33) - (Middleland) Total user(6)
(2012: 3: 5:22:34) - (Middleland) Total user(6)
(2012: 3: 5:22:35) - (Middleland) Total user(6)
(2012: 3: 5:22:36) - (Middleland) Total user(6)
(2012: 3: 5:22:37) - (Middleland) Total user(6)
(2012: 3: 5:22:38) - (Middleland) Total user(6)
(2012: 3: 5:22:39) - (Middleland) Total user(6)
(2012: 3: 5:22:40) - (Middleland) Total user(6)
(2012: 3: 5:22:41) - (Middleland) Total user(6)
(2012: 3: 5:22:42) - (Middleland) Total user(6)
(2012: 3: 5:22:43) - (Middleland) Total user(6)
(2012: 3: 5:22:44) - (Middleland) Total user(6)
(2012: 3: 5:22:45) - (Middleland) Total user(6)
(2012: 3: 5:22:46) - (Middleland) Total user(6)
(2012: 3: 5:22:47) - (Middleland) Total user(6)
(2012: 3: 5:22:48) - (Middleland) Total user(6)
(2012: 3: 5:22:49) - (Middleland) Total user(6)
(2012: 3: 5:22:50) - (Middleland) Total user(6)
(2012: 3: 5:22:51) - (Middleland) Total user(6)
(2012: 3: 5:22:52) - (Middleland) Total user(6)
(2012: 3: 5:22:53) - (Middleland) Total user(6)
(2012: 3: 5:22:54) - (Middleland) Total user(6)
(2012: 3: 5:22:55) - (Middleland) Total user(6)
(2012: 3: 5:22:56) - (Middleland) Total user(6)
(2012: 3: 5:22:57) - (Middleland) Total user(6)
(2012: 3: 5:22:58) - (Middleland) Total user(6)
(2012: 3: 5:22:59) - (Middleland) Total user(6)
(2012: 3: 5:23: 0) - (Middleland) Total user(5)
(2012: 3: 5:23: 1) - (Middleland) Total user(5)
(2012: 3: 5:23: 2) - (Middleland) Total user(6)
(2012: 3: 5:23: 3) - (Middleland) Total user(5)
(2012: 3: 5:23: 4) - (Middleland) Total user(6)
(2012: 3: 5:23: 5) - (Middleland) Total user(6)
(2012: 3: 5:23: 6) - (Middleland) Total user(6)
(2012: 3: 5:23: 7) - (Middleland) Total user(6)
(2012: 3: 5:23: 8) - (Middleland) Total user(5)
(2012: 3: 5:23: 9) - (Middleland) Total user(5)
(2012: 3: 5:23:10) - (Middleland) Total user(5)
(2012: 3: 5:23:11) - (Middleland) Total user(0)
(2012: 3: 5:23:53) - (Middleland) Total user(1)
(2012: 3: 5:23:54) - (Middleland) Total user(1)
(2012: 3: 5:23:55) - (Middleland) Total user(0)
(2012: 3: 5:23:56) - (Middleland) Total user(2)
