(2012: 2:28: 0:18) - (Middleland) Total user(0)
(2012: 2:28: 0:19) - (Middleland) Total user(0)
(2012: 2:28: 0:20) - (Middleland) Total user(0)
(2012: 2:28: 0:21) - (Middleland) Total user(0)
(2012: 2:28: 0:22) - (Middleland) Total user(0)
(2012: 2:28: 0:23) - (Middleland) Total user(0)
(2012: 2:28: 0:24) - (Middleland) Total user(0)
(2012: 2:28: 0:25) - (Middleland) Total user(0)
(2012: 2:28: 0:26) - (Middleland) Total user(0)
(2012: 2:28: 0:27) - (Middleland) Total user(0)
(2012: 2:28: 0:28) - (Middleland) Total user(0)
(2012: 2:28: 0:29) - (Middleland) Total user(0)
(2012: 2:28: 0:30) - (Middleland) Total user(0)
(2012: 2:28: 0:31) - (Middleland) Total user(0)
(2012: 2:28: 0:32) - (Middleland) Total user(0)
(2012: 2:28: 0:33) - (Middleland) Total user(0)
(2012: 2:28: 0:34) - (Middleland) Total user(0)
(2012: 2:28: 0:35) - (Middleland) Total user(0)
(2012: 2:28: 0:36) - (Middleland) Total user(0)
(2012: 2:28: 0:37) - (Middleland) Total user(0)
(2012: 2:28: 0:38) - (Middleland) Total user(0)
(2012: 2:28: 0:39) - (Middleland) Total user(0)
(2012: 2:28: 0:40) - (Middleland) Total user(0)
(2012: 2:28: 0:41) - (Middleland) Total user(0)
(2012: 2:28: 0:42) - (Middleland) Total user(0)
(2012: 2:28: 0:43) - (Middleland) Total user(0)
(2012: 2:28: 0:44) - (Middleland) Total user(0)
(2012: 2:28: 0:45) - (Middleland) Total user(0)
(2012: 2:28: 0:46) - (Middleland) Total user(0)
(2012: 2:28: 0:47) - (Middleland) Total user(0)
(2012: 2:28: 0:48) - (Middleland) Total user(0)
(2012: 2:28: 0:49) - (Middleland) Total user(0)
(2012: 2:28: 0:50) - (Middleland) Total user(0)
(2012: 2:28: 0:51) - (Middleland) Total user(0)
(2012: 2:28: 1: 5) - (Middleland) Total user(0)
(2012: 2:28: 1: 6) - (Middleland) Total user(0)
(2012: 2:28: 1: 7) - (Middleland) Total user(0)
(2012: 2:28: 1: 8) - (Middleland) Total user(0)
(2012: 2:28: 1: 9) - (Middleland) Total user(2)
(2012: 2:28: 1:10) - (Middleland) Total user(4)
(2012: 2:28: 1:11) - (Middleland) Total user(4)
(2012: 2:28: 1:12) - (Middleland) Total user(4)
(2012: 2:28: 1:13) - (Middleland) Total user(4)
(2012: 2:28: 1:14) - (Middleland) Total user(3)
(2012: 2:28: 1:15) - (Middleland) Total user(5)
(2012: 2:28: 1:16) - (Middleland) Total user(5)
(2012: 2:28: 1:17) - (Middleland) Total user(4)
(2012: 2:28: 1:19) - (Middleland) Total user(5)
(2012: 2:28: 1:20) - (Middleland) Total user(6)
(2012: 2:28: 1:21) - (Middleland) Total user(6)
(2012: 2:28: 1:22) - (Middleland) Total user(6)
(2012: 2:28: 1:23) - (Middleland) Total user(6)
(2012: 2:28: 1:24) - (Middleland) Total user(6)
(2012: 2:28: 1:25) - (Middleland) Total user(6)
(2012: 2:28: 1:26) - (Middleland) Total user(6)
(2012: 2:28: 1:27) - (Middleland) Total user(6)
(2012: 2:28: 1:28) - (Middleland) Total user(6)
(2012: 2:28: 1:29) - (Middleland) Total user(5)
(2012: 2:28: 1:30) - (Middleland) Total user(7)
(2012: 2:28: 1:31) - (Middleland) Total user(7)
(2012: 2:28: 1:32) - (Middleland) Total user(7)
(2012: 2:28: 1:33) - (Middleland) Total user(6)
(2012: 2:28: 1:34) - (Middleland) Total user(6)
(2012: 2:28: 1:35) - (Middleland) Total user(6)
(2012: 2:28: 1:36) - (Middleland) Total user(6)
(2012: 2:28: 1:37) - (Middleland) Total user(6)
(2012: 2:28: 1:38) - (Middleland) Total user(6)
(2012: 2:28: 1:39) - (Middleland) Total user(6)
(2012: 2:28: 1:40) - (Middleland) Total user(6)
(2012: 2:28: 1:41) - (Middleland) Total user(6)
(2012: 2:28: 1:42) - (Middleland) Total user(6)
(2012: 2:28: 1:43) - (Middleland) Total user(6)
(2012: 2:28: 1:44) - (Middleland) Total user(6)
(2012: 2:28: 1:45) - (Middleland) Total user(6)
(2012: 2:28: 1:46) - (Middleland) Total user(6)
(2012: 2:28: 1:47) - (Middleland) Total user(6)
(2012: 2:28: 1:48) - (Middleland) Total user(6)
(2012: 2:28: 1:49) - (Middleland) Total user(6)
(2012: 2:28: 1:50) - (Middleland) Total user(7)
(2012: 2:28: 1:51) - (Middleland) Total user(6)
(2012: 2:28: 1:52) - (Middleland) Total user(5)
(2012: 2:28: 1:53) - (Middleland) Total user(6)
(2012: 2:28: 1:54) - (Middleland) Total user(6)
(2012: 2:28: 1:55) - (Middleland) Total user(7)
(2012: 2:28: 1:56) - (Middleland) Total user(7)
(2012: 2:28: 1:57) - (Middleland) Total user(7)
(2012: 2:28: 1:58) - (Middleland) Total user(7)
(2012: 2:28: 1:59) - (Middleland) Total user(7)
(2012: 2:28: 2: 0) - (Middleland) Total user(7)
(2012: 2:28: 2: 1) - (Middleland) Total user(7)
(2012: 2:28: 2: 2) - (Middleland) Total user(7)
(2012: 2:28: 2: 3) - (Middleland) Total user(7)
(2012: 2:28: 2: 4) - (Middleland) Total user(7)
(2012: 2:28: 2: 5) - (Middleland) Total user(7)
(2012: 2:28: 2: 6) - (Middleland) Total user(7)
(2012: 2:28: 2: 7) - (Middleland) Total user(7)
(2012: 2:28: 2: 8) - (Middleland) Total user(7)
(2012: 2:28: 2: 9) - (Middleland) Total user(7)
(2012: 2:28: 2:10) - (Middleland) Total user(7)
(2012: 2:28: 2:11) - (Middleland) Total user(7)
(2012: 2:28: 2:12) - (Middleland) Total user(7)
(2012: 2:28: 2:13) - (Middleland) Total user(7)
(2012: 2:28: 2:14) - (Middleland) Total user(8)
(2012: 2:28: 2:15) - (Middleland) Total user(8)
(2012: 2:28: 2:16) - (Middleland) Total user(8)
(2012: 2:28: 2:17) - (Middleland) Total user(7)
(2012: 2:28: 2:19) - (Middleland) Total user(6)
(2012: 2:28: 2:20) - (Middleland) Total user(6)
(2012: 2:28: 2:21) - (Middleland) Total user(6)
(2012: 2:28: 2:22) - (Middleland) Total user(6)
(2012: 2:28: 2:23) - (Middleland) Total user(6)
(2012: 2:28: 2:24) - (Middleland) Total user(7)
(2012: 2:28: 2:25) - (Middleland) Total user(6)
(2012: 2:28: 2:26) - (Middleland) Total user(5)
(2012: 2:28: 2:27) - (Middleland) Total user(7)
(2012: 2:28: 2:28) - (Middleland) Total user(6)
(2012: 2:28: 2:29) - (Middleland) Total user(6)
(2012: 2:28: 2:30) - (Middleland) Total user(6)
(2012: 2:28: 2:31) - (Middleland) Total user(7)
(2012: 2:28: 2:32) - (Middleland) Total user(7)
(2012: 2:28: 2:33) - (Middleland) Total user(7)
(2012: 2:28: 2:34) - (Middleland) Total user(7)
(2012: 2:28: 2:35) - (Middleland) Total user(7)
(2012: 2:28: 2:36) - (Middleland) Total user(7)
(2012: 2:28: 2:37) - (Middleland) Total user(7)
(2012: 2:28: 2:38) - (Middleland) Total user(7)
(2012: 2:28: 2:39) - (Middleland) Total user(7)
(2012: 2:28: 2:40) - (Middleland) Total user(7)
(2012: 2:28: 2:41) - (Middleland) Total user(7)
(2012: 2:28: 2:42) - (Middleland) Total user(7)
(2012: 2:28: 2:43) - (Middleland) Total user(7)
(2012: 2:28: 2:44) - (Middleland) Total user(7)
(2012: 2:28: 2:45) - (Middleland) Total user(7)
(2012: 2:28: 2:46) - (Middleland) Total user(7)
(2012: 2:28: 2:47) - (Middleland) Total user(7)
(2012: 2:28: 2:48) - (Middleland) Total user(7)
(2012: 2:28: 2:49) - (Middleland) Total user(7)
(2012: 2:28: 2:50) - (Middleland) Total user(7)
(2012: 2:28: 2:51) - (Middleland) Total user(7)
(2012: 2:28: 2:52) - (Middleland) Total user(6)
(2012: 2:28: 2:53) - (Middleland) Total user(7)
(2012: 2:28: 2:54) - (Middleland) Total user(7)
(2012: 2:28: 2:55) - (Middleland) Total user(7)
(2012: 2:28: 2:56) - (Middleland) Total user(7)
(2012: 2:28: 2:57) - (Middleland) Total user(7)
(2012: 2:28: 2:58) - (Middleland) Total user(5)
(2012: 2:28: 2:59) - (Middleland) Total user(6)
(2012: 2:28: 3: 0) - (Middleland) Total user(6)
(2012: 2:28: 3: 1) - (Middleland) Total user(5)
(2012: 2:28: 3: 2) - (Middleland) Total user(5)
(2012: 2:28: 3: 3) - (Middleland) Total user(6)
(2012: 2:28: 3: 4) - (Middleland) Total user(6)
(2012: 2:28: 3: 5) - (Middleland) Total user(6)
(2012: 2:28: 3: 6) - (Middleland) Total user(6)
(2012: 2:28: 3: 7) - (Middleland) Total user(6)
(2012: 2:28: 3: 8) - (Middleland) Total user(6)
(2012: 2:28: 3: 9) - (Middleland) Total user(6)
(2012: 2:28: 3:10) - (Middleland) Total user(6)
(2012: 2:28: 3:11) - (Middleland) Total user(6)
(2012: 2:28: 3:12) - (Middleland) Total user(6)
(2012: 2:28: 3:13) - (Middleland) Total user(6)
(2012: 2:28: 3:14) - (Middleland) Total user(6)
(2012: 2:28: 3:15) - (Middleland) Total user(6)
(2012: 2:28: 3:16) - (Middleland) Total user(5)
(2012: 2:28: 3:17) - (Middleland) Total user(5)
(2012: 2:28: 3:18) - (Middleland) Total user(5)
(2012: 2:28: 3:20) - (Middleland) Total user(5)
(2012: 2:28: 3:21) - (Middleland) Total user(5)
(2012: 2:28: 3:22) - (Middleland) Total user(5)
(2012: 2:28: 3:23) - (Middleland) Total user(5)
(2012: 2:28: 3:24) - (Middleland) Total user(5)
(2012: 2:28: 3:25) - (Middleland) Total user(5)
(2012: 2:28: 3:26) - (Middleland) Total user(5)
(2012: 2:28: 3:27) - (Middleland) Total user(5)
(2012: 2:28: 3:28) - (Middleland) Total user(5)
(2012: 2:28: 3:29) - (Middleland) Total user(5)
(2012: 2:28: 3:30) - (Middleland) Total user(5)
(2012: 2:28: 3:31) - (Middleland) Total user(5)
(2012: 2:28: 3:32) - (Middleland) Total user(5)
(2012: 2:28: 3:33) - (Middleland) Total user(5)
(2012: 2:28: 3:34) - (Middleland) Total user(5)
(2012: 2:28: 3:35) - (Middleland) Total user(5)
(2012: 2:28: 3:36) - (Middleland) Total user(5)
(2012: 2:28: 3:37) - (Middleland) Total user(5)
(2012: 2:28: 3:38) - (Middleland) Total user(5)
(2012: 2:28: 3:39) - (Middleland) Total user(5)
(2012: 2:28: 3:40) - (Middleland) Total user(5)
(2012: 2:28: 3:41) - (Middleland) Total user(5)
(2012: 2:28: 3:42) - (Middleland) Total user(5)
(2012: 2:28: 3:43) - (Middleland) Total user(5)
(2012: 2:28: 3:44) - (Middleland) Total user(5)
(2012: 2:28: 3:45) - (Middleland) Total user(5)
(2012: 2:28: 3:46) - (Middleland) Total user(5)
(2012: 2:28: 3:47) - (Middleland) Total user(5)
(2012: 2:28: 3:48) - (Middleland) Total user(5)
(2012: 2:28: 3:49) - (Middleland) Total user(5)
(2012: 2:28: 3:50) - (Middleland) Total user(5)
(2012: 2:28: 3:51) - (Middleland) Total user(5)
(2012: 2:28: 3:52) - (Middleland) Total user(5)
(2012: 2:28: 3:53) - (Middleland) Total user(5)
(2012: 2:28: 3:54) - (Middleland) Total user(5)
(2012: 2:28: 3:55) - (Middleland) Total user(5)
(2012: 2:28: 3:56) - (Middleland) Total user(5)
(2012: 2:28: 3:57) - (Middleland) Total user(5)
(2012: 2:28: 3:58) - (Middleland) Total user(5)
(2012: 2:28: 3:59) - (Middleland) Total user(5)
(2012: 2:28: 4: 0) - (Middleland) Total user(5)
(2012: 2:28: 4: 1) - (Middleland) Total user(5)
(2012: 2:28: 4: 2) - (Middleland) Total user(5)
(2012: 2:28: 4: 3) - (Middleland) Total user(5)
(2012: 2:28: 4: 4) - (Middleland) Total user(5)
(2012: 2:28: 4: 5) - (Middleland) Total user(5)
(2012: 2:28: 4: 6) - (Middleland) Total user(5)
(2012: 2:28: 4: 7) - (Middleland) Total user(5)
(2012: 2:28: 4: 8) - (Middleland) Total user(5)
(2012: 2:28: 4: 9) - (Middleland) Total user(5)
(2012: 2:28: 4:10) - (Middleland) Total user(5)
(2012: 2:28: 4:11) - (Middleland) Total user(5)
(2012: 2:28: 4:12) - (Middleland) Total user(5)
(2012: 2:28: 4:13) - (Middleland) Total user(5)
(2012: 2:28: 4:14) - (Middleland) Total user(5)
(2012: 2:28: 4:15) - (Middleland) Total user(5)
(2012: 2:28: 4:16) - (Middleland) Total user(5)
(2012: 2:28: 4:17) - (Middleland) Total user(5)
(2012: 2:28: 4:18) - (Middleland) Total user(5)
(2012: 2:28: 4:19) - (Middleland) Total user(5)
(2012: 2:28: 4:21) - (Middleland) Total user(5)
(2012: 2:28: 4:22) - (Middleland) Total user(5)
(2012: 2:28: 4:23) - (Middleland) Total user(5)
(2012: 2:28: 4:24) - (Middleland) Total user(5)
(2012: 2:28: 4:25) - (Middleland) Total user(3)
(2012: 2:28: 4:26) - (Middleland) Total user(3)
(2012: 2:28: 4:27) - (Middleland) Total user(3)
(2012: 2:28: 4:28) - (Middleland) Total user(3)
(2012: 2:28: 4:29) - (Middleland) Total user(3)
(2012: 2:28: 4:30) - (Middleland) Total user(3)
(2012: 2:28: 4:31) - (Middleland) Total user(3)
(2012: 2:28: 4:32) - (Middleland) Total user(3)
(2012: 2:28: 4:33) - (Middleland) Total user(3)
(2012: 2:28: 4:34) - (Middleland) Total user(3)
(2012: 2:28: 4:35) - (Middleland) Total user(3)
(2012: 2:28: 4:36) - (Middleland) Total user(3)
(2012: 2:28: 4:37) - (Middleland) Total user(3)
(2012: 2:28: 4:38) - (Middleland) Total user(3)
(2012: 2:28: 4:39) - (Middleland) Total user(3)
(2012: 2:28: 4:40) - (Middleland) Total user(3)
(2012: 2:28: 4:41) - (Middleland) Total user(3)
(2012: 2:28: 4:42) - (Middleland) Total user(3)
(2012: 2:28: 4:43) - (Middleland) Total user(3)
(2012: 2:28: 4:44) - (Middleland) Total user(3)
(2012: 2:28: 4:45) - (Middleland) Total user(3)
(2012: 2:28: 4:46) - (Middleland) Total user(3)
(2012: 2:28: 4:47) - (Middleland) Total user(3)
(2012: 2:28: 4:48) - (Middleland) Total user(4)
(2012: 2:28: 4:49) - (Middleland) Total user(4)
(2012: 2:28: 4:50) - (Middleland) Total user(4)
(2012: 2:28: 4:51) - (Middleland) Total user(4)
(2012: 2:28: 4:52) - (Middleland) Total user(4)
(2012: 2:28: 4:53) - (Middleland) Total user(4)
(2012: 2:28: 4:54) - (Middleland) Total user(4)
(2012: 2:28: 4:55) - (Middleland) Total user(4)
(2012: 2:28: 4:56) - (Middleland) Total user(4)
(2012: 2:28: 4:57) - (Middleland) Total user(4)
(2012: 2:28: 4:58) - (Middleland) Total user(4)
(2012: 2:28: 4:59) - (Middleland) Total user(4)
(2012: 2:28: 5: 0) - (Middleland) Total user(4)
(2012: 2:28: 5: 1) - (Middleland) Total user(3)
(2012: 2:28: 5: 2) - (Middleland) Total user(3)
(2012: 2:28: 5: 3) - (Middleland) Total user(3)
(2012: 2:28: 5: 4) - (Middleland) Total user(3)
(2012: 2:28: 5: 5) - (Middleland) Total user(4)
(2012: 2:28: 5: 6) - (Middleland) Total user(4)
(2012: 2:28: 5: 7) - (Middleland) Total user(4)
(2012: 2:28: 5: 8) - (Middleland) Total user(4)
(2012: 2:28: 5: 9) - (Middleland) Total user(4)
(2012: 2:28: 5:10) - (Middleland) Total user(3)
(2012: 2:28: 5:11) - (Middleland) Total user(3)
(2012: 2:28: 5:12) - (Middleland) Total user(4)
(2012: 2:28: 5:13) - (Middleland) Total user(4)
(2012: 2:28: 5:14) - (Middleland) Total user(4)
(2012: 2:28: 5:15) - (Middleland) Total user(4)
(2012: 2:28: 5:16) - (Middleland) Total user(4)
(2012: 2:28: 5:17) - (Middleland) Total user(4)
(2012: 2:28: 5:18) - (Middleland) Total user(4)
(2012: 2:28: 5:19) - (Middleland) Total user(4)
(2012: 2:28: 5:20) - (Middleland) Total user(4)
(2012: 2:28: 5:22) - (Middleland) Total user(4)
(2012: 2:28: 5:23) - (Middleland) Total user(4)
(2012: 2:28: 5:24) - (Middleland) Total user(3)
(2012: 2:28: 5:25) - (Middleland) Total user(3)
(2012: 2:28: 5:26) - (Middleland) Total user(3)
(2012: 2:28: 5:27) - (Middleland) Total user(3)
(2012: 2:28: 5:28) - (Middleland) Total user(4)
(2012: 2:28: 5:29) - (Middleland) Total user(2)
(2012: 2:28: 5:30) - (Middleland) Total user(2)
(2012: 2:28: 5:31) - (Middleland) Total user(2)
(2012: 2:28: 5:32) - (Middleland) Total user(3)
(2012: 2:28: 5:33) - (Middleland) Total user(2)
(2012: 2:28: 5:34) - (Middleland) Total user(2)
(2012: 2:28: 5:35) - (Middleland) Total user(2)
(2012: 2:28: 5:36) - (Middleland) Total user(2)
(2012: 2:28: 5:37) - (Middleland) Total user(2)
(2012: 2:28: 5:38) - (Middleland) Total user(2)
(2012: 2:28: 5:39) - (Middleland) Total user(2)
(2012: 2:28: 5:40) - (Middleland) Total user(3)
(2012: 2:28: 5:41) - (Middleland) Total user(3)
(2012: 2:28: 5:42) - (Middleland) Total user(3)
(2012: 2:28: 5:43) - (Middleland) Total user(3)
(2012: 2:28: 5:44) - (Middleland) Total user(3)
(2012: 2:28: 5:45) - (Middleland) Total user(3)
(2012: 2:28: 5:46) - (Middleland) Total user(3)
(2012: 2:28: 5:47) - (Middleland) Total user(3)
(2012: 2:28: 5:48) - (Middleland) Total user(2)
(2012: 2:28: 5:49) - (Middleland) Total user(3)
(2012: 2:28: 5:50) - (Middleland) Total user(3)
(2012: 2:28: 5:51) - (Middleland) Total user(3)
(2012: 2:28: 5:52) - (Middleland) Total user(3)
(2012: 2:28: 5:53) - (Middleland) Total user(3)
(2012: 2:28: 5:54) - (Middleland) Total user(3)
(2012: 2:28: 5:55) - (Middleland) Total user(3)
(2012: 2:28: 5:56) - (Middleland) Total user(3)
(2012: 2:28: 5:57) - (Middleland) Total user(3)
(2012: 2:28: 5:58) - (Middleland) Total user(3)
(2012: 2:28: 5:59) - (Middleland) Total user(3)
(2012: 2:28: 6: 0) - (Middleland) Total user(3)
(2012: 2:28: 6: 1) - (Middleland) Total user(3)
(2012: 2:28: 6: 2) - (Middleland) Total user(3)
(2012: 2:28: 6: 3) - (Middleland) Total user(3)
(2012: 2:28: 6: 4) - (Middleland) Total user(3)
(2012: 2:28: 6: 5) - (Middleland) Total user(3)
(2012: 2:28: 6: 6) - (Middleland) Total user(3)
(2012: 2:28: 6: 7) - (Middleland) Total user(4)
(2012: 2:28: 6: 8) - (Middleland) Total user(4)
(2012: 2:28: 6: 9) - (Middleland) Total user(4)
(2012: 2:28: 6:10) - (Middleland) Total user(4)
(2012: 2:28: 6:11) - (Middleland) Total user(4)
(2012: 2:28: 6:12) - (Middleland) Total user(4)
(2012: 2:28: 6:13) - (Middleland) Total user(4)
(2012: 2:28: 6:14) - (Middleland) Total user(4)
(2012: 2:28: 6:15) - (Middleland) Total user(4)
(2012: 2:28: 6:16) - (Middleland) Total user(4)
(2012: 2:28: 6:17) - (Middleland) Total user(3)
(2012: 2:28: 6:18) - (Middleland) Total user(3)
(2012: 2:28: 6:19) - (Middleland) Total user(3)
(2012: 2:28: 6:20) - (Middleland) Total user(3)
(2012: 2:28: 6:21) - (Middleland) Total user(3)
(2012: 2:28: 6:23) - (Middleland) Total user(2)
(2012: 2:28: 6:24) - (Middleland) Total user(2)
(2012: 2:28: 6:25) - (Middleland) Total user(2)
(2012: 2:28: 6:26) - (Middleland) Total user(3)
(2012: 2:28: 6:27) - (Middleland) Total user(3)
(2012: 2:28: 6:28) - (Middleland) Total user(3)
(2012: 2:28: 6:29) - (Middleland) Total user(3)
(2012: 2:28: 6:30) - (Middleland) Total user(3)
(2012: 2:28: 6:31) - (Middleland) Total user(3)
(2012: 2:28: 6:32) - (Middleland) Total user(2)
(2012: 2:28: 6:33) - (Middleland) Total user(3)
(2012: 2:28: 6:34) - (Middleland) Total user(3)
(2012: 2:28: 6:35) - (Middleland) Total user(3)
(2012: 2:28: 6:36) - (Middleland) Total user(3)
(2012: 2:28: 6:37) - (Middleland) Total user(3)
(2012: 2:28: 6:38) - (Middleland) Total user(3)
(2012: 2:28: 6:39) - (Middleland) Total user(3)
(2012: 2:28: 6:40) - (Middleland) Total user(3)
(2012: 2:28: 6:41) - (Middleland) Total user(3)
(2012: 2:28: 6:42) - (Middleland) Total user(3)
(2012: 2:28: 6:43) - (Middleland) Total user(4)
(2012: 2:28: 6:44) - (Middleland) Total user(4)
(2012: 2:28: 6:45) - (Middleland) Total user(4)
(2012: 2:28: 6:46) - (Middleland) Total user(4)
(2012: 2:28: 6:47) - (Middleland) Total user(4)
(2012: 2:28: 6:48) - (Middleland) Total user(3)
(2012: 2:28: 6:49) - (Middleland) Total user(3)
(2012: 2:28: 6:50) - (Middleland) Total user(4)
(2012: 2:28: 6:51) - (Middleland) Total user(3)
(2012: 2:28: 6:52) - (Middleland) Total user(4)
(2012: 2:28: 6:53) - (Middleland) Total user(4)
(2012: 2:28: 6:54) - (Middleland) Total user(4)
(2012: 2:28: 6:55) - (Middleland) Total user(4)
(2012: 2:28: 6:56) - (Middleland) Total user(4)
(2012: 2:28: 6:57) - (Middleland) Total user(4)
(2012: 2:28: 6:58) - (Middleland) Total user(4)
(2012: 2:28: 6:59) - (Middleland) Total user(4)
(2012: 2:28: 7: 0) - (Middleland) Total user(4)
(2012: 2:28: 7: 1) - (Middleland) Total user(4)
(2012: 2:28: 7: 2) - (Middleland) Total user(3)
(2012: 2:28: 7: 3) - (Middleland) Total user(4)
(2012: 2:28: 7: 4) - (Middleland) Total user(4)
(2012: 2:28: 7: 5) - (Middleland) Total user(4)
(2012: 2:28: 7: 6) - (Middleland) Total user(4)
(2012: 2:28: 7: 7) - (Middleland) Total user(4)
(2012: 2:28: 7: 8) - (Middleland) Total user(4)
(2012: 2:28: 7: 9) - (Middleland) Total user(4)
(2012: 2:28: 7:10) - (Middleland) Total user(4)
(2012: 2:28: 7:11) - (Middleland) Total user(4)
(2012: 2:28: 7:12) - (Middleland) Total user(4)
(2012: 2:28: 7:13) - (Middleland) Total user(4)
(2012: 2:28: 7:14) - (Middleland) Total user(4)
(2012: 2:28: 7:15) - (Middleland) Total user(4)
(2012: 2:28: 7:16) - (Middleland) Total user(4)
(2012: 2:28: 7:17) - (Middleland) Total user(4)
(2012: 2:28: 7:18) - (Middleland) Total user(4)
(2012: 2:28: 7:19) - (Middleland) Total user(4)
(2012: 2:28: 7:20) - (Middleland) Total user(4)
(2012: 2:28: 7:21) - (Middleland) Total user(4)
(2012: 2:28: 7:23) - (Middleland) Total user(4)
(2012: 2:28: 7:24) - (Middleland) Total user(4)
(2012: 2:28: 7:25) - (Middleland) Total user(4)
(2012: 2:28: 7:26) - (Middleland) Total user(4)
(2012: 2:28: 7:27) - (Middleland) Total user(4)
(2012: 2:28: 7:28) - (Middleland) Total user(4)
(2012: 2:28: 7:29) - (Middleland) Total user(4)
(2012: 2:28: 7:30) - (Middleland) Total user(4)
(2012: 2:28: 7:31) - (Middleland) Total user(4)
(2012: 2:28: 7:32) - (Middleland) Total user(4)
(2012: 2:28: 7:33) - (Middleland) Total user(4)
(2012: 2:28: 7:34) - (Middleland) Total user(4)
(2012: 2:28: 7:35) - (Middleland) Total user(4)
(2012: 2:28: 7:36) - (Middleland) Total user(3)
(2012: 2:28: 7:37) - (Middleland) Total user(3)
(2012: 2:28: 7:38) - (Middleland) Total user(3)
(2012: 2:28: 7:39) - (Middleland) Total user(3)
(2012: 2:28: 7:40) - (Middleland) Total user(3)
(2012: 2:28: 7:41) - (Middleland) Total user(3)
(2012: 2:28: 7:42) - (Middleland) Total user(3)
(2012: 2:28: 7:43) - (Middleland) Total user(3)
(2012: 2:28: 7:44) - (Middleland) Total user(3)
(2012: 2:28: 7:45) - (Middleland) Total user(3)
(2012: 2:28: 7:46) - (Middleland) Total user(2)
(2012: 2:28: 7:47) - (Middleland) Total user(3)
(2012: 2:28: 7:48) - (Middleland) Total user(3)
(2012: 2:28: 7:49) - (Middleland) Total user(3)
(2012: 2:28: 7:50) - (Middleland) Total user(3)
(2012: 2:28: 7:51) - (Middleland) Total user(3)
(2012: 2:28: 7:52) - (Middleland) Total user(3)
(2012: 2:28: 7:53) - (Middleland) Total user(3)
(2012: 2:28: 7:54) - (Middleland) Total user(3)
(2012: 2:28: 7:55) - (Middleland) Total user(3)
(2012: 2:28: 7:56) - (Middleland) Total user(3)
(2012: 2:28: 7:57) - (Middleland) Total user(3)
(2012: 2:28: 7:58) - (Middleland) Total user(3)
(2012: 2:28: 7:59) - (Middleland) Total user(3)
(2012: 2:28: 8: 0) - (Middleland) Total user(3)
(2012: 2:28: 8: 1) - (Middleland) Total user(3)
(2012: 2:28: 8: 2) - (Middleland) Total user(3)
(2012: 2:28: 8: 3) - (Middleland) Total user(3)
(2012: 2:28: 8: 4) - (Middleland) Total user(3)
(2012: 2:28: 8: 5) - (Middleland) Total user(3)
(2012: 2:28: 8: 6) - (Middleland) Total user(3)
(2012: 2:28: 8: 7) - (Middleland) Total user(3)
(2012: 2:28: 8: 8) - (Middleland) Total user(3)
(2012: 2:28: 8: 9) - (Middleland) Total user(3)
(2012: 2:28: 8:10) - (Middleland) Total user(2)
(2012: 2:28: 8:11) - (Middleland) Total user(2)
(2012: 2:28: 8:12) - (Middleland) Total user(2)
(2012: 2:28: 8:13) - (Middleland) Total user(2)
(2012: 2:28: 8:14) - (Middleland) Total user(2)
(2012: 2:28: 8:15) - (Middleland) Total user(2)
(2012: 2:28: 8:16) - (Middleland) Total user(2)
(2012: 2:28: 8:17) - (Middleland) Total user(3)
(2012: 2:28: 8:18) - (Middleland) Total user(3)
(2012: 2:28: 8:19) - (Middleland) Total user(3)
(2012: 2:28: 8:20) - (Middleland) Total user(3)
(2012: 2:28: 8:21) - (Middleland) Total user(3)
(2012: 2:28: 8:22) - (Middleland) Total user(3)
(2012: 2:28: 8:24) - (Middleland) Total user(3)
(2012: 2:28: 8:25) - (Middleland) Total user(3)
(2012: 2:28: 8:26) - (Middleland) Total user(3)
(2012: 2:28: 8:27) - (Middleland) Total user(3)
(2012: 2:28: 8:28) - (Middleland) Total user(3)
(2012: 2:28: 8:29) - (Middleland) Total user(3)
(2012: 2:28: 8:30) - (Middleland) Total user(3)
(2012: 2:28: 8:31) - (Middleland) Total user(3)
(2012: 2:28: 8:32) - (Middleland) Total user(3)
(2012: 2:28: 8:33) - (Middleland) Total user(3)
(2012: 2:28: 8:34) - (Middleland) Total user(3)
(2012: 2:28: 8:35) - (Middleland) Total user(3)
(2012: 2:28: 8:36) - (Middleland) Total user(3)
(2012: 2:28: 8:37) - (Middleland) Total user(3)
(2012: 2:28: 8:38) - (Middleland) Total user(3)
(2012: 2:28: 8:39) - (Middleland) Total user(2)
(2012: 2:28: 8:40) - (Middleland) Total user(2)
(2012: 2:28: 8:41) - (Middleland) Total user(2)
(2012: 2:28: 8:42) - (Middleland) Total user(2)
(2012: 2:28: 8:43) - (Middleland) Total user(2)
(2012: 2:28: 8:44) - (Middleland) Total user(2)
(2012: 2:28: 8:45) - (Middleland) Total user(2)
(2012: 2:28: 8:46) - (Middleland) Total user(2)
(2012: 2:28: 8:47) - (Middleland) Total user(2)
(2012: 2:28: 8:48) - (Middleland) Total user(2)
(2012: 2:28: 8:49) - (Middleland) Total user(2)
(2012: 2:28: 8:50) - (Middleland) Total user(2)
(2012: 2:28: 8:51) - (Middleland) Total user(2)
(2012: 2:28: 8:52) - (Middleland) Total user(1)
(2012: 2:28: 8:53) - (Middleland) Total user(1)
(2012: 2:28: 8:54) - (Middleland) Total user(1)
(2012: 2:28: 8:55) - (Middleland) Total user(2)
(2012: 2:28: 8:56) - (Middleland) Total user(2)
(2012: 2:28: 8:57) - (Middleland) Total user(2)
(2012: 2:28: 8:58) - (Middleland) Total user(2)
(2012: 2:28: 8:59) - (Middleland) Total user(2)
(2012: 2:28: 9: 0) - (Middleland) Total user(2)
(2012: 2:28: 9: 1) - (Middleland) Total user(2)
(2012: 2:28: 9: 2) - (Middleland) Total user(2)
(2012: 2:28: 9: 3) - (Middleland) Total user(2)
(2012: 2:28: 9: 4) - (Middleland) Total user(2)
(2012: 2:28: 9: 5) - (Middleland) Total user(2)
(2012: 2:28: 9: 6) - (Middleland) Total user(2)
(2012: 2:28: 9: 7) - (Middleland) Total user(2)
(2012: 2:28: 9: 8) - (Middleland) Total user(2)
(2012: 2:28: 9: 9) - (Middleland) Total user(2)
(2012: 2:28: 9:10) - (Middleland) Total user(2)
(2012: 2:28: 9:11) - (Middleland) Total user(2)
(2012: 2:28: 9:12) - (Middleland) Total user(2)
(2012: 2:28: 9:13) - (Middleland) Total user(2)
(2012: 2:28: 9:14) - (Middleland) Total user(2)
(2012: 2:28: 9:15) - (Middleland) Total user(2)
(2012: 2:28: 9:16) - (Middleland) Total user(2)
(2012: 2:28: 9:17) - (Middleland) Total user(2)
(2012: 2:28: 9:18) - (Middleland) Total user(1)
(2012: 2:28: 9:19) - (Middleland) Total user(1)
(2012: 2:28: 9:20) - (Middleland) Total user(1)
(2012: 2:28: 9:21) - (Middleland) Total user(1)
(2012: 2:28: 9:22) - (Middleland) Total user(1)
(2012: 2:28: 9:23) - (Middleland) Total user(1)
(2012: 2:28: 9:25) - (Middleland) Total user(1)
(2012: 2:28: 9:26) - (Middleland) Total user(1)
(2012: 2:28: 9:27) - (Middleland) Total user(1)
(2012: 2:28: 9:28) - (Middleland) Total user(1)
(2012: 2:28: 9:29) - (Middleland) Total user(1)
(2012: 2:28: 9:30) - (Middleland) Total user(1)
(2012: 2:28: 9:31) - (Middleland) Total user(1)
(2012: 2:28: 9:32) - (Middleland) Total user(1)
(2012: 2:28: 9:33) - (Middleland) Total user(1)
(2012: 2:28: 9:34) - (Middleland) Total user(1)
(2012: 2:28: 9:35) - (Middleland) Total user(1)
(2012: 2:28: 9:36) - (Middleland) Total user(1)
(2012: 2:28: 9:37) - (Middleland) Total user(1)
(2012: 2:28: 9:38) - (Middleland) Total user(1)
(2012: 2:28: 9:39) - (Middleland) Total user(1)
(2012: 2:28: 9:40) - (Middleland) Total user(1)
(2012: 2:28: 9:41) - (Middleland) Total user(1)
(2012: 2:28: 9:42) - (Middleland) Total user(1)
(2012: 2:28: 9:43) - (Middleland) Total user(1)
(2012: 2:28: 9:44) - (Middleland) Total user(1)
(2012: 2:28: 9:45) - (Middleland) Total user(1)
(2012: 2:28: 9:46) - (Middleland) Total user(1)
(2012: 2:28: 9:47) - (Middleland) Total user(1)
(2012: 2:28: 9:48) - (Middleland) Total user(1)
(2012: 2:28: 9:49) - (Middleland) Total user(1)
(2012: 2:28: 9:50) - (Middleland) Total user(1)
(2012: 2:28: 9:51) - (Middleland) Total user(1)
(2012: 2:28: 9:52) - (Middleland) Total user(1)
(2012: 2:28: 9:53) - (Middleland) Total user(1)
(2012: 2:28: 9:54) - (Middleland) Total user(1)
(2012: 2:28: 9:55) - (Middleland) Total user(1)
(2012: 2:28: 9:56) - (Middleland) Total user(1)
(2012: 2:28: 9:57) - (Middleland) Total user(1)
(2012: 2:28: 9:58) - (Middleland) Total user(1)
(2012: 2:28: 9:59) - (Middleland) Total user(1)
(2012: 2:28:10: 0) - (Middleland) Total user(1)
(2012: 2:28:10: 1) - (Middleland) Total user(1)
(2012: 2:28:10: 2) - (Middleland) Total user(1)
(2012: 2:28:10: 3) - (Middleland) Total user(1)
(2012: 2:28:10: 4) - (Middleland) Total user(1)
(2012: 2:28:10: 5) - (Middleland) Total user(1)
(2012: 2:28:10: 6) - (Middleland) Total user(1)
(2012: 2:28:10: 7) - (Middleland) Total user(1)
(2012: 2:28:10: 8) - (Middleland) Total user(1)
(2012: 2:28:10: 9) - (Middleland) Total user(1)
(2012: 2:28:10:10) - (Middleland) Total user(1)
(2012: 2:28:10:11) - (Middleland) Total user(1)
(2012: 2:28:10:12) - (Middleland) Total user(1)
(2012: 2:28:10:13) - (Middleland) Total user(1)
(2012: 2:28:10:14) - (Middleland) Total user(1)
(2012: 2:28:10:15) - (Middleland) Total user(1)
(2012: 2:28:10:16) - (Middleland) Total user(1)
(2012: 2:28:10:17) - (Middleland) Total user(1)
(2012: 2:28:10:18) - (Middleland) Total user(1)
(2012: 2:28:10:19) - (Middleland) Total user(1)
(2012: 2:28:10:20) - (Middleland) Total user(1)
(2012: 2:28:10:21) - (Middleland) Total user(1)
(2012: 2:28:10:22) - (Middleland) Total user(1)
(2012: 2:28:10:23) - (Middleland) Total user(1)
(2012: 2:28:10:24) - (Middleland) Total user(1)
(2012: 2:28:10:26) - (Middleland) Total user(1)
(2012: 2:28:10:27) - (Middleland) Total user(1)
(2012: 2:28:10:28) - (Middleland) Total user(1)
(2012: 2:28:10:29) - (Middleland) Total user(1)
(2012: 2:28:10:30) - (Middleland) Total user(1)
(2012: 2:28:10:31) - (Middleland) Total user(1)
(2012: 2:28:10:32) - (Middleland) Total user(1)
(2012: 2:28:10:33) - (Middleland) Total user(1)
(2012: 2:28:10:34) - (Middleland) Total user(1)
(2012: 2:28:10:35) - (Middleland) Total user(1)
(2012: 2:28:10:36) - (Middleland) Total user(1)
(2012: 2:28:10:37) - (Middleland) Total user(1)
(2012: 2:28:10:38) - (Middleland) Total user(1)
(2012: 2:28:10:39) - (Middleland) Total user(1)
(2012: 2:28:10:40) - (Middleland) Total user(1)
(2012: 2:28:10:41) - (Middleland) Total user(1)
(2012: 2:28:10:42) - (Middleland) Total user(1)
(2012: 2:28:10:43) - (Middleland) Total user(1)
(2012: 2:28:10:44) - (Middleland) Total user(1)
(2012: 2:28:10:45) - (Middleland) Total user(1)
(2012: 2:28:10:46) - (Middleland) Total user(1)
(2012: 2:28:10:47) - (Middleland) Total user(1)
(2012: 2:28:10:48) - (Middleland) Total user(1)
(2012: 2:28:10:49) - (Middleland) Total user(1)
(2012: 2:28:10:50) - (Middleland) Total user(1)
(2012: 2:28:10:51) - (Middleland) Total user(1)
(2012: 2:28:10:52) - (Middleland) Total user(1)
(2012: 2:28:10:53) - (Middleland) Total user(1)
(2012: 2:28:10:54) - (Middleland) Total user(1)
(2012: 2:28:10:55) - (Middleland) Total user(1)
(2012: 2:28:10:56) - (Middleland) Total user(1)
(2012: 2:28:10:57) - (Middleland) Total user(1)
(2012: 2:28:10:58) - (Middleland) Total user(1)
(2012: 2:28:10:59) - (Middleland) Total user(1)
(2012: 2:28:11: 0) - (Middleland) Total user(1)
(2012: 2:28:11: 1) - (Middleland) Total user(1)
(2012: 2:28:11: 2) - (Middleland) Total user(1)
(2012: 2:28:11: 3) - (Middleland) Total user(1)
(2012: 2:28:11: 4) - (Middleland) Total user(1)
(2012: 2:28:11: 5) - (Middleland) Total user(1)
(2012: 2:28:11: 6) - (Middleland) Total user(1)
(2012: 2:28:11: 7) - (Middleland) Total user(1)
(2012: 2:28:11: 8) - (Middleland) Total user(1)
(2012: 2:28:11: 9) - (Middleland) Total user(1)
(2012: 2:28:11:10) - (Middleland) Total user(1)
(2012: 2:28:11:11) - (Middleland) Total user(1)
(2012: 2:28:11:12) - (Middleland) Total user(1)
(2012: 2:28:11:13) - (Middleland) Total user(1)
(2012: 2:28:11:14) - (Middleland) Total user(1)
(2012: 2:28:11:15) - (Middleland) Total user(1)
(2012: 2:28:11:16) - (Middleland) Total user(1)
(2012: 2:28:11:17) - (Middleland) Total user(1)
(2012: 2:28:11:18) - (Middleland) Total user(1)
(2012: 2:28:11:19) - (Middleland) Total user(1)
(2012: 2:28:11:20) - (Middleland) Total user(1)
(2012: 2:28:11:21) - (Middleland) Total user(1)
(2012: 2:28:11:22) - (Middleland) Total user(1)
(2012: 2:28:11:23) - (Middleland) Total user(1)
(2012: 2:28:11:24) - (Middleland) Total user(1)
(2012: 2:28:11:26) - (Middleland) Total user(1)
(2012: 2:28:11:27) - (Middleland) Total user(1)
(2012: 2:28:11:28) - (Middleland) Total user(1)
(2012: 2:28:11:29) - (Middleland) Total user(1)
(2012: 2:28:11:30) - (Middleland) Total user(1)
(2012: 2:28:11:31) - (Middleland) Total user(1)
(2012: 2:28:11:32) - (Middleland) Total user(1)
(2012: 2:28:11:33) - (Middleland) Total user(1)
(2012: 2:28:11:34) - (Middleland) Total user(1)
(2012: 2:28:11:35) - (Middleland) Total user(1)
(2012: 2:28:11:36) - (Middleland) Total user(1)
(2012: 2:28:11:37) - (Middleland) Total user(1)
(2012: 2:28:11:38) - (Middleland) Total user(1)
(2012: 2:28:11:39) - (Middleland) Total user(1)
(2012: 2:28:11:40) - (Middleland) Total user(1)
(2012: 2:28:11:41) - (Middleland) Total user(1)
(2012: 2:28:11:42) - (Middleland) Total user(1)
(2012: 2:28:11:43) - (Middleland) Total user(1)
(2012: 2:28:11:44) - (Middleland) Total user(1)
(2012: 2:28:11:45) - (Middleland) Total user(1)
(2012: 2:28:11:46) - (Middleland) Total user(1)
(2012: 2:28:11:47) - (Middleland) Total user(2)
(2012: 2:28:11:48) - (Middleland) Total user(2)
(2012: 2:28:11:49) - (Middleland) Total user(2)
(2012: 2:28:11:50) - (Middleland) Total user(2)
(2012: 2:28:11:51) - (Middleland) Total user(2)
(2012: 2:28:11:52) - (Middleland) Total user(2)
(2012: 2:28:11:53) - (Middleland) Total user(2)
(2012: 2:28:11:54) - (Middleland) Total user(2)
(2012: 2:28:11:55) - (Middleland) Total user(2)
(2012: 2:28:11:56) - (Middleland) Total user(2)
(2012: 2:28:11:57) - (Middleland) Total user(2)
(2012: 2:28:11:58) - (Middleland) Total user(1)
(2012: 2:28:11:59) - (Middleland) Total user(2)
(2012: 2:28:12: 0) - (Middleland) Total user(1)
(2012: 2:28:12: 1) - (Middleland) Total user(2)
(2012: 2:28:12: 2) - (Middleland) Total user(2)
(2012: 2:28:12: 3) - (Middleland) Total user(2)
(2012: 2:28:12: 4) - (Middleland) Total user(2)
(2012: 2:28:12: 5) - (Middleland) Total user(2)
(2012: 2:28:12: 6) - (Middleland) Total user(2)
(2012: 2:28:12: 7) - (Middleland) Total user(2)
(2012: 2:28:12: 8) - (Middleland) Total user(2)
(2012: 2:28:12: 9) - (Middleland) Total user(2)
(2012: 2:28:12:10) - (Middleland) Total user(2)
(2012: 2:28:12:11) - (Middleland) Total user(2)
(2012: 2:28:12:12) - (Middleland) Total user(2)
(2012: 2:28:12:13) - (Middleland) Total user(2)
(2012: 2:28:12:14) - (Middleland) Total user(2)
(2012: 2:28:12:15) - (Middleland) Total user(2)
(2012: 2:28:12:16) - (Middleland) Total user(2)
(2012: 2:28:12:17) - (Middleland) Total user(2)
(2012: 2:28:12:18) - (Middleland) Total user(2)
(2012: 2:28:12:19) - (Middleland) Total user(2)
(2012: 2:28:12:20) - (Middleland) Total user(2)
(2012: 2:28:12:21) - (Middleland) Total user(2)
(2012: 2:28:12:22) - (Middleland) Total user(2)
(2012: 2:28:12:23) - (Middleland) Total user(2)
(2012: 2:28:12:24) - (Middleland) Total user(2)
(2012: 2:28:12:25) - (Middleland) Total user(2)
(2012: 2:28:12:27) - (Middleland) Total user(2)
(2012: 2:28:12:28) - (Middleland) Total user(2)
(2012: 2:28:12:29) - (Middleland) Total user(2)
(2012: 2:28:12:30) - (Middleland) Total user(2)
(2012: 2:28:12:31) - (Middleland) Total user(2)
(2012: 2:28:12:32) - (Middleland) Total user(2)
(2012: 2:28:12:33) - (Middleland) Total user(2)
(2012: 2:28:12:34) - (Middleland) Total user(2)
(2012: 2:28:12:35) - (Middleland) Total user(2)
(2012: 2:28:12:36) - (Middleland) Total user(2)
(2012: 2:28:12:37) - (Middleland) Total user(2)
(2012: 2:28:12:38) - (Middleland) Total user(2)
(2012: 2:28:12:39) - (Middleland) Total user(2)
(2012: 2:28:12:40) - (Middleland) Total user(2)
(2012: 2:28:12:41) - (Middleland) Total user(2)
(2012: 2:28:12:42) - (Middleland) Total user(2)
(2012: 2:28:12:43) - (Middleland) Total user(2)
(2012: 2:28:12:44) - (Middleland) Total user(3)
(2012: 2:28:12:45) - (Middleland) Total user(3)
(2012: 2:28:12:46) - (Middleland) Total user(3)
(2012: 2:28:12:47) - (Middleland) Total user(3)
(2012: 2:28:12:48) - (Middleland) Total user(2)
(2012: 2:28:12:52) - (Middleland) Total user(2)
(2012: 2:28:12:53) - (Middleland) Total user(2)
(2012: 2:28:12:54) - (Middleland) Total user(3)
(2012: 2:28:12:55) - (Middleland) Total user(3)
(2012: 2:28:12:56) - (Middleland) Total user(3)
(2012: 2:28:12:57) - (Middleland) Total user(3)
(2012: 2:28:12:58) - (Middleland) Total user(3)
(2012: 2:28:12:59) - (Middleland) Total user(3)
(2012: 2:28:13: 0) - (Middleland) Total user(3)
(2012: 2:28:13: 1) - (Middleland) Total user(3)
(2012: 2:28:13: 2) - (Middleland) Total user(3)
(2012: 2:28:13: 3) - (Middleland) Total user(3)
(2012: 2:28:13: 4) - (Middleland) Total user(3)
(2012: 2:28:13: 5) - (Middleland) Total user(3)
(2012: 2:28:13: 6) - (Middleland) Total user(3)
(2012: 2:28:13: 7) - (Middleland) Total user(3)
(2012: 2:28:13: 8) - (Middleland) Total user(3)
(2012: 2:28:13: 9) - (Middleland) Total user(2)
(2012: 2:28:13:10) - (Middleland) Total user(2)
(2012: 2:28:13:11) - (Middleland) Total user(2)
(2012: 2:28:13:12) - (Middleland) Total user(2)
(2012: 2:28:13:13) - (Middleland) Total user(2)
(2012: 2:28:13:14) - (Middleland) Total user(2)
(2012: 2:28:13:15) - (Middleland) Total user(2)
(2012: 2:28:13:16) - (Middleland) Total user(2)
(2012: 2:28:13:17) - (Middleland) Total user(2)
(2012: 2:28:13:18) - (Middleland) Total user(2)
(2012: 2:28:13:19) - (Middleland) Total user(2)
(2012: 2:28:13:20) - (Middleland) Total user(2)
(2012: 2:28:13:21) - (Middleland) Total user(2)
(2012: 2:28:13:22) - (Middleland) Total user(2)
(2012: 2:28:13:23) - (Middleland) Total user(2)
(2012: 2:28:13:24) - (Middleland) Total user(2)
(2012: 2:28:13:25) - (Middleland) Total user(2)
(2012: 2:28:13:26) - (Middleland) Total user(2)
(2012: 2:28:13:27) - (Middleland) Total user(2)
(2012: 2:28:13:28) - (Middleland) Total user(2)
(2012: 2:28:13:29) - (Middleland) Total user(2)
(2012: 2:28:13:30) - (Middleland) Total user(2)
(2012: 2:28:13:31) - (Middleland) Total user(2)
(2012: 2:28:13:32) - (Middleland) Total user(2)
(2012: 2:28:13:33) - (Middleland) Total user(2)
(2012: 2:28:13:34) - (Middleland) Total user(2)
(2012: 2:28:13:35) - (Middleland) Total user(2)
(2012: 2:28:13:36) - (Middleland) Total user(2)
(2012: 2:28:13:37) - (Middleland) Total user(2)
(2012: 2:28:13:38) - (Middleland) Total user(2)
(2012: 2:28:13:39) - (Middleland) Total user(2)
(2012: 2:28:13:40) - (Middleland) Total user(2)
(2012: 2:28:13:41) - (Middleland) Total user(2)
(2012: 2:28:13:42) - (Middleland) Total user(2)
(2012: 2:28:13:43) - (Middleland) Total user(2)
(2012: 2:28:13:44) - (Middleland) Total user(2)
(2012: 2:28:13:45) - (Middleland) Total user(2)
(2012: 2:28:13:46) - (Middleland) Total user(2)
(2012: 2:28:13:48) - (Middleland) Total user(2)
(2012: 2:28:13:49) - (Middleland) Total user(2)
(2012: 2:28:13:50) - (Middleland) Total user(2)
(2012: 2:28:13:51) - (Middleland) Total user(2)
(2012: 2:28:13:52) - (Middleland) Total user(2)
(2012: 2:28:13:53) - (Middleland) Total user(2)
(2012: 2:28:13:54) - (Middleland) Total user(1)
(2012: 2:28:13:55) - (Middleland) Total user(1)
(2012: 2:28:13:56) - (Middleland) Total user(1)
(2012: 2:28:13:57) - (Middleland) Total user(1)
(2012: 2:28:13:58) - (Middleland) Total user(1)
(2012: 2:28:13:59) - (Middleland) Total user(1)
(2012: 2:28:14: 0) - (Middleland) Total user(1)
(2012: 2:28:14: 1) - (Middleland) Total user(1)
(2012: 2:28:14: 2) - (Middleland) Total user(1)
(2012: 2:28:14: 3) - (Middleland) Total user(1)
(2012: 2:28:14: 4) - (Middleland) Total user(1)
(2012: 2:28:14: 5) - (Middleland) Total user(0)
(2012: 2:28:14: 6) - (Middleland) Total user(0)
(2012: 2:28:14: 7) - (Middleland) Total user(0)
(2012: 2:28:14: 8) - (Middleland) Total user(0)
(2012: 2:28:14: 9) - (Middleland) Total user(0)
(2012: 2:28:14:10) - (Middleland) Total user(0)
(2012: 2:28:14:11) - (Middleland) Total user(0)
(2012: 2:28:14:12) - (Middleland) Total user(0)
(2012: 2:28:14:13) - (Middleland) Total user(0)
(2012: 2:28:14:14) - (Middleland) Total user(0)
(2012: 2:28:14:15) - (Middleland) Total user(0)
(2012: 2:28:14:16) - (Middleland) Total user(0)
(2012: 2:28:14:17) - (Middleland) Total user(0)
(2012: 2:28:14:18) - (Middleland) Total user(0)
(2012: 2:28:14:19) - (Middleland) Total user(0)
(2012: 2:28:14:20) - (Middleland) Total user(0)
(2012: 2:28:14:21) - (Middleland) Total user(0)
(2012: 2:28:14:22) - (Middleland) Total user(0)
(2012: 2:28:14:23) - (Middleland) Total user(0)
(2012: 2:28:14:24) - (Middleland) Total user(0)
(2012: 2:28:14:25) - (Middleland) Total user(0)
(2012: 2:28:14:26) - (Middleland) Total user(0)
(2012: 2:28:14:27) - (Middleland) Total user(0)
(2012: 2:28:14:28) - (Middleland) Total user(0)
(2012: 2:28:14:29) - (Middleland) Total user(0)
(2012: 2:28:14:30) - (Middleland) Total user(0)
(2012: 2:28:14:31) - (Middleland) Total user(0)
(2012: 2:28:14:32) - (Middleland) Total user(0)
(2012: 2:28:14:33) - (Middleland) Total user(0)
(2012: 2:28:14:34) - (Middleland) Total user(0)
(2012: 2:28:14:35) - (Middleland) Total user(0)
(2012: 2:28:14:36) - (Middleland) Total user(0)
(2012: 2:28:14:37) - (Middleland) Total user(0)
(2012: 2:28:14:38) - (Middleland) Total user(0)
(2012: 2:28:14:39) - (Middleland) Total user(0)
(2012: 2:28:14:40) - (Middleland) Total user(0)
(2012: 2:28:14:41) - (Middleland) Total user(0)
(2012: 2:28:14:42) - (Middleland) Total user(0)
(2012: 2:28:14:43) - (Middleland) Total user(0)
(2012: 2:28:14:44) - (Middleland) Total user(0)
(2012: 2:28:14:45) - (Middleland) Total user(0)
(2012: 2:28:14:46) - (Middleland) Total user(0)
(2012: 2:28:14:47) - (Middleland) Total user(0)
(2012: 2:28:14:49) - (Middleland) Total user(0)
(2012: 2:28:14:50) - (Middleland) Total user(0)
(2012: 2:28:14:51) - (Middleland) Total user(0)
(2012: 2:28:14:52) - (Middleland) Total user(0)
(2012: 2:28:14:53) - (Middleland) Total user(0)
(2012: 2:28:14:54) - (Middleland) Total user(0)
(2012: 2:28:14:55) - (Middleland) Total user(0)
(2012: 2:28:14:56) - (Middleland) Total user(0)
(2012: 2:28:14:57) - (Middleland) Total user(0)
(2012: 2:28:14:58) - (Middleland) Total user(0)
(2012: 2:28:14:59) - (Middleland) Total user(0)
(2012: 2:28:15: 0) - (Middleland) Total user(0)
(2012: 2:28:15: 1) - (Middleland) Total user(0)
(2012: 2:28:15: 2) - (Middleland) Total user(1)
(2012: 2:28:15: 3) - (Middleland) Total user(1)
(2012: 2:28:15: 4) - (Middleland) Total user(1)
(2012: 2:28:15: 5) - (Middleland) Total user(1)
(2012: 2:28:15: 6) - (Middleland) Total user(1)
(2012: 2:28:15: 7) - (Middleland) Total user(1)
(2012: 2:28:15: 8) - (Middleland) Total user(1)
(2012: 2:28:15: 9) - (Middleland) Total user(1)
(2012: 2:28:15:10) - (Middleland) Total user(1)
(2012: 2:28:15:11) - (Middleland) Total user(1)
(2012: 2:28:15:12) - (Middleland) Total user(1)
(2012: 2:28:15:13) - (Middleland) Total user(1)
(2012: 2:28:15:14) - (Middleland) Total user(1)
(2012: 2:28:15:15) - (Middleland) Total user(1)
(2012: 2:28:15:16) - (Middleland) Total user(1)
(2012: 2:28:15:17) - (Middleland) Total user(1)
(2012: 2:28:15:18) - (Middleland) Total user(1)
(2012: 2:28:15:19) - (Middleland) Total user(1)
(2012: 2:28:15:20) - (Middleland) Total user(1)
(2012: 2:28:15:21) - (Middleland) Total user(1)
(2012: 2:28:15:22) - (Middleland) Total user(1)
(2012: 2:28:15:23) - (Middleland) Total user(1)
(2012: 2:28:15:24) - (Middleland) Total user(1)
(2012: 2:28:15:25) - (Middleland) Total user(1)
(2012: 2:28:15:26) - (Middleland) Total user(1)
(2012: 2:28:15:27) - (Middleland) Total user(1)
(2012: 2:28:15:28) - (Middleland) Total user(1)
(2012: 2:28:15:29) - (Middleland) Total user(1)
(2012: 2:28:15:30) - (Middleland) Total user(1)
(2012: 2:28:15:31) - (Middleland) Total user(1)
(2012: 2:28:15:32) - (Middleland) Total user(1)
(2012: 2:28:15:33) - (Middleland) Total user(1)
(2012: 2:28:15:34) - (Middleland) Total user(1)
(2012: 2:28:15:35) - (Middleland) Total user(1)
(2012: 2:28:15:36) - (Middleland) Total user(1)
(2012: 2:28:15:37) - (Middleland) Total user(1)
(2012: 2:28:15:38) - (Middleland) Total user(1)
(2012: 2:28:15:39) - (Middleland) Total user(1)
(2012: 2:28:15:40) - (Middleland) Total user(1)
(2012: 2:28:15:41) - (Middleland) Total user(1)
(2012: 2:28:15:42) - (Middleland) Total user(1)
(2012: 2:28:15:43) - (Middleland) Total user(1)
(2012: 2:28:15:44) - (Middleland) Total user(1)
(2012: 2:28:15:45) - (Middleland) Total user(1)
(2012: 2:28:15:46) - (Middleland) Total user(1)
(2012: 2:28:15:47) - (Middleland) Total user(1)
(2012: 2:28:15:49) - (Middleland) Total user(1)
(2012: 2:28:15:50) - (Middleland) Total user(1)
(2012: 2:28:15:51) - (Middleland) Total user(1)
(2012: 2:28:15:52) - (Middleland) Total user(1)
(2012: 2:28:15:53) - (Middleland) Total user(1)
(2012: 2:28:15:54) - (Middleland) Total user(1)
(2012: 2:28:15:55) - (Middleland) Total user(1)
(2012: 2:28:15:56) - (Middleland) Total user(1)
(2012: 2:28:15:57) - (Middleland) Total user(1)
(2012: 2:28:15:58) - (Middleland) Total user(1)
(2012: 2:28:15:59) - (Middleland) Total user(1)
(2012: 2:28:16: 0) - (Middleland) Total user(1)
(2012: 2:28:16: 1) - (Middleland) Total user(1)
(2012: 2:28:16: 2) - (Middleland) Total user(1)
(2012: 2:28:16: 3) - (Middleland) Total user(1)
(2012: 2:28:16: 4) - (Middleland) Total user(1)
(2012: 2:28:16: 5) - (Middleland) Total user(1)
(2012: 2:28:16: 6) - (Middleland) Total user(1)
(2012: 2:28:16: 7) - (Middleland) Total user(1)
(2012: 2:28:16: 8) - (Middleland) Total user(1)
(2012: 2:28:16: 9) - (Middleland) Total user(1)
(2012: 2:28:16:10) - (Middleland) Total user(1)
(2012: 2:28:16:11) - (Middleland) Total user(1)
(2012: 2:28:16:12) - (Middleland) Total user(1)
(2012: 2:28:16:13) - (Middleland) Total user(1)
(2012: 2:28:16:14) - (Middleland) Total user(1)
(2012: 2:28:16:15) - (Middleland) Total user(2)
(2012: 2:28:16:16) - (Middleland) Total user(2)
(2012: 2:28:16:17) - (Middleland) Total user(2)
(2012: 2:28:16:18) - (Middleland) Total user(2)
(2012: 2:28:16:19) - (Middleland) Total user(2)
(2012: 2:28:16:20) - (Middleland) Total user(2)
(2012: 2:28:16:21) - (Middleland) Total user(2)
(2012: 2:28:16:22) - (Middleland) Total user(2)
(2012: 2:28:16:23) - (Middleland) Total user(1)
(2012: 2:28:16:24) - (Middleland) Total user(1)
(2012: 2:28:16:25) - (Middleland) Total user(2)
(2012: 2:28:16:26) - (Middleland) Total user(2)
(2012: 2:28:16:28) - (Middleland) Total user(0)
(2012: 2:28:16:29) - (Middleland) Total user(1)
(2012: 2:28:16:30) - (Middleland) Total user(1)
(2012: 2:28:16:31) - (Middleland) Total user(1)
(2012: 2:28:16:32) - (Middleland) Total user(1)
(2012: 2:28:16:33) - (Middleland) Total user(1)
(2012: 2:28:16:34) - (Middleland) Total user(1)
(2012: 2:28:16:35) - (Middleland) Total user(1)
(2012: 2:28:16:36) - (Middleland) Total user(1)
(2012: 2:28:16:37) - (Middleland) Total user(1)
(2012: 2:28:16:38) - (Middleland) Total user(1)
(2012: 2:28:16:39) - (Middleland) Total user(2)
(2012: 2:28:16:40) - (Middleland) Total user(2)
(2012: 2:28:16:41) - (Middleland) Total user(2)
(2012: 2:28:16:42) - (Middleland) Total user(2)
(2012: 2:28:16:43) - (Middleland) Total user(2)
(2012: 2:28:16:44) - (Middleland) Total user(2)
(2012: 2:28:16:45) - (Middleland) Total user(2)
(2012: 2:28:16:46) - (Middleland) Total user(2)
(2012: 2:28:16:47) - (Middleland) Total user(2)
(2012: 2:28:16:48) - (Middleland) Total user(2)
(2012: 2:28:16:49) - (Middleland) Total user(2)
(2012: 2:28:16:50) - (Middleland) Total user(2)
(2012: 2:28:16:51) - (Middleland) Total user(2)
(2012: 2:28:16:52) - (Middleland) Total user(2)
(2012: 2:28:16:53) - (Middleland) Total user(1)
(2012: 2:28:16:54) - (Middleland) Total user(1)
(2012: 2:28:16:55) - (Middleland) Total user(1)
(2012: 2:28:16:56) - (Middleland) Total user(1)
(2012: 2:28:16:57) - (Middleland) Total user(1)
(2012: 2:28:16:58) - (Middleland) Total user(1)
(2012: 2:28:16:59) - (Middleland) Total user(2)
(2012: 2:28:17: 0) - (Middleland) Total user(2)
(2012: 2:28:17: 1) - (Middleland) Total user(2)
(2012: 2:28:17: 2) - (Middleland) Total user(2)
(2012: 2:28:17: 3) - (Middleland) Total user(2)
(2012: 2:28:17: 4) - (Middleland) Total user(2)
(2012: 2:28:17: 5) - (Middleland) Total user(2)
(2012: 2:28:17: 6) - (Middleland) Total user(1)
(2012: 2:28:17: 7) - (Middleland) Total user(1)
(2012: 2:28:17: 8) - (Middleland) Total user(3)
(2012: 2:28:17: 9) - (Middleland) Total user(2)
(2012: 2:28:17:10) - (Middleland) Total user(2)
(2012: 2:28:17:11) - (Middleland) Total user(3)
(2012: 2:28:17:13) - (Middleland) Total user(4)
(2012: 2:28:17:14) - (Middleland) Total user(4)
(2012: 2:28:17:15) - (Middleland) Total user(4)
(2012: 2:28:17:16) - (Middleland) Total user(4)
(2012: 2:28:17:17) - (Middleland) Total user(4)
(2012: 2:28:17:18) - (Middleland) Total user(4)
(2012: 2:28:17:19) - (Middleland) Total user(4)
(2012: 2:28:17:20) - (Middleland) Total user(4)
(2012: 2:28:17:21) - (Middleland) Total user(4)
(2012: 2:28:17:22) - (Middleland) Total user(4)
(2012: 2:28:17:23) - (Middleland) Total user(4)
(2012: 2:28:17:24) - (Middleland) Total user(4)
(2012: 2:28:17:25) - (Middleland) Total user(3)
(2012: 2:28:17:26) - (Middleland) Total user(3)
(2012: 2:28:17:27) - (Middleland) Total user(3)
(2012: 2:28:17:28) - (Middleland) Total user(3)
(2012: 2:28:17:29) - (Middleland) Total user(3)
(2012: 2:28:17:30) - (Middleland) Total user(4)
(2012: 2:28:17:31) - (Middleland) Total user(2)
(2012: 2:28:17:32) - (Middleland) Total user(3)
(2012: 2:28:17:33) - (Middleland) Total user(2)
(2012: 2:28:17:34) - (Middleland) Total user(2)
(2012: 2:28:17:35) - (Middleland) Total user(3)
(2012: 2:28:17:36) - (Middleland) Total user(3)
(2012: 2:28:17:37) - (Middleland) Total user(3)
(2012: 2:28:17:38) - (Middleland) Total user(3)
(2012: 2:28:17:39) - (Middleland) Total user(3)
(2012: 2:28:17:40) - (Middleland) Total user(3)
(2012: 2:28:17:41) - (Middleland) Total user(3)
(2012: 2:28:17:42) - (Middleland) Total user(3)
(2012: 2:28:17:43) - (Middleland) Total user(3)
(2012: 2:28:17:44) - (Middleland) Total user(3)
(2012: 2:28:17:45) - (Middleland) Total user(3)
(2012: 2:28:17:46) - (Middleland) Total user(3)
(2012: 2:28:17:47) - (Middleland) Total user(3)
(2012: 2:28:17:48) - (Middleland) Total user(3)
(2012: 2:28:17:49) - (Middleland) Total user(3)
(2012: 2:28:17:50) - (Middleland) Total user(3)
(2012: 2:28:17:51) - (Middleland) Total user(3)
(2012: 2:28:17:52) - (Middleland) Total user(3)
(2012: 2:28:17:53) - (Middleland) Total user(3)
(2012: 2:28:17:54) - (Middleland) Total user(3)
(2012: 2:28:17:55) - (Middleland) Total user(3)
(2012: 2:28:17:56) - (Middleland) Total user(3)
(2012: 2:28:17:57) - (Middleland) Total user(3)
(2012: 2:28:17:58) - (Middleland) Total user(2)
(2012: 2:28:17:59) - (Middleland) Total user(3)
(2012: 2:28:18: 0) - (Middleland) Total user(3)
(2012: 2:28:18: 1) - (Middleland) Total user(4)
(2012: 2:28:18: 2) - (Middleland) Total user(4)
(2012: 2:28:18: 3) - (Middleland) Total user(3)
(2012: 2:28:18: 4) - (Middleland) Total user(4)
(2012: 2:28:18: 5) - (Middleland) Total user(3)
(2012: 2:28:18: 6) - (Middleland) Total user(3)
(2012: 2:28:18: 7) - (Middleland) Total user(3)
(2012: 2:28:18: 8) - (Middleland) Total user(3)
(2012: 2:28:18: 9) - (Middleland) Total user(4)
(2012: 2:28:18:10) - (Middleland) Total user(3)
(2012: 2:28:18:11) - (Middleland) Total user(3)
(2012: 2:28:18:12) - (Middleland) Total user(3)
(2012: 2:28:18:14) - (Middleland) Total user(3)
(2012: 2:28:18:15) - (Middleland) Total user(4)
(2012: 2:28:18:16) - (Middleland) Total user(4)
(2012: 2:28:18:17) - (Middleland) Total user(3)
(2012: 2:28:18:18) - (Middleland) Total user(3)
(2012: 2:28:18:19) - (Middleland) Total user(4)
(2012: 2:28:18:20) - (Middleland) Total user(4)
(2012: 2:28:18:21) - (Middleland) Total user(4)
(2012: 2:28:18:22) - (Middleland) Total user(4)
(2012: 2:28:18:23) - (Middleland) Total user(4)
(2012: 2:28:18:24) - (Middleland) Total user(4)
(2012: 2:28:18:25) - (Middleland) Total user(4)
(2012: 2:28:18:26) - (Middleland) Total user(5)
(2012: 2:28:18:27) - (Middleland) Total user(5)
(2012: 2:28:18:28) - (Middleland) Total user(5)
(2012: 2:28:18:29) - (Middleland) Total user(5)
(2012: 2:28:18:30) - (Middleland) Total user(5)
(2012: 2:28:18:31) - (Middleland) Total user(5)
(2012: 2:28:18:32) - (Middleland) Total user(5)
(2012: 2:28:18:33) - (Middleland) Total user(5)
(2012: 2:28:18:34) - (Middleland) Total user(5)
(2012: 2:28:18:35) - (Middleland) Total user(5)
(2012: 2:28:18:36) - (Middleland) Total user(5)
(2012: 2:28:18:37) - (Middleland) Total user(4)
(2012: 2:28:18:38) - (Middleland) Total user(4)
(2012: 2:28:18:39) - (Middleland) Total user(4)
(2012: 2:28:18:40) - (Middleland) Total user(4)
(2012: 2:28:18:41) - (Middleland) Total user(5)
(2012: 2:28:18:42) - (Middleland) Total user(5)
(2012: 2:28:18:43) - (Middleland) Total user(4)
(2012: 2:28:18:44) - (Middleland) Total user(4)
(2012: 2:28:18:45) - (Middleland) Total user(5)
(2012: 2:28:18:46) - (Middleland) Total user(5)
(2012: 2:28:18:47) - (Middleland) Total user(5)
(2012: 2:28:18:48) - (Middleland) Total user(5)
(2012: 2:28:18:49) - (Middleland) Total user(5)
(2012: 2:28:18:50) - (Middleland) Total user(5)
(2012: 2:28:18:51) - (Middleland) Total user(4)
(2012: 2:28:18:52) - (Middleland) Total user(4)
(2012: 2:28:18:53) - (Middleland) Total user(4)
(2012: 2:28:18:54) - (Middleland) Total user(4)
(2012: 2:28:18:55) - (Middleland) Total user(5)
(2012: 2:28:18:56) - (Middleland) Total user(5)
(2012: 2:28:18:57) - (Middleland) Total user(5)
(2012: 2:28:18:58) - (Middleland) Total user(5)
(2012: 2:28:18:59) - (Middleland) Total user(4)
(2012: 2:28:19: 0) - (Middleland) Total user(5)
(2012: 2:28:19: 1) - (Middleland) Total user(5)
(2012: 2:28:19: 2) - (Middleland) Total user(5)
(2012: 2:28:19: 3) - (Middleland) Total user(5)
(2012: 2:28:19: 4) - (Middleland) Total user(5)
(2012: 2:28:19: 5) - (Middleland) Total user(5)
(2012: 2:28:19: 6) - (Middleland) Total user(4)
(2012: 2:28:19: 7) - (Middleland) Total user(5)
(2012: 2:28:19: 8) - (Middleland) Total user(5)
(2012: 2:28:19: 9) - (Middleland) Total user(5)
(2012: 2:28:19:10) - (Middleland) Total user(5)
(2012: 2:28:19:11) - (Middleland) Total user(5)
(2012: 2:28:19:12) - (Middleland) Total user(5)
(2012: 2:28:19:13) - (Middleland) Total user(5)
(2012: 2:28:19:15) - (Middleland) Total user(5)
(2012: 2:28:19:16) - (Middleland) Total user(5)
(2012: 2:28:19:17) - (Middleland) Total user(5)
(2012: 2:28:19:18) - (Middleland) Total user(5)
(2012: 2:28:19:19) - (Middleland) Total user(5)
(2012: 2:28:19:20) - (Middleland) Total user(5)
(2012: 2:28:19:21) - (Middleland) Total user(5)
(2012: 2:28:19:22) - (Middleland) Total user(5)
(2012: 2:28:19:23) - (Middleland) Total user(5)
(2012: 2:28:19:24) - (Middleland) Total user(5)
(2012: 2:28:19:25) - (Middleland) Total user(5)
(2012: 2:28:19:26) - (Middleland) Total user(5)
(2012: 2:28:19:27) - (Middleland) Total user(5)
(2012: 2:28:19:28) - (Middleland) Total user(5)
(2012: 2:28:19:29) - (Middleland) Total user(5)
(2012: 2:28:19:30) - (Middleland) Total user(5)
(2012: 2:28:19:31) - (Middleland) Total user(5)
(2012: 2:28:19:32) - (Middleland) Total user(4)
(2012: 2:28:19:33) - (Middleland) Total user(4)
(2012: 2:28:19:34) - (Middleland) Total user(4)
(2012: 2:28:19:35) - (Middleland) Total user(4)
(2012: 2:28:19:36) - (Middleland) Total user(4)
(2012: 2:28:19:37) - (Middleland) Total user(4)
(2012: 2:28:19:38) - (Middleland) Total user(4)
(2012: 2:28:19:39) - (Middleland) Total user(4)
(2012: 2:28:19:40) - (Middleland) Total user(4)
(2012: 2:28:19:41) - (Middleland) Total user(4)
(2012: 2:28:19:42) - (Middleland) Total user(4)
(2012: 2:28:19:43) - (Middleland) Total user(4)
(2012: 2:28:19:44) - (Middleland) Total user(4)
(2012: 2:28:19:45) - (Middleland) Total user(4)
(2012: 2:28:19:46) - (Middleland) Total user(3)
(2012: 2:28:19:47) - (Middleland) Total user(3)
(2012: 2:28:19:48) - (Middleland) Total user(3)
(2012: 2:28:19:49) - (Middleland) Total user(3)
(2012: 2:28:19:50) - (Middleland) Total user(3)
(2012: 2:28:19:51) - (Middleland) Total user(3)
(2012: 2:28:19:52) - (Middleland) Total user(3)
(2012: 2:28:19:53) - (Middleland) Total user(4)
(2012: 2:28:19:54) - (Middleland) Total user(4)
(2012: 2:28:19:55) - (Middleland) Total user(4)
(2012: 2:28:19:56) - (Middleland) Total user(4)
(2012: 2:28:19:57) - (Middleland) Total user(4)
(2012: 2:28:19:58) - (Middleland) Total user(4)
(2012: 2:28:19:59) - (Middleland) Total user(4)
(2012: 2:28:20: 0) - (Middleland) Total user(4)
(2012: 2:28:20: 1) - (Middleland) Total user(4)
(2012: 2:28:20: 2) - (Middleland) Total user(4)
(2012: 2:28:20: 3) - (Middleland) Total user(4)
(2012: 2:28:20: 4) - (Middleland) Total user(4)
(2012: 2:28:20: 5) - (Middleland) Total user(4)
(2012: 2:28:20: 6) - (Middleland) Total user(4)
(2012: 2:28:20: 7) - (Middleland) Total user(4)
(2012: 2:28:20: 8) - (Middleland) Total user(4)
(2012: 2:28:20: 9) - (Middleland) Total user(4)
(2012: 2:28:20:10) - (Middleland) Total user(4)
(2012: 2:28:20:11) - (Middleland) Total user(5)
(2012: 2:28:20:12) - (Middleland) Total user(5)
(2012: 2:28:20:13) - (Middleland) Total user(5)
(2012: 2:28:20:14) - (Middleland) Total user(5)
(2012: 2:28:20:16) - (Middleland) Total user(5)
(2012: 2:28:20:17) - (Middleland) Total user(5)
(2012: 2:28:20:18) - (Middleland) Total user(5)
(2012: 2:28:20:19) - (Middleland) Total user(5)
(2012: 2:28:20:20) - (Middleland) Total user(5)
(2012: 2:28:20:21) - (Middleland) Total user(5)
(2012: 2:28:20:22) - (Middleland) Total user(5)
(2012: 2:28:20:23) - (Middleland) Total user(5)
(2012: 2:28:20:24) - (Middleland) Total user(5)
(2012: 2:28:20:25) - (Middleland) Total user(5)
(2012: 2:28:20:26) - (Middleland) Total user(5)
(2012: 2:28:20:27) - (Middleland) Total user(4)
(2012: 2:28:20:28) - (Middleland) Total user(4)
(2012: 2:28:20:29) - (Middleland) Total user(3)
(2012: 2:28:20:30) - (Middleland) Total user(3)
(2012: 2:28:20:31) - (Middleland) Total user(3)
(2012: 2:28:20:32) - (Middleland) Total user(3)
(2012: 2:28:20:33) - (Middleland) Total user(2)
(2012: 2:28:20:34) - (Middleland) Total user(2)
(2012: 2:28:20:35) - (Middleland) Total user(2)
(2012: 2:28:20:36) - (Middleland) Total user(3)
(2012: 2:28:20:37) - (Middleland) Total user(3)
(2012: 2:28:20:38) - (Middleland) Total user(3)
(2012: 2:28:20:39) - (Middleland) Total user(3)
(2012: 2:28:20:40) - (Middleland) Total user(4)
(2012: 2:28:20:41) - (Middleland) Total user(4)
(2012: 2:28:20:42) - (Middleland) Total user(4)
(2012: 2:28:20:43) - (Middleland) Total user(4)
(2012: 2:28:20:44) - (Middleland) Total user(4)
(2012: 2:28:20:45) - (Middleland) Total user(3)
(2012: 2:28:20:46) - (Middleland) Total user(3)
(2012: 2:28:20:47) - (Middleland) Total user(3)
(2012: 2:28:20:48) - (Middleland) Total user(4)
(2012: 2:28:20:49) - (Middleland) Total user(4)
(2012: 2:28:20:50) - (Middleland) Total user(7)
(2012: 2:28:20:51) - (Middleland) Total user(7)
(2012: 2:28:20:52) - (Middleland) Total user(7)
(2012: 2:28:20:53) - (Middleland) Total user(8)
(2012: 2:28:20:54) - (Middleland) Total user(7)
(2012: 2:28:20:55) - (Middleland) Total user(7)
(2012: 2:28:20:56) - (Middleland) Total user(7)
(2012: 2:28:20:57) - (Middleland) Total user(7)
(2012: 2:28:20:58) - (Middleland) Total user(6)
(2012: 2:28:20:59) - (Middleland) Total user(6)
(2012: 2:28:21: 0) - (Middleland) Total user(7)
(2012: 2:28:21: 1) - (Middleland) Total user(7)
(2012: 2:28:21: 2) - (Middleland) Total user(7)
(2012: 2:28:21: 3) - (Middleland) Total user(7)
(2012: 2:28:21: 4) - (Middleland) Total user(7)
(2012: 2:28:21: 5) - (Middleland) Total user(7)
(2012: 2:28:21: 6) - (Middleland) Total user(7)
(2012: 2:28:21: 7) - (Middleland) Total user(7)
(2012: 2:28:21: 8) - (Middleland) Total user(7)
(2012: 2:28:21: 9) - (Middleland) Total user(7)
(2012: 2:28:21:10) - (Middleland) Total user(7)
(2012: 2:28:21:11) - (Middleland) Total user(7)
(2012: 2:28:21:12) - (Middleland) Total user(7)
(2012: 2:28:21:13) - (Middleland) Total user(7)
(2012: 2:28:21:14) - (Middleland) Total user(7)
(2012: 2:28:21:15) - (Middleland) Total user(7)
(2012: 2:28:21:17) - (Middleland) Total user(7)
(2012: 2:28:21:18) - (Middleland) Total user(7)
(2012: 2:28:21:19) - (Middleland) Total user(7)
(2012: 2:28:21:20) - (Middleland) Total user(7)
(2012: 2:28:21:21) - (Middleland) Total user(7)
(2012: 2:28:21:22) - (Middleland) Total user(7)
(2012: 2:28:21:23) - (Middleland) Total user(7)
(2012: 2:28:21:24) - (Middleland) Total user(7)
(2012: 2:28:21:25) - (Middleland) Total user(7)
(2012: 2:28:21:26) - (Middleland) Total user(7)
(2012: 2:28:21:27) - (Middleland) Total user(7)
(2012: 2:28:21:28) - (Middleland) Total user(6)
(2012: 2:28:21:29) - (Middleland) Total user(6)
(2012: 2:28:21:30) - (Middleland) Total user(5)
(2012: 2:28:21:31) - (Middleland) Total user(5)
(2012: 2:28:21:32) - (Middleland) Total user(5)
(2012: 2:28:21:33) - (Middleland) Total user(5)
(2012: 2:28:21:34) - (Middleland) Total user(5)
(2012: 2:28:21:35) - (Middleland) Total user(5)
(2012: 2:28:21:36) - (Middleland) Total user(5)
(2012: 2:28:21:37) - (Middleland) Total user(5)
(2012: 2:28:21:38) - (Middleland) Total user(5)
(2012: 2:28:21:39) - (Middleland) Total user(5)
(2012: 2:28:21:40) - (Middleland) Total user(5)
(2012: 2:28:21:41) - (Middleland) Total user(5)
(2012: 2:28:21:42) - (Middleland) Total user(5)
(2012: 2:28:21:43) - (Middleland) Total user(5)
(2012: 2:28:21:44) - (Middleland) Total user(5)
(2012: 2:28:21:45) - (Middleland) Total user(5)
(2012: 2:28:21:46) - (Middleland) Total user(5)
(2012: 2:28:21:47) - (Middleland) Total user(5)
(2012: 2:28:21:48) - (Middleland) Total user(5)
(2012: 2:28:21:49) - (Middleland) Total user(5)
(2012: 2:28:21:50) - (Middleland) Total user(6)
(2012: 2:28:21:51) - (Middleland) Total user(6)
(2012: 2:28:21:52) - (Middleland) Total user(6)
(2012: 2:28:21:53) - (Middleland) Total user(6)
(2012: 2:28:21:54) - (Middleland) Total user(6)
(2012: 2:28:21:55) - (Middleland) Total user(6)
(2012: 2:28:21:56) - (Middleland) Total user(6)
(2012: 2:28:21:57) - (Middleland) Total user(5)
(2012: 2:28:21:58) - (Middleland) Total user(6)
(2012: 2:28:21:59) - (Middleland) Total user(6)
(2012: 2:28:22: 0) - (Middleland) Total user(6)
(2012: 2:28:22: 1) - (Middleland) Total user(6)
(2012: 2:28:22: 2) - (Middleland) Total user(6)
(2012: 2:28:22: 3) - (Middleland) Total user(6)
(2012: 2:28:22: 4) - (Middleland) Total user(6)
(2012: 2:28:22: 5) - (Middleland) Total user(6)
(2012: 2:28:22: 6) - (Middleland) Total user(6)
(2012: 2:28:22: 7) - (Middleland) Total user(6)
(2012: 2:28:22: 8) - (Middleland) Total user(6)
(2012: 2:28:22: 9) - (Middleland) Total user(4)
(2012: 2:28:22:10) - (Middleland) Total user(5)
(2012: 2:28:22:11) - (Middleland) Total user(5)
(2012: 2:28:22:12) - (Middleland) Total user(5)
(2012: 2:28:22:13) - (Middleland) Total user(5)
(2012: 2:28:22:14) - (Middleland) Total user(5)
(2012: 2:28:22:15) - (Middleland) Total user(5)
(2012: 2:28:22:17) - (Middleland) Total user(5)
(2012: 2:28:22:18) - (Middleland) Total user(5)
(2012: 2:28:22:19) - (Middleland) Total user(5)
(2012: 2:28:22:20) - (Middleland) Total user(5)
(2012: 2:28:22:21) - (Middleland) Total user(5)
(2012: 2:28:22:22) - (Middleland) Total user(5)
(2012: 2:28:22:23) - (Middleland) Total user(5)
(2012: 2:28:22:24) - (Middleland) Total user(5)
(2012: 2:28:22:25) - (Middleland) Total user(5)
(2012: 2:28:22:26) - (Middleland) Total user(5)
(2012: 2:28:22:27) - (Middleland) Total user(5)
(2012: 2:28:22:28) - (Middleland) Total user(6)
(2012: 2:28:22:29) - (Middleland) Total user(6)
(2012: 2:28:22:30) - (Middleland) Total user(9)
(2012: 2:28:22:31) - (Middleland) Total user(9)
(2012: 2:28:22:32) - (Middleland) Total user(9)
(2012: 2:28:22:33) - (Middleland) Total user(9)
(2012: 2:28:22:34) - (Middleland) Total user(8)
(2012: 2:28:22:35) - (Middleland) Total user(9)
(2012: 2:28:22:36) - (Middleland) Total user(9)
(2012: 2:28:22:37) - (Middleland) Total user(9)
(2012: 2:28:22:38) - (Middleland) Total user(9)
(2012: 2:28:22:39) - (Middleland) Total user(9)
(2012: 2:28:22:40) - (Middleland) Total user(8)
(2012: 2:28:22:41) - (Middleland) Total user(9)
(2012: 2:28:22:42) - (Middleland) Total user(10)
(2012: 2:28:22:43) - (Middleland) Total user(10)
(2012: 2:28:22:44) - (Middleland) Total user(10)
(2012: 2:28:22:45) - (Middleland) Total user(9)
(2012: 2:28:22:46) - (Middleland) Total user(9)
(2012: 2:28:22:47) - (Middleland) Total user(9)
(2012: 2:28:22:48) - (Middleland) Total user(9)
(2012: 2:28:22:49) - (Middleland) Total user(9)
(2012: 2:28:22:50) - (Middleland) Total user(9)
(2012: 2:28:22:51) - (Middleland) Total user(9)
(2012: 2:28:22:52) - (Middleland) Total user(9)
(2012: 2:28:22:53) - (Middleland) Total user(8)
(2012: 2:28:22:54) - (Middleland) Total user(8)
(2012: 2:28:22:55) - (Middleland) Total user(8)
(2012: 2:28:22:56) - (Middleland) Total user(8)
(2012: 2:28:22:57) - (Middleland) Total user(7)
(2012: 2:28:22:58) - (Middleland) Total user(7)
(2012: 2:28:22:59) - (Middleland) Total user(7)
(2012: 2:28:23: 0) - (Middleland) Total user(6)
(2012: 2:28:23: 1) - (Middleland) Total user(5)
(2012: 2:28:23: 2) - (Middleland) Total user(5)
(2012: 2:28:23: 3) - (Middleland) Total user(5)
(2012: 2:28:23: 4) - (Middleland) Total user(5)
(2012: 2:28:23: 5) - (Middleland) Total user(5)
(2012: 2:28:23: 6) - (Middleland) Total user(5)
(2012: 2:28:23: 7) - (Middleland) Total user(5)
(2012: 2:28:23: 8) - (Middleland) Total user(5)
(2012: 2:28:23: 9) - (Middleland) Total user(5)
(2012: 2:28:23:10) - (Middleland) Total user(5)
(2012: 2:28:23:11) - (Middleland) Total user(5)
(2012: 2:28:23:12) - (Middleland) Total user(5)
(2012: 2:28:23:13) - (Middleland) Total user(5)
(2012: 2:28:23:14) - (Middleland) Total user(5)
(2012: 2:28:23:15) - (Middleland) Total user(5)
(2012: 2:28:23:16) - (Middleland) Total user(5)
(2012: 2:28:23:18) - (Middleland) Total user(5)
(2012: 2:28:23:19) - (Middleland) Total user(5)
(2012: 2:28:23:20) - (Middleland) Total user(5)
(2012: 2:28:23:21) - (Middleland) Total user(5)
(2012: 2:28:23:22) - (Middleland) Total user(5)
(2012: 2:28:23:23) - (Middleland) Total user(5)
(2012: 2:28:23:24) - (Middleland) Total user(5)
(2012: 2:28:23:25) - (Middleland) Total user(5)
(2012: 2:28:23:26) - (Middleland) Total user(4)
(2012: 2:28:23:27) - (Middleland) Total user(4)
(2012: 2:28:23:28) - (Middleland) Total user(5)
(2012: 2:28:23:29) - (Middleland) Total user(5)
(2012: 2:28:23:30) - (Middleland) Total user(5)
(2012: 2:28:23:31) - (Middleland) Total user(6)
(2012: 2:28:23:32) - (Middleland) Total user(6)
(2012: 2:28:23:33) - (Middleland) Total user(5)
(2012: 2:28:23:34) - (Middleland) Total user(6)
(2012: 2:28:23:35) - (Middleland) Total user(6)
(2012: 2:28:23:36) - (Middleland) Total user(6)
(2012: 2:28:23:37) - (Middleland) Total user(6)
(2012: 2:28:23:38) - (Middleland) Total user(6)
(2012: 2:28:23:39) - (Middleland) Total user(6)
(2012: 2:28:23:40) - (Middleland) Total user(6)
(2012: 2:28:23:41) - (Middleland) Total user(6)
(2012: 2:28:23:42) - (Middleland) Total user(5)
(2012: 2:28:23:43) - (Middleland) Total user(5)
(2012: 2:28:23:44) - (Middleland) Total user(5)
(2012: 2:28:23:45) - (Middleland) Total user(5)
(2012: 2:28:23:46) - (Middleland) Total user(6)
(2012: 2:28:23:47) - (Middleland) Total user(7)
(2012: 2:28:23:48) - (Middleland) Total user(7)
(2012: 2:28:23:49) - (Middleland) Total user(7)
(2012: 2:28:23:50) - (Middleland) Total user(7)
(2012: 2:28:23:51) - (Middleland) Total user(7)
(2012: 2:28:23:52) - (Middleland) Total user(7)
(2012: 2:28:23:53) - (Middleland) Total user(6)
(2012: 2:28:23:54) - (Middleland) Total user(6)
(2012: 2:28:23:55) - (Middleland) Total user(6)
(2012: 2:28:23:56) - (Middleland) Total user(8)
(2012: 2:28:23:57) - (Middleland) Total user(8)
(2012: 2:28:23:58) - (Middleland) Total user(8)
(2012: 2:28:23:59) - (Middleland) Total user(9)
