(2012: 2:29: 0: 0) - (Middleland) Total user(8)
(2012: 2:29: 0: 1) - (Middleland) Total user(9)
(2012: 2:29: 0: 2) - (Middleland) Total user(9)
(2012: 2:29: 0: 3) - (Middleland) Total user(10)
(2012: 2:29: 0: 4) - (Middleland) Total user(9)
(2012: 2:29: 0: 5) - (Middleland) Total user(10)
(2012: 2:29: 0: 6) - (Middleland) Total user(9)
(2012: 2:29: 0: 7) - (Middleland) Total user(9)
(2012: 2:29: 0: 8) - (Middleland) Total user(9)
(2012: 2:29: 0: 9) - (Middleland) Total user(9)
(2012: 2:29: 0:10) - (Middleland) Total user(9)
(2012: 2:29: 0:11) - (Middleland) Total user(10)
(2012: 2:29: 0:12) - (Middleland) Total user(9)
(2012: 2:29: 0:13) - (Middleland) Total user(10)
(2012: 2:29: 0:14) - (Middleland) Total user(11)
(2012: 2:29: 0:15) - (Middleland) Total user(11)
(2012: 2:29: 0:16) - (Middleland) Total user(10)
(2012: 2:29: 0:17) - (Middleland) Total user(10)
(2012: 2:29: 0:19) - (Middleland) Total user(10)
(2012: 2:29: 0:20) - (Middleland) Total user(10)
(2012: 2:29: 0:21) - (Middleland) Total user(9)
(2012: 2:29: 0:22) - (Middleland) Total user(10)
(2012: 2:29: 0:23) - (Middleland) Total user(9)
(2012: 2:29: 0:24) - (Middleland) Total user(9)
(2012: 2:29: 0:25) - (Middleland) Total user(8)
(2012: 2:29: 0:26) - (Middleland) Total user(7)
(2012: 2:29: 0:27) - (Middleland) Total user(8)
(2012: 2:29: 0:28) - (Middleland) Total user(7)
(2012: 2:29: 0:29) - (Middleland) Total user(7)
(2012: 2:29: 0:30) - (Middleland) Total user(9)
(2012: 2:29: 0:31) - (Middleland) Total user(8)
(2012: 2:29: 0:32) - (Middleland) Total user(8)
(2012: 2:29: 0:33) - (Middleland) Total user(7)
(2012: 2:29: 0:34) - (Middleland) Total user(8)
(2012: 2:29: 0:35) - (Middleland) Total user(8)
(2012: 2:29: 0:36) - (Middleland) Total user(8)
(2012: 2:29: 0:37) - (Middleland) Total user(8)
(2012: 2:29: 0:38) - (Middleland) Total user(8)
(2012: 2:29: 0:39) - (Middleland) Total user(8)
(2012: 2:29: 0:40) - (Middleland) Total user(8)
(2012: 2:29: 0:41) - (Middleland) Total user(7)
(2012: 2:29: 0:42) - (Middleland) Total user(8)
(2012: 2:29: 0:43) - (Middleland) Total user(7)
(2012: 2:29: 0:44) - (Middleland) Total user(7)
(2012: 2:29: 0:45) - (Middleland) Total user(7)
(2012: 2:29: 0:46) - (Middleland) Total user(6)
(2012: 2:29: 0:47) - (Middleland) Total user(6)
(2012: 2:29: 0:48) - (Middleland) Total user(6)
(2012: 2:29: 0:49) - (Middleland) Total user(6)
(2012: 2:29: 0:50) - (Middleland) Total user(6)
(2012: 2:29: 0:51) - (Middleland) Total user(6)
(2012: 2:29: 0:52) - (Middleland) Total user(5)
(2012: 2:29: 0:53) - (Middleland) Total user(5)
(2012: 2:29: 0:54) - (Middleland) Total user(5)
(2012: 2:29: 0:55) - (Middleland) Total user(5)
(2012: 2:29: 0:56) - (Middleland) Total user(5)
(2012: 2:29: 0:57) - (Middleland) Total user(5)
(2012: 2:29: 0:58) - (Middleland) Total user(5)
(2012: 2:29: 0:59) - (Middleland) Total user(5)
(2012: 2:29: 1: 0) - (Middleland) Total user(4)
(2012: 2:29: 1: 1) - (Middleland) Total user(4)
(2012: 2:29: 1: 2) - (Middleland) Total user(4)
(2012: 2:29: 1: 3) - (Middleland) Total user(4)
(2012: 2:29: 1: 4) - (Middleland) Total user(5)
(2012: 2:29: 1: 5) - (Middleland) Total user(5)
(2012: 2:29: 1: 6) - (Middleland) Total user(5)
(2012: 2:29: 1: 7) - (Middleland) Total user(5)
(2012: 2:29: 1: 8) - (Middleland) Total user(5)
(2012: 2:29: 1: 9) - (Middleland) Total user(5)
(2012: 2:29: 1:10) - (Middleland) Total user(5)
(2012: 2:29: 1:11) - (Middleland) Total user(5)
(2012: 2:29: 1:12) - (Middleland) Total user(5)
(2012: 2:29: 1:13) - (Middleland) Total user(5)
(2012: 2:29: 1:14) - (Middleland) Total user(5)
(2012: 2:29: 1:15) - (Middleland) Total user(5)
(2012: 2:29: 1:16) - (Middleland) Total user(5)
(2012: 2:29: 1:17) - (Middleland) Total user(5)
(2012: 2:29: 1:18) - (Middleland) Total user(5)
(2012: 2:29: 1:20) - (Middleland) Total user(5)
(2012: 2:29: 1:21) - (Middleland) Total user(5)
(2012: 2:29: 1:22) - (Middleland) Total user(5)
(2012: 2:29: 1:23) - (Middleland) Total user(5)
(2012: 2:29: 1:24) - (Middleland) Total user(5)
(2012: 2:29: 1:25) - (Middleland) Total user(5)
(2012: 2:29: 1:26) - (Middleland) Total user(5)
(2012: 2:29: 1:27) - (Middleland) Total user(5)
(2012: 2:29: 1:28) - (Middleland) Total user(5)
(2012: 2:29: 1:29) - (Middleland) Total user(5)
(2012: 2:29: 1:30) - (Middleland) Total user(5)
(2012: 2:29: 1:31) - (Middleland) Total user(5)
(2012: 2:29: 1:32) - (Middleland) Total user(4)
(2012: 2:29: 1:33) - (Middleland) Total user(5)
(2012: 2:29: 1:34) - (Middleland) Total user(5)
(2012: 2:29: 1:35) - (Middleland) Total user(5)
(2012: 2:29: 1:36) - (Middleland) Total user(5)
(2012: 2:29: 1:37) - (Middleland) Total user(5)
(2012: 2:29: 1:38) - (Middleland) Total user(5)
(2012: 2:29: 1:39) - (Middleland) Total user(5)
(2012: 2:29: 1:40) - (Middleland) Total user(6)
(2012: 2:29: 1:41) - (Middleland) Total user(5)
(2012: 2:29: 1:42) - (Middleland) Total user(6)
(2012: 2:29: 1:43) - (Middleland) Total user(6)
(2012: 2:29: 1:44) - (Middleland) Total user(6)
(2012: 2:29: 1:45) - (Middleland) Total user(5)
(2012: 2:29: 1:46) - (Middleland) Total user(5)
(2012: 2:29: 1:47) - (Middleland) Total user(5)
(2012: 2:29: 1:48) - (Middleland) Total user(6)
(2012: 2:29: 1:49) - (Middleland) Total user(6)
(2012: 2:29: 1:50) - (Middleland) Total user(6)
(2012: 2:29: 1:51) - (Middleland) Total user(5)
(2012: 2:29: 1:52) - (Middleland) Total user(5)
(2012: 2:29: 1:53) - (Middleland) Total user(5)
(2012: 2:29: 1:54) - (Middleland) Total user(4)
(2012: 2:29: 1:55) - (Middleland) Total user(4)
(2012: 2:29: 1:56) - (Middleland) Total user(4)
(2012: 2:29: 1:57) - (Middleland) Total user(4)
(2012: 2:29: 1:58) - (Middleland) Total user(5)
(2012: 2:29: 1:59) - (Middleland) Total user(4)
(2012: 2:29: 2: 0) - (Middleland) Total user(4)
(2012: 2:29: 2: 1) - (Middleland) Total user(4)
(2012: 2:29: 2: 2) - (Middleland) Total user(4)
(2012: 2:29: 2: 3) - (Middleland) Total user(4)
(2012: 2:29: 2: 4) - (Middleland) Total user(4)
(2012: 2:29: 2: 5) - (Middleland) Total user(5)
(2012: 2:29: 2: 6) - (Middleland) Total user(5)
(2012: 2:29: 2: 7) - (Middleland) Total user(5)
(2012: 2:29: 2: 8) - (Middleland) Total user(5)
(2012: 2:29: 2: 9) - (Middleland) Total user(5)
(2012: 2:29: 2:10) - (Middleland) Total user(5)
(2012: 2:29: 2:11) - (Middleland) Total user(5)
(2012: 2:29: 2:12) - (Middleland) Total user(5)
(2012: 2:29: 2:13) - (Middleland) Total user(5)
(2012: 2:29: 2:14) - (Middleland) Total user(5)
(2012: 2:29: 2:15) - (Middleland) Total user(5)
(2012: 2:29: 2:16) - (Middleland) Total user(5)
(2012: 2:29: 2:17) - (Middleland) Total user(5)
(2012: 2:29: 2:18) - (Middleland) Total user(5)
(2012: 2:29: 2:19) - (Middleland) Total user(4)
(2012: 2:29: 2:21) - (Middleland) Total user(4)
(2012: 2:29: 2:22) - (Middleland) Total user(4)
(2012: 2:29: 2:23) - (Middleland) Total user(4)
(2012: 2:29: 2:24) - (Middleland) Total user(4)
(2012: 2:29: 2:25) - (Middleland) Total user(4)
(2012: 2:29: 2:26) - (Middleland) Total user(3)
(2012: 2:29: 2:27) - (Middleland) Total user(4)
(2012: 2:29: 2:28) - (Middleland) Total user(4)
(2012: 2:29: 2:29) - (Middleland) Total user(4)
(2012: 2:29: 2:30) - (Middleland) Total user(4)
(2012: 2:29: 2:31) - (Middleland) Total user(4)
(2012: 2:29: 2:32) - (Middleland) Total user(4)
(2012: 2:29: 2:33) - (Middleland) Total user(4)
(2012: 2:29: 2:34) - (Middleland) Total user(4)
(2012: 2:29: 2:35) - (Middleland) Total user(4)
(2012: 2:29: 2:36) - (Middleland) Total user(4)
(2012: 2:29: 2:37) - (Middleland) Total user(4)
(2012: 2:29: 2:38) - (Middleland) Total user(4)
(2012: 2:29: 2:39) - (Middleland) Total user(4)
(2012: 2:29: 2:40) - (Middleland) Total user(4)
(2012: 2:29: 2:41) - (Middleland) Total user(4)
(2012: 2:29: 2:42) - (Middleland) Total user(4)
(2012: 2:29: 2:43) - (Middleland) Total user(4)
(2012: 2:29: 2:44) - (Middleland) Total user(4)
(2012: 2:29: 2:45) - (Middleland) Total user(4)
(2012: 2:29: 2:46) - (Middleland) Total user(4)
(2012: 2:29: 2:47) - (Middleland) Total user(4)
(2012: 2:29: 2:48) - (Middleland) Total user(4)
(2012: 2:29: 2:49) - (Middleland) Total user(4)
(2012: 2:29: 2:50) - (Middleland) Total user(4)
(2012: 2:29: 2:51) - (Middleland) Total user(5)
(2012: 2:29: 2:52) - (Middleland) Total user(5)
(2012: 2:29: 2:53) - (Middleland) Total user(5)
(2012: 2:29: 2:54) - (Middleland) Total user(6)
(2012: 2:29: 2:55) - (Middleland) Total user(6)
(2012: 2:29: 2:56) - (Middleland) Total user(6)
(2012: 2:29: 2:57) - (Middleland) Total user(6)
(2012: 2:29: 2:58) - (Middleland) Total user(5)
(2012: 2:29: 2:59) - (Middleland) Total user(5)
(2012: 2:29: 3: 0) - (Middleland) Total user(5)
(2012: 2:29: 3: 1) - (Middleland) Total user(5)
(2012: 2:29: 3: 2) - (Middleland) Total user(5)
(2012: 2:29: 3: 3) - (Middleland) Total user(5)
(2012: 2:29: 3: 4) - (Middleland) Total user(5)
(2012: 2:29: 3: 5) - (Middleland) Total user(5)
(2012: 2:29: 3: 6) - (Middleland) Total user(5)
(2012: 2:29: 3: 7) - (Middleland) Total user(5)
(2012: 2:29: 3: 8) - (Middleland) Total user(5)
(2012: 2:29: 3: 9) - (Middleland) Total user(5)
(2012: 2:29: 3:10) - (Middleland) Total user(5)
(2012: 2:29: 3:11) - (Middleland) Total user(5)
(2012: 2:29: 3:12) - (Middleland) Total user(5)
(2012: 2:29: 3:13) - (Middleland) Total user(5)
(2012: 2:29: 3:14) - (Middleland) Total user(5)
(2012: 2:29: 3:15) - (Middleland) Total user(5)
(2012: 2:29: 3:16) - (Middleland) Total user(5)
(2012: 2:29: 3:17) - (Middleland) Total user(5)
(2012: 2:29: 3:18) - (Middleland) Total user(5)
(2012: 2:29: 3:19) - (Middleland) Total user(5)
(2012: 2:29: 3:21) - (Middleland) Total user(5)
(2012: 2:29: 3:22) - (Middleland) Total user(5)
(2012: 2:29: 3:23) - (Middleland) Total user(5)
(2012: 2:29: 3:24) - (Middleland) Total user(4)
(2012: 2:29: 3:25) - (Middleland) Total user(4)
(2012: 2:29: 3:26) - (Middleland) Total user(4)
(2012: 2:29: 3:27) - (Middleland) Total user(4)
(2012: 2:29: 3:28) - (Middleland) Total user(4)
(2012: 2:29: 3:29) - (Middleland) Total user(4)
(2012: 2:29: 3:30) - (Middleland) Total user(4)
(2012: 2:29: 3:31) - (Middleland) Total user(4)
(2012: 2:29: 3:32) - (Middleland) Total user(5)
(2012: 2:29: 3:33) - (Middleland) Total user(5)
(2012: 2:29: 3:34) - (Middleland) Total user(5)
(2012: 2:29: 3:35) - (Middleland) Total user(5)
(2012: 2:29: 3:36) - (Middleland) Total user(4)
(2012: 2:29: 3:37) - (Middleland) Total user(5)
(2012: 2:29: 3:38) - (Middleland) Total user(5)
(2012: 2:29: 3:39) - (Middleland) Total user(5)
(2012: 2:29: 3:40) - (Middleland) Total user(5)
(2012: 2:29: 3:41) - (Middleland) Total user(5)
(2012: 2:29: 3:42) - (Middleland) Total user(5)
(2012: 2:29: 3:43) - (Middleland) Total user(5)
(2012: 2:29: 3:44) - (Middleland) Total user(5)
(2012: 2:29: 3:45) - (Middleland) Total user(5)
(2012: 2:29: 3:46) - (Middleland) Total user(5)
(2012: 2:29: 3:47) - (Middleland) Total user(5)
(2012: 2:29: 3:48) - (Middleland) Total user(5)
(2012: 2:29: 3:49) - (Middleland) Total user(5)
(2012: 2:29: 3:50) - (Middleland) Total user(5)
(2012: 2:29: 3:51) - (Middleland) Total user(5)
(2012: 2:29: 3:52) - (Middleland) Total user(5)
(2012: 2:29: 3:53) - (Middleland) Total user(4)
(2012: 2:29: 3:54) - (Middleland) Total user(4)
(2012: 2:29: 3:55) - (Middleland) Total user(4)
(2012: 2:29: 3:56) - (Middleland) Total user(4)
(2012: 2:29: 3:57) - (Middleland) Total user(4)
(2012: 2:29: 3:58) - (Middleland) Total user(5)
(2012: 2:29: 3:59) - (Middleland) Total user(5)
(2012: 2:29: 4: 0) - (Middleland) Total user(5)
(2012: 2:29: 4: 1) - (Middleland) Total user(4)
(2012: 2:29: 4: 2) - (Middleland) Total user(5)
(2012: 2:29: 4: 3) - (Middleland) Total user(5)
(2012: 2:29: 4: 4) - (Middleland) Total user(4)
(2012: 2:29: 4: 5) - (Middleland) Total user(4)
(2012: 2:29: 4: 6) - (Middleland) Total user(4)
(2012: 2:29: 4: 7) - (Middleland) Total user(4)
(2012: 2:29: 4: 8) - (Middleland) Total user(4)
(2012: 2:29: 4: 9) - (Middleland) Total user(4)
(2012: 2:29: 4:10) - (Middleland) Total user(5)
(2012: 2:29: 4:11) - (Middleland) Total user(5)
(2012: 2:29: 4:12) - (Middleland) Total user(5)
(2012: 2:29: 4:13) - (Middleland) Total user(5)
(2012: 2:29: 4:14) - (Middleland) Total user(5)
(2012: 2:29: 4:15) - (Middleland) Total user(5)
(2012: 2:29: 4:16) - (Middleland) Total user(5)
(2012: 2:29: 4:17) - (Middleland) Total user(4)
(2012: 2:29: 4:18) - (Middleland) Total user(4)
(2012: 2:29: 4:19) - (Middleland) Total user(4)
(2012: 2:29: 4:20) - (Middleland) Total user(4)
(2012: 2:29: 4:22) - (Middleland) Total user(4)
(2012: 2:29: 4:23) - (Middleland) Total user(4)
(2012: 2:29: 4:24) - (Middleland) Total user(4)
(2012: 2:29: 4:25) - (Middleland) Total user(5)
(2012: 2:29: 4:26) - (Middleland) Total user(4)
(2012: 2:29: 4:27) - (Middleland) Total user(4)
(2012: 2:29: 4:28) - (Middleland) Total user(4)
(2012: 2:29: 4:29) - (Middleland) Total user(4)
(2012: 2:29: 4:30) - (Middleland) Total user(4)
(2012: 2:29: 4:31) - (Middleland) Total user(4)
(2012: 2:29: 4:32) - (Middleland) Total user(3)
(2012: 2:29: 4:33) - (Middleland) Total user(3)
(2012: 2:29: 4:34) - (Middleland) Total user(3)
(2012: 2:29: 4:35) - (Middleland) Total user(3)
(2012: 2:29: 4:36) - (Middleland) Total user(4)
(2012: 2:29: 4:37) - (Middleland) Total user(3)
(2012: 2:29: 4:38) - (Middleland) Total user(3)
(2012: 2:29: 4:39) - (Middleland) Total user(3)
(2012: 2:29: 4:40) - (Middleland) Total user(4)
(2012: 2:29: 4:41) - (Middleland) Total user(4)
(2012: 2:29: 4:42) - (Middleland) Total user(4)
(2012: 2:29: 4:43) - (Middleland) Total user(4)
(2012: 2:29: 4:44) - (Middleland) Total user(4)
(2012: 2:29: 4:45) - (Middleland) Total user(4)
(2012: 2:29: 4:46) - (Middleland) Total user(4)
(2012: 2:29: 4:47) - (Middleland) Total user(4)
(2012: 2:29: 4:48) - (Middleland) Total user(4)
(2012: 2:29: 4:49) - (Middleland) Total user(4)
(2012: 2:29: 4:50) - (Middleland) Total user(3)
(2012: 2:29: 4:51) - (Middleland) Total user(3)
(2012: 2:29: 4:52) - (Middleland) Total user(3)
(2012: 2:29: 4:53) - (Middleland) Total user(3)
(2012: 2:29: 4:54) - (Middleland) Total user(3)
(2012: 2:29: 4:55) - (Middleland) Total user(3)
(2012: 2:29: 4:56) - (Middleland) Total user(3)
(2012: 2:29: 4:57) - (Middleland) Total user(3)
(2012: 2:29: 4:58) - (Middleland) Total user(3)
(2012: 2:29: 4:59) - (Middleland) Total user(3)
(2012: 2:29: 5: 0) - (Middleland) Total user(3)
(2012: 2:29: 5: 1) - (Middleland) Total user(3)
(2012: 2:29: 5: 2) - (Middleland) Total user(4)
(2012: 2:29: 5: 3) - (Middleland) Total user(4)
(2012: 2:29: 5: 4) - (Middleland) Total user(3)
(2012: 2:29: 5: 5) - (Middleland) Total user(3)
(2012: 2:29: 5: 6) - (Middleland) Total user(3)
(2012: 2:29: 5: 7) - (Middleland) Total user(3)
(2012: 2:29: 5: 8) - (Middleland) Total user(3)
(2012: 2:29: 5: 9) - (Middleland) Total user(3)
(2012: 2:29: 5:10) - (Middleland) Total user(3)
(2012: 2:29: 5:11) - (Middleland) Total user(3)
(2012: 2:29: 5:12) - (Middleland) Total user(3)
(2012: 2:29: 5:13) - (Middleland) Total user(3)
(2012: 2:29: 5:14) - (Middleland) Total user(3)
(2012: 2:29: 5:15) - (Middleland) Total user(3)
(2012: 2:29: 5:16) - (Middleland) Total user(3)
(2012: 2:29: 5:17) - (Middleland) Total user(3)
(2012: 2:29: 5:18) - (Middleland) Total user(3)
(2012: 2:29: 5:19) - (Middleland) Total user(3)
(2012: 2:29: 5:20) - (Middleland) Total user(3)
(2012: 2:29: 5:21) - (Middleland) Total user(3)
(2012: 2:29: 5:23) - (Middleland) Total user(3)
(2012: 2:29: 5:24) - (Middleland) Total user(3)
(2012: 2:29: 5:25) - (Middleland) Total user(3)
(2012: 2:29: 5:26) - (Middleland) Total user(3)
(2012: 2:29: 5:27) - (Middleland) Total user(4)
(2012: 2:29: 5:28) - (Middleland) Total user(4)
(2012: 2:29: 5:29) - (Middleland) Total user(3)
(2012: 2:29: 5:30) - (Middleland) Total user(4)
(2012: 2:29: 5:31) - (Middleland) Total user(4)
(2012: 2:29: 5:32) - (Middleland) Total user(3)
(2012: 2:29: 5:33) - (Middleland) Total user(4)
(2012: 2:29: 5:34) - (Middleland) Total user(4)
(2012: 2:29: 5:35) - (Middleland) Total user(4)
(2012: 2:29: 5:36) - (Middleland) Total user(4)
(2012: 2:29: 5:37) - (Middleland) Total user(4)
(2012: 2:29: 5:38) - (Middleland) Total user(4)
(2012: 2:29: 5:39) - (Middleland) Total user(4)
(2012: 2:29: 5:40) - (Middleland) Total user(4)
(2012: 2:29: 5:41) - (Middleland) Total user(4)
(2012: 2:29: 5:42) - (Middleland) Total user(4)
(2012: 2:29: 5:43) - (Middleland) Total user(4)
(2012: 2:29: 5:44) - (Middleland) Total user(4)
(2012: 2:29: 5:45) - (Middleland) Total user(3)
(2012: 2:29: 5:46) - (Middleland) Total user(4)
(2012: 2:29: 5:47) - (Middleland) Total user(4)
(2012: 2:29: 5:48) - (Middleland) Total user(3)
(2012: 2:29: 5:49) - (Middleland) Total user(4)
(2012: 2:29: 5:50) - (Middleland) Total user(4)
(2012: 2:29: 5:51) - (Middleland) Total user(4)
(2012: 2:29: 5:52) - (Middleland) Total user(3)
(2012: 2:29: 5:53) - (Middleland) Total user(4)
(2012: 2:29: 5:54) - (Middleland) Total user(4)
(2012: 2:29: 5:55) - (Middleland) Total user(4)
(2012: 2:29: 5:56) - (Middleland) Total user(4)
(2012: 2:29: 5:57) - (Middleland) Total user(4)
(2012: 2:29: 5:58) - (Middleland) Total user(4)
(2012: 2:29: 5:59) - (Middleland) Total user(4)
(2012: 2:29: 6: 0) - (Middleland) Total user(4)
(2012: 2:29: 6: 1) - (Middleland) Total user(4)
(2012: 2:29: 6: 2) - (Middleland) Total user(4)
(2012: 2:29: 6: 3) - (Middleland) Total user(4)
(2012: 2:29: 6: 4) - (Middleland) Total user(4)
(2012: 2:29: 6: 5) - (Middleland) Total user(4)
(2012: 2:29: 6: 6) - (Middleland) Total user(4)
(2012: 2:29: 6: 7) - (Middleland) Total user(3)
(2012: 2:29: 6: 8) - (Middleland) Total user(3)
(2012: 2:29: 6: 9) - (Middleland) Total user(3)
(2012: 2:29: 6:10) - (Middleland) Total user(3)
(2012: 2:29: 6:11) - (Middleland) Total user(4)
(2012: 2:29: 6:12) - (Middleland) Total user(4)
(2012: 2:29: 6:13) - (Middleland) Total user(4)
(2012: 2:29: 6:14) - (Middleland) Total user(3)
(2012: 2:29: 6:15) - (Middleland) Total user(3)
(2012: 2:29: 6:16) - (Middleland) Total user(3)
(2012: 2:29: 6:17) - (Middleland) Total user(3)
(2012: 2:29: 6:18) - (Middleland) Total user(3)
(2012: 2:29: 6:19) - (Middleland) Total user(3)
(2012: 2:29: 6:20) - (Middleland) Total user(3)
(2012: 2:29: 6:21) - (Middleland) Total user(3)
(2012: 2:29: 6:22) - (Middleland) Total user(3)
(2012: 2:29: 6:24) - (Middleland) Total user(3)
(2012: 2:29: 6:25) - (Middleland) Total user(3)
(2012: 2:29: 6:26) - (Middleland) Total user(3)
(2012: 2:29: 6:27) - (Middleland) Total user(3)
(2012: 2:29: 6:28) - (Middleland) Total user(3)
(2012: 2:29: 6:29) - (Middleland) Total user(3)
(2012: 2:29: 6:30) - (Middleland) Total user(3)
(2012: 2:29: 6:31) - (Middleland) Total user(3)
(2012: 2:29: 6:32) - (Middleland) Total user(3)
(2012: 2:29: 6:33) - (Middleland) Total user(3)
(2012: 2:29: 6:34) - (Middleland) Total user(2)
(2012: 2:29: 6:35) - (Middleland) Total user(2)
(2012: 2:29: 6:36) - (Middleland) Total user(2)
(2012: 2:29: 6:37) - (Middleland) Total user(2)
(2012: 2:29: 6:38) - (Middleland) Total user(2)
(2012: 2:29: 6:39) - (Middleland) Total user(2)
(2012: 2:29: 6:40) - (Middleland) Total user(2)
(2012: 2:29: 6:41) - (Middleland) Total user(2)
(2012: 2:29: 6:42) - (Middleland) Total user(2)
(2012: 2:29: 6:43) - (Middleland) Total user(2)
(2012: 2:29: 6:44) - (Middleland) Total user(2)
(2012: 2:29: 6:45) - (Middleland) Total user(2)
(2012: 2:29: 6:46) - (Middleland) Total user(2)
(2012: 2:29: 6:47) - (Middleland) Total user(2)
(2012: 2:29: 6:48) - (Middleland) Total user(2)
(2012: 2:29: 6:49) - (Middleland) Total user(2)
(2012: 2:29: 6:50) - (Middleland) Total user(2)
(2012: 2:29: 6:51) - (Middleland) Total user(2)
(2012: 2:29: 6:52) - (Middleland) Total user(2)
(2012: 2:29: 6:53) - (Middleland) Total user(2)
(2012: 2:29: 6:54) - (Middleland) Total user(2)
(2012: 2:29: 6:55) - (Middleland) Total user(2)
(2012: 2:29: 6:56) - (Middleland) Total user(2)
(2012: 2:29: 6:57) - (Middleland) Total user(2)
(2012: 2:29: 6:58) - (Middleland) Total user(2)
(2012: 2:29: 6:59) - (Middleland) Total user(2)
(2012: 2:29: 7: 0) - (Middleland) Total user(1)
(2012: 2:29: 7: 1) - (Middleland) Total user(1)
(2012: 2:29: 7: 2) - (Middleland) Total user(1)
(2012: 2:29: 7: 3) - (Middleland) Total user(1)
(2012: 2:29: 7: 4) - (Middleland) Total user(1)
(2012: 2:29: 7: 5) - (Middleland) Total user(1)
(2012: 2:29: 7: 6) - (Middleland) Total user(1)
(2012: 2:29: 7: 7) - (Middleland) Total user(1)
(2012: 2:29: 7: 8) - (Middleland) Total user(1)
(2012: 2:29: 7: 9) - (Middleland) Total user(1)
(2012: 2:29: 7:10) - (Middleland) Total user(1)
(2012: 2:29: 7:11) - (Middleland) Total user(1)
(2012: 2:29: 7:12) - (Middleland) Total user(1)
(2012: 2:29: 7:13) - (Middleland) Total user(1)
(2012: 2:29: 7:14) - (Middleland) Total user(1)
(2012: 2:29: 7:15) - (Middleland) Total user(1)
(2012: 2:29: 7:16) - (Middleland) Total user(1)
(2012: 2:29: 7:17) - (Middleland) Total user(1)
(2012: 2:29: 7:18) - (Middleland) Total user(1)
(2012: 2:29: 7:19) - (Middleland) Total user(1)
(2012: 2:29: 7:20) - (Middleland) Total user(1)
(2012: 2:29: 7:21) - (Middleland) Total user(1)
(2012: 2:29: 7:22) - (Middleland) Total user(1)
(2012: 2:29: 7:24) - (Middleland) Total user(1)
(2012: 2:29: 7:25) - (Middleland) Total user(1)
(2012: 2:29: 7:26) - (Middleland) Total user(1)
(2012: 2:29: 7:27) - (Middleland) Total user(1)
(2012: 2:29: 7:28) - (Middleland) Total user(1)
(2012: 2:29: 7:29) - (Middleland) Total user(1)
(2012: 2:29: 7:30) - (Middleland) Total user(1)
(2012: 2:29: 7:31) - (Middleland) Total user(1)
(2012: 2:29: 7:32) - (Middleland) Total user(1)
(2012: 2:29: 7:33) - (Middleland) Total user(1)
(2012: 2:29: 7:34) - (Middleland) Total user(1)
(2012: 2:29: 7:35) - (Middleland) Total user(1)
(2012: 2:29: 7:36) - (Middleland) Total user(1)
(2012: 2:29: 7:37) - (Middleland) Total user(1)
(2012: 2:29: 7:38) - (Middleland) Total user(1)
(2012: 2:29: 7:39) - (Middleland) Total user(1)
(2012: 2:29: 7:40) - (Middleland) Total user(1)
(2012: 2:29: 7:41) - (Middleland) Total user(1)
(2012: 2:29: 7:42) - (Middleland) Total user(1)
(2012: 2:29: 7:43) - (Middleland) Total user(1)
(2012: 2:29: 7:44) - (Middleland) Total user(1)
(2012: 2:29: 7:45) - (Middleland) Total user(1)
(2012: 2:29: 7:46) - (Middleland) Total user(1)
(2012: 2:29: 7:47) - (Middleland) Total user(1)
(2012: 2:29: 7:48) - (Middleland) Total user(1)
(2012: 2:29: 7:49) - (Middleland) Total user(1)
(2012: 2:29: 7:50) - (Middleland) Total user(1)
(2012: 2:29: 7:51) - (Middleland) Total user(1)
(2012: 2:29: 7:52) - (Middleland) Total user(1)
(2012: 2:29: 7:53) - (Middleland) Total user(1)
(2012: 2:29: 7:54) - (Middleland) Total user(1)
(2012: 2:29: 7:55) - (Middleland) Total user(1)
(2012: 2:29: 7:56) - (Middleland) Total user(1)
(2012: 2:29: 7:57) - (Middleland) Total user(1)
(2012: 2:29: 7:58) - (Middleland) Total user(1)
(2012: 2:29: 7:59) - (Middleland) Total user(1)
(2012: 2:29: 8: 0) - (Middleland) Total user(1)
(2012: 2:29: 8: 1) - (Middleland) Total user(1)
(2012: 2:29: 8: 2) - (Middleland) Total user(1)
(2012: 2:29: 8: 3) - (Middleland) Total user(1)
(2012: 2:29: 8: 4) - (Middleland) Total user(1)
(2012: 2:29: 8: 5) - (Middleland) Total user(1)
(2012: 2:29: 8: 6) - (Middleland) Total user(1)
(2012: 2:29: 8: 7) - (Middleland) Total user(1)
(2012: 2:29: 8: 8) - (Middleland) Total user(1)
(2012: 2:29: 8: 9) - (Middleland) Total user(1)
(2012: 2:29: 8:10) - (Middleland) Total user(1)
(2012: 2:29: 8:11) - (Middleland) Total user(1)
(2012: 2:29: 8:12) - (Middleland) Total user(1)
(2012: 2:29: 8:13) - (Middleland) Total user(1)
(2012: 2:29: 8:14) - (Middleland) Total user(1)
(2012: 2:29: 8:15) - (Middleland) Total user(1)
(2012: 2:29: 8:16) - (Middleland) Total user(1)
(2012: 2:29: 8:17) - (Middleland) Total user(1)
(2012: 2:29: 8:18) - (Middleland) Total user(1)
(2012: 2:29: 8:19) - (Middleland) Total user(1)
(2012: 2:29: 8:20) - (Middleland) Total user(1)
(2012: 2:29: 8:21) - (Middleland) Total user(1)
(2012: 2:29: 8:22) - (Middleland) Total user(1)
(2012: 2:29: 8:23) - (Middleland) Total user(1)
(2012: 2:29: 8:25) - (Middleland) Total user(1)
(2012: 2:29: 8:26) - (Middleland) Total user(1)
(2012: 2:29: 8:27) - (Middleland) Total user(1)
(2012: 2:29: 8:28) - (Middleland) Total user(1)
(2012: 2:29: 8:29) - (Middleland) Total user(1)
(2012: 2:29: 8:30) - (Middleland) Total user(1)
(2012: 2:29: 8:31) - (Middleland) Total user(2)
(2012: 2:29: 8:32) - (Middleland) Total user(2)
(2012: 2:29: 8:33) - (Middleland) Total user(2)
(2012: 2:29: 8:34) - (Middleland) Total user(2)
(2012: 2:29: 8:35) - (Middleland) Total user(2)
(2012: 2:29: 8:36) - (Middleland) Total user(2)
(2012: 2:29: 8:37) - (Middleland) Total user(2)
(2012: 2:29: 8:38) - (Middleland) Total user(2)
(2012: 2:29: 8:39) - (Middleland) Total user(2)
(2012: 2:29: 8:40) - (Middleland) Total user(2)
(2012: 2:29: 8:41) - (Middleland) Total user(2)
(2012: 2:29: 8:42) - (Middleland) Total user(2)
(2012: 2:29: 8:43) - (Middleland) Total user(2)
(2012: 2:29: 8:44) - (Middleland) Total user(2)
(2012: 2:29: 8:45) - (Middleland) Total user(2)
(2012: 2:29: 8:46) - (Middleland) Total user(2)
(2012: 2:29: 8:47) - (Middleland) Total user(2)
(2012: 2:29: 8:48) - (Middleland) Total user(1)
(2012: 2:29: 8:49) - (Middleland) Total user(1)
(2012: 2:29: 8:50) - (Middleland) Total user(1)
(2012: 2:29: 8:51) - (Middleland) Total user(1)
(2012: 2:29: 8:52) - (Middleland) Total user(1)
(2012: 2:29: 8:53) - (Middleland) Total user(1)
(2012: 2:29: 8:54) - (Middleland) Total user(1)
(2012: 2:29: 8:55) - (Middleland) Total user(1)
(2012: 2:29: 8:56) - (Middleland) Total user(1)
(2012: 2:29: 8:57) - (Middleland) Total user(1)
(2012: 2:29: 8:58) - (Middleland) Total user(1)
(2012: 2:29: 8:59) - (Middleland) Total user(1)
(2012: 2:29: 9: 0) - (Middleland) Total user(1)
(2012: 2:29: 9: 1) - (Middleland) Total user(1)
(2012: 2:29: 9: 2) - (Middleland) Total user(1)
(2012: 2:29: 9: 3) - (Middleland) Total user(1)
(2012: 2:29: 9: 4) - (Middleland) Total user(1)
(2012: 2:29: 9: 5) - (Middleland) Total user(1)
(2012: 2:29: 9: 6) - (Middleland) Total user(1)
(2012: 2:29: 9: 7) - (Middleland) Total user(1)
(2012: 2:29: 9: 8) - (Middleland) Total user(1)
(2012: 2:29: 9: 9) - (Middleland) Total user(1)
(2012: 2:29: 9:10) - (Middleland) Total user(1)
(2012: 2:29: 9:11) - (Middleland) Total user(1)
(2012: 2:29: 9:12) - (Middleland) Total user(1)
(2012: 2:29: 9:13) - (Middleland) Total user(1)
(2012: 2:29: 9:14) - (Middleland) Total user(1)
(2012: 2:29: 9:15) - (Middleland) Total user(1)
(2012: 2:29: 9:16) - (Middleland) Total user(1)
(2012: 2:29: 9:17) - (Middleland) Total user(1)
(2012: 2:29: 9:18) - (Middleland) Total user(1)
(2012: 2:29: 9:19) - (Middleland) Total user(1)
(2012: 2:29: 9:20) - (Middleland) Total user(1)
(2012: 2:29: 9:21) - (Middleland) Total user(1)
(2012: 2:29: 9:22) - (Middleland) Total user(1)
(2012: 2:29: 9:23) - (Middleland) Total user(1)
(2012: 2:29: 9:24) - (Middleland) Total user(1)
(2012: 2:29: 9:26) - (Middleland) Total user(1)
(2012: 2:29: 9:27) - (Middleland) Total user(1)
(2012: 2:29: 9:28) - (Middleland) Total user(1)
(2012: 2:29: 9:29) - (Middleland) Total user(1)
(2012: 2:29: 9:30) - (Middleland) Total user(1)
(2012: 2:29: 9:31) - (Middleland) Total user(1)
(2012: 2:29: 9:32) - (Middleland) Total user(1)
(2012: 2:29: 9:33) - (Middleland) Total user(1)
(2012: 2:29: 9:34) - (Middleland) Total user(1)
(2012: 2:29: 9:35) - (Middleland) Total user(1)
(2012: 2:29: 9:36) - (Middleland) Total user(1)
(2012: 2:29: 9:37) - (Middleland) Total user(1)
(2012: 2:29: 9:38) - (Middleland) Total user(1)
(2012: 2:29: 9:39) - (Middleland) Total user(1)
(2012: 2:29: 9:40) - (Middleland) Total user(1)
(2012: 2:29: 9:41) - (Middleland) Total user(1)
(2012: 2:29: 9:42) - (Middleland) Total user(1)
(2012: 2:29: 9:43) - (Middleland) Total user(1)
(2012: 2:29: 9:44) - (Middleland) Total user(1)
(2012: 2:29: 9:45) - (Middleland) Total user(1)
(2012: 2:29: 9:46) - (Middleland) Total user(1)
(2012: 2:29: 9:47) - (Middleland) Total user(1)
(2012: 2:29: 9:48) - (Middleland) Total user(1)
(2012: 2:29: 9:49) - (Middleland) Total user(1)
(2012: 2:29: 9:50) - (Middleland) Total user(1)
(2012: 2:29: 9:51) - (Middleland) Total user(1)
(2012: 2:29: 9:52) - (Middleland) Total user(1)
(2012: 2:29: 9:53) - (Middleland) Total user(1)
(2012: 2:29: 9:54) - (Middleland) Total user(1)
(2012: 2:29: 9:55) - (Middleland) Total user(1)
(2012: 2:29: 9:56) - (Middleland) Total user(1)
(2012: 2:29: 9:57) - (Middleland) Total user(1)
(2012: 2:29: 9:58) - (Middleland) Total user(1)
(2012: 2:29: 9:59) - (Middleland) Total user(1)
(2012: 2:29:10: 0) - (Middleland) Total user(1)
(2012: 2:29:10: 1) - (Middleland) Total user(1)
(2012: 2:29:10: 2) - (Middleland) Total user(1)
(2012: 2:29:10: 3) - (Middleland) Total user(1)
(2012: 2:29:10: 4) - (Middleland) Total user(1)
(2012: 2:29:10: 5) - (Middleland) Total user(1)
(2012: 2:29:10: 6) - (Middleland) Total user(1)
(2012: 2:29:10: 7) - (Middleland) Total user(1)
(2012: 2:29:10: 8) - (Middleland) Total user(1)
(2012: 2:29:10: 9) - (Middleland) Total user(1)
(2012: 2:29:10:10) - (Middleland) Total user(1)
(2012: 2:29:10:11) - (Middleland) Total user(1)
(2012: 2:29:10:12) - (Middleland) Total user(1)
(2012: 2:29:10:13) - (Middleland) Total user(1)
(2012: 2:29:10:14) - (Middleland) Total user(1)
(2012: 2:29:10:15) - (Middleland) Total user(1)
(2012: 2:29:10:16) - (Middleland) Total user(1)
(2012: 2:29:10:17) - (Middleland) Total user(1)
(2012: 2:29:10:18) - (Middleland) Total user(1)
(2012: 2:29:10:19) - (Middleland) Total user(1)
(2012: 2:29:10:20) - (Middleland) Total user(1)
(2012: 2:29:10:21) - (Middleland) Total user(1)
(2012: 2:29:10:22) - (Middleland) Total user(1)
(2012: 2:29:10:23) - (Middleland) Total user(1)
(2012: 2:29:10:24) - (Middleland) Total user(1)
(2012: 2:29:10:25) - (Middleland) Total user(1)
(2012: 2:29:10:27) - (Middleland) Total user(1)
(2012: 2:29:10:28) - (Middleland) Total user(1)
(2012: 2:29:10:29) - (Middleland) Total user(1)
(2012: 2:29:10:30) - (Middleland) Total user(1)
(2012: 2:29:10:31) - (Middleland) Total user(1)
(2012: 2:29:10:32) - (Middleland) Total user(1)
(2012: 2:29:10:33) - (Middleland) Total user(1)
(2012: 2:29:10:34) - (Middleland) Total user(2)
(2012: 2:29:10:35) - (Middleland) Total user(1)
(2012: 2:29:10:36) - (Middleland) Total user(1)
(2012: 2:29:10:37) - (Middleland) Total user(2)
(2012: 2:29:10:38) - (Middleland) Total user(1)
(2012: 2:29:10:39) - (Middleland) Total user(1)
(2012: 2:29:10:40) - (Middleland) Total user(1)
(2012: 2:29:10:41) - (Middleland) Total user(1)
(2012: 2:29:10:42) - (Middleland) Total user(1)
(2012: 2:29:10:43) - (Middleland) Total user(1)
(2012: 2:29:10:44) - (Middleland) Total user(1)
(2012: 2:29:10:45) - (Middleland) Total user(1)
(2012: 2:29:10:46) - (Middleland) Total user(1)
(2012: 2:29:10:47) - (Middleland) Total user(1)
(2012: 2:29:10:48) - (Middleland) Total user(1)
(2012: 2:29:10:49) - (Middleland) Total user(1)
(2012: 2:29:10:50) - (Middleland) Total user(1)
(2012: 2:29:10:51) - (Middleland) Total user(1)
(2012: 2:29:10:52) - (Middleland) Total user(1)
(2012: 2:29:10:53) - (Middleland) Total user(1)
(2012: 2:29:10:54) - (Middleland) Total user(1)
(2012: 2:29:10:55) - (Middleland) Total user(1)
(2012: 2:29:10:56) - (Middleland) Total user(1)
(2012: 2:29:10:57) - (Middleland) Total user(1)
(2012: 2:29:10:58) - (Middleland) Total user(1)
(2012: 2:29:10:59) - (Middleland) Total user(1)
(2012: 2:29:11: 0) - (Middleland) Total user(1)
(2012: 2:29:11: 1) - (Middleland) Total user(1)
(2012: 2:29:11: 2) - (Middleland) Total user(1)
(2012: 2:29:11: 3) - (Middleland) Total user(1)
(2012: 2:29:11: 4) - (Middleland) Total user(1)
(2012: 2:29:11: 5) - (Middleland) Total user(1)
(2012: 2:29:11: 6) - (Middleland) Total user(1)
(2012: 2:29:11: 7) - (Middleland) Total user(1)
(2012: 2:29:11: 8) - (Middleland) Total user(1)
(2012: 2:29:11: 9) - (Middleland) Total user(1)
(2012: 2:29:11:10) - (Middleland) Total user(1)
(2012: 2:29:11:11) - (Middleland) Total user(1)
(2012: 2:29:11:12) - (Middleland) Total user(1)
(2012: 2:29:11:13) - (Middleland) Total user(1)
(2012: 2:29:11:14) - (Middleland) Total user(1)
(2012: 2:29:11:15) - (Middleland) Total user(1)
(2012: 2:29:11:16) - (Middleland) Total user(1)
(2012: 2:29:11:17) - (Middleland) Total user(1)
(2012: 2:29:11:18) - (Middleland) Total user(1)
(2012: 2:29:11:19) - (Middleland) Total user(1)
(2012: 2:29:11:20) - (Middleland) Total user(2)
(2012: 2:29:11:21) - (Middleland) Total user(2)
(2012: 2:29:11:22) - (Middleland) Total user(3)
(2012: 2:29:11:23) - (Middleland) Total user(3)
(2012: 2:29:11:24) - (Middleland) Total user(2)
(2012: 2:29:11:25) - (Middleland) Total user(2)
(2012: 2:29:11:26) - (Middleland) Total user(2)
(2012: 2:29:11:28) - (Middleland) Total user(2)
(2012: 2:29:11:29) - (Middleland) Total user(2)
(2012: 2:29:11:30) - (Middleland) Total user(2)
(2012: 2:29:11:31) - (Middleland) Total user(2)
(2012: 2:29:11:32) - (Middleland) Total user(2)
(2012: 2:29:11:33) - (Middleland) Total user(2)
(2012: 2:29:11:34) - (Middleland) Total user(2)
(2012: 2:29:11:35) - (Middleland) Total user(2)
(2012: 2:29:11:36) - (Middleland) Total user(2)
(2012: 2:29:11:37) - (Middleland) Total user(2)
(2012: 2:29:11:38) - (Middleland) Total user(2)
(2012: 2:29:11:39) - (Middleland) Total user(2)
(2012: 2:29:11:40) - (Middleland) Total user(2)
(2012: 2:29:11:41) - (Middleland) Total user(2)
(2012: 2:29:11:42) - (Middleland) Total user(2)
(2012: 2:29:11:43) - (Middleland) Total user(2)
(2012: 2:29:11:44) - (Middleland) Total user(2)
(2012: 2:29:11:45) - (Middleland) Total user(2)
(2012: 2:29:11:46) - (Middleland) Total user(2)
(2012: 2:29:11:47) - (Middleland) Total user(2)
(2012: 2:29:11:48) - (Middleland) Total user(2)
(2012: 2:29:11:49) - (Middleland) Total user(2)
(2012: 2:29:11:50) - (Middleland) Total user(2)
(2012: 2:29:11:51) - (Middleland) Total user(2)
(2012: 2:29:11:52) - (Middleland) Total user(2)
(2012: 2:29:11:53) - (Middleland) Total user(2)
(2012: 2:29:11:54) - (Middleland) Total user(2)
(2012: 2:29:11:55) - (Middleland) Total user(2)
(2012: 2:29:11:56) - (Middleland) Total user(2)
(2012: 2:29:11:57) - (Middleland) Total user(2)
(2012: 2:29:11:58) - (Middleland) Total user(1)
(2012: 2:29:11:59) - (Middleland) Total user(1)
(2012: 2:29:12: 0) - (Middleland) Total user(1)
(2012: 2:29:12: 1) - (Middleland) Total user(1)
(2012: 2:29:12: 2) - (Middleland) Total user(1)
(2012: 2:29:12: 3) - (Middleland) Total user(1)
(2012: 2:29:12: 4) - (Middleland) Total user(1)
(2012: 2:29:12: 5) - (Middleland) Total user(1)
(2012: 2:29:12: 6) - (Middleland) Total user(1)
(2012: 2:29:12: 7) - (Middleland) Total user(1)
(2012: 2:29:12: 8) - (Middleland) Total user(1)
(2012: 2:29:12: 9) - (Middleland) Total user(1)
(2012: 2:29:12:10) - (Middleland) Total user(1)
(2012: 2:29:12:11) - (Middleland) Total user(1)
(2012: 2:29:12:12) - (Middleland) Total user(1)
(2012: 2:29:12:13) - (Middleland) Total user(1)
(2012: 2:29:12:14) - (Middleland) Total user(1)
(2012: 2:29:12:15) - (Middleland) Total user(1)
(2012: 2:29:12:16) - (Middleland) Total user(1)
(2012: 2:29:12:17) - (Middleland) Total user(1)
(2012: 2:29:12:18) - (Middleland) Total user(1)
(2012: 2:29:12:19) - (Middleland) Total user(1)
(2012: 2:29:12:20) - (Middleland) Total user(1)
(2012: 2:29:12:21) - (Middleland) Total user(1)
(2012: 2:29:12:22) - (Middleland) Total user(1)
(2012: 2:29:12:23) - (Middleland) Total user(1)
(2012: 2:29:12:24) - (Middleland) Total user(1)
(2012: 2:29:12:25) - (Middleland) Total user(1)
(2012: 2:29:12:26) - (Middleland) Total user(1)
(2012: 2:29:12:28) - (Middleland) Total user(1)
(2012: 2:29:12:29) - (Middleland) Total user(1)
(2012: 2:29:12:30) - (Middleland) Total user(1)
(2012: 2:29:12:31) - (Middleland) Total user(1)
(2012: 2:29:12:32) - (Middleland) Total user(1)
(2012: 2:29:12:33) - (Middleland) Total user(1)
(2012: 2:29:12:34) - (Middleland) Total user(1)
(2012: 2:29:12:35) - (Middleland) Total user(1)
(2012: 2:29:12:36) - (Middleland) Total user(1)
(2012: 2:29:12:37) - (Middleland) Total user(1)
(2012: 2:29:12:38) - (Middleland) Total user(1)
(2012: 2:29:12:39) - (Middleland) Total user(1)
(2012: 2:29:12:40) - (Middleland) Total user(1)
(2012: 2:29:12:41) - (Middleland) Total user(1)
(2012: 2:29:12:42) - (Middleland) Total user(1)
(2012: 2:29:12:43) - (Middleland) Total user(1)
(2012: 2:29:12:44) - (Middleland) Total user(1)
(2012: 2:29:12:45) - (Middleland) Total user(1)
(2012: 2:29:12:46) - (Middleland) Total user(1)
(2012: 2:29:12:47) - (Middleland) Total user(1)
(2012: 2:29:12:48) - (Middleland) Total user(1)
(2012: 2:29:12:49) - (Middleland) Total user(1)
(2012: 2:29:12:50) - (Middleland) Total user(1)
(2012: 2:29:12:51) - (Middleland) Total user(1)
(2012: 2:29:12:52) - (Middleland) Total user(1)
(2012: 2:29:12:53) - (Middleland) Total user(1)
(2012: 2:29:12:54) - (Middleland) Total user(1)
(2012: 2:29:12:55) - (Middleland) Total user(1)
(2012: 2:29:12:56) - (Middleland) Total user(1)
(2012: 2:29:12:57) - (Middleland) Total user(1)
(2012: 2:29:12:58) - (Middleland) Total user(1)
(2012: 2:29:12:59) - (Middleland) Total user(1)
(2012: 2:29:13: 0) - (Middleland) Total user(1)
(2012: 2:29:13: 1) - (Middleland) Total user(1)
(2012: 2:29:13: 2) - (Middleland) Total user(1)
(2012: 2:29:13: 3) - (Middleland) Total user(1)
(2012: 2:29:13: 4) - (Middleland) Total user(1)
(2012: 2:29:13: 5) - (Middleland) Total user(1)
(2012: 2:29:13: 6) - (Middleland) Total user(1)
(2012: 2:29:13: 7) - (Middleland) Total user(1)
(2012: 2:29:13: 8) - (Middleland) Total user(1)
(2012: 2:29:13: 9) - (Middleland) Total user(1)
(2012: 2:29:13:10) - (Middleland) Total user(1)
(2012: 2:29:13:13) - (Middleland) Total user(0)
(2012: 2:29:13:14) - (Middleland) Total user(1)
(2012: 2:29:13:15) - (Middleland) Total user(1)
(2012: 2:29:13:16) - (Middleland) Total user(1)
(2012: 2:29:13:17) - (Middleland) Total user(1)
(2012: 2:29:13:18) - (Middleland) Total user(1)
(2012: 2:29:13:19) - (Middleland) Total user(1)
(2012: 2:29:13:20) - (Middleland) Total user(2)
(2012: 2:29:13:21) - (Middleland) Total user(2)
(2012: 2:29:13:22) - (Middleland) Total user(2)
(2012: 2:29:13:23) - (Middleland) Total user(2)
(2012: 2:29:13:25) - (Middleland) Total user(2)
(2012: 2:29:13:26) - (Middleland) Total user(2)
(2012: 2:29:13:27) - (Middleland) Total user(2)
(2012: 2:29:13:28) - (Middleland) Total user(2)
(2012: 2:29:13:29) - (Middleland) Total user(2)
(2012: 2:29:13:30) - (Middleland) Total user(2)
(2012: 2:29:13:31) - (Middleland) Total user(1)
(2012: 2:29:13:32) - (Middleland) Total user(2)
(2012: 2:29:13:33) - (Middleland) Total user(2)
(2012: 2:29:13:34) - (Middleland) Total user(2)
(2012: 2:29:13:35) - (Middleland) Total user(2)
(2012: 2:29:13:36) - (Middleland) Total user(2)
(2012: 2:29:13:37) - (Middleland) Total user(2)
(2012: 2:29:13:38) - (Middleland) Total user(2)
(2012: 2:29:13:39) - (Middleland) Total user(2)
(2012: 2:29:13:40) - (Middleland) Total user(1)
(2012: 2:29:13:41) - (Middleland) Total user(1)
(2012: 2:29:13:42) - (Middleland) Total user(2)
(2012: 2:29:13:43) - (Middleland) Total user(2)
(2012: 2:29:13:44) - (Middleland) Total user(2)
(2012: 2:29:13:45) - (Middleland) Total user(2)
(2012: 2:29:13:46) - (Middleland) Total user(2)
(2012: 2:29:13:47) - (Middleland) Total user(2)
(2012: 2:29:13:48) - (Middleland) Total user(2)
(2012: 2:29:13:50) - (Middleland) Total user(2)
(2012: 2:29:13:51) - (Middleland) Total user(2)
(2012: 2:29:13:52) - (Middleland) Total user(1)
(2012: 2:29:13:53) - (Middleland) Total user(2)
(2012: 2:29:13:54) - (Middleland) Total user(2)
(2012: 2:29:13:55) - (Middleland) Total user(2)
(2012: 2:29:13:56) - (Middleland) Total user(1)
(2012: 2:29:13:57) - (Middleland) Total user(2)
(2012: 2:29:13:58) - (Middleland) Total user(2)
(2012: 2:29:13:59) - (Middleland) Total user(2)
(2012: 2:29:14: 0) - (Middleland) Total user(2)
(2012: 2:29:14: 1) - (Middleland) Total user(1)
(2012: 2:29:14: 2) - (Middleland) Total user(2)
(2012: 2:29:14: 3) - (Middleland) Total user(2)
(2012: 2:29:14: 4) - (Middleland) Total user(2)
(2012: 2:29:14: 5) - (Middleland) Total user(2)
(2012: 2:29:14: 6) - (Middleland) Total user(2)
(2012: 2:29:14: 7) - (Middleland) Total user(2)
(2012: 2:29:14: 8) - (Middleland) Total user(2)
(2012: 2:29:14: 9) - (Middleland) Total user(2)
(2012: 2:29:14:10) - (Middleland) Total user(2)
(2012: 2:29:14:11) - (Middleland) Total user(2)
(2012: 2:29:14:12) - (Middleland) Total user(2)
(2012: 2:29:14:13) - (Middleland) Total user(2)
(2012: 2:29:14:14) - (Middleland) Total user(2)
(2012: 2:29:14:15) - (Middleland) Total user(2)
(2012: 2:29:14:16) - (Middleland) Total user(2)
(2012: 2:29:14:17) - (Middleland) Total user(2)
(2012: 2:29:14:18) - (Middleland) Total user(2)
(2012: 2:29:14:19) - (Middleland) Total user(2)
(2012: 2:29:14:21) - (Middleland) Total user(2)
(2012: 2:29:14:22) - (Middleland) Total user(2)
(2012: 2:29:14:23) - (Middleland) Total user(2)
(2012: 2:29:14:25) - (Middleland) Total user(2)
(2012: 2:29:14:26) - (Middleland) Total user(2)
(2012: 2:29:14:27) - (Middleland) Total user(2)
(2012: 2:29:14:28) - (Middleland) Total user(2)
(2012: 2:29:14:29) - (Middleland) Total user(1)
(2012: 2:29:14:30) - (Middleland) Total user(2)
(2012: 2:29:14:31) - (Middleland) Total user(2)
(2012: 2:29:14:32) - (Middleland) Total user(2)
(2012: 2:29:14:33) - (Middleland) Total user(2)
(2012: 2:29:14:34) - (Middleland) Total user(2)
(2012: 2:29:14:35) - (Middleland) Total user(2)
(2012: 2:29:14:36) - (Middleland) Total user(2)
(2012: 2:29:14:37) - (Middleland) Total user(2)
(2012: 2:29:14:38) - (Middleland) Total user(2)
(2012: 2:29:14:39) - (Middleland) Total user(2)
(2012: 2:29:14:40) - (Middleland) Total user(2)
(2012: 2:29:14:41) - (Middleland) Total user(2)
(2012: 2:29:14:42) - (Middleland) Total user(2)
(2012: 2:29:14:43) - (Middleland) Total user(2)
(2012: 2:29:14:44) - (Middleland) Total user(2)
(2012: 2:29:14:45) - (Middleland) Total user(2)
(2012: 2:29:14:46) - (Middleland) Total user(2)
(2012: 2:29:14:47) - (Middleland) Total user(2)
(2012: 2:29:14:48) - (Middleland) Total user(2)
(2012: 2:29:14:49) - (Middleland) Total user(2)
(2012: 2:29:14:50) - (Middleland) Total user(1)
(2012: 2:29:14:51) - (Middleland) Total user(2)
(2012: 2:29:14:52) - (Middleland) Total user(2)
(2012: 2:29:14:53) - (Middleland) Total user(1)
(2012: 2:29:14:54) - (Middleland) Total user(2)
(2012: 2:29:14:55) - (Middleland) Total user(2)
(2012: 2:29:14:56) - (Middleland) Total user(2)
(2012: 2:29:14:57) - (Middleland) Total user(1)
(2012: 2:29:14:58) - (Middleland) Total user(1)
(2012: 2:29:14:59) - (Middleland) Total user(0)
(2012: 2:29:15: 0) - (Middleland) Total user(0)
(2012: 2:29:15: 1) - (Middleland) Total user(0)
(2012: 2:29:15: 2) - (Middleland) Total user(0)
(2012: 2:29:15: 3) - (Middleland) Total user(0)
(2012: 2:29:15: 4) - (Middleland) Total user(0)
(2012: 2:29:15: 5) - (Middleland) Total user(0)
(2012: 2:29:15: 8) - (Middleland) Total user(0)
(2012: 2:29:15: 9) - (Middleland) Total user(1)
(2012: 2:29:15:10) - (Middleland) Total user(1)
(2012: 2:29:15:11) - (Middleland) Total user(1)
(2012: 2:29:15:12) - (Middleland) Total user(1)
(2012: 2:29:15:13) - (Middleland) Total user(1)
(2012: 2:29:15:14) - (Middleland) Total user(1)
(2012: 2:29:15:15) - (Middleland) Total user(1)
(2012: 2:29:15:16) - (Middleland) Total user(1)
(2012: 2:29:15:17) - (Middleland) Total user(0)
(2012: 2:29:15:18) - (Middleland) Total user(0)
(2012: 2:29:15:19) - (Middleland) Total user(0)
(2012: 2:29:15:20) - (Middleland) Total user(0)
(2012: 2:29:15:21) - (Middleland) Total user(0)
(2012: 2:29:15:22) - (Middleland) Total user(0)
(2012: 2:29:15:23) - (Middleland) Total user(0)
(2012: 2:29:15:24) - (Middleland) Total user(1)
(2012: 2:29:15:25) - (Middleland) Total user(1)
(2012: 2:29:15:26) - (Middleland) Total user(1)
(2012: 2:29:15:27) - (Middleland) Total user(1)
(2012: 2:29:15:28) - (Middleland) Total user(1)
(2012: 2:29:15:29) - (Middleland) Total user(1)
(2012: 2:29:15:31) - (Middleland) Total user(0)
(2012: 2:29:15:32) - (Middleland) Total user(1)
(2012: 2:29:15:33) - (Middleland) Total user(1)
(2012: 2:29:15:34) - (Middleland) Total user(1)
(2012: 2:29:15:35) - (Middleland) Total user(1)
(2012: 2:29:15:36) - (Middleland) Total user(1)
(2012: 2:29:15:37) - (Middleland) Total user(2)
(2012: 2:29:15:38) - (Middleland) Total user(1)
(2012: 2:29:15:39) - (Middleland) Total user(1)
(2012: 2:29:15:40) - (Middleland) Total user(1)
(2012: 2:29:15:41) - (Middleland) Total user(2)
(2012: 2:29:15:42) - (Middleland) Total user(2)
(2012: 2:29:15:43) - (Middleland) Total user(2)
(2012: 2:29:15:44) - (Middleland) Total user(2)
(2012: 2:29:15:45) - (Middleland) Total user(2)
(2012: 2:29:15:46) - (Middleland) Total user(2)
(2012: 2:29:15:47) - (Middleland) Total user(2)
(2012: 2:29:15:48) - (Middleland) Total user(2)
(2012: 2:29:15:49) - (Middleland) Total user(1)
(2012: 2:29:15:50) - (Middleland) Total user(2)
(2012: 2:29:15:51) - (Middleland) Total user(2)
(2012: 2:29:15:52) - (Middleland) Total user(2)
(2012: 2:29:15:53) - (Middleland) Total user(2)
(2012: 2:29:15:54) - (Middleland) Total user(2)
(2012: 2:29:15:55) - (Middleland) Total user(2)
(2012: 2:29:15:56) - (Middleland) Total user(2)
(2012: 2:29:15:57) - (Middleland) Total user(2)
(2012: 2:29:15:58) - (Middleland) Total user(2)
(2012: 2:29:15:59) - (Middleland) Total user(2)
(2012: 2:29:16: 1) - (Middleland) Total user(2)
(2012: 2:29:16: 2) - (Middleland) Total user(2)
(2012: 2:29:16: 3) - (Middleland) Total user(2)
(2012: 2:29:16: 4) - (Middleland) Total user(1)
(2012: 2:29:16: 5) - (Middleland) Total user(1)
(2012: 2:29:16: 6) - (Middleland) Total user(3)
(2012: 2:29:16: 7) - (Middleland) Total user(3)
(2012: 2:29:16: 8) - (Middleland) Total user(3)
(2012: 2:29:16: 9) - (Middleland) Total user(3)
(2012: 2:29:16:10) - (Middleland) Total user(3)
(2012: 2:29:16:11) - (Middleland) Total user(3)
(2012: 2:29:16:12) - (Middleland) Total user(3)
(2012: 2:29:16:13) - (Middleland) Total user(3)
(2012: 2:29:16:14) - (Middleland) Total user(3)
(2012: 2:29:16:15) - (Middleland) Total user(3)
(2012: 2:29:16:16) - (Middleland) Total user(3)
(2012: 2:29:16:17) - (Middleland) Total user(3)
(2012: 2:29:16:18) - (Middleland) Total user(3)
(2012: 2:29:16:19) - (Middleland) Total user(2)
(2012: 2:29:16:20) - (Middleland) Total user(3)
(2012: 2:29:16:21) - (Middleland) Total user(3)
(2012: 2:29:16:22) - (Middleland) Total user(3)
(2012: 2:29:16:23) - (Middleland) Total user(3)
(2012: 2:29:16:24) - (Middleland) Total user(3)
(2012: 2:29:16:25) - (Middleland) Total user(3)
(2012: 2:29:16:26) - (Middleland) Total user(3)
(2012: 2:29:16:27) - (Middleland) Total user(3)
(2012: 2:29:16:28) - (Middleland) Total user(3)
(2012: 2:29:16:29) - (Middleland) Total user(3)
(2012: 2:29:16:30) - (Middleland) Total user(3)
(2012: 2:29:16:31) - (Middleland) Total user(3)
(2012: 2:29:16:32) - (Middleland) Total user(3)
(2012: 2:29:16:33) - (Middleland) Total user(3)
(2012: 2:29:16:34) - (Middleland) Total user(3)
(2012: 2:29:16:35) - (Middleland) Total user(3)
(2012: 2:29:16:36) - (Middleland) Total user(3)
(2012: 2:29:16:37) - (Middleland) Total user(3)
(2012: 2:29:16:38) - (Middleland) Total user(3)
(2012: 2:29:16:39) - (Middleland) Total user(3)
(2012: 2:29:16:40) - (Middleland) Total user(3)
(2012: 2:29:16:41) - (Middleland) Total user(3)
(2012: 2:29:16:42) - (Middleland) Total user(3)
(2012: 2:29:16:43) - (Middleland) Total user(3)
(2012: 2:29:16:44) - (Middleland) Total user(3)
(2012: 2:29:16:45) - (Middleland) Total user(3)
(2012: 2:29:16:46) - (Middleland) Total user(3)
(2012: 2:29:16:47) - (Middleland) Total user(3)
(2012: 2:29:16:48) - (Middleland) Total user(3)
(2012: 2:29:16:49) - (Middleland) Total user(3)
(2012: 2:29:16:50) - (Middleland) Total user(3)
(2012: 2:29:16:51) - (Middleland) Total user(3)
(2012: 2:29:16:52) - (Middleland) Total user(3)
(2012: 2:29:16:53) - (Middleland) Total user(3)
(2012: 2:29:16:54) - (Middleland) Total user(3)
(2012: 2:29:16:55) - (Middleland) Total user(3)
(2012: 2:29:16:56) - (Middleland) Total user(3)
(2012: 2:29:16:57) - (Middleland) Total user(3)
(2012: 2:29:16:58) - (Middleland) Total user(3)
(2012: 2:29:16:59) - (Middleland) Total user(3)
(2012: 2:29:17: 0) - (Middleland) Total user(3)
(2012: 2:29:17: 2) - (Middleland) Total user(3)
(2012: 2:29:17: 3) - (Middleland) Total user(3)
(2012: 2:29:17: 4) - (Middleland) Total user(3)
(2012: 2:29:17: 5) - (Middleland) Total user(3)
(2012: 2:29:17: 6) - (Middleland) Total user(3)
(2012: 2:29:17: 7) - (Middleland) Total user(3)
(2012: 2:29:17: 8) - (Middleland) Total user(3)
(2012: 2:29:17: 9) - (Middleland) Total user(3)
(2012: 2:29:17:10) - (Middleland) Total user(3)
(2012: 2:29:17:11) - (Middleland) Total user(3)
(2012: 2:29:17:12) - (Middleland) Total user(3)
(2012: 2:29:17:13) - (Middleland) Total user(3)
(2012: 2:29:17:14) - (Middleland) Total user(3)
(2012: 2:29:17:15) - (Middleland) Total user(3)
(2012: 2:29:17:16) - (Middleland) Total user(3)
(2012: 2:29:17:17) - (Middleland) Total user(3)
(2012: 2:29:17:18) - (Middleland) Total user(2)
(2012: 2:29:17:19) - (Middleland) Total user(2)
(2012: 2:29:17:20) - (Middleland) Total user(2)
(2012: 2:29:17:21) - (Middleland) Total user(2)
(2012: 2:29:17:22) - (Middleland) Total user(2)
(2012: 2:29:17:23) - (Middleland) Total user(3)
(2012: 2:29:17:24) - (Middleland) Total user(3)
(2012: 2:29:17:25) - (Middleland) Total user(2)
(2012: 2:29:17:26) - (Middleland) Total user(2)
(2012: 2:29:17:27) - (Middleland) Total user(2)
(2012: 2:29:17:28) - (Middleland) Total user(2)
(2012: 2:29:17:29) - (Middleland) Total user(2)
(2012: 2:29:17:30) - (Middleland) Total user(2)
(2012: 2:29:17:31) - (Middleland) Total user(2)
(2012: 2:29:17:32) - (Middleland) Total user(2)
(2012: 2:29:17:33) - (Middleland) Total user(2)
(2012: 2:29:17:34) - (Middleland) Total user(2)
(2012: 2:29:17:35) - (Middleland) Total user(2)
(2012: 2:29:17:36) - (Middleland) Total user(2)
(2012: 2:29:17:37) - (Middleland) Total user(2)
(2012: 2:29:17:38) - (Middleland) Total user(2)
(2012: 2:29:17:39) - (Middleland) Total user(2)
(2012: 2:29:17:40) - (Middleland) Total user(2)
(2012: 2:29:17:41) - (Middleland) Total user(2)
(2012: 2:29:17:42) - (Middleland) Total user(2)
(2012: 2:29:17:43) - (Middleland) Total user(2)
(2012: 2:29:17:44) - (Middleland) Total user(1)
(2012: 2:29:17:45) - (Middleland) Total user(2)
(2012: 2:29:17:46) - (Middleland) Total user(1)
(2012: 2:29:17:47) - (Middleland) Total user(2)
(2012: 2:29:17:48) - (Middleland) Total user(2)
(2012: 2:29:17:49) - (Middleland) Total user(2)
(2012: 2:29:17:50) - (Middleland) Total user(2)
(2012: 2:29:17:51) - (Middleland) Total user(2)
(2012: 2:29:17:52) - (Middleland) Total user(2)
(2012: 2:29:17:53) - (Middleland) Total user(2)
(2012: 2:29:17:54) - (Middleland) Total user(2)
(2012: 2:29:17:55) - (Middleland) Total user(2)
(2012: 2:29:17:56) - (Middleland) Total user(2)
(2012: 2:29:17:57) - (Middleland) Total user(2)
(2012: 2:29:17:58) - (Middleland) Total user(2)
(2012: 2:29:17:59) - (Middleland) Total user(2)
(2012: 2:29:18: 0) - (Middleland) Total user(2)
(2012: 2:29:18: 1) - (Middleland) Total user(2)
(2012: 2:29:18: 3) - (Middleland) Total user(2)
(2012: 2:29:18: 4) - (Middleland) Total user(2)
(2012: 2:29:18: 5) - (Middleland) Total user(2)
(2012: 2:29:18: 6) - (Middleland) Total user(2)
(2012: 2:29:18: 7) - (Middleland) Total user(2)
(2012: 2:29:18: 8) - (Middleland) Total user(2)
(2012: 2:29:18: 9) - (Middleland) Total user(2)
(2012: 2:29:18:10) - (Middleland) Total user(2)
(2012: 2:29:18:11) - (Middleland) Total user(3)
(2012: 2:29:18:12) - (Middleland) Total user(3)
(2012: 2:29:18:13) - (Middleland) Total user(3)
(2012: 2:29:18:14) - (Middleland) Total user(3)
(2012: 2:29:18:15) - (Middleland) Total user(3)
(2012: 2:29:18:16) - (Middleland) Total user(3)
(2012: 2:29:18:17) - (Middleland) Total user(3)
(2012: 2:29:18:18) - (Middleland) Total user(3)
(2012: 2:29:18:19) - (Middleland) Total user(3)
(2012: 2:29:18:20) - (Middleland) Total user(3)
(2012: 2:29:18:21) - (Middleland) Total user(3)
(2012: 2:29:18:22) - (Middleland) Total user(3)
(2012: 2:29:18:23) - (Middleland) Total user(3)
(2012: 2:29:18:24) - (Middleland) Total user(3)
(2012: 2:29:18:25) - (Middleland) Total user(3)
(2012: 2:29:18:26) - (Middleland) Total user(3)
(2012: 2:29:18:27) - (Middleland) Total user(3)
(2012: 2:29:18:28) - (Middleland) Total user(3)
(2012: 2:29:18:29) - (Middleland) Total user(3)
(2012: 2:29:18:30) - (Middleland) Total user(3)
(2012: 2:29:18:31) - (Middleland) Total user(3)
(2012: 2:29:18:32) - (Middleland) Total user(3)
(2012: 2:29:18:33) - (Middleland) Total user(3)
(2012: 2:29:18:34) - (Middleland) Total user(3)
(2012: 2:29:18:35) - (Middleland) Total user(3)
(2012: 2:29:18:36) - (Middleland) Total user(3)
(2012: 2:29:18:37) - (Middleland) Total user(4)
(2012: 2:29:18:38) - (Middleland) Total user(4)
(2012: 2:29:18:39) - (Middleland) Total user(4)
(2012: 2:29:18:40) - (Middleland) Total user(4)
(2012: 2:29:18:41) - (Middleland) Total user(4)
(2012: 2:29:18:42) - (Middleland) Total user(4)
(2012: 2:29:18:43) - (Middleland) Total user(4)
(2012: 2:29:18:44) - (Middleland) Total user(4)
(2012: 2:29:18:45) - (Middleland) Total user(4)
(2012: 2:29:18:46) - (Middleland) Total user(4)
(2012: 2:29:18:47) - (Middleland) Total user(4)
(2012: 2:29:18:48) - (Middleland) Total user(3)
(2012: 2:29:18:49) - (Middleland) Total user(4)
(2012: 2:29:18:50) - (Middleland) Total user(4)
(2012: 2:29:18:51) - (Middleland) Total user(4)
(2012: 2:29:18:52) - (Middleland) Total user(4)
(2012: 2:29:18:53) - (Middleland) Total user(2)
(2012: 2:29:18:54) - (Middleland) Total user(3)
(2012: 2:29:18:55) - (Middleland) Total user(3)
(2012: 2:29:18:56) - (Middleland) Total user(3)
(2012: 2:29:18:57) - (Middleland) Total user(2)
(2012: 2:29:18:58) - (Middleland) Total user(2)
(2012: 2:29:18:59) - (Middleland) Total user(2)
(2012: 2:29:19: 0) - (Middleland) Total user(2)
(2012: 2:29:19: 1) - (Middleland) Total user(3)
(2012: 2:29:19: 2) - (Middleland) Total user(3)
(2012: 2:29:19: 4) - (Middleland) Total user(3)
(2012: 2:29:19: 5) - (Middleland) Total user(3)
(2012: 2:29:19: 6) - (Middleland) Total user(3)
(2012: 2:29:19: 7) - (Middleland) Total user(4)
(2012: 2:29:19: 8) - (Middleland) Total user(4)
(2012: 2:29:19: 9) - (Middleland) Total user(4)
(2012: 2:29:19:10) - (Middleland) Total user(4)
(2012: 2:29:19:11) - (Middleland) Total user(3)
(2012: 2:29:19:12) - (Middleland) Total user(3)
(2012: 2:29:19:13) - (Middleland) Total user(3)
(2012: 2:29:19:14) - (Middleland) Total user(3)
(2012: 2:29:19:15) - (Middleland) Total user(3)
(2012: 2:29:19:16) - (Middleland) Total user(3)
(2012: 2:29:19:17) - (Middleland) Total user(3)
(2012: 2:29:19:18) - (Middleland) Total user(3)
(2012: 2:29:19:19) - (Middleland) Total user(3)
(2012: 2:29:19:20) - (Middleland) Total user(2)
(2012: 2:29:19:21) - (Middleland) Total user(2)
(2012: 2:29:19:22) - (Middleland) Total user(2)
(2012: 2:29:19:23) - (Middleland) Total user(2)
(2012: 2:29:19:24) - (Middleland) Total user(2)
(2012: 2:29:19:25) - (Middleland) Total user(2)
(2012: 2:29:19:26) - (Middleland) Total user(2)
(2012: 2:29:19:27) - (Middleland) Total user(2)
(2012: 2:29:19:28) - (Middleland) Total user(2)
(2012: 2:29:19:29) - (Middleland) Total user(2)
(2012: 2:29:19:30) - (Middleland) Total user(2)
(2012: 2:29:19:31) - (Middleland) Total user(2)
(2012: 2:29:19:32) - (Middleland) Total user(2)
(2012: 2:29:19:33) - (Middleland) Total user(2)
(2012: 2:29:19:34) - (Middleland) Total user(2)
(2012: 2:29:19:35) - (Middleland) Total user(2)
(2012: 2:29:19:36) - (Middleland) Total user(2)
(2012: 2:29:19:37) - (Middleland) Total user(2)
(2012: 2:29:19:38) - (Middleland) Total user(2)
(2012: 2:29:19:39) - (Middleland) Total user(3)
(2012: 2:29:19:40) - (Middleland) Total user(2)
(2012: 2:29:19:41) - (Middleland) Total user(3)
(2012: 2:29:19:42) - (Middleland) Total user(3)
(2012: 2:29:19:43) - (Middleland) Total user(3)
(2012: 2:29:19:44) - (Middleland) Total user(3)
(2012: 2:29:19:45) - (Middleland) Total user(3)
(2012: 2:29:19:46) - (Middleland) Total user(3)
(2012: 2:29:19:47) - (Middleland) Total user(3)
(2012: 2:29:19:48) - (Middleland) Total user(3)
(2012: 2:29:19:49) - (Middleland) Total user(3)
(2012: 2:29:19:50) - (Middleland) Total user(3)
(2012: 2:29:19:51) - (Middleland) Total user(3)
(2012: 2:29:19:52) - (Middleland) Total user(3)
(2012: 2:29:19:53) - (Middleland) Total user(3)
(2012: 2:29:19:54) - (Middleland) Total user(3)
(2012: 2:29:19:55) - (Middleland) Total user(3)
(2012: 2:29:19:56) - (Middleland) Total user(3)
(2012: 2:29:19:57) - (Middleland) Total user(3)
(2012: 2:29:19:58) - (Middleland) Total user(3)
(2012: 2:29:19:59) - (Middleland) Total user(3)
(2012: 2:29:20: 0) - (Middleland) Total user(2)
(2012: 2:29:20: 1) - (Middleland) Total user(3)
(2012: 2:29:20: 2) - (Middleland) Total user(3)
(2012: 2:29:20: 4) - (Middleland) Total user(3)
(2012: 2:29:20: 5) - (Middleland) Total user(2)
(2012: 2:29:20: 6) - (Middleland) Total user(3)
(2012: 2:29:20: 7) - (Middleland) Total user(3)
(2012: 2:29:20: 8) - (Middleland) Total user(3)
(2012: 2:29:20: 9) - (Middleland) Total user(3)
(2012: 2:29:20:10) - (Middleland) Total user(3)
(2012: 2:29:20:11) - (Middleland) Total user(3)
(2012: 2:29:20:12) - (Middleland) Total user(3)
(2012: 2:29:20:13) - (Middleland) Total user(3)
(2012: 2:29:20:14) - (Middleland) Total user(3)
(2012: 2:29:20:15) - (Middleland) Total user(3)
(2012: 2:29:20:16) - (Middleland) Total user(3)
(2012: 2:29:20:17) - (Middleland) Total user(3)
(2012: 2:29:20:18) - (Middleland) Total user(3)
(2012: 2:29:20:19) - (Middleland) Total user(3)
(2012: 2:29:20:20) - (Middleland) Total user(3)
(2012: 2:29:20:21) - (Middleland) Total user(3)
(2012: 2:29:20:22) - (Middleland) Total user(3)
(2012: 2:29:20:23) - (Middleland) Total user(3)
(2012: 2:29:20:24) - (Middleland) Total user(3)
(2012: 2:29:20:25) - (Middleland) Total user(3)
(2012: 2:29:20:26) - (Middleland) Total user(3)
(2012: 2:29:20:27) - (Middleland) Total user(3)
(2012: 2:29:20:28) - (Middleland) Total user(3)
(2012: 2:29:20:29) - (Middleland) Total user(3)
(2012: 2:29:20:30) - (Middleland) Total user(3)
(2012: 2:29:20:31) - (Middleland) Total user(3)
(2012: 2:29:20:32) - (Middleland) Total user(3)
(2012: 2:29:20:33) - (Middleland) Total user(3)
(2012: 2:29:20:34) - (Middleland) Total user(3)
(2012: 2:29:20:35) - (Middleland) Total user(3)
(2012: 2:29:20:36) - (Middleland) Total user(3)
(2012: 2:29:20:37) - (Middleland) Total user(3)
(2012: 2:29:20:38) - (Middleland) Total user(3)
(2012: 2:29:20:39) - (Middleland) Total user(3)
(2012: 2:29:20:40) - (Middleland) Total user(3)
(2012: 2:29:20:41) - (Middleland) Total user(3)
(2012: 2:29:20:42) - (Middleland) Total user(3)
(2012: 2:29:20:43) - (Middleland) Total user(2)
(2012: 2:29:20:44) - (Middleland) Total user(3)
(2012: 2:29:20:45) - (Middleland) Total user(2)
(2012: 2:29:20:46) - (Middleland) Total user(2)
(2012: 2:29:20:47) - (Middleland) Total user(3)
(2012: 2:29:20:48) - (Middleland) Total user(2)
(2012: 2:29:20:49) - (Middleland) Total user(2)
(2012: 2:29:20:50) - (Middleland) Total user(2)
(2012: 2:29:20:51) - (Middleland) Total user(2)
(2012: 2:29:20:52) - (Middleland) Total user(2)
(2012: 2:29:20:53) - (Middleland) Total user(2)
(2012: 2:29:20:54) - (Middleland) Total user(2)
(2012: 2:29:20:55) - (Middleland) Total user(2)
(2012: 2:29:20:56) - (Middleland) Total user(2)
(2012: 2:29:20:57) - (Middleland) Total user(2)
(2012: 2:29:20:58) - (Middleland) Total user(2)
(2012: 2:29:20:59) - (Middleland) Total user(2)
(2012: 2:29:21: 0) - (Middleland) Total user(2)
(2012: 2:29:21: 1) - (Middleland) Total user(2)
(2012: 2:29:21: 2) - (Middleland) Total user(2)
(2012: 2:29:21: 3) - (Middleland) Total user(2)
(2012: 2:29:21: 5) - (Middleland) Total user(2)
(2012: 2:29:21: 6) - (Middleland) Total user(3)
(2012: 2:29:21: 7) - (Middleland) Total user(3)
(2012: 2:29:21: 8) - (Middleland) Total user(2)
(2012: 2:29:21: 9) - (Middleland) Total user(3)
(2012: 2:29:21:10) - (Middleland) Total user(3)
(2012: 2:29:21:11) - (Middleland) Total user(3)
(2012: 2:29:21:12) - (Middleland) Total user(3)
(2012: 2:29:21:13) - (Middleland) Total user(3)
(2012: 2:29:21:14) - (Middleland) Total user(3)
(2012: 2:29:21:15) - (Middleland) Total user(3)
(2012: 2:29:21:16) - (Middleland) Total user(3)
(2012: 2:29:21:17) - (Middleland) Total user(3)
(2012: 2:29:21:18) - (Middleland) Total user(3)
(2012: 2:29:21:19) - (Middleland) Total user(3)
(2012: 2:29:21:20) - (Middleland) Total user(3)
(2012: 2:29:21:21) - (Middleland) Total user(3)
(2012: 2:29:21:22) - (Middleland) Total user(3)
(2012: 2:29:21:23) - (Middleland) Total user(3)
(2012: 2:29:21:24) - (Middleland) Total user(3)
(2012: 2:29:21:25) - (Middleland) Total user(3)
(2012: 2:29:21:26) - (Middleland) Total user(3)
(2012: 2:29:21:27) - (Middleland) Total user(3)
(2012: 2:29:21:28) - (Middleland) Total user(4)
(2012: 2:29:21:29) - (Middleland) Total user(4)
(2012: 2:29:21:30) - (Middleland) Total user(4)
(2012: 2:29:21:31) - (Middleland) Total user(4)
(2012: 2:29:21:32) - (Middleland) Total user(4)
(2012: 2:29:21:33) - (Middleland) Total user(4)
(2012: 2:29:21:34) - (Middleland) Total user(4)
(2012: 2:29:21:35) - (Middleland) Total user(4)
(2012: 2:29:21:36) - (Middleland) Total user(4)
(2012: 2:29:21:37) - (Middleland) Total user(4)
(2012: 2:29:21:38) - (Middleland) Total user(4)
(2012: 2:29:21:39) - (Middleland) Total user(4)
(2012: 2:29:21:40) - (Middleland) Total user(4)
(2012: 2:29:21:41) - (Middleland) Total user(4)
(2012: 2:29:21:42) - (Middleland) Total user(4)
(2012: 2:29:21:43) - (Middleland) Total user(4)
(2012: 2:29:21:44) - (Middleland) Total user(4)
(2012: 2:29:21:45) - (Middleland) Total user(4)
(2012: 2:29:21:46) - (Middleland) Total user(4)
(2012: 2:29:21:47) - (Middleland) Total user(4)
(2012: 2:29:21:48) - (Middleland) Total user(4)
(2012: 2:29:21:49) - (Middleland) Total user(4)
(2012: 2:29:21:50) - (Middleland) Total user(4)
(2012: 2:29:21:51) - (Middleland) Total user(2)
(2012: 2:29:21:52) - (Middleland) Total user(3)
(2012: 2:29:21:53) - (Middleland) Total user(3)
(2012: 2:29:21:54) - (Middleland) Total user(3)
(2012: 2:29:21:55) - (Middleland) Total user(2)
(2012: 2:29:21:56) - (Middleland) Total user(3)
(2012: 2:29:21:57) - (Middleland) Total user(3)
(2012: 2:29:21:58) - (Middleland) Total user(3)
(2012: 2:29:21:59) - (Middleland) Total user(3)
(2012: 2:29:22: 0) - (Middleland) Total user(2)
(2012: 2:29:22: 1) - (Middleland) Total user(3)
(2012: 2:29:22: 2) - (Middleland) Total user(3)
(2012: 2:29:22: 3) - (Middleland) Total user(3)
(2012: 2:29:22: 4) - (Middleland) Total user(3)
(2012: 2:29:22: 6) - (Middleland) Total user(3)
(2012: 2:29:22: 7) - (Middleland) Total user(3)
(2012: 2:29:22: 8) - (Middleland) Total user(3)
(2012: 2:29:22: 9) - (Middleland) Total user(3)
(2012: 2:29:22:10) - (Middleland) Total user(3)
(2012: 2:29:22:11) - (Middleland) Total user(3)
(2012: 2:29:22:12) - (Middleland) Total user(4)
(2012: 2:29:22:13) - (Middleland) Total user(3)
(2012: 2:29:22:14) - (Middleland) Total user(4)
(2012: 2:29:22:15) - (Middleland) Total user(2)
(2012: 2:29:22:17) - (Middleland) Total user(2)
(2012: 2:29:22:18) - (Middleland) Total user(2)
(2012: 2:29:22:19) - (Middleland) Total user(2)
(2012: 2:29:22:20) - (Middleland) Total user(2)
(2012: 2:29:22:21) - (Middleland) Total user(2)
(2012: 2:29:22:22) - (Middleland) Total user(2)
(2012: 2:29:22:23) - (Middleland) Total user(3)
(2012: 2:29:22:24) - (Middleland) Total user(3)
(2012: 2:29:22:25) - (Middleland) Total user(2)
(2012: 2:29:22:26) - (Middleland) Total user(3)
(2012: 2:29:22:28) - (Middleland) Total user(2)
(2012: 2:29:22:29) - (Middleland) Total user(2)
(2012: 2:29:22:30) - (Middleland) Total user(2)
(2012: 2:29:22:31) - (Middleland) Total user(2)
(2012: 2:29:22:32) - (Middleland) Total user(2)
(2012: 2:29:22:33) - (Middleland) Total user(2)
(2012: 2:29:22:34) - (Middleland) Total user(2)
(2012: 2:29:22:35) - (Middleland) Total user(2)
(2012: 2:29:22:36) - (Middleland) Total user(2)
(2012: 2:29:22:37) - (Middleland) Total user(3)
(2012: 2:29:22:38) - (Middleland) Total user(2)
(2012: 2:29:22:39) - (Middleland) Total user(2)
(2012: 2:29:22:40) - (Middleland) Total user(2)
(2012: 2:29:22:42) - (Middleland) Total user(2)
(2012: 2:29:22:43) - (Middleland) Total user(2)
(2012: 2:29:22:44) - (Middleland) Total user(2)
(2012: 2:29:22:45) - (Middleland) Total user(2)
(2012: 2:29:22:46) - (Middleland) Total user(2)
(2012: 2:29:22:47) - (Middleland) Total user(2)
(2012: 2:29:22:48) - (Middleland) Total user(2)
(2012: 2:29:22:49) - (Middleland) Total user(2)
(2012: 2:29:22:50) - (Middleland) Total user(2)
(2012: 2:29:22:51) - (Middleland) Total user(2)
(2012: 2:29:22:52) - (Middleland) Total user(2)
(2012: 2:29:22:53) - (Middleland) Total user(3)
(2012: 2:29:22:54) - (Middleland) Total user(4)
(2012: 2:29:22:55) - (Middleland) Total user(3)
(2012: 2:29:22:56) - (Middleland) Total user(3)
(2012: 2:29:22:59) - (Middleland) Total user(2)
(2012: 2:29:23: 0) - (Middleland) Total user(1)
(2012: 2:29:23: 1) - (Middleland) Total user(2)
(2012: 2:29:23: 2) - (Middleland) Total user(2)
(2012: 2:29:23: 3) - (Middleland) Total user(2)
(2012: 2:29:23: 4) - (Middleland) Total user(2)
(2012: 2:29:23: 5) - (Middleland) Total user(2)
(2012: 2:29:23: 6) - (Middleland) Total user(2)
(2012: 2:29:23: 7) - (Middleland) Total user(2)
(2012: 2:29:23: 8) - (Middleland) Total user(2)
(2012: 2:29:23: 9) - (Middleland) Total user(3)
(2012: 2:29:23:10) - (Middleland) Total user(2)
(2012: 2:29:23:11) - (Middleland) Total user(3)
(2012: 2:29:23:13) - (Middleland) Total user(1)
(2012: 2:29:23:14) - (Middleland) Total user(1)
(2012: 2:29:23:15) - (Middleland) Total user(1)
(2012: 2:29:23:16) - (Middleland) Total user(1)
(2012: 2:29:23:17) - (Middleland) Total user(1)
(2012: 2:29:23:18) - (Middleland) Total user(2)
(2012: 2:29:23:19) - (Middleland) Total user(3)
(2012: 2:29:23:20) - (Middleland) Total user(3)
(2012: 2:29:23:21) - (Middleland) Total user(3)
(2012: 2:29:23:22) - (Middleland) Total user(3)
(2012: 2:29:23:23) - (Middleland) Total user(3)
(2012: 2:29:23:24) - (Middleland) Total user(3)
(2012: 2:29:23:25) - (Middleland) Total user(3)
(2012: 2:29:23:26) - (Middleland) Total user(3)
(2012: 2:29:23:27) - (Middleland) Total user(3)
(2012: 2:29:23:28) - (Middleland) Total user(3)
(2012: 2:29:23:29) - (Middleland) Total user(3)
(2012: 2:29:23:30) - (Middleland) Total user(3)
(2012: 2:29:23:31) - (Middleland) Total user(3)
(2012: 2:29:23:32) - (Middleland) Total user(3)
(2012: 2:29:23:33) - (Middleland) Total user(3)
(2012: 2:29:23:34) - (Middleland) Total user(1)
(2012: 2:29:23:36) - (Middleland) Total user(2)
(2012: 2:29:23:37) - (Middleland) Total user(2)
(2012: 2:29:23:38) - (Middleland) Total user(2)
(2012: 2:29:23:39) - (Middleland) Total user(2)
(2012: 2:29:23:40) - (Middleland) Total user(2)
(2012: 2:29:23:41) - (Middleland) Total user(2)
(2012: 2:29:23:42) - (Middleland) Total user(2)
(2012: 2:29:23:43) - (Middleland) Total user(2)
(2012: 2:29:23:44) - (Middleland) Total user(2)
(2012: 2:29:23:45) - (Middleland) Total user(2)
(2012: 2:29:23:46) - (Middleland) Total user(2)
(2012: 2:29:23:47) - (Middleland) Total user(2)
(2012: 2:29:23:49) - (Middleland) Total user(2)
(2012: 2:29:23:50) - (Middleland) Total user(2)
(2012: 2:29:23:51) - (Middleland) Total user(2)
(2012: 2:29:23:52) - (Middleland) Total user(2)
(2012: 2:29:23:53) - (Middleland) Total user(2)
(2012: 2:29:23:54) - (Middleland) Total user(2)
(2012: 2:29:23:55) - (Middleland) Total user(2)
(2012: 2:29:23:56) - (Middleland) Total user(1)
(2012: 2:29:23:57) - (Middleland) Total user(1)
(2012: 2:29:23:58) - (Middleland) Total user(1)
