(2012: 3:19: 0: 0) - (Middleland) Total user(1)
(2012: 3:19: 0: 1) - (Middleland) Total user(1)
(2012: 3:19: 0: 2) - (Middleland) Total user(1)
(2012: 3:19: 0: 3) - (Middleland) Total user(1)
(2012: 3:19: 0: 4) - (Middleland) Total user(1)
(2012: 3:19: 0: 5) - (Middleland) Total user(1)
(2012: 3:19: 0: 6) - (Middleland) Total user(1)
(2012: 3:19: 0: 7) - (Middleland) Total user(1)
(2012: 3:19: 0: 8) - (Middleland) Total user(1)
(2012: 3:19: 0: 9) - (Middleland) Total user(1)
(2012: 3:19: 0:10) - (Middleland) Total user(1)
(2012: 3:19: 0:11) - (Middleland) Total user(1)
(2012: 3:19: 0:12) - (Middleland) Total user(1)
(2012: 3:19: 0:13) - (Middleland) Total user(1)
(2012: 3:19: 0:14) - (Middleland) Total user(1)
(2012: 3:19: 0:15) - (Middleland) Total user(1)
(2012: 3:19: 0:16) - (Middleland) Total user(1)
(2012: 3:19: 0:17) - (Middleland) Total user(1)
(2012: 3:19: 0:18) - (Middleland) Total user(1)
(2012: 3:19: 0:19) - (Middleland) Total user(1)
(2012: 3:19: 0:20) - (Middleland) Total user(1)
(2012: 3:19: 0:21) - (Middleland) Total user(1)
(2012: 3:19: 0:22) - (Middleland) Total user(1)
(2012: 3:19: 0:23) - (Middleland) Total user(1)
(2012: 3:19: 0:24) - (Middleland) Total user(1)
(2012: 3:19: 0:25) - (Middleland) Total user(1)
(2012: 3:19: 0:26) - (Middleland) Total user(1)
(2012: 3:19: 0:27) - (Middleland) Total user(1)
(2012: 3:19: 0:28) - (Middleland) Total user(1)
(2012: 3:19: 0:29) - (Middleland) Total user(1)
(2012: 3:19: 0:30) - (Middleland) Total user(1)
(2012: 3:19: 0:31) - (Middleland) Total user(1)
(2012: 3:19: 0:32) - (Middleland) Total user(1)
(2012: 3:19: 0:33) - (Middleland) Total user(1)
(2012: 3:19: 0:34) - (Middleland) Total user(1)
(2012: 3:19: 0:35) - (Middleland) Total user(1)
(2012: 3:19: 0:36) - (Middleland) Total user(1)
(2012: 3:19: 0:37) - (Middleland) Total user(1)
(2012: 3:19: 0:38) - (Middleland) Total user(1)
(2012: 3:19: 0:39) - (Middleland) Total user(1)
(2012: 3:19: 0:40) - (Middleland) Total user(2)
(2012: 3:19: 0:41) - (Middleland) Total user(2)
(2012: 3:19: 0:42) - (Middleland) Total user(2)
(2012: 3:19: 0:43) - (Middleland) Total user(2)
(2012: 3:19: 0:44) - (Middleland) Total user(2)
(2012: 3:19: 0:45) - (Middleland) Total user(2)
(2012: 3:19: 0:46) - (Middleland) Total user(2)
(2012: 3:19: 0:47) - (Middleland) Total user(2)
(2012: 3:19: 0:48) - (Middleland) Total user(2)
(2012: 3:19: 0:49) - (Middleland) Total user(2)
(2012: 3:19: 0:50) - (Middleland) Total user(2)
(2012: 3:19: 0:51) - (Middleland) Total user(2)
(2012: 3:19: 0:52) - (Middleland) Total user(2)
(2012: 3:19: 0:53) - (Middleland) Total user(2)
(2012: 3:19: 0:54) - (Middleland) Total user(2)
(2012: 3:19: 0:55) - (Middleland) Total user(2)
(2012: 3:19: 0:56) - (Middleland) Total user(2)
(2012: 3:19: 0:57) - (Middleland) Total user(2)
(2012: 3:19: 0:59) - (Middleland) Total user(2)
(2012: 3:19: 1: 0) - (Middleland) Total user(2)
(2012: 3:19: 1: 1) - (Middleland) Total user(2)
(2012: 3:19: 1: 2) - (Middleland) Total user(2)
(2012: 3:19: 1: 3) - (Middleland) Total user(2)
(2012: 3:19: 1: 4) - (Middleland) Total user(2)
(2012: 3:19: 1: 5) - (Middleland) Total user(2)
(2012: 3:19: 1: 6) - (Middleland) Total user(2)
(2012: 3:19: 1: 7) - (Middleland) Total user(2)
(2012: 3:19: 1: 8) - (Middleland) Total user(2)
(2012: 3:19: 1: 9) - (Middleland) Total user(2)
(2012: 3:19: 1:10) - (Middleland) Total user(2)
(2012: 3:19: 1:11) - (Middleland) Total user(2)
(2012: 3:19: 1:12) - (Middleland) Total user(2)
(2012: 3:19: 1:13) - (Middleland) Total user(2)
(2012: 3:19: 1:14) - (Middleland) Total user(2)
(2012: 3:19: 1:15) - (Middleland) Total user(2)
(2012: 3:19: 1:16) - (Middleland) Total user(2)
(2012: 3:19: 1:17) - (Middleland) Total user(2)
(2012: 3:19: 1:18) - (Middleland) Total user(2)
(2012: 3:19: 1:19) - (Middleland) Total user(2)
(2012: 3:19: 1:20) - (Middleland) Total user(2)
(2012: 3:19: 1:21) - (Middleland) Total user(2)
(2012: 3:19: 1:22) - (Middleland) Total user(2)
(2012: 3:19: 1:23) - (Middleland) Total user(2)
(2012: 3:19: 1:24) - (Middleland) Total user(2)
(2012: 3:19: 1:25) - (Middleland) Total user(2)
(2012: 3:19: 1:26) - (Middleland) Total user(2)
(2012: 3:19: 1:27) - (Middleland) Total user(2)
(2012: 3:19: 1:28) - (Middleland) Total user(2)
(2012: 3:19: 1:29) - (Middleland) Total user(2)
(2012: 3:19: 1:30) - (Middleland) Total user(2)
(2012: 3:19: 1:31) - (Middleland) Total user(2)
(2012: 3:19: 1:32) - (Middleland) Total user(2)
(2012: 3:19: 1:33) - (Middleland) Total user(2)
(2012: 3:19: 1:34) - (Middleland) Total user(2)
(2012: 3:19: 1:35) - (Middleland) Total user(2)
(2012: 3:19: 1:36) - (Middleland) Total user(2)
(2012: 3:19: 1:37) - (Middleland) Total user(2)
(2012: 3:19: 1:38) - (Middleland) Total user(2)
(2012: 3:19: 1:39) - (Middleland) Total user(3)
(2012: 3:19: 1:40) - (Middleland) Total user(3)
(2012: 3:19: 1:41) - (Middleland) Total user(2)
(2012: 3:19: 1:42) - (Middleland) Total user(2)
(2012: 3:19: 1:43) - (Middleland) Total user(2)
(2012: 3:19: 1:44) - (Middleland) Total user(2)
(2012: 3:19: 1:45) - (Middleland) Total user(2)
(2012: 3:19: 1:46) - (Middleland) Total user(2)
(2012: 3:19: 1:47) - (Middleland) Total user(2)
(2012: 3:19: 1:48) - (Middleland) Total user(2)
(2012: 3:19: 1:49) - (Middleland) Total user(2)
(2012: 3:19: 1:50) - (Middleland) Total user(2)
(2012: 3:19: 1:51) - (Middleland) Total user(2)
(2012: 3:19: 1:52) - (Middleland) Total user(2)
(2012: 3:19: 1:53) - (Middleland) Total user(2)
(2012: 3:19: 1:54) - (Middleland) Total user(2)
(2012: 3:19: 1:55) - (Middleland) Total user(2)
(2012: 3:19: 1:56) - (Middleland) Total user(2)
(2012: 3:19: 1:57) - (Middleland) Total user(2)
(2012: 3:19: 1:59) - (Middleland) Total user(2)
(2012: 3:19: 2: 0) - (Middleland) Total user(2)
(2012: 3:19: 2: 1) - (Middleland) Total user(2)
(2012: 3:19: 2: 2) - (Middleland) Total user(2)
(2012: 3:19: 2: 3) - (Middleland) Total user(2)
(2012: 3:19: 2: 4) - (Middleland) Total user(2)
(2012: 3:19: 2: 5) - (Middleland) Total user(2)
(2012: 3:19: 2: 6) - (Middleland) Total user(2)
(2012: 3:19: 2: 7) - (Middleland) Total user(2)
(2012: 3:19: 2: 8) - (Middleland) Total user(2)
(2012: 3:19: 2: 9) - (Middleland) Total user(2)
(2012: 3:19: 2:10) - (Middleland) Total user(2)
(2012: 3:19: 2:11) - (Middleland) Total user(2)
(2012: 3:19: 2:12) - (Middleland) Total user(2)
(2012: 3:19: 2:13) - (Middleland) Total user(2)
(2012: 3:19: 2:14) - (Middleland) Total user(2)
(2012: 3:19: 2:15) - (Middleland) Total user(2)
(2012: 3:19: 2:16) - (Middleland) Total user(2)
(2012: 3:19: 2:17) - (Middleland) Total user(2)
(2012: 3:19: 2:18) - (Middleland) Total user(2)
(2012: 3:19: 2:19) - (Middleland) Total user(2)
(2012: 3:19: 2:20) - (Middleland) Total user(2)
(2012: 3:19: 2:21) - (Middleland) Total user(2)
(2012: 3:19: 2:22) - (Middleland) Total user(2)
(2012: 3:19: 2:23) - (Middleland) Total user(2)
(2012: 3:19: 2:24) - (Middleland) Total user(2)
(2012: 3:19: 2:25) - (Middleland) Total user(2)
(2012: 3:19: 2:26) - (Middleland) Total user(2)
(2012: 3:19: 2:27) - (Middleland) Total user(2)
(2012: 3:19: 2:28) - (Middleland) Total user(2)
(2012: 3:19: 2:29) - (Middleland) Total user(2)
(2012: 3:19: 2:30) - (Middleland) Total user(2)
(2012: 3:19: 2:31) - (Middleland) Total user(2)
(2012: 3:19: 2:32) - (Middleland) Total user(2)
(2012: 3:19: 2:33) - (Middleland) Total user(2)
(2012: 3:19: 2:34) - (Middleland) Total user(2)
(2012: 3:19: 2:35) - (Middleland) Total user(2)
(2012: 3:19: 2:36) - (Middleland) Total user(2)
(2012: 3:19: 2:37) - (Middleland) Total user(2)
(2012: 3:19: 2:38) - (Middleland) Total user(2)
(2012: 3:19: 2:39) - (Middleland) Total user(2)
(2012: 3:19: 2:40) - (Middleland) Total user(2)
(2012: 3:19: 2:41) - (Middleland) Total user(2)
(2012: 3:19: 2:42) - (Middleland) Total user(2)
(2012: 3:19: 2:43) - (Middleland) Total user(2)
(2012: 3:19: 2:44) - (Middleland) Total user(2)
(2012: 3:19: 2:45) - (Middleland) Total user(2)
(2012: 3:19: 2:46) - (Middleland) Total user(2)
(2012: 3:19: 2:47) - (Middleland) Total user(2)
(2012: 3:19: 2:48) - (Middleland) Total user(2)
(2012: 3:19: 2:49) - (Middleland) Total user(2)
(2012: 3:19: 2:50) - (Middleland) Total user(2)
(2012: 3:19: 2:51) - (Middleland) Total user(2)
(2012: 3:19: 2:52) - (Middleland) Total user(2)
(2012: 3:19: 2:53) - (Middleland) Total user(2)
(2012: 3:19: 2:54) - (Middleland) Total user(2)
(2012: 3:19: 2:55) - (Middleland) Total user(2)
(2012: 3:19: 2:56) - (Middleland) Total user(2)
(2012: 3:19: 2:57) - (Middleland) Total user(3)
(2012: 3:19: 2:58) - (Middleland) Total user(3)
(2012: 3:19: 3: 0) - (Middleland) Total user(3)
(2012: 3:19: 3: 1) - (Middleland) Total user(3)
(2012: 3:19: 3: 2) - (Middleland) Total user(3)
(2012: 3:19: 3: 3) - (Middleland) Total user(3)
(2012: 3:19: 3: 4) - (Middleland) Total user(3)
(2012: 3:19: 3: 5) - (Middleland) Total user(3)
(2012: 3:19: 3: 6) - (Middleland) Total user(3)
(2012: 3:19: 3: 7) - (Middleland) Total user(3)
(2012: 3:19: 3: 8) - (Middleland) Total user(3)
(2012: 3:19: 3: 9) - (Middleland) Total user(3)
(2012: 3:19: 3:10) - (Middleland) Total user(3)
(2012: 3:19: 3:11) - (Middleland) Total user(3)
(2012: 3:19: 3:12) - (Middleland) Total user(3)
(2012: 3:19: 3:13) - (Middleland) Total user(3)
(2012: 3:19: 3:14) - (Middleland) Total user(3)
(2012: 3:19: 3:15) - (Middleland) Total user(3)
(2012: 3:19: 3:16) - (Middleland) Total user(3)
(2012: 3:19: 3:17) - (Middleland) Total user(3)
(2012: 3:19: 3:18) - (Middleland) Total user(3)
(2012: 3:19: 3:19) - (Middleland) Total user(3)
(2012: 3:19: 3:20) - (Middleland) Total user(3)
(2012: 3:19: 3:21) - (Middleland) Total user(3)
(2012: 3:19: 3:22) - (Middleland) Total user(3)
(2012: 3:19: 3:23) - (Middleland) Total user(3)
(2012: 3:19: 3:24) - (Middleland) Total user(3)
(2012: 3:19: 3:25) - (Middleland) Total user(3)
(2012: 3:19: 3:26) - (Middleland) Total user(3)
(2012: 3:19: 3:27) - (Middleland) Total user(3)
(2012: 3:19: 3:28) - (Middleland) Total user(3)
(2012: 3:19: 3:29) - (Middleland) Total user(3)
(2012: 3:19: 3:30) - (Middleland) Total user(3)
(2012: 3:19: 3:31) - (Middleland) Total user(3)
(2012: 3:19: 3:32) - (Middleland) Total user(3)
(2012: 3:19: 3:33) - (Middleland) Total user(3)
(2012: 3:19: 3:34) - (Middleland) Total user(3)
(2012: 3:19: 3:35) - (Middleland) Total user(3)
(2012: 3:19: 3:36) - (Middleland) Total user(3)
(2012: 3:19: 3:37) - (Middleland) Total user(3)
(2012: 3:19: 3:38) - (Middleland) Total user(3)
(2012: 3:19: 3:39) - (Middleland) Total user(3)
(2012: 3:19: 3:40) - (Middleland) Total user(3)
(2012: 3:19: 3:41) - (Middleland) Total user(3)
(2012: 3:19: 3:42) - (Middleland) Total user(3)
(2012: 3:19: 3:43) - (Middleland) Total user(3)
(2012: 3:19: 3:44) - (Middleland) Total user(4)
(2012: 3:19: 3:45) - (Middleland) Total user(4)
(2012: 3:19: 3:46) - (Middleland) Total user(4)
(2012: 3:19: 3:47) - (Middleland) Total user(3)
(2012: 3:19: 3:48) - (Middleland) Total user(3)
(2012: 3:19: 3:49) - (Middleland) Total user(3)
(2012: 3:19: 3:50) - (Middleland) Total user(3)
(2012: 3:19: 3:51) - (Middleland) Total user(3)
(2012: 3:19: 3:52) - (Middleland) Total user(3)
(2012: 3:19: 3:53) - (Middleland) Total user(3)
(2012: 3:19: 3:54) - (Middleland) Total user(3)
(2012: 3:19: 3:55) - (Middleland) Total user(3)
(2012: 3:19: 3:56) - (Middleland) Total user(3)
(2012: 3:19: 3:57) - (Middleland) Total user(3)
(2012: 3:19: 3:58) - (Middleland) Total user(3)
(2012: 3:19: 3:59) - (Middleland) Total user(3)
(2012: 3:19: 4: 1) - (Middleland) Total user(3)
(2012: 3:19: 4: 2) - (Middleland) Total user(3)
(2012: 3:19: 4: 3) - (Middleland) Total user(3)
(2012: 3:19: 4: 4) - (Middleland) Total user(3)
(2012: 3:19: 4: 5) - (Middleland) Total user(3)
(2012: 3:19: 4: 6) - (Middleland) Total user(3)
(2012: 3:19: 4: 7) - (Middleland) Total user(3)
(2012: 3:19: 4: 8) - (Middleland) Total user(3)
(2012: 3:19: 4: 9) - (Middleland) Total user(3)
(2012: 3:19: 4:10) - (Middleland) Total user(3)
(2012: 3:19: 4:11) - (Middleland) Total user(3)
(2012: 3:19: 4:12) - (Middleland) Total user(3)
(2012: 3:19: 4:13) - (Middleland) Total user(3)
(2012: 3:19: 4:14) - (Middleland) Total user(3)
(2012: 3:19: 4:15) - (Middleland) Total user(3)
(2012: 3:19: 4:16) - (Middleland) Total user(3)
(2012: 3:19: 4:17) - (Middleland) Total user(3)
(2012: 3:19: 4:18) - (Middleland) Total user(3)
(2012: 3:19: 4:19) - (Middleland) Total user(3)
(2012: 3:19: 4:20) - (Middleland) Total user(3)
(2012: 3:19: 4:21) - (Middleland) Total user(3)
(2012: 3:19: 4:22) - (Middleland) Total user(3)
(2012: 3:19: 4:23) - (Middleland) Total user(3)
(2012: 3:19: 4:24) - (Middleland) Total user(3)
(2012: 3:19: 4:25) - (Middleland) Total user(3)
(2012: 3:19: 4:26) - (Middleland) Total user(3)
(2012: 3:19: 4:27) - (Middleland) Total user(3)
(2012: 3:19: 4:28) - (Middleland) Total user(3)
(2012: 3:19: 4:29) - (Middleland) Total user(3)
(2012: 3:19: 4:30) - (Middleland) Total user(3)
(2012: 3:19: 4:31) - (Middleland) Total user(3)
(2012: 3:19: 4:32) - (Middleland) Total user(3)
(2012: 3:19: 4:33) - (Middleland) Total user(3)
(2012: 3:19: 4:34) - (Middleland) Total user(3)
(2012: 3:19: 4:35) - (Middleland) Total user(3)
(2012: 3:19: 4:36) - (Middleland) Total user(3)
(2012: 3:19: 4:37) - (Middleland) Total user(3)
(2012: 3:19: 4:38) - (Middleland) Total user(3)
(2012: 3:19: 4:39) - (Middleland) Total user(3)
(2012: 3:19: 4:40) - (Middleland) Total user(3)
(2012: 3:19: 4:41) - (Middleland) Total user(3)
(2012: 3:19: 4:42) - (Middleland) Total user(3)
(2012: 3:19: 4:43) - (Middleland) Total user(3)
(2012: 3:19: 4:44) - (Middleland) Total user(3)
(2012: 3:19: 4:45) - (Middleland) Total user(3)
(2012: 3:19: 4:46) - (Middleland) Total user(2)
(2012: 3:19: 4:47) - (Middleland) Total user(3)
(2012: 3:19: 4:48) - (Middleland) Total user(3)
(2012: 3:19: 4:49) - (Middleland) Total user(3)
(2012: 3:19: 4:50) - (Middleland) Total user(3)
(2012: 3:19: 4:51) - (Middleland) Total user(3)
(2012: 3:19: 4:52) - (Middleland) Total user(3)
(2012: 3:19: 4:53) - (Middleland) Total user(3)
(2012: 3:19: 4:54) - (Middleland) Total user(3)
(2012: 3:19: 4:55) - (Middleland) Total user(3)
(2012: 3:19: 4:56) - (Middleland) Total user(3)
(2012: 3:19: 4:57) - (Middleland) Total user(3)
(2012: 3:19: 4:58) - (Middleland) Total user(3)
(2012: 3:19: 4:59) - (Middleland) Total user(3)
(2012: 3:19: 5: 0) - (Middleland) Total user(3)
(2012: 3:19: 5: 2) - (Middleland) Total user(3)
(2012: 3:19: 5: 3) - (Middleland) Total user(3)
(2012: 3:19: 5: 4) - (Middleland) Total user(3)
(2012: 3:19: 5: 5) - (Middleland) Total user(3)
(2012: 3:19: 5: 6) - (Middleland) Total user(3)
(2012: 3:19: 5: 7) - (Middleland) Total user(3)
(2012: 3:19: 5: 8) - (Middleland) Total user(3)
(2012: 3:19: 5: 9) - (Middleland) Total user(3)
(2012: 3:19: 5:10) - (Middleland) Total user(3)
(2012: 3:19: 5:11) - (Middleland) Total user(3)
(2012: 3:19: 5:12) - (Middleland) Total user(3)
(2012: 3:19: 5:13) - (Middleland) Total user(3)
(2012: 3:19: 5:14) - (Middleland) Total user(3)
(2012: 3:19: 5:15) - (Middleland) Total user(3)
(2012: 3:19: 5:16) - (Middleland) Total user(3)
(2012: 3:19: 5:17) - (Middleland) Total user(3)
(2012: 3:19: 5:18) - (Middleland) Total user(3)
(2012: 3:19: 5:19) - (Middleland) Total user(3)
(2012: 3:19: 5:20) - (Middleland) Total user(3)
(2012: 3:19: 5:21) - (Middleland) Total user(3)
(2012: 3:19: 5:22) - (Middleland) Total user(3)
(2012: 3:19: 5:23) - (Middleland) Total user(3)
(2012: 3:19: 5:24) - (Middleland) Total user(3)
(2012: 3:19: 5:25) - (Middleland) Total user(3)
(2012: 3:19: 5:26) - (Middleland) Total user(3)
(2012: 3:19: 5:27) - (Middleland) Total user(3)
(2012: 3:19: 5:28) - (Middleland) Total user(3)
(2012: 3:19: 5:29) - (Middleland) Total user(3)
(2012: 3:19: 5:30) - (Middleland) Total user(3)
(2012: 3:19: 5:31) - (Middleland) Total user(3)
(2012: 3:19: 5:32) - (Middleland) Total user(3)
(2012: 3:19: 5:33) - (Middleland) Total user(3)
(2012: 3:19: 5:34) - (Middleland) Total user(3)
(2012: 3:19: 5:35) - (Middleland) Total user(3)
(2012: 3:19: 5:36) - (Middleland) Total user(3)
(2012: 3:19: 5:37) - (Middleland) Total user(3)
(2012: 3:19: 5:38) - (Middleland) Total user(3)
(2012: 3:19: 5:39) - (Middleland) Total user(3)
(2012: 3:19: 5:40) - (Middleland) Total user(2)
(2012: 3:19: 5:41) - (Middleland) Total user(2)
(2012: 3:19: 5:42) - (Middleland) Total user(2)
(2012: 3:19: 5:43) - (Middleland) Total user(2)
(2012: 3:19: 5:44) - (Middleland) Total user(2)
(2012: 3:19: 5:45) - (Middleland) Total user(2)
(2012: 3:19: 5:46) - (Middleland) Total user(2)
(2012: 3:19: 5:47) - (Middleland) Total user(2)
(2012: 3:19: 5:48) - (Middleland) Total user(2)
(2012: 3:19: 5:49) - (Middleland) Total user(2)
(2012: 3:19: 5:50) - (Middleland) Total user(2)
(2012: 3:19: 5:51) - (Middleland) Total user(2)
(2012: 3:19: 5:52) - (Middleland) Total user(2)
(2012: 3:19: 5:53) - (Middleland) Total user(2)
(2012: 3:19: 5:54) - (Middleland) Total user(2)
(2012: 3:19: 5:55) - (Middleland) Total user(2)
(2012: 3:19: 5:56) - (Middleland) Total user(2)
(2012: 3:19: 5:57) - (Middleland) Total user(2)
(2012: 3:19: 5:58) - (Middleland) Total user(2)
(2012: 3:19: 5:59) - (Middleland) Total user(2)
(2012: 3:19: 6: 0) - (Middleland) Total user(2)
(2012: 3:19: 6: 2) - (Middleland) Total user(2)
(2012: 3:19: 6: 3) - (Middleland) Total user(2)
(2012: 3:19: 6: 4) - (Middleland) Total user(2)
(2012: 3:19: 6: 5) - (Middleland) Total user(2)
(2012: 3:19: 6: 6) - (Middleland) Total user(2)
(2012: 3:19: 6: 7) - (Middleland) Total user(2)
(2012: 3:19: 6: 8) - (Middleland) Total user(2)
(2012: 3:19: 6: 9) - (Middleland) Total user(2)
(2012: 3:19: 6:10) - (Middleland) Total user(2)
(2012: 3:19: 6:11) - (Middleland) Total user(2)
(2012: 3:19: 6:12) - (Middleland) Total user(2)
(2012: 3:19: 6:13) - (Middleland) Total user(2)
(2012: 3:19: 6:14) - (Middleland) Total user(2)
(2012: 3:19: 6:15) - (Middleland) Total user(2)
(2012: 3:19: 6:16) - (Middleland) Total user(2)
(2012: 3:19: 6:17) - (Middleland) Total user(2)
(2012: 3:19: 6:18) - (Middleland) Total user(2)
(2012: 3:19: 6:19) - (Middleland) Total user(2)
(2012: 3:19: 6:20) - (Middleland) Total user(2)
(2012: 3:19: 6:21) - (Middleland) Total user(2)
(2012: 3:19: 6:22) - (Middleland) Total user(2)
(2012: 3:19: 6:23) - (Middleland) Total user(2)
(2012: 3:19: 6:24) - (Middleland) Total user(2)
(2012: 3:19: 6:25) - (Middleland) Total user(2)
(2012: 3:19: 6:26) - (Middleland) Total user(2)
(2012: 3:19: 6:27) - (Middleland) Total user(2)
(2012: 3:19: 6:28) - (Middleland) Total user(2)
(2012: 3:19: 6:29) - (Middleland) Total user(2)
(2012: 3:19: 6:30) - (Middleland) Total user(2)
(2012: 3:19: 6:31) - (Middleland) Total user(2)
(2012: 3:19: 6:32) - (Middleland) Total user(2)
(2012: 3:19: 6:33) - (Middleland) Total user(2)
(2012: 3:19: 6:34) - (Middleland) Total user(2)
(2012: 3:19: 6:35) - (Middleland) Total user(2)
(2012: 3:19: 6:36) - (Middleland) Total user(2)
(2012: 3:19: 6:37) - (Middleland) Total user(2)
(2012: 3:19: 6:38) - (Middleland) Total user(2)
(2012: 3:19: 6:39) - (Middleland) Total user(2)
(2012: 3:19: 6:40) - (Middleland) Total user(2)
(2012: 3:19: 6:41) - (Middleland) Total user(2)
(2012: 3:19: 6:42) - (Middleland) Total user(2)
(2012: 3:19: 6:43) - (Middleland) Total user(2)
(2012: 3:19: 6:44) - (Middleland) Total user(2)
(2012: 3:19: 6:45) - (Middleland) Total user(2)
(2012: 3:19: 6:46) - (Middleland) Total user(2)
(2012: 3:19: 6:47) - (Middleland) Total user(2)
(2012: 3:19: 6:48) - (Middleland) Total user(2)
(2012: 3:19: 6:49) - (Middleland) Total user(2)
(2012: 3:19: 6:50) - (Middleland) Total user(2)
(2012: 3:19: 6:51) - (Middleland) Total user(2)
(2012: 3:19: 6:52) - (Middleland) Total user(2)
(2012: 3:19: 6:53) - (Middleland) Total user(2)
(2012: 3:19: 6:54) - (Middleland) Total user(2)
(2012: 3:19: 6:55) - (Middleland) Total user(2)
(2012: 3:19: 6:56) - (Middleland) Total user(2)
(2012: 3:19: 6:57) - (Middleland) Total user(2)
(2012: 3:19: 6:58) - (Middleland) Total user(2)
(2012: 3:19: 6:59) - (Middleland) Total user(2)
(2012: 3:19: 7: 0) - (Middleland) Total user(2)
(2012: 3:19: 7: 1) - (Middleland) Total user(2)
(2012: 3:19: 7: 3) - (Middleland) Total user(2)
(2012: 3:19: 7: 4) - (Middleland) Total user(2)
(2012: 3:19: 7: 5) - (Middleland) Total user(2)
(2012: 3:19: 7: 6) - (Middleland) Total user(2)
(2012: 3:19: 7: 7) - (Middleland) Total user(2)
(2012: 3:19: 7: 8) - (Middleland) Total user(2)
(2012: 3:19: 7: 9) - (Middleland) Total user(2)
(2012: 3:19: 7:10) - (Middleland) Total user(2)
(2012: 3:19: 7:11) - (Middleland) Total user(2)
(2012: 3:19: 7:12) - (Middleland) Total user(2)
(2012: 3:19: 7:13) - (Middleland) Total user(2)
(2012: 3:19: 7:14) - (Middleland) Total user(2)
(2012: 3:19: 7:15) - (Middleland) Total user(2)
(2012: 3:19: 7:16) - (Middleland) Total user(2)
(2012: 3:19: 7:17) - (Middleland) Total user(2)
(2012: 3:19: 7:18) - (Middleland) Total user(2)
(2012: 3:19: 7:19) - (Middleland) Total user(2)
(2012: 3:19: 7:20) - (Middleland) Total user(2)
(2012: 3:19: 7:21) - (Middleland) Total user(2)
(2012: 3:19: 7:22) - (Middleland) Total user(2)
(2012: 3:19: 7:23) - (Middleland) Total user(2)
(2012: 3:19: 7:24) - (Middleland) Total user(2)
(2012: 3:19: 7:25) - (Middleland) Total user(2)
(2012: 3:19: 7:26) - (Middleland) Total user(2)
(2012: 3:19: 7:27) - (Middleland) Total user(2)
(2012: 3:19: 7:28) - (Middleland) Total user(2)
(2012: 3:19: 7:29) - (Middleland) Total user(2)
(2012: 3:19: 7:30) - (Middleland) Total user(2)
(2012: 3:19: 7:31) - (Middleland) Total user(2)
(2012: 3:19: 7:32) - (Middleland) Total user(2)
(2012: 3:19: 7:33) - (Middleland) Total user(2)
(2012: 3:19: 7:34) - (Middleland) Total user(2)
(2012: 3:19: 7:35) - (Middleland) Total user(2)
(2012: 3:19: 7:36) - (Middleland) Total user(2)
(2012: 3:19: 7:37) - (Middleland) Total user(2)
(2012: 3:19: 7:38) - (Middleland) Total user(2)
(2012: 3:19: 7:39) - (Middleland) Total user(2)
(2012: 3:19: 7:40) - (Middleland) Total user(2)
(2012: 3:19: 7:41) - (Middleland) Total user(2)
(2012: 3:19: 7:42) - (Middleland) Total user(2)
(2012: 3:19: 7:43) - (Middleland) Total user(2)
(2012: 3:19: 7:44) - (Middleland) Total user(2)
(2012: 3:19: 7:45) - (Middleland) Total user(2)
(2012: 3:19: 7:46) - (Middleland) Total user(2)
(2012: 3:19: 7:47) - (Middleland) Total user(2)
(2012: 3:19: 7:48) - (Middleland) Total user(2)
(2012: 3:19: 7:49) - (Middleland) Total user(2)
(2012: 3:19: 7:50) - (Middleland) Total user(2)
(2012: 3:19: 7:51) - (Middleland) Total user(2)
(2012: 3:19: 7:52) - (Middleland) Total user(2)
(2012: 3:19: 7:53) - (Middleland) Total user(2)
(2012: 3:19: 7:54) - (Middleland) Total user(2)
(2012: 3:19: 7:55) - (Middleland) Total user(2)
(2012: 3:19: 7:56) - (Middleland) Total user(2)
(2012: 3:19: 7:57) - (Middleland) Total user(2)
(2012: 3:19: 7:58) - (Middleland) Total user(2)
(2012: 3:19: 7:59) - (Middleland) Total user(2)
(2012: 3:19: 8: 0) - (Middleland) Total user(2)
(2012: 3:19: 8: 1) - (Middleland) Total user(2)
(2012: 3:19: 8: 2) - (Middleland) Total user(2)
(2012: 3:19: 8: 4) - (Middleland) Total user(2)
(2012: 3:19: 8: 5) - (Middleland) Total user(2)
(2012: 3:19: 8: 6) - (Middleland) Total user(2)
(2012: 3:19: 8: 7) - (Middleland) Total user(2)
(2012: 3:19: 8: 8) - (Middleland) Total user(2)
(2012: 3:19: 8: 9) - (Middleland) Total user(2)
(2012: 3:19: 8:10) - (Middleland) Total user(2)
(2012: 3:19: 8:11) - (Middleland) Total user(2)
(2012: 3:19: 8:12) - (Middleland) Total user(2)
(2012: 3:19: 8:13) - (Middleland) Total user(2)
(2012: 3:19: 8:14) - (Middleland) Total user(2)
(2012: 3:19: 8:15) - (Middleland) Total user(2)
(2012: 3:19: 8:16) - (Middleland) Total user(2)
(2012: 3:19: 8:17) - (Middleland) Total user(2)
(2012: 3:19: 8:18) - (Middleland) Total user(2)
(2012: 3:19: 8:19) - (Middleland) Total user(2)
(2012: 3:19: 8:20) - (Middleland) Total user(2)
(2012: 3:19: 8:21) - (Middleland) Total user(2)
(2012: 3:19: 8:22) - (Middleland) Total user(2)
(2012: 3:19: 8:23) - (Middleland) Total user(2)
(2012: 3:19: 8:24) - (Middleland) Total user(2)
(2012: 3:19: 8:25) - (Middleland) Total user(2)
(2012: 3:19: 8:26) - (Middleland) Total user(2)
(2012: 3:19: 8:27) - (Middleland) Total user(2)
(2012: 3:19: 8:28) - (Middleland) Total user(2)
(2012: 3:19: 8:29) - (Middleland) Total user(2)
(2012: 3:19: 8:30) - (Middleland) Total user(2)
(2012: 3:19: 8:31) - (Middleland) Total user(2)
(2012: 3:19: 8:32) - (Middleland) Total user(2)
(2012: 3:19: 8:33) - (Middleland) Total user(2)
(2012: 3:19: 8:34) - (Middleland) Total user(2)
(2012: 3:19: 8:35) - (Middleland) Total user(2)
(2012: 3:19: 8:36) - (Middleland) Total user(2)
(2012: 3:19: 8:37) - (Middleland) Total user(2)
(2012: 3:19: 8:38) - (Middleland) Total user(2)
(2012: 3:19: 8:39) - (Middleland) Total user(2)
(2012: 3:19: 8:40) - (Middleland) Total user(2)
(2012: 3:19: 8:41) - (Middleland) Total user(2)
(2012: 3:19: 8:42) - (Middleland) Total user(2)
(2012: 3:19: 8:43) - (Middleland) Total user(2)
(2012: 3:19: 8:44) - (Middleland) Total user(2)
(2012: 3:19: 8:45) - (Middleland) Total user(2)
(2012: 3:19: 8:46) - (Middleland) Total user(2)
(2012: 3:19: 8:47) - (Middleland) Total user(2)
(2012: 3:19: 8:48) - (Middleland) Total user(2)
(2012: 3:19: 8:49) - (Middleland) Total user(2)
(2012: 3:19: 8:50) - (Middleland) Total user(2)
(2012: 3:19: 8:51) - (Middleland) Total user(2)
(2012: 3:19: 8:52) - (Middleland) Total user(2)
(2012: 3:19: 8:53) - (Middleland) Total user(2)
(2012: 3:19: 8:54) - (Middleland) Total user(2)
(2012: 3:19: 8:55) - (Middleland) Total user(2)
(2012: 3:19: 8:56) - (Middleland) Total user(2)
(2012: 3:19: 8:57) - (Middleland) Total user(2)
(2012: 3:19: 8:58) - (Middleland) Total user(2)
(2012: 3:19: 8:59) - (Middleland) Total user(2)
(2012: 3:19: 9: 0) - (Middleland) Total user(2)
(2012: 3:19: 9: 1) - (Middleland) Total user(2)
(2012: 3:19: 9: 2) - (Middleland) Total user(2)
(2012: 3:19: 9: 3) - (Middleland) Total user(2)
(2012: 3:19: 9: 5) - (Middleland) Total user(2)
(2012: 3:19: 9: 6) - (Middleland) Total user(2)
(2012: 3:19: 9: 7) - (Middleland) Total user(2)
(2012: 3:19: 9: 8) - (Middleland) Total user(2)
(2012: 3:19: 9: 9) - (Middleland) Total user(2)
(2012: 3:19: 9:10) - (Middleland) Total user(2)
(2012: 3:19: 9:11) - (Middleland) Total user(2)
(2012: 3:19: 9:12) - (Middleland) Total user(2)
(2012: 3:19: 9:13) - (Middleland) Total user(2)
(2012: 3:19: 9:14) - (Middleland) Total user(2)
(2012: 3:19: 9:15) - (Middleland) Total user(2)
(2012: 3:19: 9:16) - (Middleland) Total user(2)
(2012: 3:19: 9:17) - (Middleland) Total user(2)
(2012: 3:19: 9:18) - (Middleland) Total user(2)
(2012: 3:19: 9:19) - (Middleland) Total user(2)
(2012: 3:19: 9:20) - (Middleland) Total user(2)
(2012: 3:19: 9:21) - (Middleland) Total user(2)
(2012: 3:19: 9:22) - (Middleland) Total user(2)
(2012: 3:19: 9:23) - (Middleland) Total user(2)
(2012: 3:19: 9:24) - (Middleland) Total user(2)
(2012: 3:19: 9:25) - (Middleland) Total user(2)
(2012: 3:19: 9:26) - (Middleland) Total user(2)
(2012: 3:19: 9:27) - (Middleland) Total user(2)
(2012: 3:19: 9:28) - (Middleland) Total user(2)
(2012: 3:19: 9:29) - (Middleland) Total user(2)
(2012: 3:19: 9:30) - (Middleland) Total user(2)
(2012: 3:19: 9:31) - (Middleland) Total user(2)
(2012: 3:19: 9:32) - (Middleland) Total user(2)
(2012: 3:19: 9:33) - (Middleland) Total user(2)
(2012: 3:19: 9:34) - (Middleland) Total user(2)
(2012: 3:19: 9:35) - (Middleland) Total user(2)
(2012: 3:19: 9:36) - (Middleland) Total user(2)
(2012: 3:19: 9:37) - (Middleland) Total user(2)
(2012: 3:19: 9:38) - (Middleland) Total user(2)
(2012: 3:19: 9:39) - (Middleland) Total user(2)
(2012: 3:19: 9:40) - (Middleland) Total user(2)
(2012: 3:19: 9:41) - (Middleland) Total user(2)
(2012: 3:19: 9:42) - (Middleland) Total user(2)
(2012: 3:19: 9:43) - (Middleland) Total user(2)
(2012: 3:19: 9:44) - (Middleland) Total user(2)
(2012: 3:19: 9:45) - (Middleland) Total user(2)
(2012: 3:19: 9:46) - (Middleland) Total user(2)
(2012: 3:19: 9:47) - (Middleland) Total user(2)
(2012: 3:19: 9:48) - (Middleland) Total user(2)
(2012: 3:19: 9:49) - (Middleland) Total user(2)
(2012: 3:19: 9:50) - (Middleland) Total user(2)
(2012: 3:19: 9:51) - (Middleland) Total user(2)
(2012: 3:19: 9:52) - (Middleland) Total user(2)
(2012: 3:19: 9:53) - (Middleland) Total user(2)
(2012: 3:19: 9:54) - (Middleland) Total user(2)
(2012: 3:19: 9:55) - (Middleland) Total user(2)
(2012: 3:19: 9:56) - (Middleland) Total user(2)
(2012: 3:19: 9:57) - (Middleland) Total user(2)
(2012: 3:19: 9:58) - (Middleland) Total user(2)
(2012: 3:19: 9:59) - (Middleland) Total user(2)
(2012: 3:19:10: 0) - (Middleland) Total user(2)
(2012: 3:19:10: 1) - (Middleland) Total user(2)
(2012: 3:19:10: 2) - (Middleland) Total user(2)
(2012: 3:19:10: 3) - (Middleland) Total user(2)
(2012: 3:19:10: 5) - (Middleland) Total user(2)
(2012: 3:19:10: 6) - (Middleland) Total user(2)
(2012: 3:19:10: 7) - (Middleland) Total user(2)
(2012: 3:19:10: 8) - (Middleland) Total user(2)
(2012: 3:19:10: 9) - (Middleland) Total user(2)
(2012: 3:19:10:10) - (Middleland) Total user(2)
(2012: 3:19:10:11) - (Middleland) Total user(2)
(2012: 3:19:10:12) - (Middleland) Total user(2)
(2012: 3:19:10:13) - (Middleland) Total user(2)
(2012: 3:19:10:14) - (Middleland) Total user(2)
(2012: 3:19:10:15) - (Middleland) Total user(2)
(2012: 3:19:10:16) - (Middleland) Total user(2)
(2012: 3:19:10:17) - (Middleland) Total user(2)
(2012: 3:19:10:18) - (Middleland) Total user(2)
(2012: 3:19:10:19) - (Middleland) Total user(2)
(2012: 3:19:10:20) - (Middleland) Total user(2)
(2012: 3:19:10:21) - (Middleland) Total user(2)
(2012: 3:19:10:22) - (Middleland) Total user(2)
(2012: 3:19:10:23) - (Middleland) Total user(2)
(2012: 3:19:10:24) - (Middleland) Total user(3)
(2012: 3:19:10:25) - (Middleland) Total user(3)
(2012: 3:19:10:26) - (Middleland) Total user(3)
(2012: 3:19:10:27) - (Middleland) Total user(3)
(2012: 3:19:10:28) - (Middleland) Total user(4)
(2012: 3:19:10:29) - (Middleland) Total user(4)
(2012: 3:19:10:30) - (Middleland) Total user(4)
(2012: 3:19:10:31) - (Middleland) Total user(4)
(2012: 3:19:10:32) - (Middleland) Total user(4)
(2012: 3:19:10:33) - (Middleland) Total user(4)
(2012: 3:19:10:34) - (Middleland) Total user(4)
(2012: 3:19:10:35) - (Middleland) Total user(4)
(2012: 3:19:10:36) - (Middleland) Total user(4)
(2012: 3:19:10:37) - (Middleland) Total user(4)
(2012: 3:19:10:38) - (Middleland) Total user(4)
(2012: 3:19:10:39) - (Middleland) Total user(4)
(2012: 3:19:10:40) - (Middleland) Total user(4)
(2012: 3:19:10:41) - (Middleland) Total user(4)
(2012: 3:19:10:42) - (Middleland) Total user(4)
(2012: 3:19:10:43) - (Middleland) Total user(4)
(2012: 3:19:10:44) - (Middleland) Total user(3)
(2012: 3:19:10:45) - (Middleland) Total user(3)
(2012: 3:19:10:46) - (Middleland) Total user(3)
(2012: 3:19:10:47) - (Middleland) Total user(3)
(2012: 3:19:10:48) - (Middleland) Total user(3)
(2012: 3:19:10:49) - (Middleland) Total user(3)
(2012: 3:19:10:50) - (Middleland) Total user(3)
(2012: 3:19:10:51) - (Middleland) Total user(3)
(2012: 3:19:10:52) - (Middleland) Total user(3)
(2012: 3:19:10:53) - (Middleland) Total user(3)
(2012: 3:19:10:54) - (Middleland) Total user(3)
(2012: 3:19:10:55) - (Middleland) Total user(3)
(2012: 3:19:10:56) - (Middleland) Total user(3)
(2012: 3:19:10:57) - (Middleland) Total user(3)
(2012: 3:19:10:58) - (Middleland) Total user(3)
(2012: 3:19:10:59) - (Middleland) Total user(3)
(2012: 3:19:11: 0) - (Middleland) Total user(3)
(2012: 3:19:11: 1) - (Middleland) Total user(3)
(2012: 3:19:11: 2) - (Middleland) Total user(3)
(2012: 3:19:11: 3) - (Middleland) Total user(3)
(2012: 3:19:11: 4) - (Middleland) Total user(3)
(2012: 3:19:11: 6) - (Middleland) Total user(3)
(2012: 3:19:11: 7) - (Middleland) Total user(3)
(2012: 3:19:11: 8) - (Middleland) Total user(3)
(2012: 3:19:11: 9) - (Middleland) Total user(3)
(2012: 3:19:11:10) - (Middleland) Total user(3)
(2012: 3:19:11:11) - (Middleland) Total user(3)
(2012: 3:19:11:12) - (Middleland) Total user(3)
(2012: 3:19:11:13) - (Middleland) Total user(3)
(2012: 3:19:11:14) - (Middleland) Total user(3)
(2012: 3:19:11:15) - (Middleland) Total user(3)
(2012: 3:19:11:16) - (Middleland) Total user(3)
(2012: 3:19:11:17) - (Middleland) Total user(3)
(2012: 3:19:11:18) - (Middleland) Total user(3)
(2012: 3:19:11:19) - (Middleland) Total user(3)
(2012: 3:19:11:20) - (Middleland) Total user(3)
(2012: 3:19:11:21) - (Middleland) Total user(3)
(2012: 3:19:11:22) - (Middleland) Total user(3)
(2012: 3:19:11:23) - (Middleland) Total user(3)
(2012: 3:19:11:24) - (Middleland) Total user(3)
(2012: 3:19:11:25) - (Middleland) Total user(3)
(2012: 3:19:11:26) - (Middleland) Total user(3)
(2012: 3:19:11:27) - (Middleland) Total user(3)
(2012: 3:19:11:28) - (Middleland) Total user(2)
(2012: 3:19:11:29) - (Middleland) Total user(2)
(2012: 3:19:11:30) - (Middleland) Total user(2)
(2012: 3:19:11:31) - (Middleland) Total user(2)
(2012: 3:19:11:32) - (Middleland) Total user(2)
(2012: 3:19:11:33) - (Middleland) Total user(2)
(2012: 3:19:11:34) - (Middleland) Total user(2)
(2012: 3:19:11:35) - (Middleland) Total user(2)
(2012: 3:19:11:36) - (Middleland) Total user(2)
(2012: 3:19:11:37) - (Middleland) Total user(2)
(2012: 3:19:11:38) - (Middleland) Total user(2)
(2012: 3:19:11:39) - (Middleland) Total user(2)
(2012: 3:19:11:40) - (Middleland) Total user(2)
(2012: 3:19:11:41) - (Middleland) Total user(2)
(2012: 3:19:11:42) - (Middleland) Total user(2)
(2012: 3:19:11:43) - (Middleland) Total user(2)
(2012: 3:19:11:44) - (Middleland) Total user(2)
(2012: 3:19:11:45) - (Middleland) Total user(2)
(2012: 3:19:11:46) - (Middleland) Total user(2)
(2012: 3:19:11:47) - (Middleland) Total user(2)
(2012: 3:19:11:48) - (Middleland) Total user(2)
(2012: 3:19:11:49) - (Middleland) Total user(2)
(2012: 3:19:11:50) - (Middleland) Total user(2)
(2012: 3:19:11:51) - (Middleland) Total user(2)
(2012: 3:19:11:52) - (Middleland) Total user(2)
(2012: 3:19:11:53) - (Middleland) Total user(2)
(2012: 3:19:11:54) - (Middleland) Total user(2)
(2012: 3:19:11:55) - (Middleland) Total user(2)
(2012: 3:19:11:56) - (Middleland) Total user(2)
(2012: 3:19:11:57) - (Middleland) Total user(2)
(2012: 3:19:11:58) - (Middleland) Total user(2)
(2012: 3:19:11:59) - (Middleland) Total user(2)
(2012: 3:19:12: 0) - (Middleland) Total user(2)
(2012: 3:19:12: 1) - (Middleland) Total user(2)
(2012: 3:19:12: 2) - (Middleland) Total user(2)
(2012: 3:19:12: 3) - (Middleland) Total user(2)
(2012: 3:19:12: 4) - (Middleland) Total user(2)
(2012: 3:19:12: 5) - (Middleland) Total user(2)
(2012: 3:19:12: 7) - (Middleland) Total user(2)
(2012: 3:19:12: 8) - (Middleland) Total user(2)
(2012: 3:19:12: 9) - (Middleland) Total user(2)
(2012: 3:19:12:10) - (Middleland) Total user(2)
(2012: 3:19:12:11) - (Middleland) Total user(2)
(2012: 3:19:12:12) - (Middleland) Total user(2)
(2012: 3:19:12:13) - (Middleland) Total user(2)
(2012: 3:19:12:14) - (Middleland) Total user(2)
(2012: 3:19:12:15) - (Middleland) Total user(2)
(2012: 3:19:12:16) - (Middleland) Total user(2)
(2012: 3:19:12:17) - (Middleland) Total user(2)
(2012: 3:19:12:18) - (Middleland) Total user(2)
(2012: 3:19:12:19) - (Middleland) Total user(2)
(2012: 3:19:12:20) - (Middleland) Total user(2)
(2012: 3:19:12:21) - (Middleland) Total user(2)
(2012: 3:19:12:22) - (Middleland) Total user(2)
(2012: 3:19:12:23) - (Middleland) Total user(2)
(2012: 3:19:12:24) - (Middleland) Total user(2)
(2012: 3:19:12:25) - (Middleland) Total user(2)
(2012: 3:19:12:26) - (Middleland) Total user(2)
(2012: 3:19:12:27) - (Middleland) Total user(2)
(2012: 3:19:12:28) - (Middleland) Total user(2)
(2012: 3:19:12:29) - (Middleland) Total user(2)
(2012: 3:19:12:30) - (Middleland) Total user(2)
(2012: 3:19:12:31) - (Middleland) Total user(2)
(2012: 3:19:12:32) - (Middleland) Total user(2)
(2012: 3:19:12:33) - (Middleland) Total user(2)
(2012: 3:19:12:34) - (Middleland) Total user(2)
(2012: 3:19:12:35) - (Middleland) Total user(2)
(2012: 3:19:12:36) - (Middleland) Total user(2)
(2012: 3:19:12:37) - (Middleland) Total user(2)
(2012: 3:19:12:38) - (Middleland) Total user(2)
(2012: 3:19:12:39) - (Middleland) Total user(2)
(2012: 3:19:12:40) - (Middleland) Total user(2)
(2012: 3:19:12:41) - (Middleland) Total user(2)
(2012: 3:19:12:42) - (Middleland) Total user(2)
(2012: 3:19:12:43) - (Middleland) Total user(2)
(2012: 3:19:12:44) - (Middleland) Total user(2)
(2012: 3:19:12:45) - (Middleland) Total user(2)
(2012: 3:19:12:46) - (Middleland) Total user(2)
(2012: 3:19:12:47) - (Middleland) Total user(2)
(2012: 3:19:12:48) - (Middleland) Total user(2)
(2012: 3:19:12:49) - (Middleland) Total user(2)
(2012: 3:19:12:50) - (Middleland) Total user(2)
(2012: 3:19:12:51) - (Middleland) Total user(2)
(2012: 3:19:12:52) - (Middleland) Total user(2)
(2012: 3:19:12:53) - (Middleland) Total user(2)
(2012: 3:19:12:54) - (Middleland) Total user(2)
(2012: 3:19:12:55) - (Middleland) Total user(2)
(2012: 3:19:12:56) - (Middleland) Total user(2)
(2012: 3:19:12:57) - (Middleland) Total user(2)
(2012: 3:19:12:58) - (Middleland) Total user(2)
(2012: 3:19:12:59) - (Middleland) Total user(2)
(2012: 3:19:13: 0) - (Middleland) Total user(3)
(2012: 3:19:13: 1) - (Middleland) Total user(3)
(2012: 3:19:13: 2) - (Middleland) Total user(3)
(2012: 3:19:13: 3) - (Middleland) Total user(3)
(2012: 3:19:13: 4) - (Middleland) Total user(3)
(2012: 3:19:13: 5) - (Middleland) Total user(3)
(2012: 3:19:13: 6) - (Middleland) Total user(3)
(2012: 3:19:13: 8) - (Middleland) Total user(3)
(2012: 3:19:13: 9) - (Middleland) Total user(3)
(2012: 3:19:13:10) - (Middleland) Total user(3)
(2012: 3:19:13:11) - (Middleland) Total user(3)
(2012: 3:19:13:12) - (Middleland) Total user(3)
(2012: 3:19:13:13) - (Middleland) Total user(4)
(2012: 3:19:13:14) - (Middleland) Total user(4)
(2012: 3:19:13:15) - (Middleland) Total user(4)
(2012: 3:19:13:16) - (Middleland) Total user(4)
(2012: 3:19:13:17) - (Middleland) Total user(4)
(2012: 3:19:13:18) - (Middleland) Total user(3)
(2012: 3:19:13:19) - (Middleland) Total user(3)
(2012: 3:19:13:20) - (Middleland) Total user(3)
(2012: 3:19:13:21) - (Middleland) Total user(3)
(2012: 3:19:13:22) - (Middleland) Total user(3)
(2012: 3:19:13:23) - (Middleland) Total user(3)
(2012: 3:19:13:24) - (Middleland) Total user(3)
(2012: 3:19:13:25) - (Middleland) Total user(3)
(2012: 3:19:13:26) - (Middleland) Total user(3)
(2012: 3:19:13:27) - (Middleland) Total user(3)
(2012: 3:19:13:28) - (Middleland) Total user(3)
(2012: 3:19:13:29) - (Middleland) Total user(3)
(2012: 3:19:13:30) - (Middleland) Total user(3)
(2012: 3:19:13:31) - (Middleland) Total user(3)
(2012: 3:19:13:32) - (Middleland) Total user(3)
(2012: 3:19:13:33) - (Middleland) Total user(3)
(2012: 3:19:13:34) - (Middleland) Total user(3)
(2012: 3:19:13:35) - (Middleland) Total user(3)
(2012: 3:19:13:36) - (Middleland) Total user(3)
(2012: 3:19:13:37) - (Middleland) Total user(3)
(2012: 3:19:13:38) - (Middleland) Total user(3)
(2012: 3:19:13:39) - (Middleland) Total user(2)
(2012: 3:19:13:40) - (Middleland) Total user(2)
(2012: 3:19:13:41) - (Middleland) Total user(2)
(2012: 3:19:13:42) - (Middleland) Total user(2)
(2012: 3:19:13:43) - (Middleland) Total user(2)
(2012: 3:19:13:44) - (Middleland) Total user(2)
(2012: 3:19:13:45) - (Middleland) Total user(2)
(2012: 3:19:13:46) - (Middleland) Total user(2)
(2012: 3:19:13:47) - (Middleland) Total user(3)
(2012: 3:19:13:48) - (Middleland) Total user(3)
(2012: 3:19:13:49) - (Middleland) Total user(3)
(2012: 3:19:13:50) - (Middleland) Total user(3)
(2012: 3:19:13:51) - (Middleland) Total user(3)
(2012: 3:19:13:52) - (Middleland) Total user(3)
(2012: 3:19:13:53) - (Middleland) Total user(3)
(2012: 3:19:13:54) - (Middleland) Total user(2)
(2012: 3:19:13:55) - (Middleland) Total user(2)
(2012: 3:19:13:56) - (Middleland) Total user(2)
(2012: 3:19:13:57) - (Middleland) Total user(2)
(2012: 3:19:13:58) - (Middleland) Total user(2)
(2012: 3:19:13:59) - (Middleland) Total user(2)
(2012: 3:19:14: 0) - (Middleland) Total user(2)
(2012: 3:19:14: 1) - (Middleland) Total user(2)
(2012: 3:19:14: 2) - (Middleland) Total user(2)
(2012: 3:19:14: 3) - (Middleland) Total user(2)
(2012: 3:19:14: 4) - (Middleland) Total user(2)
(2012: 3:19:14: 5) - (Middleland) Total user(2)
(2012: 3:19:14: 6) - (Middleland) Total user(2)
(2012: 3:19:14: 8) - (Middleland) Total user(2)
(2012: 3:19:14: 9) - (Middleland) Total user(2)
(2012: 3:19:14:10) - (Middleland) Total user(2)
(2012: 3:19:14:11) - (Middleland) Total user(2)
(2012: 3:19:14:12) - (Middleland) Total user(2)
(2012: 3:19:14:13) - (Middleland) Total user(2)
(2012: 3:19:14:14) - (Middleland) Total user(2)
(2012: 3:19:14:15) - (Middleland) Total user(2)
(2012: 3:19:14:16) - (Middleland) Total user(2)
(2012: 3:19:14:17) - (Middleland) Total user(3)
(2012: 3:19:14:18) - (Middleland) Total user(3)
(2012: 3:19:14:19) - (Middleland) Total user(3)
(2012: 3:19:14:20) - (Middleland) Total user(3)
(2012: 3:19:14:21) - (Middleland) Total user(3)
(2012: 3:19:14:22) - (Middleland) Total user(3)
(2012: 3:19:14:23) - (Middleland) Total user(3)
(2012: 3:19:14:24) - (Middleland) Total user(3)
(2012: 3:19:14:25) - (Middleland) Total user(3)
(2012: 3:19:14:26) - (Middleland) Total user(3)
(2012: 3:19:14:27) - (Middleland) Total user(3)
(2012: 3:19:14:28) - (Middleland) Total user(3)
(2012: 3:19:14:29) - (Middleland) Total user(3)
(2012: 3:19:14:30) - (Middleland) Total user(3)
(2012: 3:19:14:31) - (Middleland) Total user(3)
(2012: 3:19:14:32) - (Middleland) Total user(3)
(2012: 3:19:14:33) - (Middleland) Total user(3)
(2012: 3:19:14:34) - (Middleland) Total user(3)
(2012: 3:19:14:35) - (Middleland) Total user(3)
(2012: 3:19:14:36) - (Middleland) Total user(3)
(2012: 3:19:14:37) - (Middleland) Total user(3)
(2012: 3:19:14:38) - (Middleland) Total user(3)
(2012: 3:19:14:39) - (Middleland) Total user(3)
(2012: 3:19:14:40) - (Middleland) Total user(3)
(2012: 3:19:14:41) - (Middleland) Total user(3)
(2012: 3:19:14:42) - (Middleland) Total user(3)
(2012: 3:19:14:43) - (Middleland) Total user(3)
(2012: 3:19:14:44) - (Middleland) Total user(3)
(2012: 3:19:14:45) - (Middleland) Total user(3)
(2012: 3:19:14:46) - (Middleland) Total user(3)
(2012: 3:19:14:47) - (Middleland) Total user(3)
(2012: 3:19:14:48) - (Middleland) Total user(3)
(2012: 3:19:14:49) - (Middleland) Total user(3)
(2012: 3:19:14:50) - (Middleland) Total user(3)
(2012: 3:19:14:51) - (Middleland) Total user(3)
(2012: 3:19:14:52) - (Middleland) Total user(3)
(2012: 3:19:14:53) - (Middleland) Total user(3)
(2012: 3:19:14:54) - (Middleland) Total user(3)
(2012: 3:19:14:55) - (Middleland) Total user(3)
(2012: 3:19:14:56) - (Middleland) Total user(3)
(2012: 3:19:14:57) - (Middleland) Total user(3)
(2012: 3:19:14:58) - (Middleland) Total user(3)
(2012: 3:19:14:59) - (Middleland) Total user(2)
(2012: 3:19:15: 0) - (Middleland) Total user(2)
(2012: 3:19:15: 1) - (Middleland) Total user(2)
(2012: 3:19:15: 2) - (Middleland) Total user(2)
(2012: 3:19:15: 3) - (Middleland) Total user(2)
(2012: 3:19:15: 4) - (Middleland) Total user(2)
(2012: 3:19:15: 5) - (Middleland) Total user(2)
(2012: 3:19:15: 6) - (Middleland) Total user(2)
(2012: 3:19:15: 7) - (Middleland) Total user(2)
(2012: 3:19:15: 9) - (Middleland) Total user(2)
(2012: 3:19:15:10) - (Middleland) Total user(2)
(2012: 3:19:15:11) - (Middleland) Total user(2)
(2012: 3:19:15:12) - (Middleland) Total user(2)
(2012: 3:19:15:13) - (Middleland) Total user(2)
(2012: 3:19:15:14) - (Middleland) Total user(2)
(2012: 3:19:15:15) - (Middleland) Total user(2)
(2012: 3:19:15:16) - (Middleland) Total user(2)
(2012: 3:19:15:17) - (Middleland) Total user(2)
(2012: 3:19:15:18) - (Middleland) Total user(2)
(2012: 3:19:15:19) - (Middleland) Total user(2)
(2012: 3:19:15:20) - (Middleland) Total user(2)
(2012: 3:19:15:21) - (Middleland) Total user(2)
(2012: 3:19:15:22) - (Middleland) Total user(2)
(2012: 3:19:15:23) - (Middleland) Total user(2)
(2012: 3:19:15:24) - (Middleland) Total user(2)
(2012: 3:19:15:25) - (Middleland) Total user(2)
(2012: 3:19:15:26) - (Middleland) Total user(3)
(2012: 3:19:15:27) - (Middleland) Total user(3)
(2012: 3:19:15:28) - (Middleland) Total user(3)
(2012: 3:19:15:29) - (Middleland) Total user(3)
(2012: 3:19:15:30) - (Middleland) Total user(3)
(2012: 3:19:15:31) - (Middleland) Total user(3)
(2012: 3:19:15:32) - (Middleland) Total user(4)
(2012: 3:19:15:33) - (Middleland) Total user(4)
(2012: 3:19:15:34) - (Middleland) Total user(4)
(2012: 3:19:15:35) - (Middleland) Total user(4)
(2012: 3:19:15:36) - (Middleland) Total user(4)
(2012: 3:19:15:37) - (Middleland) Total user(4)
(2012: 3:19:15:38) - (Middleland) Total user(4)
(2012: 3:19:15:39) - (Middleland) Total user(4)
(2012: 3:19:15:40) - (Middleland) Total user(4)
(2012: 3:19:15:41) - (Middleland) Total user(4)
(2012: 3:19:15:42) - (Middleland) Total user(4)
(2012: 3:19:15:43) - (Middleland) Total user(4)
(2012: 3:19:15:44) - (Middleland) Total user(4)
(2012: 3:19:15:45) - (Middleland) Total user(4)
(2012: 3:19:15:46) - (Middleland) Total user(4)
(2012: 3:19:15:47) - (Middleland) Total user(4)
(2012: 3:19:15:48) - (Middleland) Total user(4)
(2012: 3:19:15:49) - (Middleland) Total user(4)
(2012: 3:19:15:50) - (Middleland) Total user(3)
(2012: 3:19:15:51) - (Middleland) Total user(4)
(2012: 3:19:15:52) - (Middleland) Total user(4)
(2012: 3:19:15:53) - (Middleland) Total user(3)
(2012: 3:19:15:54) - (Middleland) Total user(4)
(2012: 3:19:15:55) - (Middleland) Total user(4)
(2012: 3:19:15:56) - (Middleland) Total user(5)
(2012: 3:19:15:57) - (Middleland) Total user(5)
(2012: 3:19:15:58) - (Middleland) Total user(5)
(2012: 3:19:15:59) - (Middleland) Total user(5)
(2012: 3:19:16: 0) - (Middleland) Total user(6)
(2012: 3:19:16: 1) - (Middleland) Total user(6)
(2012: 3:19:16: 2) - (Middleland) Total user(6)
(2012: 3:19:16: 3) - (Middleland) Total user(6)
(2012: 3:19:16: 4) - (Middleland) Total user(6)
(2012: 3:19:16: 5) - (Middleland) Total user(6)
(2012: 3:19:16: 6) - (Middleland) Total user(6)
(2012: 3:19:16: 7) - (Middleland) Total user(6)
(2012: 3:19:16: 8) - (Middleland) Total user(6)
(2012: 3:19:16:10) - (Middleland) Total user(6)
(2012: 3:19:16:11) - (Middleland) Total user(6)
(2012: 3:19:16:12) - (Middleland) Total user(6)
(2012: 3:19:16:13) - (Middleland) Total user(6)
(2012: 3:19:16:14) - (Middleland) Total user(6)
(2012: 3:19:16:15) - (Middleland) Total user(5)
(2012: 3:19:16:16) - (Middleland) Total user(5)
(2012: 3:19:16:17) - (Middleland) Total user(6)
(2012: 3:19:16:18) - (Middleland) Total user(6)
(2012: 3:19:16:19) - (Middleland) Total user(6)
(2012: 3:19:16:20) - (Middleland) Total user(6)
(2012: 3:19:16:21) - (Middleland) Total user(6)
(2012: 3:19:16:22) - (Middleland) Total user(6)
(2012: 3:19:16:23) - (Middleland) Total user(6)
(2012: 3:19:16:24) - (Middleland) Total user(6)
(2012: 3:19:16:25) - (Middleland) Total user(6)
(2012: 3:19:16:26) - (Middleland) Total user(6)
(2012: 3:19:16:27) - (Middleland) Total user(6)
(2012: 3:19:16:28) - (Middleland) Total user(6)
(2012: 3:19:16:29) - (Middleland) Total user(5)
(2012: 3:19:16:30) - (Middleland) Total user(4)
(2012: 3:19:16:31) - (Middleland) Total user(5)
(2012: 3:19:16:32) - (Middleland) Total user(5)
(2012: 3:19:16:33) - (Middleland) Total user(5)
(2012: 3:19:16:34) - (Middleland) Total user(5)
(2012: 3:19:16:35) - (Middleland) Total user(5)
(2012: 3:19:16:36) - (Middleland) Total user(4)
(2012: 3:19:16:37) - (Middleland) Total user(4)
(2012: 3:19:16:38) - (Middleland) Total user(4)
(2012: 3:19:16:39) - (Middleland) Total user(5)
(2012: 3:19:16:40) - (Middleland) Total user(5)
(2012: 3:19:16:41) - (Middleland) Total user(5)
(2012: 3:19:16:42) - (Middleland) Total user(5)
(2012: 3:19:16:43) - (Middleland) Total user(5)
(2012: 3:19:16:44) - (Middleland) Total user(5)
(2012: 3:19:16:45) - (Middleland) Total user(5)
(2012: 3:19:16:46) - (Middleland) Total user(4)
(2012: 3:19:16:47) - (Middleland) Total user(3)
(2012: 3:19:16:48) - (Middleland) Total user(3)
(2012: 3:19:16:49) - (Middleland) Total user(3)
(2012: 3:19:16:50) - (Middleland) Total user(3)
(2012: 3:19:16:51) - (Middleland) Total user(3)
(2012: 3:19:16:52) - (Middleland) Total user(3)
(2012: 3:19:16:53) - (Middleland) Total user(3)
(2012: 3:19:16:54) - (Middleland) Total user(3)
(2012: 3:19:16:55) - (Middleland) Total user(2)
(2012: 3:19:16:56) - (Middleland) Total user(2)
(2012: 3:19:16:57) - (Middleland) Total user(2)
(2012: 3:19:16:58) - (Middleland) Total user(2)
(2012: 3:19:16:59) - (Middleland) Total user(2)
(2012: 3:19:17: 0) - (Middleland) Total user(2)
(2012: 3:19:17: 1) - (Middleland) Total user(2)
(2012: 3:19:17: 2) - (Middleland) Total user(2)
(2012: 3:19:17: 3) - (Middleland) Total user(2)
(2012: 3:19:17: 4) - (Middleland) Total user(2)
(2012: 3:19:17: 5) - (Middleland) Total user(2)
(2012: 3:19:17: 6) - (Middleland) Total user(2)
(2012: 3:19:17: 7) - (Middleland) Total user(2)
(2012: 3:19:17: 8) - (Middleland) Total user(2)
(2012: 3:19:17: 9) - (Middleland) Total user(3)
(2012: 3:19:17:11) - (Middleland) Total user(3)
(2012: 3:19:17:12) - (Middleland) Total user(3)
(2012: 3:19:17:13) - (Middleland) Total user(3)
(2012: 3:19:17:14) - (Middleland) Total user(3)
(2012: 3:19:17:15) - (Middleland) Total user(3)
(2012: 3:19:17:16) - (Middleland) Total user(3)
(2012: 3:19:17:17) - (Middleland) Total user(3)
(2012: 3:19:17:18) - (Middleland) Total user(3)
(2012: 3:19:17:19) - (Middleland) Total user(3)
(2012: 3:19:17:20) - (Middleland) Total user(3)
(2012: 3:19:17:21) - (Middleland) Total user(3)
(2012: 3:19:17:22) - (Middleland) Total user(3)
(2012: 3:19:17:23) - (Middleland) Total user(3)
(2012: 3:19:17:24) - (Middleland) Total user(3)
(2012: 3:19:17:25) - (Middleland) Total user(3)
(2012: 3:19:17:26) - (Middleland) Total user(3)
(2012: 3:19:17:27) - (Middleland) Total user(3)
(2012: 3:19:17:28) - (Middleland) Total user(3)
(2012: 3:19:17:29) - (Middleland) Total user(3)
(2012: 3:19:17:30) - (Middleland) Total user(3)
(2012: 3:19:17:31) - (Middleland) Total user(3)
(2012: 3:19:17:32) - (Middleland) Total user(3)
(2012: 3:19:17:33) - (Middleland) Total user(3)
(2012: 3:19:17:34) - (Middleland) Total user(3)
(2012: 3:19:17:35) - (Middleland) Total user(3)
(2012: 3:19:17:36) - (Middleland) Total user(3)
(2012: 3:19:17:37) - (Middleland) Total user(2)
(2012: 3:19:17:38) - (Middleland) Total user(2)
(2012: 3:19:17:39) - (Middleland) Total user(2)
(2012: 3:19:17:40) - (Middleland) Total user(2)
(2012: 3:19:17:41) - (Middleland) Total user(2)
(2012: 3:19:17:42) - (Middleland) Total user(2)
(2012: 3:19:17:43) - (Middleland) Total user(2)
(2012: 3:19:17:44) - (Middleland) Total user(2)
(2012: 3:19:17:45) - (Middleland) Total user(2)
(2012: 3:19:17:46) - (Middleland) Total user(2)
(2012: 3:19:17:47) - (Middleland) Total user(2)
(2012: 3:19:17:48) - (Middleland) Total user(2)
(2012: 3:19:17:49) - (Middleland) Total user(2)
(2012: 3:19:17:50) - (Middleland) Total user(2)
(2012: 3:19:17:51) - (Middleland) Total user(2)
(2012: 3:19:17:52) - (Middleland) Total user(2)
(2012: 3:19:17:53) - (Middleland) Total user(2)
(2012: 3:19:17:54) - (Middleland) Total user(2)
(2012: 3:19:17:55) - (Middleland) Total user(2)
(2012: 3:19:17:56) - (Middleland) Total user(2)
(2012: 3:19:17:57) - (Middleland) Total user(2)
(2012: 3:19:17:58) - (Middleland) Total user(2)
(2012: 3:19:17:59) - (Middleland) Total user(2)
(2012: 3:19:18: 0) - (Middleland) Total user(2)
(2012: 3:19:18: 1) - (Middleland) Total user(2)
(2012: 3:19:18: 2) - (Middleland) Total user(2)
(2012: 3:19:18: 3) - (Middleland) Total user(2)
(2012: 3:19:18: 4) - (Middleland) Total user(2)
(2012: 3:19:18: 5) - (Middleland) Total user(2)
(2012: 3:19:18: 6) - (Middleland) Total user(2)
(2012: 3:19:18: 7) - (Middleland) Total user(2)
(2012: 3:19:18: 8) - (Middleland) Total user(3)
(2012: 3:19:18: 9) - (Middleland) Total user(3)
(2012: 3:19:18:11) - (Middleland) Total user(3)
(2012: 3:19:18:12) - (Middleland) Total user(3)
(2012: 3:19:18:13) - (Middleland) Total user(3)
(2012: 3:19:18:14) - (Middleland) Total user(3)
(2012: 3:19:18:15) - (Middleland) Total user(3)
(2012: 3:19:18:16) - (Middleland) Total user(3)
(2012: 3:19:18:17) - (Middleland) Total user(3)
(2012: 3:19:18:18) - (Middleland) Total user(3)
(2012: 3:19:18:19) - (Middleland) Total user(3)
(2012: 3:19:18:20) - (Middleland) Total user(3)
(2012: 3:19:18:21) - (Middleland) Total user(3)
(2012: 3:19:18:22) - (Middleland) Total user(3)
(2012: 3:19:18:23) - (Middleland) Total user(4)
(2012: 3:19:18:24) - (Middleland) Total user(3)
(2012: 3:19:18:25) - (Middleland) Total user(3)
(2012: 3:19:18:26) - (Middleland) Total user(3)
(2012: 3:19:18:27) - (Middleland) Total user(3)
(2012: 3:19:18:28) - (Middleland) Total user(3)
(2012: 3:19:18:29) - (Middleland) Total user(3)
(2012: 3:19:18:30) - (Middleland) Total user(3)
(2012: 3:19:18:31) - (Middleland) Total user(3)
(2012: 3:19:18:32) - (Middleland) Total user(3)
(2012: 3:19:18:33) - (Middleland) Total user(3)
(2012: 3:19:18:34) - (Middleland) Total user(2)
(2012: 3:19:18:35) - (Middleland) Total user(2)
(2012: 3:19:18:36) - (Middleland) Total user(2)
(2012: 3:19:18:37) - (Middleland) Total user(2)
(2012: 3:19:18:38) - (Middleland) Total user(2)
(2012: 3:19:18:39) - (Middleland) Total user(2)
(2012: 3:19:18:40) - (Middleland) Total user(2)
(2012: 3:19:18:41) - (Middleland) Total user(2)
(2012: 3:19:18:42) - (Middleland) Total user(2)
(2012: 3:19:18:43) - (Middleland) Total user(2)
(2012: 3:19:18:44) - (Middleland) Total user(2)
(2012: 3:19:18:45) - (Middleland) Total user(2)
(2012: 3:19:18:46) - (Middleland) Total user(2)
(2012: 3:19:18:47) - (Middleland) Total user(2)
(2012: 3:19:18:48) - (Middleland) Total user(2)
(2012: 3:19:18:49) - (Middleland) Total user(2)
(2012: 3:19:18:50) - (Middleland) Total user(2)
(2012: 3:19:18:51) - (Middleland) Total user(2)
(2012: 3:19:18:52) - (Middleland) Total user(2)
(2012: 3:19:18:53) - (Middleland) Total user(2)
(2012: 3:19:18:54) - (Middleland) Total user(2)
(2012: 3:19:18:55) - (Middleland) Total user(2)
(2012: 3:19:18:56) - (Middleland) Total user(2)
(2012: 3:19:18:57) - (Middleland) Total user(2)
(2012: 3:19:18:58) - (Middleland) Total user(2)
(2012: 3:19:18:59) - (Middleland) Total user(2)
(2012: 3:19:19: 0) - (Middleland) Total user(2)
(2012: 3:19:19: 1) - (Middleland) Total user(2)
(2012: 3:19:19: 2) - (Middleland) Total user(2)
(2012: 3:19:19: 3) - (Middleland) Total user(2)
(2012: 3:19:19: 4) - (Middleland) Total user(2)
(2012: 3:19:19: 5) - (Middleland) Total user(2)
(2012: 3:19:19: 6) - (Middleland) Total user(2)
(2012: 3:19:19: 7) - (Middleland) Total user(2)
(2012: 3:19:19: 8) - (Middleland) Total user(2)
(2012: 3:19:19: 9) - (Middleland) Total user(2)
(2012: 3:19:19:10) - (Middleland) Total user(2)
(2012: 3:19:19:12) - (Middleland) Total user(2)
(2012: 3:19:19:13) - (Middleland) Total user(2)
(2012: 3:19:19:14) - (Middleland) Total user(2)
(2012: 3:19:19:15) - (Middleland) Total user(3)
(2012: 3:19:19:16) - (Middleland) Total user(2)
(2012: 3:19:19:17) - (Middleland) Total user(2)
(2012: 3:19:19:18) - (Middleland) Total user(2)
(2012: 3:19:19:19) - (Middleland) Total user(2)
(2012: 3:19:19:20) - (Middleland) Total user(2)
(2012: 3:19:19:21) - (Middleland) Total user(2)
(2012: 3:19:19:22) - (Middleland) Total user(2)
(2012: 3:19:19:23) - (Middleland) Total user(2)
(2012: 3:19:19:24) - (Middleland) Total user(2)
(2012: 3:19:19:25) - (Middleland) Total user(2)
(2012: 3:19:19:26) - (Middleland) Total user(2)
(2012: 3:19:19:27) - (Middleland) Total user(2)
(2012: 3:19:19:28) - (Middleland) Total user(2)
(2012: 3:19:19:29) - (Middleland) Total user(2)
(2012: 3:19:19:30) - (Middleland) Total user(2)
(2012: 3:19:19:31) - (Middleland) Total user(2)
(2012: 3:19:19:32) - (Middleland) Total user(2)
(2012: 3:19:19:33) - (Middleland) Total user(2)
(2012: 3:19:19:34) - (Middleland) Total user(2)
(2012: 3:19:19:35) - (Middleland) Total user(2)
(2012: 3:19:19:36) - (Middleland) Total user(2)
(2012: 3:19:19:37) - (Middleland) Total user(2)
(2012: 3:19:19:38) - (Middleland) Total user(2)
(2012: 3:19:19:39) - (Middleland) Total user(2)
(2012: 3:19:19:40) - (Middleland) Total user(2)
(2012: 3:19:19:41) - (Middleland) Total user(2)
(2012: 3:19:19:42) - (Middleland) Total user(2)
(2012: 3:19:19:43) - (Middleland) Total user(2)
(2012: 3:19:19:44) - (Middleland) Total user(2)
(2012: 3:19:19:45) - (Middleland) Total user(2)
(2012: 3:19:19:46) - (Middleland) Total user(2)
(2012: 3:19:19:47) - (Middleland) Total user(2)
(2012: 3:19:19:48) - (Middleland) Total user(2)
(2012: 3:19:19:49) - (Middleland) Total user(2)
(2012: 3:19:19:50) - (Middleland) Total user(2)
(2012: 3:19:19:51) - (Middleland) Total user(2)
(2012: 3:19:19:52) - (Middleland) Total user(2)
(2012: 3:19:19:53) - (Middleland) Total user(2)
(2012: 3:19:19:54) - (Middleland) Total user(2)
(2012: 3:19:19:55) - (Middleland) Total user(2)
(2012: 3:19:19:56) - (Middleland) Total user(2)
(2012: 3:19:19:57) - (Middleland) Total user(2)
(2012: 3:19:19:58) - (Middleland) Total user(2)
(2012: 3:19:19:59) - (Middleland) Total user(2)
(2012: 3:19:20: 0) - (Middleland) Total user(2)
(2012: 3:19:20: 1) - (Middleland) Total user(2)
(2012: 3:19:20: 2) - (Middleland) Total user(2)
(2012: 3:19:20: 3) - (Middleland) Total user(2)
(2012: 3:19:20: 4) - (Middleland) Total user(2)
(2012: 3:19:20: 5) - (Middleland) Total user(2)
(2012: 3:19:20: 6) - (Middleland) Total user(2)
(2012: 3:19:20: 7) - (Middleland) Total user(2)
(2012: 3:19:20: 8) - (Middleland) Total user(2)
(2012: 3:19:20: 9) - (Middleland) Total user(2)
(2012: 3:19:20:10) - (Middleland) Total user(2)
(2012: 3:19:20:11) - (Middleland) Total user(2)
(2012: 3:19:20:13) - (Middleland) Total user(2)
(2012: 3:19:20:14) - (Middleland) Total user(2)
(2012: 3:19:20:15) - (Middleland) Total user(2)
(2012: 3:19:20:16) - (Middleland) Total user(2)
(2012: 3:19:20:17) - (Middleland) Total user(2)
(2012: 3:19:20:18) - (Middleland) Total user(2)
(2012: 3:19:20:19) - (Middleland) Total user(2)
(2012: 3:19:20:20) - (Middleland) Total user(2)
(2012: 3:19:20:21) - (Middleland) Total user(2)
(2012: 3:19:20:22) - (Middleland) Total user(2)
(2012: 3:19:20:23) - (Middleland) Total user(2)
(2012: 3:19:20:24) - (Middleland) Total user(2)
(2012: 3:19:20:25) - (Middleland) Total user(2)
(2012: 3:19:20:26) - (Middleland) Total user(2)
(2012: 3:19:20:27) - (Middleland) Total user(2)
(2012: 3:19:20:28) - (Middleland) Total user(2)
(2012: 3:19:20:29) - (Middleland) Total user(2)
(2012: 3:19:20:30) - (Middleland) Total user(2)
(2012: 3:19:20:31) - (Middleland) Total user(2)
(2012: 3:19:20:32) - (Middleland) Total user(2)
(2012: 3:19:20:33) - (Middleland) Total user(2)
(2012: 3:19:20:34) - (Middleland) Total user(2)
(2012: 3:19:20:35) - (Middleland) Total user(2)
(2012: 3:19:20:36) - (Middleland) Total user(2)
(2012: 3:19:20:37) - (Middleland) Total user(2)
(2012: 3:19:20:38) - (Middleland) Total user(2)
(2012: 3:19:20:39) - (Middleland) Total user(2)
(2012: 3:19:20:40) - (Middleland) Total user(3)
(2012: 3:19:20:41) - (Middleland) Total user(3)
(2012: 3:19:20:42) - (Middleland) Total user(3)
(2012: 3:19:20:43) - (Middleland) Total user(3)
(2012: 3:19:20:44) - (Middleland) Total user(3)
(2012: 3:19:20:45) - (Middleland) Total user(3)
(2012: 3:19:20:46) - (Middleland) Total user(3)
(2012: 3:19:20:47) - (Middleland) Total user(3)
(2012: 3:19:20:48) - (Middleland) Total user(3)
(2012: 3:19:20:49) - (Middleland) Total user(3)
(2012: 3:19:20:50) - (Middleland) Total user(3)
(2012: 3:19:20:51) - (Middleland) Total user(3)
(2012: 3:19:20:52) - (Middleland) Total user(3)
(2012: 3:19:20:53) - (Middleland) Total user(3)
(2012: 3:19:20:54) - (Middleland) Total user(3)
(2012: 3:19:20:55) - (Middleland) Total user(3)
(2012: 3:19:20:56) - (Middleland) Total user(3)
(2012: 3:19:20:57) - (Middleland) Total user(3)
(2012: 3:19:20:58) - (Middleland) Total user(3)
(2012: 3:19:20:59) - (Middleland) Total user(3)
(2012: 3:19:21: 0) - (Middleland) Total user(3)
(2012: 3:19:21: 1) - (Middleland) Total user(3)
(2012: 3:19:21: 2) - (Middleland) Total user(3)
(2012: 3:19:21: 3) - (Middleland) Total user(3)
(2012: 3:19:21: 4) - (Middleland) Total user(2)
(2012: 3:19:21: 5) - (Middleland) Total user(2)
(2012: 3:19:21: 6) - (Middleland) Total user(2)
(2012: 3:19:21: 7) - (Middleland) Total user(2)
(2012: 3:19:21: 8) - (Middleland) Total user(2)
(2012: 3:19:21: 9) - (Middleland) Total user(2)
(2012: 3:19:21:10) - (Middleland) Total user(2)
(2012: 3:19:21:11) - (Middleland) Total user(2)
(2012: 3:19:21:12) - (Middleland) Total user(2)
(2012: 3:19:21:14) - (Middleland) Total user(2)
(2012: 3:19:21:15) - (Middleland) Total user(3)
(2012: 3:19:21:16) - (Middleland) Total user(3)
(2012: 3:19:21:17) - (Middleland) Total user(3)
(2012: 3:19:21:18) - (Middleland) Total user(4)
(2012: 3:19:21:19) - (Middleland) Total user(3)
(2012: 3:19:21:20) - (Middleland) Total user(3)
(2012: 3:19:21:21) - (Middleland) Total user(3)
(2012: 3:19:21:22) - (Middleland) Total user(3)
(2012: 3:19:21:23) - (Middleland) Total user(3)
(2012: 3:19:21:24) - (Middleland) Total user(3)
(2012: 3:19:21:25) - (Middleland) Total user(3)
(2012: 3:19:21:26) - (Middleland) Total user(3)
(2012: 3:19:21:27) - (Middleland) Total user(3)
(2012: 3:19:21:28) - (Middleland) Total user(3)
(2012: 3:19:21:29) - (Middleland) Total user(3)
(2012: 3:19:21:30) - (Middleland) Total user(3)
(2012: 3:19:21:31) - (Middleland) Total user(3)
(2012: 3:19:21:32) - (Middleland) Total user(3)
(2012: 3:19:21:33) - (Middleland) Total user(3)
(2012: 3:19:21:34) - (Middleland) Total user(3)
(2012: 3:19:21:35) - (Middleland) Total user(3)
(2012: 3:19:21:36) - (Middleland) Total user(3)
(2012: 3:19:21:37) - (Middleland) Total user(3)
(2012: 3:19:21:38) - (Middleland) Total user(3)
(2012: 3:19:21:39) - (Middleland) Total user(3)
(2012: 3:19:21:40) - (Middleland) Total user(2)
(2012: 3:19:21:41) - (Middleland) Total user(2)
(2012: 3:19:21:42) - (Middleland) Total user(2)
(2012: 3:19:21:43) - (Middleland) Total user(2)
(2012: 3:19:21:44) - (Middleland) Total user(2)
(2012: 3:19:21:45) - (Middleland) Total user(2)
(2012: 3:19:21:46) - (Middleland) Total user(2)
(2012: 3:19:21:47) - (Middleland) Total user(2)
(2012: 3:19:21:48) - (Middleland) Total user(2)
(2012: 3:19:21:49) - (Middleland) Total user(2)
(2012: 3:19:21:50) - (Middleland) Total user(2)
(2012: 3:19:21:51) - (Middleland) Total user(2)
(2012: 3:19:21:52) - (Middleland) Total user(2)
(2012: 3:19:21:53) - (Middleland) Total user(2)
(2012: 3:19:21:54) - (Middleland) Total user(2)
(2012: 3:19:21:55) - (Middleland) Total user(2)
(2012: 3:19:21:56) - (Middleland) Total user(2)
(2012: 3:19:21:57) - (Middleland) Total user(2)
(2012: 3:19:21:58) - (Middleland) Total user(2)
(2012: 3:19:21:59) - (Middleland) Total user(2)
(2012: 3:19:22: 0) - (Middleland) Total user(2)
(2012: 3:19:22: 1) - (Middleland) Total user(2)
(2012: 3:19:22: 2) - (Middleland) Total user(2)
(2012: 3:19:22: 3) - (Middleland) Total user(2)
(2012: 3:19:22: 4) - (Middleland) Total user(2)
(2012: 3:19:22: 5) - (Middleland) Total user(2)
(2012: 3:19:22: 6) - (Middleland) Total user(2)
(2012: 3:19:22: 7) - (Middleland) Total user(2)
(2012: 3:19:22: 8) - (Middleland) Total user(2)
(2012: 3:19:22: 9) - (Middleland) Total user(2)
(2012: 3:19:22:10) - (Middleland) Total user(2)
(2012: 3:19:22:11) - (Middleland) Total user(2)
(2012: 3:19:22:12) - (Middleland) Total user(2)
(2012: 3:19:22:14) - (Middleland) Total user(2)
(2012: 3:19:22:15) - (Middleland) Total user(2)
(2012: 3:19:22:16) - (Middleland) Total user(2)
(2012: 3:19:22:17) - (Middleland) Total user(2)
(2012: 3:19:22:18) - (Middleland) Total user(2)
