(2012: 3:17: 0: 0) - (Middleland) Total user(2)
(2012: 3:17: 0: 1) - (Middleland) Total user(2)
(2012: 3:17: 0: 2) - (Middleland) Total user(2)
(2012: 3:17: 0: 3) - (Middleland) Total user(2)
(2012: 3:17: 0: 4) - (Middleland) Total user(2)
(2012: 3:17: 0: 5) - (Middleland) Total user(2)
(2012: 3:17: 0: 6) - (Middleland) Total user(2)
(2012: 3:17: 0: 7) - (Middleland) Total user(2)
(2012: 3:17: 0: 8) - (Middleland) Total user(2)
(2012: 3:17: 0: 9) - (Middleland) Total user(2)
(2012: 3:17: 0:10) - (Middleland) Total user(2)
(2012: 3:17: 0:11) - (Middleland) Total user(1)
(2012: 3:17: 0:12) - (Middleland) Total user(2)
(2012: 3:17: 0:13) - (Middleland) Total user(2)
(2012: 3:17: 0:14) - (Middleland) Total user(2)
(2012: 3:17: 0:15) - (Middleland) Total user(2)
(2012: 3:17: 0:16) - (Middleland) Total user(2)
(2012: 3:17: 0:17) - (Middleland) Total user(2)
(2012: 3:17: 0:18) - (Middleland) Total user(2)
(2012: 3:17: 0:19) - (Middleland) Total user(2)
(2012: 3:17: 0:20) - (Middleland) Total user(2)
(2012: 3:17: 0:21) - (Middleland) Total user(2)
(2012: 3:17: 0:23) - (Middleland) Total user(2)
(2012: 3:17: 0:24) - (Middleland) Total user(2)
(2012: 3:17: 0:25) - (Middleland) Total user(2)
(2012: 3:17: 0:26) - (Middleland) Total user(2)
(2012: 3:17: 0:27) - (Middleland) Total user(2)
(2012: 3:17: 0:28) - (Middleland) Total user(2)
(2012: 3:17: 0:29) - (Middleland) Total user(2)
(2012: 3:17: 0:30) - (Middleland) Total user(2)
(2012: 3:17: 0:31) - (Middleland) Total user(2)
(2012: 3:17: 0:32) - (Middleland) Total user(2)
(2012: 3:17: 0:33) - (Middleland) Total user(2)
(2012: 3:17: 0:34) - (Middleland) Total user(2)
(2012: 3:17: 0:35) - (Middleland) Total user(2)
(2012: 3:17: 0:36) - (Middleland) Total user(2)
(2012: 3:17: 0:37) - (Middleland) Total user(2)
(2012: 3:17: 0:38) - (Middleland) Total user(2)
(2012: 3:17: 0:39) - (Middleland) Total user(2)
(2012: 3:17: 0:40) - (Middleland) Total user(2)
(2012: 3:17: 0:41) - (Middleland) Total user(2)
(2012: 3:17: 0:42) - (Middleland) Total user(2)
(2012: 3:17: 0:43) - (Middleland) Total user(2)
(2012: 3:17: 0:44) - (Middleland) Total user(2)
(2012: 3:17: 0:45) - (Middleland) Total user(2)
(2012: 3:17: 0:46) - (Middleland) Total user(2)
(2012: 3:17: 0:47) - (Middleland) Total user(2)
(2012: 3:17: 0:48) - (Middleland) Total user(2)
(2012: 3:17: 0:49) - (Middleland) Total user(2)
(2012: 3:17: 0:50) - (Middleland) Total user(2)
(2012: 3:17: 0:51) - (Middleland) Total user(2)
(2012: 3:17: 0:52) - (Middleland) Total user(2)
(2012: 3:17: 0:53) - (Middleland) Total user(2)
(2012: 3:17: 0:54) - (Middleland) Total user(2)
(2012: 3:17: 0:55) - (Middleland) Total user(2)
(2012: 3:17: 0:56) - (Middleland) Total user(2)
(2012: 3:17: 0:57) - (Middleland) Total user(2)
(2012: 3:17: 0:58) - (Middleland) Total user(2)
(2012: 3:17: 0:59) - (Middleland) Total user(2)
(2012: 3:17: 1: 0) - (Middleland) Total user(2)
(2012: 3:17: 1: 1) - (Middleland) Total user(2)
(2012: 3:17: 1: 2) - (Middleland) Total user(2)
(2012: 3:17: 1: 3) - (Middleland) Total user(2)
(2012: 3:17: 1: 4) - (Middleland) Total user(2)
(2012: 3:17: 1: 5) - (Middleland) Total user(2)
(2012: 3:17: 1: 6) - (Middleland) Total user(2)
(2012: 3:17: 1: 7) - (Middleland) Total user(2)
(2012: 3:17: 1: 8) - (Middleland) Total user(2)
(2012: 3:17: 1: 9) - (Middleland) Total user(2)
(2012: 3:17: 1:10) - (Middleland) Total user(2)
(2012: 3:17: 1:11) - (Middleland) Total user(2)
(2012: 3:17: 1:12) - (Middleland) Total user(2)
(2012: 3:17: 1:13) - (Middleland) Total user(2)
(2012: 3:17: 1:14) - (Middleland) Total user(2)
(2012: 3:17: 1:15) - (Middleland) Total user(2)
(2012: 3:17: 1:16) - (Middleland) Total user(2)
(2012: 3:17: 1:17) - (Middleland) Total user(2)
(2012: 3:17: 1:18) - (Middleland) Total user(2)
(2012: 3:17: 1:19) - (Middleland) Total user(3)
(2012: 3:17: 1:20) - (Middleland) Total user(4)
(2012: 3:17: 1:21) - (Middleland) Total user(4)
(2012: 3:17: 1:22) - (Middleland) Total user(4)
(2012: 3:17: 1:24) - (Middleland) Total user(4)
(2012: 3:17: 1:25) - (Middleland) Total user(4)
(2012: 3:17: 1:26) - (Middleland) Total user(5)
(2012: 3:17: 1:27) - (Middleland) Total user(5)
(2012: 3:17: 1:28) - (Middleland) Total user(4)
(2012: 3:17: 1:29) - (Middleland) Total user(2)
(2012: 3:17: 1:30) - (Middleland) Total user(1)
(2012: 3:17: 1:31) - (Middleland) Total user(1)
(2012: 3:17: 1:32) - (Middleland) Total user(1)
(2012: 3:17: 1:33) - (Middleland) Total user(1)
(2012: 3:17: 1:34) - (Middleland) Total user(1)
(2012: 3:17: 1:35) - (Middleland) Total user(1)
(2012: 3:17: 1:36) - (Middleland) Total user(1)
(2012: 3:17: 1:37) - (Middleland) Total user(1)
(2012: 3:17: 1:38) - (Middleland) Total user(1)
(2012: 3:17: 1:39) - (Middleland) Total user(1)
(2012: 3:17: 1:40) - (Middleland) Total user(1)
(2012: 3:17: 1:41) - (Middleland) Total user(2)
(2012: 3:17: 1:42) - (Middleland) Total user(2)
(2012: 3:17: 1:43) - (Middleland) Total user(2)
(2012: 3:17: 1:44) - (Middleland) Total user(2)
(2012: 3:17: 1:45) - (Middleland) Total user(1)
(2012: 3:17: 1:46) - (Middleland) Total user(1)
(2012: 3:17: 1:47) - (Middleland) Total user(1)
(2012: 3:17: 1:48) - (Middleland) Total user(1)
(2012: 3:17: 1:49) - (Middleland) Total user(1)
(2012: 3:17: 1:50) - (Middleland) Total user(1)
(2012: 3:17: 1:51) - (Middleland) Total user(1)
(2012: 3:17: 1:52) - (Middleland) Total user(1)
(2012: 3:17: 1:53) - (Middleland) Total user(1)
(2012: 3:17: 1:54) - (Middleland) Total user(1)
(2012: 3:17: 1:55) - (Middleland) Total user(1)
(2012: 3:17: 1:56) - (Middleland) Total user(1)
(2012: 3:17: 1:57) - (Middleland) Total user(1)
(2012: 3:17: 1:58) - (Middleland) Total user(1)
(2012: 3:17: 1:59) - (Middleland) Total user(1)
(2012: 3:17: 2: 0) - (Middleland) Total user(1)
(2012: 3:17: 2: 1) - (Middleland) Total user(1)
(2012: 3:17: 2: 2) - (Middleland) Total user(1)
(2012: 3:17: 2: 3) - (Middleland) Total user(1)
(2012: 3:17: 2: 4) - (Middleland) Total user(1)
(2012: 3:17: 2: 5) - (Middleland) Total user(1)
(2012: 3:17: 2: 6) - (Middleland) Total user(1)
(2012: 3:17: 2: 7) - (Middleland) Total user(1)
(2012: 3:17: 2: 8) - (Middleland) Total user(2)
(2012: 3:17: 2: 9) - (Middleland) Total user(1)
(2012: 3:17: 2:10) - (Middleland) Total user(1)
(2012: 3:17: 2:11) - (Middleland) Total user(1)
(2012: 3:17: 2:12) - (Middleland) Total user(1)
(2012: 3:17: 2:13) - (Middleland) Total user(1)
(2012: 3:17: 2:14) - (Middleland) Total user(1)
(2012: 3:17: 2:15) - (Middleland) Total user(1)
(2012: 3:17: 2:16) - (Middleland) Total user(1)
(2012: 3:17: 2:17) - (Middleland) Total user(1)
(2012: 3:17: 2:18) - (Middleland) Total user(1)
(2012: 3:17: 2:19) - (Middleland) Total user(1)
(2012: 3:17: 2:20) - (Middleland) Total user(1)
(2012: 3:17: 2:21) - (Middleland) Total user(1)
(2012: 3:17: 2:22) - (Middleland) Total user(1)
(2012: 3:17: 2:23) - (Middleland) Total user(1)
(2012: 3:17: 2:25) - (Middleland) Total user(1)
(2012: 3:17: 2:26) - (Middleland) Total user(1)
(2012: 3:17: 2:27) - (Middleland) Total user(2)
(2012: 3:17: 2:28) - (Middleland) Total user(2)
(2012: 3:17: 2:29) - (Middleland) Total user(2)
(2012: 3:17: 2:30) - (Middleland) Total user(2)
(2012: 3:17: 2:31) - (Middleland) Total user(2)
(2012: 3:17: 2:32) - (Middleland) Total user(2)
(2012: 3:17: 2:33) - (Middleland) Total user(2)
(2012: 3:17: 2:34) - (Middleland) Total user(2)
(2012: 3:17: 2:35) - (Middleland) Total user(2)
(2012: 3:17: 2:36) - (Middleland) Total user(2)
(2012: 3:17: 2:37) - (Middleland) Total user(2)
(2012: 3:17: 2:38) - (Middleland) Total user(2)
(2012: 3:17: 2:39) - (Middleland) Total user(2)
(2012: 3:17: 2:40) - (Middleland) Total user(2)
(2012: 3:17: 2:41) - (Middleland) Total user(2)
(2012: 3:17: 2:42) - (Middleland) Total user(2)
(2012: 3:17: 2:43) - (Middleland) Total user(2)
(2012: 3:17: 2:44) - (Middleland) Total user(2)
(2012: 3:17: 2:45) - (Middleland) Total user(2)
(2012: 3:17: 2:46) - (Middleland) Total user(2)
(2012: 3:17: 2:47) - (Middleland) Total user(2)
(2012: 3:17: 2:48) - (Middleland) Total user(2)
(2012: 3:17: 2:49) - (Middleland) Total user(2)
(2012: 3:17: 2:50) - (Middleland) Total user(2)
(2012: 3:17: 2:51) - (Middleland) Total user(2)
(2012: 3:17: 2:52) - (Middleland) Total user(2)
(2012: 3:17: 2:53) - (Middleland) Total user(2)
(2012: 3:17: 2:54) - (Middleland) Total user(2)
(2012: 3:17: 2:55) - (Middleland) Total user(2)
(2012: 3:17: 2:56) - (Middleland) Total user(2)
(2012: 3:17: 2:57) - (Middleland) Total user(2)
(2012: 3:17: 2:58) - (Middleland) Total user(2)
(2012: 3:17: 2:59) - (Middleland) Total user(2)
(2012: 3:17: 3: 0) - (Middleland) Total user(2)
(2012: 3:17: 3: 1) - (Middleland) Total user(2)
(2012: 3:17: 3: 2) - (Middleland) Total user(2)
(2012: 3:17: 3: 3) - (Middleland) Total user(2)
(2012: 3:17: 3: 4) - (Middleland) Total user(2)
(2012: 3:17: 3: 5) - (Middleland) Total user(2)
(2012: 3:17: 3: 6) - (Middleland) Total user(2)
(2012: 3:17: 3: 7) - (Middleland) Total user(2)
(2012: 3:17: 3: 8) - (Middleland) Total user(2)
(2012: 3:17: 3: 9) - (Middleland) Total user(2)
(2012: 3:17: 3:10) - (Middleland) Total user(2)
(2012: 3:17: 3:11) - (Middleland) Total user(2)
(2012: 3:17: 3:12) - (Middleland) Total user(2)
(2012: 3:17: 3:13) - (Middleland) Total user(2)
(2012: 3:17: 3:14) - (Middleland) Total user(3)
(2012: 3:17: 3:15) - (Middleland) Total user(3)
(2012: 3:17: 3:16) - (Middleland) Total user(4)
(2012: 3:17: 3:17) - (Middleland) Total user(4)
(2012: 3:17: 3:18) - (Middleland) Total user(4)
(2012: 3:17: 3:19) - (Middleland) Total user(4)
(2012: 3:17: 3:20) - (Middleland) Total user(4)
(2012: 3:17: 3:21) - (Middleland) Total user(4)
(2012: 3:17: 3:22) - (Middleland) Total user(3)
(2012: 3:17: 3:23) - (Middleland) Total user(3)
(2012: 3:17: 3:24) - (Middleland) Total user(2)
(2012: 3:17: 3:26) - (Middleland) Total user(2)
(2012: 3:17: 3:27) - (Middleland) Total user(2)
(2012: 3:17: 3:28) - (Middleland) Total user(2)
(2012: 3:17: 3:29) - (Middleland) Total user(2)
(2012: 3:17: 3:30) - (Middleland) Total user(2)
(2012: 3:17: 3:31) - (Middleland) Total user(1)
(2012: 3:17: 3:32) - (Middleland) Total user(1)
(2012: 3:17: 3:33) - (Middleland) Total user(1)
(2012: 3:17: 3:34) - (Middleland) Total user(1)
(2012: 3:17: 3:35) - (Middleland) Total user(1)
(2012: 3:17: 3:36) - (Middleland) Total user(1)
(2012: 3:17: 3:37) - (Middleland) Total user(1)
(2012: 3:17: 3:38) - (Middleland) Total user(1)
(2012: 3:17: 3:39) - (Middleland) Total user(1)
(2012: 3:17: 3:40) - (Middleland) Total user(1)
(2012: 3:17: 3:41) - (Middleland) Total user(1)
(2012: 3:17: 3:42) - (Middleland) Total user(1)
(2012: 3:17: 3:43) - (Middleland) Total user(1)
(2012: 3:17: 3:44) - (Middleland) Total user(1)
(2012: 3:17: 3:45) - (Middleland) Total user(1)
(2012: 3:17: 3:46) - (Middleland) Total user(1)
(2012: 3:17: 3:47) - (Middleland) Total user(1)
(2012: 3:17: 3:48) - (Middleland) Total user(1)
(2012: 3:17: 3:49) - (Middleland) Total user(1)
(2012: 3:17: 3:50) - (Middleland) Total user(1)
(2012: 3:17: 3:51) - (Middleland) Total user(1)
(2012: 3:17: 3:52) - (Middleland) Total user(1)
(2012: 3:17: 3:53) - (Middleland) Total user(1)
(2012: 3:17: 3:54) - (Middleland) Total user(1)
(2012: 3:17: 3:55) - (Middleland) Total user(1)
(2012: 3:17: 3:56) - (Middleland) Total user(1)
(2012: 3:17: 3:57) - (Middleland) Total user(1)
(2012: 3:17: 3:58) - (Middleland) Total user(1)
(2012: 3:17: 3:59) - (Middleland) Total user(1)
(2012: 3:17: 4: 0) - (Middleland) Total user(1)
(2012: 3:17: 4: 1) - (Middleland) Total user(2)
(2012: 3:17: 4: 2) - (Middleland) Total user(2)
(2012: 3:17: 4: 3) - (Middleland) Total user(2)
(2012: 3:17: 4: 4) - (Middleland) Total user(2)
(2012: 3:17: 4: 5) - (Middleland) Total user(2)
(2012: 3:17: 4: 6) - (Middleland) Total user(2)
(2012: 3:17: 4: 7) - (Middleland) Total user(2)
(2012: 3:17: 4: 8) - (Middleland) Total user(2)
(2012: 3:17: 4: 9) - (Middleland) Total user(2)
(2012: 3:17: 4:10) - (Middleland) Total user(2)
(2012: 3:17: 4:11) - (Middleland) Total user(2)
(2012: 3:17: 4:12) - (Middleland) Total user(3)
(2012: 3:17: 4:13) - (Middleland) Total user(3)
(2012: 3:17: 4:14) - (Middleland) Total user(3)
(2012: 3:17: 4:15) - (Middleland) Total user(3)
(2012: 3:17: 4:16) - (Middleland) Total user(3)
(2012: 3:17: 4:17) - (Middleland) Total user(3)
(2012: 3:17: 4:18) - (Middleland) Total user(3)
(2012: 3:17: 4:19) - (Middleland) Total user(3)
(2012: 3:17: 4:20) - (Middleland) Total user(3)
(2012: 3:17: 4:21) - (Middleland) Total user(3)
(2012: 3:17: 4:22) - (Middleland) Total user(2)
(2012: 3:17: 4:23) - (Middleland) Total user(3)
(2012: 3:17: 4:24) - (Middleland) Total user(3)
(2012: 3:17: 4:26) - (Middleland) Total user(3)
(2012: 3:17: 4:27) - (Middleland) Total user(3)
(2012: 3:17: 4:28) - (Middleland) Total user(3)
(2012: 3:17: 4:29) - (Middleland) Total user(3)
(2012: 3:17: 4:30) - (Middleland) Total user(3)
(2012: 3:17: 4:31) - (Middleland) Total user(3)
(2012: 3:17: 4:32) - (Middleland) Total user(3)
(2012: 3:17: 4:33) - (Middleland) Total user(3)
(2012: 3:17: 4:34) - (Middleland) Total user(3)
(2012: 3:17: 4:35) - (Middleland) Total user(3)
(2012: 3:17: 4:36) - (Middleland) Total user(3)
(2012: 3:17: 4:37) - (Middleland) Total user(3)
(2012: 3:17: 4:38) - (Middleland) Total user(3)
(2012: 3:17: 4:39) - (Middleland) Total user(3)
(2012: 3:17: 4:40) - (Middleland) Total user(3)
(2012: 3:17: 4:41) - (Middleland) Total user(3)
(2012: 3:17: 4:42) - (Middleland) Total user(3)
(2012: 3:17: 4:43) - (Middleland) Total user(3)
(2012: 3:17: 4:44) - (Middleland) Total user(3)
(2012: 3:17: 4:45) - (Middleland) Total user(3)
(2012: 3:17: 4:46) - (Middleland) Total user(3)
(2012: 3:17: 4:47) - (Middleland) Total user(3)
(2012: 3:17: 4:48) - (Middleland) Total user(3)
(2012: 3:17: 4:49) - (Middleland) Total user(3)
(2012: 3:17: 4:50) - (Middleland) Total user(3)
(2012: 3:17: 4:51) - (Middleland) Total user(3)
(2012: 3:17: 4:52) - (Middleland) Total user(3)
(2012: 3:17: 4:53) - (Middleland) Total user(3)
(2012: 3:17: 4:54) - (Middleland) Total user(3)
(2012: 3:17: 4:55) - (Middleland) Total user(3)
(2012: 3:17: 4:56) - (Middleland) Total user(3)
(2012: 3:17: 4:57) - (Middleland) Total user(3)
(2012: 3:17: 4:58) - (Middleland) Total user(3)
(2012: 3:17: 4:59) - (Middleland) Total user(3)
(2012: 3:17: 5: 0) - (Middleland) Total user(3)
(2012: 3:17: 5: 1) - (Middleland) Total user(3)
(2012: 3:17: 5: 2) - (Middleland) Total user(3)
(2012: 3:17: 5: 3) - (Middleland) Total user(3)
(2012: 3:17: 5: 4) - (Middleland) Total user(3)
(2012: 3:17: 5: 5) - (Middleland) Total user(3)
(2012: 3:17: 5: 6) - (Middleland) Total user(3)
(2012: 3:17: 5: 7) - (Middleland) Total user(3)
(2012: 3:17: 5: 8) - (Middleland) Total user(3)
(2012: 3:17: 5: 9) - (Middleland) Total user(3)
(2012: 3:17: 5:10) - (Middleland) Total user(3)
(2012: 3:17: 5:11) - (Middleland) Total user(3)
(2012: 3:17: 5:12) - (Middleland) Total user(3)
(2012: 3:17: 5:13) - (Middleland) Total user(3)
(2012: 3:17: 5:14) - (Middleland) Total user(3)
(2012: 3:17: 5:15) - (Middleland) Total user(3)
(2012: 3:17: 5:16) - (Middleland) Total user(2)
(2012: 3:17: 5:17) - (Middleland) Total user(2)
(2012: 3:17: 5:18) - (Middleland) Total user(2)
(2012: 3:17: 5:19) - (Middleland) Total user(2)
(2012: 3:17: 5:20) - (Middleland) Total user(2)
(2012: 3:17: 5:21) - (Middleland) Total user(1)
(2012: 3:17: 5:22) - (Middleland) Total user(1)
(2012: 3:17: 5:23) - (Middleland) Total user(1)
(2012: 3:17: 5:24) - (Middleland) Total user(1)
(2012: 3:17: 5:25) - (Middleland) Total user(1)
(2012: 3:17: 5:27) - (Middleland) Total user(1)
(2012: 3:17: 5:28) - (Middleland) Total user(1)
(2012: 3:17: 5:29) - (Middleland) Total user(1)
(2012: 3:17: 5:30) - (Middleland) Total user(1)
(2012: 3:17: 5:31) - (Middleland) Total user(1)
(2012: 3:17: 5:32) - (Middleland) Total user(1)
(2012: 3:17: 5:33) - (Middleland) Total user(1)
(2012: 3:17: 5:34) - (Middleland) Total user(1)
(2012: 3:17: 5:35) - (Middleland) Total user(1)
(2012: 3:17: 5:36) - (Middleland) Total user(1)
(2012: 3:17: 5:37) - (Middleland) Total user(1)
(2012: 3:17: 5:38) - (Middleland) Total user(1)
(2012: 3:17: 5:39) - (Middleland) Total user(1)
(2012: 3:17: 5:40) - (Middleland) Total user(1)
(2012: 3:17: 5:41) - (Middleland) Total user(1)
(2012: 3:17: 5:42) - (Middleland) Total user(1)
(2012: 3:17: 5:43) - (Middleland) Total user(1)
(2012: 3:17: 5:44) - (Middleland) Total user(1)
(2012: 3:17: 5:45) - (Middleland) Total user(1)
(2012: 3:17: 5:46) - (Middleland) Total user(1)
(2012: 3:17: 5:47) - (Middleland) Total user(1)
(2012: 3:17: 5:48) - (Middleland) Total user(1)
(2012: 3:17: 5:49) - (Middleland) Total user(1)
(2012: 3:17: 5:50) - (Middleland) Total user(1)
(2012: 3:17: 5:51) - (Middleland) Total user(1)
(2012: 3:17: 5:52) - (Middleland) Total user(1)
(2012: 3:17: 5:53) - (Middleland) Total user(1)
(2012: 3:17: 5:54) - (Middleland) Total user(1)
(2012: 3:17: 5:55) - (Middleland) Total user(1)
(2012: 3:17: 5:56) - (Middleland) Total user(1)
(2012: 3:17: 5:57) - (Middleland) Total user(1)
(2012: 3:17: 5:58) - (Middleland) Total user(1)
(2012: 3:17: 5:59) - (Middleland) Total user(1)
(2012: 3:17: 6: 0) - (Middleland) Total user(1)
(2012: 3:17: 6: 1) - (Middleland) Total user(1)
(2012: 3:17: 6: 2) - (Middleland) Total user(1)
(2012: 3:17: 6: 3) - (Middleland) Total user(1)
(2012: 3:17: 6: 4) - (Middleland) Total user(1)
(2012: 3:17: 6: 5) - (Middleland) Total user(1)
(2012: 3:17: 6: 6) - (Middleland) Total user(1)
(2012: 3:17: 6: 7) - (Middleland) Total user(1)
(2012: 3:17: 6: 8) - (Middleland) Total user(1)
(2012: 3:17: 6: 9) - (Middleland) Total user(2)
(2012: 3:17: 6:10) - (Middleland) Total user(1)
(2012: 3:17: 6:11) - (Middleland) Total user(1)
(2012: 3:17: 6:12) - (Middleland) Total user(1)
(2012: 3:17: 6:13) - (Middleland) Total user(1)
(2012: 3:17: 6:14) - (Middleland) Total user(1)
(2012: 3:17: 6:15) - (Middleland) Total user(1)
(2012: 3:17: 6:16) - (Middleland) Total user(1)
(2012: 3:17: 6:17) - (Middleland) Total user(1)
(2012: 3:17: 6:18) - (Middleland) Total user(1)
(2012: 3:17: 6:19) - (Middleland) Total user(1)
(2012: 3:17: 6:20) - (Middleland) Total user(1)
(2012: 3:17: 6:21) - (Middleland) Total user(1)
(2012: 3:17: 6:22) - (Middleland) Total user(1)
(2012: 3:17: 6:23) - (Middleland) Total user(1)
(2012: 3:17: 6:24) - (Middleland) Total user(1)
(2012: 3:17: 6:25) - (Middleland) Total user(1)
(2012: 3:17: 6:26) - (Middleland) Total user(1)
(2012: 3:17: 6:28) - (Middleland) Total user(1)
(2012: 3:17: 6:29) - (Middleland) Total user(1)
(2012: 3:17: 6:30) - (Middleland) Total user(1)
(2012: 3:17: 6:31) - (Middleland) Total user(1)
(2012: 3:17: 6:32) - (Middleland) Total user(1)
(2012: 3:17: 6:33) - (Middleland) Total user(1)
(2012: 3:17: 6:34) - (Middleland) Total user(1)
(2012: 3:17: 6:35) - (Middleland) Total user(1)
(2012: 3:17: 6:36) - (Middleland) Total user(1)
(2012: 3:17: 6:37) - (Middleland) Total user(1)
(2012: 3:17: 6:38) - (Middleland) Total user(1)
(2012: 3:17: 6:39) - (Middleland) Total user(1)
(2012: 3:17: 6:40) - (Middleland) Total user(1)
(2012: 3:17: 6:41) - (Middleland) Total user(1)
(2012: 3:17: 6:42) - (Middleland) Total user(1)
(2012: 3:17: 6:43) - (Middleland) Total user(1)
(2012: 3:17: 6:44) - (Middleland) Total user(1)
(2012: 3:17: 6:45) - (Middleland) Total user(1)
(2012: 3:17: 6:46) - (Middleland) Total user(1)
(2012: 3:17: 6:47) - (Middleland) Total user(1)
(2012: 3:17: 6:48) - (Middleland) Total user(1)
(2012: 3:17: 6:49) - (Middleland) Total user(1)
(2012: 3:17: 6:50) - (Middleland) Total user(1)
(2012: 3:17: 6:51) - (Middleland) Total user(1)
(2012: 3:17: 6:52) - (Middleland) Total user(1)
(2012: 3:17: 6:53) - (Middleland) Total user(1)
(2012: 3:17: 6:54) - (Middleland) Total user(1)
(2012: 3:17: 6:55) - (Middleland) Total user(1)
(2012: 3:17: 6:56) - (Middleland) Total user(1)
(2012: 3:17: 6:57) - (Middleland) Total user(1)
(2012: 3:17: 6:58) - (Middleland) Total user(1)
(2012: 3:17: 6:59) - (Middleland) Total user(1)
(2012: 3:17: 7: 0) - (Middleland) Total user(1)
(2012: 3:17: 7: 1) - (Middleland) Total user(1)
(2012: 3:17: 7: 2) - (Middleland) Total user(1)
(2012: 3:17: 7: 3) - (Middleland) Total user(1)
(2012: 3:17: 7: 4) - (Middleland) Total user(1)
(2012: 3:17: 7: 5) - (Middleland) Total user(1)
(2012: 3:17: 7: 6) - (Middleland) Total user(1)
(2012: 3:17: 7: 7) - (Middleland) Total user(2)
(2012: 3:17: 7: 8) - (Middleland) Total user(2)
(2012: 3:17: 7: 9) - (Middleland) Total user(2)
(2012: 3:17: 7:10) - (Middleland) Total user(2)
(2012: 3:17: 7:11) - (Middleland) Total user(2)
(2012: 3:17: 7:12) - (Middleland) Total user(2)
(2012: 3:17: 7:13) - (Middleland) Total user(2)
(2012: 3:17: 7:14) - (Middleland) Total user(2)
(2012: 3:17: 7:15) - (Middleland) Total user(2)
(2012: 3:17: 7:16) - (Middleland) Total user(2)
(2012: 3:17: 7:17) - (Middleland) Total user(2)
(2012: 3:17: 7:18) - (Middleland) Total user(2)
(2012: 3:17: 7:19) - (Middleland) Total user(2)
(2012: 3:17: 7:20) - (Middleland) Total user(1)
(2012: 3:17: 7:21) - (Middleland) Total user(1)
(2012: 3:17: 7:22) - (Middleland) Total user(1)
(2012: 3:17: 7:23) - (Middleland) Total user(1)
(2012: 3:17: 7:24) - (Middleland) Total user(1)
(2012: 3:17: 7:25) - (Middleland) Total user(1)
(2012: 3:17: 7:26) - (Middleland) Total user(1)
(2012: 3:17: 7:28) - (Middleland) Total user(1)
(2012: 3:17: 7:29) - (Middleland) Total user(1)
(2012: 3:17: 7:30) - (Middleland) Total user(1)
(2012: 3:17: 7:31) - (Middleland) Total user(1)
(2012: 3:17: 7:32) - (Middleland) Total user(1)
(2012: 3:17: 7:33) - (Middleland) Total user(1)
(2012: 3:17: 7:34) - (Middleland) Total user(1)
(2012: 3:17: 7:35) - (Middleland) Total user(1)
(2012: 3:17: 7:36) - (Middleland) Total user(1)
(2012: 3:17: 7:37) - (Middleland) Total user(1)
(2012: 3:17: 7:38) - (Middleland) Total user(1)
(2012: 3:17: 7:39) - (Middleland) Total user(1)
(2012: 3:17: 7:40) - (Middleland) Total user(1)
(2012: 3:17: 7:41) - (Middleland) Total user(1)
(2012: 3:17: 7:42) - (Middleland) Total user(1)
(2012: 3:17: 7:43) - (Middleland) Total user(1)
(2012: 3:17: 7:44) - (Middleland) Total user(1)
(2012: 3:17: 7:45) - (Middleland) Total user(1)
(2012: 3:17: 7:46) - (Middleland) Total user(1)
(2012: 3:17: 7:47) - (Middleland) Total user(1)
(2012: 3:17: 7:48) - (Middleland) Total user(1)
(2012: 3:17: 7:49) - (Middleland) Total user(1)
(2012: 3:17: 7:50) - (Middleland) Total user(1)
(2012: 3:17: 7:51) - (Middleland) Total user(1)
(2012: 3:17: 7:52) - (Middleland) Total user(1)
(2012: 3:17: 7:53) - (Middleland) Total user(1)
(2012: 3:17: 7:54) - (Middleland) Total user(1)
(2012: 3:17: 7:55) - (Middleland) Total user(1)
(2012: 3:17: 7:56) - (Middleland) Total user(1)
(2012: 3:17: 7:57) - (Middleland) Total user(1)
(2012: 3:17: 7:58) - (Middleland) Total user(1)
(2012: 3:17: 7:59) - (Middleland) Total user(1)
(2012: 3:17: 8: 0) - (Middleland) Total user(1)
(2012: 3:17: 8: 1) - (Middleland) Total user(1)
(2012: 3:17: 8: 2) - (Middleland) Total user(1)
(2012: 3:17: 8: 3) - (Middleland) Total user(1)
(2012: 3:17: 8: 4) - (Middleland) Total user(1)
(2012: 3:17: 8: 5) - (Middleland) Total user(2)
(2012: 3:17: 8: 6) - (Middleland) Total user(2)
(2012: 3:17: 8: 7) - (Middleland) Total user(2)
(2012: 3:17: 8: 8) - (Middleland) Total user(2)
(2012: 3:17: 8: 9) - (Middleland) Total user(2)
(2012: 3:17: 8:10) - (Middleland) Total user(2)
(2012: 3:17: 8:11) - (Middleland) Total user(2)
(2012: 3:17: 8:12) - (Middleland) Total user(2)
(2012: 3:17: 8:13) - (Middleland) Total user(2)
(2012: 3:17: 8:14) - (Middleland) Total user(2)
(2012: 3:17: 8:15) - (Middleland) Total user(2)
(2012: 3:17: 8:16) - (Middleland) Total user(2)
(2012: 3:17: 8:17) - (Middleland) Total user(2)
(2012: 3:17: 8:18) - (Middleland) Total user(2)
(2012: 3:17: 8:19) - (Middleland) Total user(2)
(2012: 3:17: 8:20) - (Middleland) Total user(2)
(2012: 3:17: 8:21) - (Middleland) Total user(2)
(2012: 3:17: 8:22) - (Middleland) Total user(1)
(2012: 3:17: 8:23) - (Middleland) Total user(1)
(2012: 3:17: 8:24) - (Middleland) Total user(1)
(2012: 3:17: 8:25) - (Middleland) Total user(1)
(2012: 3:17: 8:26) - (Middleland) Total user(1)
(2012: 3:17: 8:27) - (Middleland) Total user(1)
(2012: 3:17: 8:29) - (Middleland) Total user(1)
(2012: 3:17: 8:30) - (Middleland) Total user(1)
(2012: 3:17: 8:31) - (Middleland) Total user(1)
(2012: 3:17: 8:32) - (Middleland) Total user(1)
(2012: 3:17: 8:33) - (Middleland) Total user(1)
(2012: 3:17: 8:34) - (Middleland) Total user(1)
(2012: 3:17: 8:35) - (Middleland) Total user(1)
(2012: 3:17: 8:36) - (Middleland) Total user(1)
(2012: 3:17: 8:37) - (Middleland) Total user(1)
(2012: 3:17: 8:38) - (Middleland) Total user(1)
(2012: 3:17: 8:39) - (Middleland) Total user(1)
(2012: 3:17: 8:40) - (Middleland) Total user(1)
(2012: 3:17: 8:41) - (Middleland) Total user(1)
(2012: 3:17: 8:42) - (Middleland) Total user(1)
(2012: 3:17: 8:43) - (Middleland) Total user(1)
(2012: 3:17: 8:44) - (Middleland) Total user(1)
(2012: 3:17: 8:45) - (Middleland) Total user(1)
(2012: 3:17: 8:46) - (Middleland) Total user(1)
(2012: 3:17: 8:47) - (Middleland) Total user(1)
(2012: 3:17: 8:48) - (Middleland) Total user(1)
(2012: 3:17: 8:49) - (Middleland) Total user(1)
(2012: 3:17: 8:50) - (Middleland) Total user(1)
(2012: 3:17: 8:51) - (Middleland) Total user(1)
(2012: 3:17: 8:52) - (Middleland) Total user(1)
(2012: 3:17: 8:53) - (Middleland) Total user(1)
(2012: 3:17: 8:54) - (Middleland) Total user(1)
(2012: 3:17: 8:55) - (Middleland) Total user(1)
(2012: 3:17: 8:56) - (Middleland) Total user(1)
(2012: 3:17: 8:57) - (Middleland) Total user(1)
(2012: 3:17: 8:58) - (Middleland) Total user(1)
(2012: 3:17: 8:59) - (Middleland) Total user(1)
(2012: 3:17: 9: 0) - (Middleland) Total user(1)
(2012: 3:17: 9: 1) - (Middleland) Total user(1)
(2012: 3:17: 9: 2) - (Middleland) Total user(1)
(2012: 3:17: 9: 3) - (Middleland) Total user(1)
(2012: 3:17: 9: 4) - (Middleland) Total user(1)
(2012: 3:17: 9: 5) - (Middleland) Total user(1)
(2012: 3:17: 9: 6) - (Middleland) Total user(2)
(2012: 3:17: 9: 7) - (Middleland) Total user(2)
(2012: 3:17: 9: 8) - (Middleland) Total user(2)
(2012: 3:17: 9: 9) - (Middleland) Total user(2)
(2012: 3:17: 9:10) - (Middleland) Total user(2)
(2012: 3:17: 9:11) - (Middleland) Total user(2)
(2012: 3:17: 9:12) - (Middleland) Total user(2)
(2012: 3:17: 9:13) - (Middleland) Total user(2)
(2012: 3:17: 9:14) - (Middleland) Total user(2)
(2012: 3:17: 9:15) - (Middleland) Total user(2)
(2012: 3:17: 9:16) - (Middleland) Total user(2)
(2012: 3:17: 9:17) - (Middleland) Total user(2)
(2012: 3:17: 9:18) - (Middleland) Total user(2)
(2012: 3:17: 9:19) - (Middleland) Total user(2)
(2012: 3:17: 9:20) - (Middleland) Total user(2)
(2012: 3:17: 9:21) - (Middleland) Total user(2)
(2012: 3:17: 9:22) - (Middleland) Total user(2)
(2012: 3:17: 9:23) - (Middleland) Total user(2)
(2012: 3:17: 9:24) - (Middleland) Total user(2)
(2012: 3:17: 9:25) - (Middleland) Total user(2)
(2012: 3:17: 9:26) - (Middleland) Total user(2)
(2012: 3:17: 9:27) - (Middleland) Total user(2)
(2012: 3:17: 9:28) - (Middleland) Total user(2)
(2012: 3:17: 9:30) - (Middleland) Total user(2)
(2012: 3:17: 9:31) - (Middleland) Total user(2)
(2012: 3:17: 9:32) - (Middleland) Total user(2)
(2012: 3:17: 9:33) - (Middleland) Total user(3)
(2012: 3:17: 9:34) - (Middleland) Total user(3)
(2012: 3:17: 9:35) - (Middleland) Total user(3)
(2012: 3:17: 9:36) - (Middleland) Total user(3)
(2012: 3:17: 9:37) - (Middleland) Total user(3)
(2012: 3:17: 9:38) - (Middleland) Total user(3)
(2012: 3:17: 9:39) - (Middleland) Total user(3)
(2012: 3:17: 9:40) - (Middleland) Total user(3)
(2012: 3:17: 9:41) - (Middleland) Total user(3)
(2012: 3:17: 9:42) - (Middleland) Total user(3)
(2012: 3:17: 9:43) - (Middleland) Total user(3)
(2012: 3:17: 9:44) - (Middleland) Total user(3)
(2012: 3:17: 9:45) - (Middleland) Total user(2)
(2012: 3:17: 9:46) - (Middleland) Total user(2)
(2012: 3:17: 9:47) - (Middleland) Total user(2)
(2012: 3:17: 9:48) - (Middleland) Total user(2)
(2012: 3:17: 9:49) - (Middleland) Total user(2)
(2012: 3:17: 9:50) - (Middleland) Total user(2)
(2012: 3:17: 9:51) - (Middleland) Total user(2)
(2012: 3:17: 9:52) - (Middleland) Total user(2)
(2012: 3:17: 9:53) - (Middleland) Total user(2)
(2012: 3:17: 9:54) - (Middleland) Total user(2)
(2012: 3:17: 9:55) - (Middleland) Total user(2)
(2012: 3:17: 9:56) - (Middleland) Total user(2)
(2012: 3:17: 9:57) - (Middleland) Total user(2)
(2012: 3:17: 9:58) - (Middleland) Total user(2)
(2012: 3:17: 9:59) - (Middleland) Total user(2)
(2012: 3:17:10: 0) - (Middleland) Total user(2)
(2012: 3:17:10: 1) - (Middleland) Total user(2)
(2012: 3:17:10: 2) - (Middleland) Total user(2)
(2012: 3:17:10: 3) - (Middleland) Total user(2)
(2012: 3:17:10: 4) - (Middleland) Total user(2)
(2012: 3:17:10: 5) - (Middleland) Total user(2)
(2012: 3:17:10: 6) - (Middleland) Total user(2)
(2012: 3:17:10: 7) - (Middleland) Total user(2)
(2012: 3:17:10: 8) - (Middleland) Total user(2)
(2012: 3:17:10: 9) - (Middleland) Total user(2)
(2012: 3:17:10:10) - (Middleland) Total user(2)
(2012: 3:17:10:11) - (Middleland) Total user(2)
(2012: 3:17:10:12) - (Middleland) Total user(2)
(2012: 3:17:10:13) - (Middleland) Total user(2)
(2012: 3:17:10:14) - (Middleland) Total user(2)
(2012: 3:17:10:15) - (Middleland) Total user(2)
(2012: 3:17:10:16) - (Middleland) Total user(2)
(2012: 3:17:10:17) - (Middleland) Total user(2)
(2012: 3:17:10:18) - (Middleland) Total user(2)
(2012: 3:17:10:19) - (Middleland) Total user(2)
(2012: 3:17:10:20) - (Middleland) Total user(2)
(2012: 3:17:10:21) - (Middleland) Total user(2)
(2012: 3:17:10:22) - (Middleland) Total user(2)
(2012: 3:17:10:23) - (Middleland) Total user(2)
(2012: 3:17:10:24) - (Middleland) Total user(2)
(2012: 3:17:10:25) - (Middleland) Total user(2)
(2012: 3:17:10:26) - (Middleland) Total user(2)
(2012: 3:17:10:27) - (Middleland) Total user(2)
(2012: 3:17:10:28) - (Middleland) Total user(2)
(2012: 3:17:10:29) - (Middleland) Total user(2)
(2012: 3:17:10:31) - (Middleland) Total user(2)
(2012: 3:17:10:32) - (Middleland) Total user(2)
(2012: 3:17:10:33) - (Middleland) Total user(2)
(2012: 3:17:10:34) - (Middleland) Total user(2)
(2012: 3:17:10:35) - (Middleland) Total user(2)
(2012: 3:17:10:36) - (Middleland) Total user(2)
(2012: 3:17:10:37) - (Middleland) Total user(2)
(2012: 3:17:10:38) - (Middleland) Total user(2)
(2012: 3:17:10:39) - (Middleland) Total user(2)
(2012: 3:17:10:40) - (Middleland) Total user(2)
(2012: 3:17:10:41) - (Middleland) Total user(2)
(2012: 3:17:10:42) - (Middleland) Total user(2)
(2012: 3:17:10:43) - (Middleland) Total user(2)
(2012: 3:17:10:44) - (Middleland) Total user(2)
(2012: 3:17:10:45) - (Middleland) Total user(2)
(2012: 3:17:10:46) - (Middleland) Total user(2)
(2012: 3:17:10:47) - (Middleland) Total user(2)
(2012: 3:17:10:48) - (Middleland) Total user(2)
(2012: 3:17:10:49) - (Middleland) Total user(2)
(2012: 3:17:10:50) - (Middleland) Total user(2)
(2012: 3:17:10:51) - (Middleland) Total user(2)
(2012: 3:17:10:52) - (Middleland) Total user(2)
(2012: 3:17:10:53) - (Middleland) Total user(2)
(2012: 3:17:10:54) - (Middleland) Total user(2)
(2012: 3:17:10:55) - (Middleland) Total user(2)
(2012: 3:17:10:56) - (Middleland) Total user(2)
(2012: 3:17:10:57) - (Middleland) Total user(2)
(2012: 3:17:10:58) - (Middleland) Total user(1)
(2012: 3:17:10:59) - (Middleland) Total user(2)
(2012: 3:17:11: 0) - (Middleland) Total user(1)
(2012: 3:17:11: 1) - (Middleland) Total user(1)
(2012: 3:17:11: 2) - (Middleland) Total user(2)
(2012: 3:17:11: 3) - (Middleland) Total user(2)
(2012: 3:17:11: 4) - (Middleland) Total user(2)
(2012: 3:17:11: 5) - (Middleland) Total user(2)
(2012: 3:17:11: 6) - (Middleland) Total user(2)
(2012: 3:17:11: 7) - (Middleland) Total user(2)
(2012: 3:17:11: 8) - (Middleland) Total user(2)
(2012: 3:17:11: 9) - (Middleland) Total user(2)
(2012: 3:17:11:10) - (Middleland) Total user(2)
(2012: 3:17:11:11) - (Middleland) Total user(2)
(2012: 3:17:11:12) - (Middleland) Total user(2)
(2012: 3:17:11:13) - (Middleland) Total user(2)
(2012: 3:17:11:14) - (Middleland) Total user(2)
(2012: 3:17:11:15) - (Middleland) Total user(2)
(2012: 3:17:11:16) - (Middleland) Total user(2)
(2012: 3:17:11:17) - (Middleland) Total user(2)
(2012: 3:17:11:18) - (Middleland) Total user(2)
(2012: 3:17:11:19) - (Middleland) Total user(2)
(2012: 3:17:11:20) - (Middleland) Total user(2)
(2012: 3:17:11:21) - (Middleland) Total user(2)
(2012: 3:17:11:22) - (Middleland) Total user(2)
(2012: 3:17:11:23) - (Middleland) Total user(2)
(2012: 3:17:11:24) - (Middleland) Total user(2)
(2012: 3:17:11:25) - (Middleland) Total user(3)
(2012: 3:17:11:26) - (Middleland) Total user(2)
(2012: 3:17:11:27) - (Middleland) Total user(2)
(2012: 3:17:11:28) - (Middleland) Total user(2)
(2012: 3:17:11:29) - (Middleland) Total user(2)
(2012: 3:17:11:31) - (Middleland) Total user(2)
(2012: 3:17:11:32) - (Middleland) Total user(2)
(2012: 3:17:11:33) - (Middleland) Total user(2)
(2012: 3:17:11:34) - (Middleland) Total user(2)
(2012: 3:17:11:35) - (Middleland) Total user(2)
(2012: 3:17:11:36) - (Middleland) Total user(2)
(2012: 3:17:11:37) - (Middleland) Total user(2)
(2012: 3:17:11:38) - (Middleland) Total user(2)
(2012: 3:17:11:39) - (Middleland) Total user(2)
(2012: 3:17:11:40) - (Middleland) Total user(2)
(2012: 3:17:11:41) - (Middleland) Total user(2)
(2012: 3:17:11:42) - (Middleland) Total user(2)
(2012: 3:17:11:43) - (Middleland) Total user(2)
(2012: 3:17:11:44) - (Middleland) Total user(1)
(2012: 3:17:11:45) - (Middleland) Total user(1)
(2012: 3:17:11:46) - (Middleland) Total user(1)
(2012: 3:17:11:47) - (Middleland) Total user(2)
(2012: 3:17:11:48) - (Middleland) Total user(2)
(2012: 3:17:11:49) - (Middleland) Total user(2)
(2012: 3:17:11:50) - (Middleland) Total user(2)
(2012: 3:17:11:51) - (Middleland) Total user(2)
(2012: 3:17:11:52) - (Middleland) Total user(2)
(2012: 3:17:11:53) - (Middleland) Total user(2)
(2012: 3:17:11:54) - (Middleland) Total user(2)
(2012: 3:17:11:55) - (Middleland) Total user(2)
(2012: 3:17:11:56) - (Middleland) Total user(2)
(2012: 3:17:11:57) - (Middleland) Total user(2)
(2012: 3:17:11:58) - (Middleland) Total user(2)
(2012: 3:17:11:59) - (Middleland) Total user(1)
(2012: 3:17:12: 0) - (Middleland) Total user(2)
(2012: 3:17:12: 1) - (Middleland) Total user(1)
(2012: 3:17:12: 2) - (Middleland) Total user(1)
(2012: 3:17:12: 3) - (Middleland) Total user(1)
(2012: 3:17:12: 4) - (Middleland) Total user(1)
(2012: 3:17:12: 5) - (Middleland) Total user(1)
(2012: 3:17:12: 6) - (Middleland) Total user(1)
(2012: 3:17:12: 7) - (Middleland) Total user(2)
(2012: 3:17:12: 8) - (Middleland) Total user(2)
(2012: 3:17:12: 9) - (Middleland) Total user(2)
(2012: 3:17:12:10) - (Middleland) Total user(2)
(2012: 3:17:12:11) - (Middleland) Total user(2)
(2012: 3:17:12:12) - (Middleland) Total user(2)
(2012: 3:17:12:13) - (Middleland) Total user(2)
(2012: 3:17:12:14) - (Middleland) Total user(2)
(2012: 3:17:12:15) - (Middleland) Total user(2)
(2012: 3:17:12:16) - (Middleland) Total user(2)
(2012: 3:17:12:17) - (Middleland) Total user(2)
(2012: 3:17:12:18) - (Middleland) Total user(2)
(2012: 3:17:12:19) - (Middleland) Total user(2)
(2012: 3:17:12:20) - (Middleland) Total user(2)
(2012: 3:17:12:21) - (Middleland) Total user(2)
(2012: 3:17:12:22) - (Middleland) Total user(2)
(2012: 3:17:12:23) - (Middleland) Total user(2)
(2012: 3:17:12:24) - (Middleland) Total user(2)
(2012: 3:17:12:25) - (Middleland) Total user(2)
(2012: 3:17:12:26) - (Middleland) Total user(2)
(2012: 3:17:12:27) - (Middleland) Total user(2)
(2012: 3:17:12:28) - (Middleland) Total user(2)
(2012: 3:17:12:29) - (Middleland) Total user(2)
(2012: 3:17:12:30) - (Middleland) Total user(2)
(2012: 3:17:12:32) - (Middleland) Total user(2)
(2012: 3:17:12:33) - (Middleland) Total user(2)
(2012: 3:17:12:34) - (Middleland) Total user(2)
(2012: 3:17:12:35) - (Middleland) Total user(1)
(2012: 3:17:12:36) - (Middleland) Total user(1)
(2012: 3:17:12:37) - (Middleland) Total user(1)
(2012: 3:17:12:38) - (Middleland) Total user(1)
(2012: 3:17:12:39) - (Middleland) Total user(1)
(2012: 3:17:12:40) - (Middleland) Total user(1)
(2012: 3:17:12:41) - (Middleland) Total user(1)
(2012: 3:17:12:42) - (Middleland) Total user(1)
(2012: 3:17:12:43) - (Middleland) Total user(1)
(2012: 3:17:12:44) - (Middleland) Total user(1)
(2012: 3:17:12:45) - (Middleland) Total user(1)
(2012: 3:17:12:46) - (Middleland) Total user(1)
(2012: 3:17:12:47) - (Middleland) Total user(1)
(2012: 3:17:12:48) - (Middleland) Total user(1)
(2012: 3:17:12:49) - (Middleland) Total user(1)
(2012: 3:17:12:50) - (Middleland) Total user(1)
(2012: 3:17:12:51) - (Middleland) Total user(1)
(2012: 3:17:12:52) - (Middleland) Total user(1)
(2012: 3:17:12:53) - (Middleland) Total user(1)
(2012: 3:17:12:54) - (Middleland) Total user(2)
(2012: 3:17:12:55) - (Middleland) Total user(2)
(2012: 3:17:12:56) - (Middleland) Total user(2)
(2012: 3:17:12:57) - (Middleland) Total user(3)
(2012: 3:17:12:58) - (Middleland) Total user(3)
(2012: 3:17:12:59) - (Middleland) Total user(3)
(2012: 3:17:13: 0) - (Middleland) Total user(3)
(2012: 3:17:13: 1) - (Middleland) Total user(3)
(2012: 3:17:13: 2) - (Middleland) Total user(3)
(2012: 3:17:13: 3) - (Middleland) Total user(3)
(2012: 3:17:13: 4) - (Middleland) Total user(4)
(2012: 3:17:13: 5) - (Middleland) Total user(4)
(2012: 3:17:13: 6) - (Middleland) Total user(4)
(2012: 3:17:13: 7) - (Middleland) Total user(5)
(2012: 3:17:13: 8) - (Middleland) Total user(5)
(2012: 3:17:13: 9) - (Middleland) Total user(5)
(2012: 3:17:13:10) - (Middleland) Total user(5)
(2012: 3:17:13:11) - (Middleland) Total user(5)
(2012: 3:17:13:12) - (Middleland) Total user(5)
(2012: 3:17:13:13) - (Middleland) Total user(5)
(2012: 3:17:13:14) - (Middleland) Total user(5)
(2012: 3:17:13:15) - (Middleland) Total user(5)
(2012: 3:17:13:16) - (Middleland) Total user(5)
(2012: 3:17:13:17) - (Middleland) Total user(5)
(2012: 3:17:13:18) - (Middleland) Total user(5)
(2012: 3:17:13:19) - (Middleland) Total user(5)
(2012: 3:17:13:20) - (Middleland) Total user(5)
(2012: 3:17:13:21) - (Middleland) Total user(5)
(2012: 3:17:13:22) - (Middleland) Total user(5)
(2012: 3:17:13:23) - (Middleland) Total user(5)
(2012: 3:17:13:24) - (Middleland) Total user(6)
(2012: 3:17:13:25) - (Middleland) Total user(7)
(2012: 3:17:13:26) - (Middleland) Total user(7)
(2012: 3:17:13:27) - (Middleland) Total user(7)
(2012: 3:17:13:28) - (Middleland) Total user(7)
(2012: 3:17:13:29) - (Middleland) Total user(7)
(2012: 3:17:13:30) - (Middleland) Total user(7)
(2012: 3:17:13:31) - (Middleland) Total user(6)
(2012: 3:17:13:33) - (Middleland) Total user(6)
(2012: 3:17:13:34) - (Middleland) Total user(5)
(2012: 3:17:13:35) - (Middleland) Total user(6)
(2012: 3:17:13:36) - (Middleland) Total user(6)
(2012: 3:17:13:37) - (Middleland) Total user(6)
(2012: 3:17:13:38) - (Middleland) Total user(6)
(2012: 3:17:13:39) - (Middleland) Total user(6)
(2012: 3:17:13:40) - (Middleland) Total user(6)
(2012: 3:17:13:41) - (Middleland) Total user(6)
(2012: 3:17:13:42) - (Middleland) Total user(6)
(2012: 3:17:13:43) - (Middleland) Total user(6)
(2012: 3:17:13:44) - (Middleland) Total user(6)
(2012: 3:17:13:45) - (Middleland) Total user(6)
(2012: 3:17:13:46) - (Middleland) Total user(6)
(2012: 3:17:13:47) - (Middleland) Total user(6)
(2012: 3:17:13:48) - (Middleland) Total user(6)
(2012: 3:17:13:49) - (Middleland) Total user(6)
(2012: 3:17:13:50) - (Middleland) Total user(6)
(2012: 3:17:13:51) - (Middleland) Total user(6)
(2012: 3:17:13:52) - (Middleland) Total user(6)
(2012: 3:17:13:53) - (Middleland) Total user(6)
(2012: 3:17:13:54) - (Middleland) Total user(6)
(2012: 3:17:13:55) - (Middleland) Total user(6)
(2012: 3:17:13:56) - (Middleland) Total user(5)
(2012: 3:17:13:57) - (Middleland) Total user(6)
(2012: 3:17:13:58) - (Middleland) Total user(6)
(2012: 3:17:13:59) - (Middleland) Total user(6)
(2012: 3:17:14: 0) - (Middleland) Total user(6)
(2012: 3:17:14: 1) - (Middleland) Total user(6)
(2012: 3:17:14: 2) - (Middleland) Total user(6)
(2012: 3:17:14: 3) - (Middleland) Total user(6)
(2012: 3:17:14: 4) - (Middleland) Total user(6)
(2012: 3:17:14: 5) - (Middleland) Total user(6)
(2012: 3:17:14: 6) - (Middleland) Total user(6)
(2012: 3:17:14: 7) - (Middleland) Total user(6)
(2012: 3:17:14: 8) - (Middleland) Total user(6)
(2012: 3:17:14: 9) - (Middleland) Total user(6)
(2012: 3:17:14:10) - (Middleland) Total user(6)
(2012: 3:17:14:11) - (Middleland) Total user(6)
(2012: 3:17:14:12) - (Middleland) Total user(6)
(2012: 3:17:14:13) - (Middleland) Total user(6)
(2012: 3:17:14:14) - (Middleland) Total user(6)
(2012: 3:17:14:15) - (Middleland) Total user(6)
(2012: 3:17:14:16) - (Middleland) Total user(5)
(2012: 3:17:14:17) - (Middleland) Total user(6)
(2012: 3:17:14:18) - (Middleland) Total user(6)
(2012: 3:17:14:19) - (Middleland) Total user(6)
(2012: 3:17:14:20) - (Middleland) Total user(6)
(2012: 3:17:14:21) - (Middleland) Total user(6)
(2012: 3:17:14:22) - (Middleland) Total user(6)
(2012: 3:17:14:23) - (Middleland) Total user(6)
(2012: 3:17:14:24) - (Middleland) Total user(6)
(2012: 3:17:14:25) - (Middleland) Total user(6)
(2012: 3:17:14:26) - (Middleland) Total user(6)
(2012: 3:17:14:27) - (Middleland) Total user(6)
(2012: 3:17:14:28) - (Middleland) Total user(6)
(2012: 3:17:14:29) - (Middleland) Total user(7)
(2012: 3:17:14:30) - (Middleland) Total user(7)
(2012: 3:17:14:31) - (Middleland) Total user(7)
(2012: 3:17:14:33) - (Middleland) Total user(7)
(2012: 3:17:14:34) - (Middleland) Total user(7)
(2012: 3:17:14:35) - (Middleland) Total user(7)
(2012: 3:17:14:36) - (Middleland) Total user(7)
(2012: 3:17:14:37) - (Middleland) Total user(7)
(2012: 3:17:14:38) - (Middleland) Total user(7)
(2012: 3:17:14:39) - (Middleland) Total user(6)
(2012: 3:17:14:40) - (Middleland) Total user(7)
(2012: 3:17:14:41) - (Middleland) Total user(7)
(2012: 3:17:14:42) - (Middleland) Total user(7)
(2012: 3:17:14:43) - (Middleland) Total user(7)
(2012: 3:17:14:44) - (Middleland) Total user(7)
(2012: 3:17:14:45) - (Middleland) Total user(7)
(2012: 3:17:14:46) - (Middleland) Total user(8)
(2012: 3:17:14:47) - (Middleland) Total user(8)
(2012: 3:17:14:48) - (Middleland) Total user(8)
(2012: 3:17:14:49) - (Middleland) Total user(8)
(2012: 3:17:14:50) - (Middleland) Total user(8)
(2012: 3:17:14:51) - (Middleland) Total user(8)
(2012: 3:17:14:52) - (Middleland) Total user(8)
(2012: 3:17:14:53) - (Middleland) Total user(8)
(2012: 3:17:14:54) - (Middleland) Total user(8)
(2012: 3:17:14:55) - (Middleland) Total user(8)
(2012: 3:17:14:56) - (Middleland) Total user(8)
(2012: 3:17:14:57) - (Middleland) Total user(8)
(2012: 3:17:14:58) - (Middleland) Total user(8)
(2012: 3:17:14:59) - (Middleland) Total user(8)
(2012: 3:17:15: 0) - (Middleland) Total user(8)
(2012: 3:17:15: 1) - (Middleland) Total user(8)
(2012: 3:17:15: 2) - (Middleland) Total user(8)
(2012: 3:17:15: 3) - (Middleland) Total user(8)
(2012: 3:17:15: 4) - (Middleland) Total user(8)
(2012: 3:17:15: 5) - (Middleland) Total user(8)
(2012: 3:17:15: 6) - (Middleland) Total user(8)
(2012: 3:17:15: 7) - (Middleland) Total user(8)
(2012: 3:17:15: 8) - (Middleland) Total user(8)
(2012: 3:17:15: 9) - (Middleland) Total user(8)
(2012: 3:17:15:10) - (Middleland) Total user(8)
(2012: 3:17:15:11) - (Middleland) Total user(7)
(2012: 3:17:15:12) - (Middleland) Total user(7)
(2012: 3:17:15:13) - (Middleland) Total user(6)
(2012: 3:17:15:14) - (Middleland) Total user(6)
(2012: 3:17:15:15) - (Middleland) Total user(5)
(2012: 3:17:15:16) - (Middleland) Total user(6)
(2012: 3:17:15:17) - (Middleland) Total user(6)
(2012: 3:17:15:18) - (Middleland) Total user(6)
(2012: 3:17:15:19) - (Middleland) Total user(6)
(2012: 3:17:15:20) - (Middleland) Total user(6)
(2012: 3:17:15:21) - (Middleland) Total user(6)
(2012: 3:17:15:22) - (Middleland) Total user(6)
(2012: 3:17:15:23) - (Middleland) Total user(5)
(2012: 3:17:15:24) - (Middleland) Total user(4)
(2012: 3:17:15:25) - (Middleland) Total user(4)
(2012: 3:17:15:26) - (Middleland) Total user(4)
(2012: 3:17:15:27) - (Middleland) Total user(4)
(2012: 3:17:15:28) - (Middleland) Total user(4)
(2012: 3:17:15:29) - (Middleland) Total user(4)
(2012: 3:17:15:30) - (Middleland) Total user(4)
(2012: 3:17:15:31) - (Middleland) Total user(4)
(2012: 3:17:15:32) - (Middleland) Total user(5)
(2012: 3:17:15:34) - (Middleland) Total user(5)
(2012: 3:17:15:35) - (Middleland) Total user(5)
(2012: 3:17:15:36) - (Middleland) Total user(5)
(2012: 3:17:15:37) - (Middleland) Total user(5)
(2012: 3:17:15:38) - (Middleland) Total user(5)
(2012: 3:17:15:39) - (Middleland) Total user(5)
(2012: 3:17:15:40) - (Middleland) Total user(5)
(2012: 3:17:15:41) - (Middleland) Total user(5)
(2012: 3:17:15:42) - (Middleland) Total user(5)
(2012: 3:17:15:43) - (Middleland) Total user(5)
(2012: 3:17:15:44) - (Middleland) Total user(5)
(2012: 3:17:15:45) - (Middleland) Total user(3)
(2012: 3:17:15:46) - (Middleland) Total user(5)
(2012: 3:17:15:47) - (Middleland) Total user(5)
(2012: 3:17:15:48) - (Middleland) Total user(5)
(2012: 3:17:15:49) - (Middleland) Total user(5)
(2012: 3:17:15:50) - (Middleland) Total user(5)
(2012: 3:17:15:51) - (Middleland) Total user(5)
(2012: 3:17:15:52) - (Middleland) Total user(5)
(2012: 3:17:15:53) - (Middleland) Total user(5)
(2012: 3:17:15:54) - (Middleland) Total user(5)
(2012: 3:17:15:55) - (Middleland) Total user(5)
(2012: 3:17:15:56) - (Middleland) Total user(5)
(2012: 3:17:15:57) - (Middleland) Total user(5)
(2012: 3:17:15:58) - (Middleland) Total user(5)
(2012: 3:17:15:59) - (Middleland) Total user(4)
(2012: 3:17:16: 0) - (Middleland) Total user(4)
(2012: 3:17:16: 1) - (Middleland) Total user(4)
(2012: 3:17:16: 2) - (Middleland) Total user(4)
(2012: 3:17:16: 3) - (Middleland) Total user(4)
(2012: 3:17:16: 4) - (Middleland) Total user(3)
(2012: 3:17:16: 5) - (Middleland) Total user(3)
(2012: 3:17:16: 6) - (Middleland) Total user(3)
(2012: 3:17:16: 7) - (Middleland) Total user(3)
(2012: 3:17:16: 8) - (Middleland) Total user(3)
(2012: 3:17:16: 9) - (Middleland) Total user(3)
(2012: 3:17:16:10) - (Middleland) Total user(3)
(2012: 3:17:16:11) - (Middleland) Total user(2)
(2012: 3:17:16:12) - (Middleland) Total user(3)
(2012: 3:17:16:13) - (Middleland) Total user(3)
(2012: 3:17:16:14) - (Middleland) Total user(4)
(2012: 3:17:16:15) - (Middleland) Total user(4)
(2012: 3:17:16:16) - (Middleland) Total user(4)
(2012: 3:17:16:17) - (Middleland) Total user(2)
(2012: 3:17:16:18) - (Middleland) Total user(3)
(2012: 3:17:16:19) - (Middleland) Total user(3)
(2012: 3:17:16:20) - (Middleland) Total user(4)
(2012: 3:17:16:21) - (Middleland) Total user(4)
(2012: 3:17:16:22) - (Middleland) Total user(3)
(2012: 3:17:16:23) - (Middleland) Total user(3)
(2012: 3:17:16:24) - (Middleland) Total user(3)
(2012: 3:17:16:25) - (Middleland) Total user(3)
(2012: 3:17:16:26) - (Middleland) Total user(3)
(2012: 3:17:16:27) - (Middleland) Total user(3)
(2012: 3:17:16:28) - (Middleland) Total user(3)
(2012: 3:17:16:29) - (Middleland) Total user(3)
(2012: 3:17:16:30) - (Middleland) Total user(2)
(2012: 3:17:16:31) - (Middleland) Total user(2)
(2012: 3:17:16:32) - (Middleland) Total user(3)
(2012: 3:17:16:33) - (Middleland) Total user(3)
(2012: 3:17:16:35) - (Middleland) Total user(4)
(2012: 3:17:16:36) - (Middleland) Total user(3)
(2012: 3:17:16:37) - (Middleland) Total user(3)
(2012: 3:17:16:38) - (Middleland) Total user(2)
(2012: 3:17:16:39) - (Middleland) Total user(2)
(2012: 3:17:16:40) - (Middleland) Total user(2)
(2012: 3:17:16:41) - (Middleland) Total user(3)
(2012: 3:17:16:42) - (Middleland) Total user(3)
(2012: 3:17:16:43) - (Middleland) Total user(3)
(2012: 3:17:16:44) - (Middleland) Total user(3)
(2012: 3:17:16:45) - (Middleland) Total user(3)
(2012: 3:17:16:46) - (Middleland) Total user(3)
(2012: 3:17:16:47) - (Middleland) Total user(3)
(2012: 3:17:16:48) - (Middleland) Total user(3)
(2012: 3:17:16:49) - (Middleland) Total user(3)
(2012: 3:17:16:50) - (Middleland) Total user(3)
(2012: 3:17:16:51) - (Middleland) Total user(3)
(2012: 3:17:16:52) - (Middleland) Total user(3)
(2012: 3:17:16:53) - (Middleland) Total user(3)
(2012: 3:17:16:54) - (Middleland) Total user(3)
(2012: 3:17:16:55) - (Middleland) Total user(3)
(2012: 3:17:16:56) - (Middleland) Total user(3)
(2012: 3:17:16:57) - (Middleland) Total user(3)
(2012: 3:17:16:58) - (Middleland) Total user(3)
(2012: 3:17:16:59) - (Middleland) Total user(3)
(2012: 3:17:17: 0) - (Middleland) Total user(3)
(2012: 3:17:17: 1) - (Middleland) Total user(3)
(2012: 3:17:17: 2) - (Middleland) Total user(3)
(2012: 3:17:17: 3) - (Middleland) Total user(3)
(2012: 3:17:17: 4) - (Middleland) Total user(3)
(2012: 3:17:17: 5) - (Middleland) Total user(3)
(2012: 3:17:17: 6) - (Middleland) Total user(3)
(2012: 3:17:17: 7) - (Middleland) Total user(2)
(2012: 3:17:17: 8) - (Middleland) Total user(2)
(2012: 3:17:17: 9) - (Middleland) Total user(2)
(2012: 3:17:17:10) - (Middleland) Total user(2)
(2012: 3:17:17:11) - (Middleland) Total user(2)
(2012: 3:17:17:12) - (Middleland) Total user(2)
(2012: 3:17:17:13) - (Middleland) Total user(2)
(2012: 3:17:17:14) - (Middleland) Total user(2)
(2012: 3:17:17:15) - (Middleland) Total user(2)
(2012: 3:17:17:16) - (Middleland) Total user(2)
(2012: 3:17:17:17) - (Middleland) Total user(2)
(2012: 3:17:17:18) - (Middleland) Total user(1)
(2012: 3:17:17:19) - (Middleland) Total user(1)
(2012: 3:17:17:20) - (Middleland) Total user(1)
(2012: 3:17:17:21) - (Middleland) Total user(1)
(2012: 3:17:17:22) - (Middleland) Total user(1)
(2012: 3:17:17:23) - (Middleland) Total user(1)
(2012: 3:17:17:24) - (Middleland) Total user(1)
(2012: 3:17:17:25) - (Middleland) Total user(1)
(2012: 3:17:17:26) - (Middleland) Total user(1)
(2012: 3:17:17:27) - (Middleland) Total user(1)
(2012: 3:17:17:28) - (Middleland) Total user(2)
(2012: 3:17:17:29) - (Middleland) Total user(2)
(2012: 3:17:17:30) - (Middleland) Total user(2)
(2012: 3:17:17:31) - (Middleland) Total user(2)
(2012: 3:17:17:32) - (Middleland) Total user(2)
(2012: 3:17:17:33) - (Middleland) Total user(2)
(2012: 3:17:17:34) - (Middleland) Total user(2)
(2012: 3:17:17:36) - (Middleland) Total user(2)
(2012: 3:17:17:37) - (Middleland) Total user(2)
(2012: 3:17:17:38) - (Middleland) Total user(2)
(2012: 3:17:17:39) - (Middleland) Total user(2)
(2012: 3:17:17:40) - (Middleland) Total user(2)
(2012: 3:17:17:41) - (Middleland) Total user(2)
(2012: 3:17:17:42) - (Middleland) Total user(2)
(2012: 3:17:17:43) - (Middleland) Total user(2)
(2012: 3:17:17:44) - (Middleland) Total user(2)
(2012: 3:17:17:45) - (Middleland) Total user(2)
(2012: 3:17:17:46) - (Middleland) Total user(2)
(2012: 3:17:17:47) - (Middleland) Total user(2)
(2012: 3:17:17:48) - (Middleland) Total user(2)
(2012: 3:17:17:49) - (Middleland) Total user(2)
(2012: 3:17:17:50) - (Middleland) Total user(2)
(2012: 3:17:17:51) - (Middleland) Total user(2)
(2012: 3:17:17:52) - (Middleland) Total user(2)
(2012: 3:17:17:53) - (Middleland) Total user(2)
(2012: 3:17:17:54) - (Middleland) Total user(2)
(2012: 3:17:17:55) - (Middleland) Total user(2)
(2012: 3:17:17:56) - (Middleland) Total user(2)
(2012: 3:17:17:57) - (Middleland) Total user(2)
(2012: 3:17:17:58) - (Middleland) Total user(2)
(2012: 3:17:17:59) - (Middleland) Total user(2)
(2012: 3:17:18: 0) - (Middleland) Total user(3)
(2012: 3:17:18: 1) - (Middleland) Total user(3)
(2012: 3:17:18: 2) - (Middleland) Total user(3)
(2012: 3:17:18: 3) - (Middleland) Total user(3)
(2012: 3:17:18: 4) - (Middleland) Total user(3)
(2012: 3:17:18: 5) - (Middleland) Total user(3)
(2012: 3:17:18: 6) - (Middleland) Total user(3)
(2012: 3:17:18: 7) - (Middleland) Total user(3)
(2012: 3:17:18: 8) - (Middleland) Total user(3)
(2012: 3:17:18: 9) - (Middleland) Total user(3)
(2012: 3:17:18:10) - (Middleland) Total user(3)
(2012: 3:17:18:11) - (Middleland) Total user(3)
(2012: 3:17:18:12) - (Middleland) Total user(3)
(2012: 3:17:18:13) - (Middleland) Total user(3)
(2012: 3:17:18:14) - (Middleland) Total user(3)
(2012: 3:17:18:15) - (Middleland) Total user(3)
(2012: 3:17:18:16) - (Middleland) Total user(4)
(2012: 3:17:18:17) - (Middleland) Total user(4)
(2012: 3:17:18:18) - (Middleland) Total user(4)
(2012: 3:17:18:19) - (Middleland) Total user(4)
(2012: 3:17:18:20) - (Middleland) Total user(4)
(2012: 3:17:18:21) - (Middleland) Total user(4)
(2012: 3:17:18:22) - (Middleland) Total user(4)
(2012: 3:17:18:23) - (Middleland) Total user(4)
(2012: 3:17:18:24) - (Middleland) Total user(4)
(2012: 3:17:18:25) - (Middleland) Total user(4)
(2012: 3:17:18:26) - (Middleland) Total user(4)
(2012: 3:17:18:27) - (Middleland) Total user(4)
(2012: 3:17:18:28) - (Middleland) Total user(4)
(2012: 3:17:18:29) - (Middleland) Total user(4)
(2012: 3:17:18:30) - (Middleland) Total user(4)
(2012: 3:17:18:31) - (Middleland) Total user(3)
(2012: 3:17:18:32) - (Middleland) Total user(3)
(2012: 3:17:18:33) - (Middleland) Total user(3)
(2012: 3:17:18:34) - (Middleland) Total user(3)
(2012: 3:17:18:36) - (Middleland) Total user(4)
(2012: 3:17:18:37) - (Middleland) Total user(4)
(2012: 3:17:18:38) - (Middleland) Total user(4)
(2012: 3:17:18:39) - (Middleland) Total user(4)
(2012: 3:17:18:40) - (Middleland) Total user(4)
(2012: 3:17:18:41) - (Middleland) Total user(4)
(2012: 3:17:18:42) - (Middleland) Total user(4)
(2012: 3:17:18:43) - (Middleland) Total user(4)
(2012: 3:17:18:44) - (Middleland) Total user(4)
(2012: 3:17:18:45) - (Middleland) Total user(4)
(2012: 3:17:18:46) - (Middleland) Total user(4)
(2012: 3:17:18:47) - (Middleland) Total user(4)
(2012: 3:17:18:48) - (Middleland) Total user(4)
(2012: 3:17:18:49) - (Middleland) Total user(4)
(2012: 3:17:18:50) - (Middleland) Total user(4)
(2012: 3:17:18:51) - (Middleland) Total user(4)
(2012: 3:17:18:52) - (Middleland) Total user(4)
(2012: 3:17:18:53) - (Middleland) Total user(4)
(2012: 3:17:18:54) - (Middleland) Total user(4)
(2012: 3:17:18:55) - (Middleland) Total user(4)
(2012: 3:17:18:56) - (Middleland) Total user(6)
(2012: 3:17:18:57) - (Middleland) Total user(5)
(2012: 3:17:18:58) - (Middleland) Total user(5)
(2012: 3:17:18:59) - (Middleland) Total user(5)
(2012: 3:17:19: 0) - (Middleland) Total user(4)
(2012: 3:17:19: 1) - (Middleland) Total user(5)
(2012: 3:17:19: 2) - (Middleland) Total user(5)
(2012: 3:17:19: 3) - (Middleland) Total user(5)
(2012: 3:17:19: 4) - (Middleland) Total user(4)
(2012: 3:17:19: 5) - (Middleland) Total user(4)
(2012: 3:17:19: 6) - (Middleland) Total user(4)
(2012: 3:17:19: 7) - (Middleland) Total user(4)
(2012: 3:17:19: 8) - (Middleland) Total user(4)
(2012: 3:17:19: 9) - (Middleland) Total user(4)
(2012: 3:17:19:10) - (Middleland) Total user(3)
(2012: 3:17:19:11) - (Middleland) Total user(4)
(2012: 3:17:19:12) - (Middleland) Total user(5)
(2012: 3:17:19:13) - (Middleland) Total user(4)
(2012: 3:17:19:14) - (Middleland) Total user(5)
(2012: 3:17:19:15) - (Middleland) Total user(5)
(2012: 3:17:19:16) - (Middleland) Total user(5)
(2012: 3:17:19:17) - (Middleland) Total user(5)
(2012: 3:17:19:18) - (Middleland) Total user(5)
(2012: 3:17:19:19) - (Middleland) Total user(5)
(2012: 3:17:19:20) - (Middleland) Total user(5)
(2012: 3:17:19:21) - (Middleland) Total user(5)
(2012: 3:17:19:22) - (Middleland) Total user(5)
(2012: 3:17:19:23) - (Middleland) Total user(5)
(2012: 3:17:19:24) - (Middleland) Total user(5)
(2012: 3:17:19:25) - (Middleland) Total user(5)
(2012: 3:17:19:26) - (Middleland) Total user(5)
(2012: 3:17:19:27) - (Middleland) Total user(6)
(2012: 3:17:19:28) - (Middleland) Total user(6)
(2012: 3:17:19:29) - (Middleland) Total user(6)
(2012: 3:17:19:30) - (Middleland) Total user(6)
(2012: 3:17:19:31) - (Middleland) Total user(6)
(2012: 3:17:19:32) - (Middleland) Total user(6)
(2012: 3:17:19:33) - (Middleland) Total user(6)
(2012: 3:17:19:34) - (Middleland) Total user(6)
(2012: 3:17:19:35) - (Middleland) Total user(6)
(2012: 3:17:19:37) - (Middleland) Total user(5)
(2012: 3:17:19:38) - (Middleland) Total user(4)
(2012: 3:17:19:39) - (Middleland) Total user(5)
(2012: 3:17:19:40) - (Middleland) Total user(6)
(2012: 3:17:19:41) - (Middleland) Total user(6)
(2012: 3:17:19:42) - (Middleland) Total user(5)
(2012: 3:17:19:43) - (Middleland) Total user(4)
(2012: 3:17:19:44) - (Middleland) Total user(3)
(2012: 3:17:19:45) - (Middleland) Total user(3)
(2012: 3:17:19:46) - (Middleland) Total user(3)
(2012: 3:17:19:47) - (Middleland) Total user(3)
(2012: 3:17:19:48) - (Middleland) Total user(4)
(2012: 3:17:19:49) - (Middleland) Total user(4)
(2012: 3:17:19:50) - (Middleland) Total user(4)
(2012: 3:17:19:51) - (Middleland) Total user(4)
(2012: 3:17:19:52) - (Middleland) Total user(4)
(2012: 3:17:19:53) - (Middleland) Total user(4)
(2012: 3:17:19:54) - (Middleland) Total user(4)
(2012: 3:17:19:55) - (Middleland) Total user(6)
(2012: 3:17:19:56) - (Middleland) Total user(6)
(2012: 3:17:19:57) - (Middleland) Total user(6)
(2012: 3:17:19:58) - (Middleland) Total user(6)
(2012: 3:17:19:59) - (Middleland) Total user(5)
(2012: 3:17:20: 0) - (Middleland) Total user(5)
(2012: 3:17:20: 1) - (Middleland) Total user(5)
(2012: 3:17:20: 2) - (Middleland) Total user(5)
(2012: 3:17:20: 3) - (Middleland) Total user(5)
(2012: 3:17:20: 4) - (Middleland) Total user(5)
(2012: 3:17:20: 5) - (Middleland) Total user(5)
(2012: 3:17:20: 6) - (Middleland) Total user(5)
(2012: 3:17:20: 7) - (Middleland) Total user(6)
(2012: 3:17:20: 8) - (Middleland) Total user(6)
(2012: 3:17:20: 9) - (Middleland) Total user(6)
(2012: 3:17:20:10) - (Middleland) Total user(6)
(2012: 3:17:20:11) - (Middleland) Total user(6)
(2012: 3:17:20:12) - (Middleland) Total user(6)
(2012: 3:17:20:13) - (Middleland) Total user(6)
(2012: 3:17:20:14) - (Middleland) Total user(6)
(2012: 3:17:20:15) - (Middleland) Total user(6)
(2012: 3:17:20:16) - (Middleland) Total user(6)
(2012: 3:17:20:17) - (Middleland) Total user(6)
(2012: 3:17:20:18) - (Middleland) Total user(5)
(2012: 3:17:20:19) - (Middleland) Total user(6)
(2012: 3:17:20:20) - (Middleland) Total user(6)
(2012: 3:17:20:21) - (Middleland) Total user(5)
(2012: 3:17:20:22) - (Middleland) Total user(6)
(2012: 3:17:20:23) - (Middleland) Total user(6)
(2012: 3:17:20:24) - (Middleland) Total user(6)
(2012: 3:17:20:25) - (Middleland) Total user(6)
(2012: 3:17:20:26) - (Middleland) Total user(6)
(2012: 3:17:20:27) - (Middleland) Total user(6)
(2012: 3:17:20:28) - (Middleland) Total user(6)
(2012: 3:17:20:29) - (Middleland) Total user(5)
(2012: 3:17:20:30) - (Middleland) Total user(5)
(2012: 3:17:20:31) - (Middleland) Total user(5)
(2012: 3:17:20:32) - (Middleland) Total user(5)
(2012: 3:17:20:33) - (Middleland) Total user(5)
(2012: 3:17:20:34) - (Middleland) Total user(5)
(2012: 3:17:20:35) - (Middleland) Total user(5)
(2012: 3:17:20:36) - (Middleland) Total user(6)
(2012: 3:17:20:38) - (Middleland) Total user(5)
(2012: 3:17:20:39) - (Middleland) Total user(4)
(2012: 3:17:20:40) - (Middleland) Total user(3)
(2012: 3:17:20:41) - (Middleland) Total user(4)
(2012: 3:17:20:42) - (Middleland) Total user(4)
(2012: 3:17:20:43) - (Middleland) Total user(4)
(2012: 3:17:20:44) - (Middleland) Total user(4)
(2012: 3:17:20:45) - (Middleland) Total user(4)
(2012: 3:17:20:46) - (Middleland) Total user(4)
(2012: 3:17:20:47) - (Middleland) Total user(4)
(2012: 3:17:20:48) - (Middleland) Total user(4)
(2012: 3:17:20:49) - (Middleland) Total user(4)
(2012: 3:17:20:50) - (Middleland) Total user(4)
(2012: 3:17:20:51) - (Middleland) Total user(4)
(2012: 3:17:20:52) - (Middleland) Total user(4)
(2012: 3:17:20:53) - (Middleland) Total user(4)
(2012: 3:17:20:54) - (Middleland) Total user(4)
(2012: 3:17:20:55) - (Middleland) Total user(4)
(2012: 3:17:20:56) - (Middleland) Total user(4)
(2012: 3:17:20:57) - (Middleland) Total user(4)
(2012: 3:17:20:58) - (Middleland) Total user(4)
(2012: 3:17:20:59) - (Middleland) Total user(4)
(2012: 3:17:21: 0) - (Middleland) Total user(4)
(2012: 3:17:21: 1) - (Middleland) Total user(4)
(2012: 3:17:21: 2) - (Middleland) Total user(4)
(2012: 3:17:21: 3) - (Middleland) Total user(3)
(2012: 3:17:21: 4) - (Middleland) Total user(4)
(2012: 3:17:21: 5) - (Middleland) Total user(4)
(2012: 3:17:21: 6) - (Middleland) Total user(4)
(2012: 3:17:21: 7) - (Middleland) Total user(4)
(2012: 3:17:21: 8) - (Middleland) Total user(4)
(2012: 3:17:21: 9) - (Middleland) Total user(3)
(2012: 3:17:21:10) - (Middleland) Total user(4)
(2012: 3:17:21:11) - (Middleland) Total user(4)
(2012: 3:17:21:12) - (Middleland) Total user(4)
(2012: 3:17:21:13) - (Middleland) Total user(4)
(2012: 3:17:21:14) - (Middleland) Total user(4)
(2012: 3:17:21:15) - (Middleland) Total user(4)
(2012: 3:17:21:16) - (Middleland) Total user(4)
(2012: 3:17:21:17) - (Middleland) Total user(4)
(2012: 3:17:21:18) - (Middleland) Total user(4)
(2012: 3:17:21:19) - (Middleland) Total user(4)
(2012: 3:17:21:20) - (Middleland) Total user(4)
(2012: 3:17:21:21) - (Middleland) Total user(4)
(2012: 3:17:21:22) - (Middleland) Total user(4)
(2012: 3:17:21:23) - (Middleland) Total user(4)
(2012: 3:17:21:24) - (Middleland) Total user(4)
(2012: 3:17:21:25) - (Middleland) Total user(4)
(2012: 3:17:21:26) - (Middleland) Total user(4)
(2012: 3:17:21:27) - (Middleland) Total user(4)
(2012: 3:17:21:28) - (Middleland) Total user(4)
(2012: 3:17:21:29) - (Middleland) Total user(4)
(2012: 3:17:21:30) - (Middleland) Total user(4)
(2012: 3:17:21:31) - (Middleland) Total user(4)
(2012: 3:17:21:32) - (Middleland) Total user(4)
(2012: 3:17:21:33) - (Middleland) Total user(4)
(2012: 3:17:21:34) - (Middleland) Total user(4)
(2012: 3:17:21:35) - (Middleland) Total user(4)
(2012: 3:17:21:36) - (Middleland) Total user(4)
(2012: 3:17:21:37) - (Middleland) Total user(4)
(2012: 3:17:21:39) - (Middleland) Total user(3)
(2012: 3:17:21:40) - (Middleland) Total user(4)
(2012: 3:17:21:41) - (Middleland) Total user(4)
(2012: 3:17:21:42) - (Middleland) Total user(4)
(2012: 3:17:21:43) - (Middleland) Total user(4)
(2012: 3:17:21:44) - (Middleland) Total user(4)
(2012: 3:17:21:45) - (Middleland) Total user(5)
(2012: 3:17:21:46) - (Middleland) Total user(5)
(2012: 3:17:21:47) - (Middleland) Total user(4)
(2012: 3:17:21:48) - (Middleland) Total user(4)
(2012: 3:17:21:49) - (Middleland) Total user(3)
(2012: 3:17:21:50) - (Middleland) Total user(3)
(2012: 3:17:21:51) - (Middleland) Total user(3)
(2012: 3:17:21:52) - (Middleland) Total user(3)
(2012: 3:17:21:53) - (Middleland) Total user(3)
(2012: 3:17:21:54) - (Middleland) Total user(3)
(2012: 3:17:21:55) - (Middleland) Total user(3)
(2012: 3:17:21:56) - (Middleland) Total user(3)
(2012: 3:17:21:57) - (Middleland) Total user(3)
(2012: 3:17:21:58) - (Middleland) Total user(3)
(2012: 3:17:21:59) - (Middleland) Total user(3)
(2012: 3:17:22: 0) - (Middleland) Total user(3)
(2012: 3:17:22: 1) - (Middleland) Total user(3)
(2012: 3:17:22: 2) - (Middleland) Total user(3)
(2012: 3:17:22: 3) - (Middleland) Total user(3)
(2012: 3:17:22: 4) - (Middleland) Total user(3)
(2012: 3:17:22: 5) - (Middleland) Total user(3)
(2012: 3:17:22: 6) - (Middleland) Total user(3)
(2012: 3:17:22: 7) - (Middleland) Total user(3)
(2012: 3:17:22: 8) - (Middleland) Total user(3)
(2012: 3:17:22: 9) - (Middleland) Total user(3)
(2012: 3:17:22:10) - (Middleland) Total user(3)
(2012: 3:17:22:11) - (Middleland) Total user(3)
(2012: 3:17:22:12) - (Middleland) Total user(3)
(2012: 3:17:22:13) - (Middleland) Total user(3)
(2012: 3:17:22:14) - (Middleland) Total user(3)
(2012: 3:17:22:15) - (Middleland) Total user(3)
(2012: 3:17:22:16) - (Middleland) Total user(3)
(2012: 3:17:22:17) - (Middleland) Total user(3)
(2012: 3:17:22:18) - (Middleland) Total user(3)
(2012: 3:17:22:19) - (Middleland) Total user(3)
(2012: 3:17:22:20) - (Middleland) Total user(3)
(2012: 3:17:22:21) - (Middleland) Total user(3)
(2012: 3:17:22:22) - (Middleland) Total user(3)
(2012: 3:17:22:23) - (Middleland) Total user(3)
(2012: 3:17:22:24) - (Middleland) Total user(3)
(2012: 3:17:22:25) - (Middleland) Total user(3)
(2012: 3:17:22:26) - (Middleland) Total user(3)
(2012: 3:17:22:27) - (Middleland) Total user(3)
(2012: 3:17:22:28) - (Middleland) Total user(3)
(2012: 3:17:22:29) - (Middleland) Total user(3)
(2012: 3:17:22:30) - (Middleland) Total user(3)
(2012: 3:17:22:31) - (Middleland) Total user(3)
(2012: 3:17:22:32) - (Middleland) Total user(3)
(2012: 3:17:22:33) - (Middleland) Total user(3)
(2012: 3:17:22:34) - (Middleland) Total user(3)
(2012: 3:17:22:35) - (Middleland) Total user(3)
(2012: 3:17:22:36) - (Middleland) Total user(3)
(2012: 3:17:22:37) - (Middleland) Total user(3)
(2012: 3:17:22:39) - (Middleland) Total user(3)
(2012: 3:17:22:40) - (Middleland) Total user(3)
(2012: 3:17:22:41) - (Middleland) Total user(3)
(2012: 3:17:22:42) - (Middleland) Total user(3)
(2012: 3:17:22:43) - (Middleland) Total user(3)
(2012: 3:17:22:44) - (Middleland) Total user(3)
(2012: 3:17:22:45) - (Middleland) Total user(3)
(2012: 3:17:22:46) - (Middleland) Total user(3)
(2012: 3:17:22:47) - (Middleland) Total user(3)
(2012: 3:17:22:48) - (Middleland) Total user(3)
(2012: 3:17:22:49) - (Middleland) Total user(4)
(2012: 3:17:22:50) - (Middleland) Total user(4)
(2012: 3:17:22:51) - (Middleland) Total user(4)
(2012: 3:17:22:52) - (Middleland) Total user(4)
(2012: 3:17:22:53) - (Middleland) Total user(4)
(2012: 3:17:22:54) - (Middleland) Total user(4)
(2012: 3:17:22:55) - (Middleland) Total user(4)
(2012: 3:17:22:56) - (Middleland) Total user(4)
(2012: 3:17:22:57) - (Middleland) Total user(4)
(2012: 3:17:22:58) - (Middleland) Total user(4)
(2012: 3:17:22:59) - (Middleland) Total user(3)
(2012: 3:17:23: 0) - (Middleland) Total user(3)
(2012: 3:17:23: 1) - (Middleland) Total user(3)
(2012: 3:17:23: 2) - (Middleland) Total user(3)
(2012: 3:17:23: 3) - (Middleland) Total user(3)
(2012: 3:17:23: 4) - (Middleland) Total user(4)
(2012: 3:17:23: 5) - (Middleland) Total user(4)
(2012: 3:17:23: 6) - (Middleland) Total user(4)
(2012: 3:17:23: 7) - (Middleland) Total user(4)
(2012: 3:17:23: 8) - (Middleland) Total user(4)
(2012: 3:17:23: 9) - (Middleland) Total user(4)
(2012: 3:17:23:10) - (Middleland) Total user(4)
(2012: 3:17:23:11) - (Middleland) Total user(4)
(2012: 3:17:23:12) - (Middleland) Total user(4)
(2012: 3:17:23:13) - (Middleland) Total user(4)
(2012: 3:17:23:14) - (Middleland) Total user(4)
(2012: 3:17:23:15) - (Middleland) Total user(4)
(2012: 3:17:23:16) - (Middleland) Total user(4)
(2012: 3:17:23:17) - (Middleland) Total user(4)
(2012: 3:17:23:18) - (Middleland) Total user(4)
(2012: 3:17:23:19) - (Middleland) Total user(5)
(2012: 3:17:23:20) - (Middleland) Total user(5)
(2012: 3:17:23:21) - (Middleland) Total user(5)
(2012: 3:17:23:22) - (Middleland) Total user(5)
(2012: 3:17:23:23) - (Middleland) Total user(5)
(2012: 3:17:23:24) - (Middleland) Total user(5)
(2012: 3:17:23:25) - (Middleland) Total user(5)
(2012: 3:17:23:26) - (Middleland) Total user(5)
(2012: 3:17:23:27) - (Middleland) Total user(5)
(2012: 3:17:23:28) - (Middleland) Total user(5)
(2012: 3:17:23:29) - (Middleland) Total user(5)
(2012: 3:17:23:30) - (Middleland) Total user(5)
(2012: 3:17:23:31) - (Middleland) Total user(5)
(2012: 3:17:23:32) - (Middleland) Total user(5)
(2012: 3:17:23:33) - (Middleland) Total user(5)
(2012: 3:17:23:34) - (Middleland) Total user(5)
(2012: 3:17:23:35) - (Middleland) Total user(5)
(2012: 3:17:23:36) - (Middleland) Total user(5)
(2012: 3:17:23:37) - (Middleland) Total user(5)
(2012: 3:17:23:38) - (Middleland) Total user(5)
(2012: 3:17:23:40) - (Middleland) Total user(5)
(2012: 3:17:23:41) - (Middleland) Total user(5)
(2012: 3:17:23:42) - (Middleland) Total user(5)
(2012: 3:17:23:43) - (Middleland) Total user(5)
(2012: 3:17:23:44) - (Middleland) Total user(5)
(2012: 3:17:23:45) - (Middleland) Total user(5)
(2012: 3:17:23:46) - (Middleland) Total user(5)
(2012: 3:17:23:47) - (Middleland) Total user(5)
(2012: 3:17:23:48) - (Middleland) Total user(5)
(2012: 3:17:23:49) - (Middleland) Total user(5)
(2012: 3:17:23:50) - (Middleland) Total user(5)
(2012: 3:17:23:51) - (Middleland) Total user(5)
(2012: 3:17:23:52) - (Middleland) Total user(5)
(2012: 3:17:23:53) - (Middleland) Total user(5)
(2012: 3:17:23:54) - (Middleland) Total user(5)
(2012: 3:17:23:55) - (Middleland) Total user(5)
(2012: 3:17:23:56) - (Middleland) Total user(5)
(2012: 3:17:23:57) - (Middleland) Total user(5)
(2012: 3:17:23:58) - (Middleland) Total user(5)
(2012: 3:17:23:59) - (Middleland) Total user(5)
